500
31 5860 6491 9404 1297 4622 3889 9803 2088 8710 1097 2017 7710 7890 6000 2555 591 9761 8316 901 4859 7610 527
316 5553 7806 8484 9751 1984 1694 6298 1973 6429 7228 3648 3859 5796 7272 4933 1167 9723 4783 6938 527 1299
200 5788 6980 7683 239 5964 6281 9138 7285 7692 2804 514 6086 3348 5080 7666 6187 9378 3671 367 233 2898 6409 7732 5412 3783 7699
114 1962 3937 221 7266 3072 1571 6891 1259 2476 4544 6924 2422 4364 2359 8502 4346 4982 6463 1539 4723 2414 1358 2
199 8579 9758 7057 4027 7622 5198 521 6674 5101 1441 8964 2204 4166 1982 8082 5871 5968
127 6613 3753 1860 5335 4306 5746 6145 8349 4082 6333 5066 948 978 338 4988 5138 7630 4020
103 110 6060 3936 5899 5307 6270 9787 4901 2171 3051 8005 2605 6157 3534 9944 1196 826 101 525 2139 1728 8830 6258
12 1831 9467 7304 4803 5632 6831 4326 6482 7640 5401 657 9613 4388 7916 8225 9961 3753
134 3254 770 3742 6212 7652 2560 8821 1362 3622 5779 2662 2521 8722 2651 6044
185 5175 7556 174 8980 6449 1306 9212 6646 2579 5364 7153 4118 5041 4985 1736 9004 9374 2569 7699
376 4134 6737 3830 4348 4464 935 4129 7275 7212 2530 9019 2852 8302 2922 7915 4636
362 3077 1774 2409 6880 1086 7101 7438 8074 7991 2728 5849 6005 3394 7791 3046 6766 8559 1948 7842 32 9907 9623 420 2146 3032
194 5412 7720 5898 6170 8029 3808 9842 9968 8484 1814 3860 6085 7383 5490 364 3763 4897 2537 5677
335 9533 8685 1686 8618 2107 6623 4664 3174 5668 9501 8754 6574 4533 8819 778 2338 1798 6214 7087
149 325 9476 3830 8462 2970 3465 2882 3877 1994 800 4438 5783 4318 1018 1171 9086 4317 3050
206 5099 3567 8581 8782 758 670 9857 1298 19 3385 4663 8669 9982 3981 300
404 5609 3153 8062 9290 6560 9842 8794 8033 4917 5004 223 9007 6065 7389 8413 3986 5762 7964 8092 9461 450
47 842 6367 5323 8529 6232 5194 9664 4671 374 5528 4161 20 833 4246 5880 2666
459 427 9757 7699 1495 1613 6301 7709 945 6941 2885 402 5095 6464 9369 475 100 1408 7559 7490 3600 2304 6258 399 738 1121 3792 447
145 7599 1299 4886 6360 6833 3970 7438 3987 4210 6692 3261 5482 7883 3508 3532 7686 9993 2264 8159 6882 8740 4119 9007 9615
113 8209 9010 7725 5869 7769 9194 3827 7413 9096 450 3997 2207 2061 5530 3786 6854 9397 6071 3163 7883 8069 7949
3 6692 1763 9351 4541 6321 3863 925 6 1560 1867 8293 2784 9971 9007 7585 703 6608 5572 5622 5327 2645 3551 9464 9354 523 3653 8183 6613 7413
473 4855 838 5294 1040 9668 6992 6466 773 830 6125 8153 1505 1907 4189 3572 511
307 2030 4526 673 707 6406 1209 3656 8419 1233 6401 9295 7864 4512 6519 7590 7237 3500 7899 1385 4352 1150 2340 2288
79 369 3830 374 9604 2943 1140 8651 5026 7939 5192 9786 3178 9090 5444 4309 9821 4604 1052 2602 4403 9265 3783
75 1668 3944 2892 8176 2335 5519 8748 3909 1734 9216 7356 8442 5728 2329 7636 3857 5989 7896 2331 6817 9496 3521
281 2555 552 5656 7329 6034 6752 4285 9707 5161 6346 9656 352 3155 1622 5677 7215 4810 1134
406 8439 9270 1601 2746 9348 4385 3098 2673 9044 7320 6177 8259 8509 9687 1193 216 2914 310 4354 3395
73 3073 2902 8053 478 5248 1472 8684 7861 1370 8812 9732 6082 7049 3691 2981 2214 5852 3075 9286 3434 8841 3249 7240 6547 427
119 8756 5509 5104 9218 8491 6584 6496 1580 524 1787 7614 1179 6316 6803 1316 9173 5946 1668 6817 1105
74 108 3012 3720 6499 834 4888 5359 4645 9533 8878 6473 6160 7800 4107 9877 2065 9079 6818 3964 3787 7652 6584
336 6616 8005 6149 2038 8598 4047 6281 560 8711 2417 63 9946 4791 2226 6457 9818 23 1299 1020 7413
354 2518 4786 745 9632 2867 7736 7001 4308 4531 7085 7413 61 7055 3184 4286 8095 1080 8406 2033 5160 8366 8511 2569 440 4753 4027 1085 6855 4311 9930
122 3630 6424 7641 813 3262 912 4641 2003 6465 499 7393 969 4891 2183 1654 5421 2903 6110 4754 3543 3427
357 8908 3285 5704 3268 6484 5318 8686 4707 6618 3533 6101 4985 1005 5544 1559 1349 6318 1696 412 4520 7085
402 9265 7992 3408 5788 638 450 1871 4823 9621 7888 3128 4726 6092 7821 1984 7442 6738 8004 9991 6456 5902 5366 7828 8644 3567 5219 4230 8491
419 205 4698 647 5710 1791 7949 1917 8403 2344 4771 2278 6538 5461 1765 3623 7227 351 9237 3936 5606 207 9757 8387 8248
222 9933 5872 2704 5356 7978 343 9805 3373 191 4849 7453 9923 5322 9709 4035
410 4367 7429 4397 7737 1263 9615 5634 1351 2289 8490 819 6883 2555 1308 5167 6235 9903 2892
389 2554 9444 4389 3818 7979 5009 4820 9384 5554 2661 7174 8724 8416 4776 6486 1299 3885 2422 8711
488 7183 1779 1757 5182 4051 5329 9836 6258 376 7606 8752 8344 6734 8827 7295 4665 8999 8759 7039 5408 2611 7193 1668 3074
76 4760 4928 910 5917 7604 5737 6550 8392 528 1247 674 2155 1992 4274 276 3081 4145 5283 3281 4605 4770 7023
487 116 5248 1657 5085 1784 9425 1354 6262 5448 4462 5293 5715 4909 8107 2235 1715 1215 7277 9714 7480 1774 7852 7153
480 8362 4824 8794 2155 1375 7461 5223 7786 617 9298 5595 6209 8860 6726 818 8005 3012 2555
93 9075 8259 8387 5502 352 3914 6423 3717 5412 5437 4334 7682 8906 4781 2621 4050 7583 9509 4045 5019 8830
38 5407 4905 9235 6302 1026 7626 3751 3214 7582 3071 5127 3828 1090 9654 4314 5064
92 4317 1329 4633 5348 2095 767 287 165 9833 7137 6565 4180 8314 9129 5072 2475 56 5483 8992 2805 321 6699 2773 8470 374
100 6021 6184 8583 4995 5950 4780 2018 3193 2555 2936 5894 2340 3473 6826 789 4160 4884 6534 5341
16 9014 5942 5365 1933 8068 4514 3157 737 4336 2869 4904 9517 1232 7014 1589 2737 4350
449 3783 1871 7120 9330 2565 9740 3495 9716 8995 110 4010 1710 3069 2369 7703 3232 5064 3992 8155 3914 8194
394 2983 843 9979 9374 7008 4377 2483 708 6046 6594 9160 3806 3195 4078 6041 602 6996 1944 5887 9183 3764 5270 3186 3602
143 4104 8124 1557 1383 643 6534 7179 6303 4937 1695 8391 8476 9977 5673 4668 1895 9701 3092
320 2857 8462 3675 6451 6141 4180 9261 2570 713 652 4832 4271 6487 8515 6997 9835 8324 9859 9018 5780 4069 4912
492 4004 7210 4222 5677 8644 2358 7166 5976 2840 9683 1170 7945 6167
96 1289 1607 6681 3463 6666 7024 3562 6067 4414 2960 6337 3643 8817 8801 8620 4606
22 3243 3728 695 9842 2662 1984 8037 751 9353 9232 9632 4111 4048 8
240 79 3184 1611 7575 3841 5946 3596 72 3603 2744 7136 5308 5145 6300 6647 3460 431 9832 6352 8809 4855 4957 1750
205 8396 6922 1981 7410 4180 9075 2640 8966 1287 9198 9901 4144 9027 5529 7651 4913 2163 109 7238 2439 6258 9848
105 2662 1542 6797 5580 7240 5069 6748 22 9129 501 780 1377 8031 2549 7508 5180 6676 9199 9225 8481 3377 9850 3501 1822 1763 3521 9230
346 6101 4728 2615 2797 4034 3188 1531 7155 1010 5724 4737 3189 7699 5630 3703 6264 1989 6642 9483 6240 352 5880 6187
454 3961 2029 9451 1774 5581 7500 3755 7310 1292 7825 7552 6847 972 3389
252 5821 5572 7481 1293 7709 286 7630 2143 7549 5339 3566 9043 5456 4577 2152 4169 6249 4703 7419 8176 3207 6482
276 188 8015 3172 5604 7541 8406 183 311 7948 8761 8448 457 1103 4527 2356 4615 1754 7850 128 8826 148
109 8169 7153 1066 9192 9697 7883 6051 5396 2961 5721 5715 9411 2790 4191 5157 1962 8449 2755 3074 5709 7055 8293
249 8212 9270 3958 2100 7413 6048 7762 7652 3425 2294 1156 1806 1893 9199 5649 1476 9585 9224 8277 6600 1998 7949 4796 6044 9533
432 8814 7629 1633 8060 783 2070 7975 9186 115 7624 4940 5559 8111 5778 4994 2867 6470
399 2598 1117 2571 5418 8981 8084 718 5156 9962 9155 5057 1353 5727 5054 8904 9990
230 7120 6143 6148 5507 3158 7029 1226 497 2290 4907 6609 6584 6226 5509 1280 5609 5639 377 2517 5437 2662
181 5247 7713 6421 7992 7634 6482 255 7177 3758 9689 900 2690 3110 7434 4589 1879 6481 7433 6781 3665 1250 6750 1439 6196
111 1739 3923 9917 3102 6020 6608 1169 6459 5108 6923 8834 2429 7995 4084 4991 2472 1490 6534
227 1429 8174 8973 5141 1869 7068 4684 7425 3313 4784 9876 39 8119 3662 5445 3862 6577 6427 177 8401 3007 4107 447 1105
418 8470 6465 5925 2003 6460 2711 6541 4474 2537 395 3897 1424 2059 2361 1565 5654 6299 6478 3792 6687 7088
156 76 9623 7602 569 1800 3555 1464 2218 8736 6688 1271 9418 9694 4652 4052 4506 4901
355 7652 935 4352 882 7874 4596 828 1877 7601 8850 9393 569 8781 4978 6546 8540 5429 1784
426 1117 6652 3936 5719 8387 5597 8746 8374 839 593 1201 6906 7195
204 4626 2673 8104 2643 6953 6400 3381 4148 9942 3074 3807 7560 6076 5352 6290 1616 5217 2129 8832 6482 2565 6044
463 3163 3783 9871 5742 8822 4449 9400 2599 4264 4193 6515 7638 1459 1028 7631 1560 5748 321
150 3607 5520 2109 9865 2265 6470 2244 4624 6311 4614 5179 7044 3677 4900 269 9448 1012 2370 6778 8183 8931 7762 4020 3758
321 6986 7694 3584 4705 2745 3278 8163 425 4534 6002 1598 2233 3002 4535 3204 3858 1791 7413 8907 7153
446 3354 8836 1454 8856 7336 1095 8910 8012 323 1623 8134 1785 5340 4915 4222 2134 2142 3693 3000 1833 7736
197 1555 6075 9703 5341 2692 9357 8632 1101 6528 1971 7569 7680 2240 2308 3122 5596 435 3432 1617 8297 8692 7615 3395 3543 3158
477 412 7912 1719 3758 4337 1273 8495 6528 5098 3173 7444 3621 1224 139 4044 8997 8750 2598 6280 1181 3354 7296 3830
159 5702 5038 5122 3885 4439 3255 4300 2627 9075 3822 3271 6410 6658 6452 9112 7204 2895 2182 2643
283 5292 6604 1336 6487 4310 9581 2000 4648 8214 7810 356 5247 6669 6276 1357 9731 5793 75 2407 3074 450
158 9453 8142 5775 2721 3101 2462 3474 5868 220 9347 183 4908 123 9034 8156 4944 2515 9335 1138 4526 1058 9075 5323 7992
253 321 3468 6071 6662 365 5362 1524 6021 1133 4785 8269 4851 477 7547 4795 6236 6819 5050 5862 7296 442 6547 2251 2693 9181 9903 3316 6827
178 6306 3119 3240 3575 1110 3479 4714 1176 7473 5623 4421 9537 5284 2402 4034 393 5168 1710 7 427 3376 3113 5412
198 6986 3827 857 1042 3726 6938 8848 4786 7333 793 935 3147 7409 3269 7677 507 5338 1434 4784 3526 8264 6424 7296 7687 3144 5359
257 4294 7146 3823 7752 5875 7736 8235 6635 5119 9241 9933 2412 598 5370 26 6585 982 9902 3163 4020
414 9013 759 9608 8361 4954 1752 1141 6758 2729 956 8535 1178 1952 1743 7925 829 1125 3380 1946 135 935
384 208 5654 1762 164 1969 2209 6287 6241 7762 7012 6289 2199 79 3028 3756 9215 1993 1409 9284 221 3936 4400
472 1868 8599 9731 3789 2739 3229 3540 2512 4939 3507 1149 8994 9244 6485 9528 6168 6030 5983 9093 2240 328 6935 1847 5070 6748 8958 208 541 2643
128 6296 4948 6635 6592 3251 1889 4063 1292 9374 7949 7747 3509 9175 6963 9145 4662 3825 8116 4559 5580 9533 1458 3955 5389 5661
373 105 6258 9129 8233 6001 6698 4340 494 8711 6636 3885 757 8341 6529 4618 5158 2667 4198 9933 1079 9453 1299
39 2074 5962 2858 4416 5566 2855 7153 476 1953 271 3024 2911 8716 532 7721 1865 4532 9188 9637 2438 9007 7162 1790 8418 9545 238
4 199 1238 3703 7820 6973 8102 5564 5678 1614 6074 3250 1199 3735 9127 3614 1498 5715 5962 8832 8134
61 7320 6153 252 5869 1731 2424 9023 2697 5412 9990 2532 5386 3522 1782 6464 8057 8947 5734 2937 9484 8678 2951 9461 6547 7762 7732
403 2240 7864 1299 9548 7007 9576 1220 8747 6938 8742 7436 9884 6555 5739 2749 2719 6291 9959 5340 6030 1058
456 8293 1153 2828 340 5867 9114 2266 4341 4224 1373 3307 933 8518 7813 2614 1421 6654 8061 504 6400 2679 6967 9270 5412
272 5639 2698 6511 4314 9968 1380 4610 1702 2788 5038 888 5347 6959 4557 3949 1228 589
271 955 420 8947 7664 4988 6643 9005 7413 5316 6330 7293 1501 3582 2096 5738 4218 9783 4812 7554 3371 4121 7630 6630 2533 3074 3427
297 4106 9065 1301 2868 6461 1061 4206 1065 6778 1767 6402 7629 2166 2470 2414 3885
48 4717 4071 3316 1287 1668 3314 9898 5186 9367 9979 2550 4453 8434 8185 8994 4482 8828 4181 6870 1570 5457 6327
445 2600 776 1512 4558 4035 9965 4260 2454 4372 264 8333 4973 6477 5651 2682 259 8376 79 7187 6325 2777 7534 1345 4203
209 8978 7952 559 353 2389 2031 2709 701 9282 705 7218 447 9532
108 6434 6538 3003 540 8125 3341 3527 2379 3360 9665 2943 7084 3070 7699 3160 1668
465 6369 8580 1979 6946 6062 1932 6354 3089 4946 4572 6622 7696 5178 111 9481 168 9460 3485 9676 9254 7773 8644 9176 183
266 1121 2321 7116 3409 3894 4699 4340 518 2747 42 4500 6064 4632 5930 3996 4967 6201 3561 2902 5122
329 3491 2932 2412 9159 7221 244 5171 2355 2165 3802 3521 5454 6777 1492 6547 1277 7061 2254 3398 7495 1625 9565 4765 2643 5099 2962
261 6962 3877 1328 3772 5322 4369 6258 2047 5560 2704 851 9130 3166 3578 4762 4594 6054 9766 6047 9013 6778 9903
221 4199 3144 2327 9885 1175 979 3267 9878 6844 1337 4989 6131 3779 5803 5328 3761 5524 7652 7941 6360 6170
69 4399 7806 6938 5349 9780 8586 622 3151 2210 2910 8263 4463 3803 925 3918 357 2819 249 5962 3074 427
49 4214 4780 2005 1935 1264 8337 8938 212 5558 2643 5110 5358 8465 9080 3999 1972 6363 7309 1555 1562 7123 139
137 2128 1496 463 6191 7205 6809 1608 2466 4948 2541 9387 1116 8459 9375 4507 443 8204 9918 6613 4760 3783
295 3757 2986 1339 427 9199 3012 8431 3004 9181 7984 8452 369 6742 5874 368 9559 6958 5023 5477 9768 4901 7418 311
42 867 4531 5780 3584 8593 1560 1397 9336 7605 5126 1534 8301 8976 817 9847 8965 7184 7764 148 3012
435 7856 5862 2583 3963 9545 9412 9306 3845 4043 8463 7233 6122 8432 849 7013 4530 569 5626
280 551 5698 2737 7438 1850 6292 5871 3969 9312 8549 7448 3251 3880 4821 6615 2124 4949 7586 1376 5964 1607 8491 7267 1774
452 4660 321 4628 9485 5783 3066 7335 3303 69 7993 6283 7987 8970 5695 7422 2564 3574 1270 6775 1496 7163 4294
169 6611 7454 5429 4171 8331 9669 5933 6984 438 5035 2049 9015 6862 118 6799 7715 6839 4404 7652 5065 9811 8832 9075 6547
154 9139 8431 1562 5857 2978 5224 2147 6218 7385 748 9950 2707 1066 9844 1637 4836 577 9795 9506 5403 5253 5762 5880
17 6347 3784 1123 8495 6214 9324 8711 312 2918 3377 9547 6679 4947 3843 2430
330 6187 8930 6770 5979 8254 1904 697 8530 243 9296 3298 5155 1497 9103 4696 9453 8406 6405 2732 8994 4824
401 2192 5437 5895 3164 9197 4513 4385 8041 4686 2188 7230 7076 8253 3011 7600 5996 2986 5902 7012 9545 5412
123 3158 6744 5386 5589 9988 3074 8571 1533 1557 3429 5241 815 9097 4099 2638 3437 9784 5144 7413
290 2 4340 6364 3397 5307 1124 7955 4502 9685 7587 6121 8075 5512 4597
368 4230 4035 5105 3012 5440 6258 4805 7862 2350 5949 984 6652 6028 8846 209 3974 4021 8227
160 1658 5962 2538 2247 2652 729 4739 4744 6952 1675 1471 6393 6570 8181 8635 9314 9928 1821 503 4855
375 4855 6095 5219 6639 1773 3100 3012 215 5748 7063 8987 6595 1496 1956 1011 5705 2280 723 6534 1343
441 412 9842 3222 5117 7253 9487 6140 9722 1238 592 2890 965 3211 7924 1590 28 1346 5492 3507 8406 3316
344 8844 8958 9463 4302 7796 6029 5655 9008 776 2062 6040 1615 685 6805 4057 4941 621 5677 9512 831 983 79 9007
460 3950 3395 1289 6129 847 4880 3089 2401 1668 6338 6258 4628 6020 7119 8048 9653 7840 5749 3469 795 7438
228 9259 745 8136 5552 8290 8883 8905 2954 4898 9063 2818 6581 8351 6739 8617 6505 7157 7459 5365 7698
398 3533 232 5103 5326 4238 3154 170 7787 739 6786 979 8591 919 2659 6238 9031 8011 5710 4692 2932 7438 9931
57 6771 6073 3022 1979 7657 6640 2325 1139 4211 4565 6465 446 2562 8792 7816 7479 448 9940 7133 2699
183 4561 2256 8681 3836 9918 3989 9435 14 7064 7739 5772 7613 3690 5504 9405 6620 2522 7352 3329 3432 3607 1043 8711 9199 238
232 9903 9191 6044 18 858 2771 1943 7059 3568 3338 2390 6003 2874 4483 114 9822 6616 6922 2589 6613
374 6327 3545 712 4234 1668 3776 5951 2085 1231 7285 3737 3719 6707 7576 2447 768 5341 6613
436 925 4091 5053 75 1077 3706 9115 5658 2319 5831 9094 5441 4245 3506 8268 3950 1014 7235 2718 29 2322
309 1105 9931 949 6915 5086 1049 915 6375 8202 7292 7997 9562 77 5856 5011 5446
279 6635 2904 8574 3134 3244 3012 6021 9404 644 4626 7883 5763 1739 60 6850 6987 6152 2989 9829 7833 6692 4035 9199 2121
179 3513 412 5355 167 9370 4926 2486 6014 3985 9759 7714 9406 7330 9274 6258
422 183 8332 456 3044 6938 5855 4651 966 5003 9341 5351 324 7077 9772 4340 1186 6231 9057 905 8858 8854
85 5636 9498 9545 6691 1534 7364 8456 488 1752 5557 9111 7940 8132 4073 9157 1117 1707 1125 6920
66 6428 1414 7447 379 5692 8444 7567 9088 5297 3931 7678 3153 76
193 7788 9395 8251 5531 4624 7893 5885 2141 380 9379 5863 4716 9182 1279 6181 8495 247 3022 2613 8841 2422 5507
84 5748 6863 5385 2643 3233 8829 3056 7241 2297 283 1851 5468 4750 9702 2148 2184 4343 7 5962 6101
495 6827 1081 9677 5254 6696 7048 4045 3144 9262 2489 1826 8117 5957 200 2034 3641 4938 3531 9788 2019 3261 7713 6458 6613
219 7790 2183 6161 3679 4607 5815 7633 8594 2377 3609 9607 1190 8443 3652 1652 2195 2080 3172 1343 5340
367 7193 5885 4901 5408 3965 5216 7115 450 2077 6479 8994 1208 9098 1396 9227 947 8118 1038 7861 9086 183
377 7742 774 8713 3665 427 2876 6385 4060 9376 3781 946 4857 8935 1281 3145 6551 6979 7691 3470 482 6890 2458 7646 8687 2240
141 2962 3895 2740 2052 5068 6185 9566 2457 3796 8386 875 3101 1211 9249 2857
475 9666 9688 9233 898 3236 2112 6216 9579 2201 6054 1413 5628 8528 3325 4854 5236 6694 1431 8130 7517 9995 4027
438 7153 5387 9281 2783 2392 9831 2559 447 6964 5905 4361 9067 2508 8953 38 4749 524
416 5526 8111 8134 5334 4929 590 2818 8180 3034 5838 3108 7741 7524 4032 9129 1105 8157 8528 239 7438 3932 7852
129 8989 8042 6269 7154 4412 5533 7121 147 193 2367 4430 130 7413
450 3982 6613 7036 5065 7056 4866 1295 2019 4945 3798 9238 2407 4151 6695 1564 5515 8440 4496 1914 4985 607 1374 2962 3077 9848 3032
349 8183 804 2114 5726 9932 345 8278 5112 951 1634 5073 1760 5991 5539 9138 668 4199 427 9842
58 9083 4377 4311 9398 8300 625 5980 7351 2986 2968 1538 8968 9152 8428 4873 4140 1343 4792 2240 6294 6837 1807 1752 5248 6020
496 5412 2349 4007 8195 6699 9930 6610 5700 7419 6244 5768 6851 1363 8043 33 3869 1332 2093 5176 9340 6801 5915
391 2735 8450 4970 9043 6409 3576 6539 7751 9838 8406 1299 8994 5972 8211 5990 2765 7132 2099 4886 6677 550 4314 3074
88 9036 9848 3905 7179 1510 8168 8671 2240 5897 8486 1611 2685 3524 5201 2064 8305 4229 4215 4758 2196 437 1289 7874
62 2155 1900 8068 7699 5307 2568 5409 8969 3296 1093 451 8346 9900 7062 7835 3331 5715 9533
43 3541 7920 7965 6698 4342 642 3163 439 2998 3836 3104 6981 3096 1107 3529 1442 7689 5345 6467 9467 9834
412 9004 7012 8217 4341 9172 7665 6567 1916 1579 2014 1290 9279 4314 8248 7699 1582 2864 3499 7535 6522 8920 3783 3474 3700
364 9478 4901 2240 6628 5593 6901 1784 979 3583 8621 4835 9083 4008 491
312 3111 7349 9244 6938 3231 9047 4326 9655 7880 6790 1083 7027 8864 8238 3468 9195 9781 8402 2277 4870 586 1174 8713 374 7001 6778
462 8284 2569 6054 5155 3894 557 5434 2464 2781 7889 2339 3415 6741 5321 7438 8445 6721 2642 1563 6950 9463 707 2422 9129
390 6285 1139 6889 6836 4847 8453 9056 935 1445 7884 8516 2239 2681 9719 6667 5824 9519 145 116 1672 4035 3586 6138 7751
332 300 311 9032 4450 3521 2811 2010 7921 6978 2650 2889 4484 2975 2443 8915 8697 9985 9404 412 321
370 6931 9852 964 6115 6438 8148 6414 8734 1957 1866 5113 7324 3368 5601 3577 3043 4527 5383 6082 3006 2900 5962 8922 2904 979
21 652 8049 2382 8293 5866 133 8628 7575 2215 7770 2516 5402 2117 5439 7792 9049 7251 3316 7968 6050 3731 3371
342 5286 3020 5910 6305 3135 3894 5666 8257 465 9042 8519 6621 1522 5040 1596 3972 8521 7410 2770 9380 8345 774 7379
144 8700 9071 362 6460 4296 5842 8637 7988 7048 7130 1406 9552 7165 5866 1904
323 8498 9499 784 8319 925 4950 8795 8673 7188 2383 8387 2835 8164 4874 6292 2813 8663 2240
474 8776 2979 9293 8733 8406 8770 4086 5671 5313 5752 6512 2827 5985 9698 2285 1336 4579 5892 5748 3750 9659 1571 4326 199 3830 1343 979
55 9354 1058 6376 8830 4679 8600 2894 3741 1453 3745 427 7783 3809 4097 682 4779
479 177 4528 755 3403 6768 6685 8223 9383 157 3790 2908 1642 5723 4240 1872 566 4766 5656 427 4176
425 523 238 745 4333 9461 4567 1524 2674 349 2008 6530 178 5438 7551 9970 9605 6373 8272 7530 270 321 9191 1289 6376 1248 5412 4129 3543
64 2630 5232 9013 3053 5300 3161 2340 6162 9955 7231 2495 5965 7963 1655
25 6672 2175 4749 9137 3203 7732 2790 6701 8224 4107 8113 6774 7065 8959 8147 698 3027 195 7284 1683 5589 9013
493 2136 4752 1984 726 1731 7777 9873 991 9374 5273 5999 7072 9851 537 4323
453 1031 457 575 9745 2232 8812 8427 4548 4249 6961 2767 7240 1717 2947 6889 8744 7381 3065 8912 1557
101 5507 7669 1429 2604 238 4162 4816 1880 914 822 3872 8988 8666 1237 941 2715 8651
284 4345 4077 8210 7670 8090 1260 7607 6743 8936 5269 1407 8410 2121 8919 2445 9867 5450 2169 1679 1383 4314 5880 1534 4985 7429
267 3521 4252 5150 3541 5494 5053 8167 3864 221 4972 5063 2643 4281 8578 2994 6670 7496 2992 6611 8668 8758 4056 3489 8008 5008 7568 9137
226 2264 6899 1242 7771 3077 3792 9027 8480 394 6222 6053 5177 211 304 2544 2925 542 9841 8365 7562 2820 1670 7864 6613 4402 4752
437 4619 1905 3586 190 2773 8236 3637 4778 3563 3280 7950 5304 7342 3140 6091 5130 640 2962 4843 9244 6482
273 3982 675 2491 7772 880 5342 4004 7043 1938 7507 1825 1945 6832
287 6458 8352 9990 1043 5446 7859 2105 7713 7333 7289 1840 1903 2875 1890 7887 6518 9196 8851 5815 8193 2345 935
7 8987 8894 6503 2413 332 893 8431 5326 4807 5135 854 1548 5612 9355 1225 7258 6564 7949 5042 3753 6827
325 468 5474 6802 6404 921 1848 3597 3481 3292 6445 9003 6506 5873 9937 649 8983 8002 456 9892 3728 5962 8491
405 30 8121 8423 7960 7180 5715 9162 3956 6860 2660 2194 2320 4984 3270 535 9309 1091 259 2644 6543 3904 8527 8910 3163 5458 6613
327 8539 5340 5902 7526 5277 7486 8838 4507 9704 732 8388 1130 7719 1218 7079 5445 3554 76 309 5986 3132 4717 6945 6137 647
264 5212 7355 2150 6853 6381 8077 8712 6659 805 1585 2270 952 7200 7117 688 6227 7707 9040 3163
20 7086 4126 5368 6032 2895 9408 5152 9749 9906 7875 7695 6431 9113 1668 3877 9197
490 4457 2346 977 4965 6170 1174 2288 9236 7936 4253 8275 3976 8327 555 43 7608 9549 1591 3005 2962
118 4359 1479 732 660 569 1641 3882 8499 6261 3702 5359 4455 600 4242 300 3380 8295 3058 9102 117 9661 5923 9010 7929 4526
483 2 5163 9169 8493 5054 6495 58 5913 4402 505 2731 8140 3418 2440 7817 4896 4200 3061 4232 2013
195 9777 4070 9332 7069 9414 5771 1452 5497 2979 9606 1395 472 3323 1919 316 8624 4528
392 250 3982 5003 7267 4481 3414 6271 2146 6865 809 3082 9492 4152 2554 2067 8751 4352 8887
421 8832 3453 5234 5713 7456 3504 5257 6083 5386 5067 136 9691 637 7639 7006 3560 8477 7849 2540 3585 2240 2074 5869
499 2085 7517 6236 5219 4092 7373 671 9041 1978 5109 3411 5833 8003 7504 8573 6117 4020 8866 5156 2052
350 4020 9892 321 718 3081 4974 5793 246 6680 9758 3036 1429 6521 8329 4808 3981 2534 7161 5115 7643 7886 7806 8599 4398 3543 1731 3936 7880
13 9215 4350 295 7278 4951 4520 8824 9638 5817 4914 1185 7909 2577 5600 4153 5859 8816 4343
491 6082 8634 7296 8325 2866 5587 8098 9495 567 4299 9616 2766 3995 7557 3073 398 9205 6547 105 5962
86 4890 2900 1134 254 9775 6467 7713 8644 9317 4884 2892 8092 777 3009 7575 4841 9356 3711 8489 5372 6356 496 4068 478 1984 6296 8711 9615
259 4695 6650 8008 5785 917 9711 8350 1009 4704 250 468 8179 1347 4478 8190 4674 7407 4418 2679 200 2121 9139
298 850 8150 6374 3049 513 714 2923 6914 9563 5200 4654 326 2833 4883 9969 1648 9193 3894 4199
265 3537 2847 2175 6895 4801 6677 1496 9205 5124 1449 5214 7244 4840 9207 6938 2323 9935 6224 8114 691 3282 604 5129 8125 199
343 2057 7684 7296 3256 6937 6413 9778 8177 2420 8996 9000 64 3299 1102 5340
132 399 3241 5278 1381 9558 6838 151 9359 360 449 4319 4538 8839 6744 2752 372 638
89 1020 4709 8831 4580 5565 9135 9107 9133 1315 9862 3732 2883 6675 9422 6852 1723 5636 7949 5660 2
443 2146 6326 5149 3190 4036 9138 9633 2192 3417 9407 4468 7000 7153 2313 7469 1724 8162 7513 3975 9827 1383 6258 3316
313 663 9908 1668 3207 4584 9197 5295 8706 1067 2079 7207 489 4173 7306 4705 3841 5276 4969 7544 8352 8907 1134 9615
428 8986 3032 4117 3376 3249 4379 1216 7581 6042 5199 6989 5006 3939 7307 6474 9891
328 6100 2171 9829 6526 790 6687 7120 175 6538 5921 523 8977 9160 4955 2822 4409 7642 4328 1249 1605
378 1391 5605 9968 8830 4203 8858 9149 8889 734 9338 8630 8242 4906 4042 9597 6327 4209 7347 1963 2340
303 7762 3877 9031 8863 1535 253 2553 7675 6418 6795 8914 5478 1761 7340 9457 2663
142 8893 4151 1581 8014 8106 8441 4179 4959 9592 8766 2116 4909 3804 6306 4553 2996 5934 6174 8735
442 454 7213 7756 6251 1137 3539 2551 5280 3004 4824 7247 1619 2985 2920 6233 9190 8093 3083 2725 2002 3491
238 935 2161 3505 2480 752 4487 1356 3103 8840 8315 9169 2366 7362 8032 1495 8152 5948 3873 6369 5446
434 7254 9806 6729 3159 3672 7004 1809 1552 3121 408 5884 2529 7180 5870 1234 2453 1288 1465 6681 719 8431 935
78 7744 6525 278 4923 1477 2279 9450 7652 6951 2051 251 9209 6712 3885 9283 2437 4728
67 8055 6867 1436 1117 3371 7054 6693 8975 3518 5428 9535 2807 605 1120 8738 5762 4960 7699 1868 7296
36 9713 3581 7153 4793 140 6908 2167 1496 9413 7873 8218 5928 2284 7266 3521 4901
161 6134 7618 2190 3552 56 8888 3620 3277 8144 4413 1466 8952 7225 5248 7425 2643 4377
322 5662 5437 9736 4175 8433 3156 8357 17 8348 3194 6480 7619
244 8910 1454 9224 4280 66 3538 6949 1191 389 4459 7359 6470 236 359 3350 8290 5702 7852 6534
120 5251 3894 7325 9650 7854 4112 5858 6147 453 7798 3245 8749 8994 4517 7521 2643
184 2 1736 5523 8538 7637 8891 2496 6123 2120 4284 8564 2594 7366 2467 781 2087 447 7782 1984
177 6141 9219 8248 3612 5138 1567 4916 400 441 2295 5445 2555 4236 7028 4587 6250 8526 2519 1253 6060 3655 8994 7105 776
324 155 2513 6082 218 1265 9211 863 4314 1105 1206 725 2314 6200 256 2225 3466 4076 9046 991 3144 5341
28 2615 2670 7733 1963 4844 699 4170 2693 8994 8599 1980 1661 4787 1400 7789 6389 557 8205 2037 1746 4025 4549 5193 8228 4689 8512
15 3427 6734 321 820 5912 2707 3553 7476 3061 7572 3982 6021 163 1430 4672 6440 6329 5594 7312 6203 2126 2652 1246 7266
33 2732 3103 176 6920 3932 1721 8904 5112 6925 273 4669 8722 2865 2555 5664 7193 2915 5973 6671 6827 6259 8141 6007 790 8193
220 3543 7485 1628 4129 5465 9219 9187 9540 6103 796 9837 7219 9533 1934 5637 745 234 9526 9628 8408 4199 4135 6355 7050 1401 2670 8539 3004 9197
171 148 135 4168 3700 2444 2791 6134 4156 7851 6808 8414 6257 5621 9453 4226 5369 150 2657 1586 5814 8158 6391 3982 7210 6285 4679 3163
301 6331 5503 8054 979 9055 9669 3926 7546 980 7543 8372 4124 4996 3190 8722 8797 1515 1238 1121 8431
423 4199 6545 3111 7579 3748 7276 8097 8172 7192 7933 9734 8498 9069 1645 6426 3285 8788 1730 9580 4167 2192 9301 2583 352 2962
231 9659 6355 9008 6295 6398 8687 6054 2127 8722 7270 2078 921 7015 1595 5543 5059 3358 2114 3023 9842
482 1923 3843 2555 8714 7204 2322 1523 1979 6827 4526 8514 891 4745 3624 5007 6395 3632 9192 8332
386 5848 7610 7077 9073 1705 5896 5211 5088 1625 6598 3023 7256 7477 5230 9432 476 1457 4493 8639 927 4521 1540 2324 3032 8387 7845
163 9580 687 5677 4635 8230 4546 7173 1003 1871 2179 7759 1864 9040 71 1429 7354 9247 1275 3994 1391 683 7179 8848
369 3146 1383 1059 7191 2946 8308 8566 8470 7972 8257 5906 3799 6394 7209 8446 7269 37 5471 2962 9931
80 8690 1476 865 6861 4801 9970 7824 1002 3604 4315 4708 581 4022 7012
397 4437 5889 6323 5384 5244 1340 9141 6029 6101 1693 5056 3327 5650 1871 7758 7856 4664 6547
381 6336 1083 1132 1032 267 5451 7885 4330 2288 1788 9968 3564 677 1766 5888 5485 3457 7997 6467
215 3883 585 1353 1282 6030 3584 4289 7831 5149 8505 2 4619 9318 1045 1678 4814 5233 720 4561 3243 9677 2858
451 9464 1572 3486 9178 355 8677 1489 597 9573 4304 9013 7415 330 1314 7249 2451 3119 2349 7653 295
256 247 3064 2439 8309 1137 9830 7902 1644 2058 3482 3097 8207 8587 8276 1753 4339 2240 2109 4311
136 9230 6938 1846 9299 2 9440 3942 8708 6282 7452 8247 7323 5107 7363 2332 8895 7153 8601 2155 9187 7919 7296
2 4822 3308 7429 172 5090 9385 1104 8491 2258 5706 7308 3115 3091 3404 8049 1216
430 7919 7206 81 2393 5507 8373 3129 1873 5821 6602 4012 9577 6204 6879 6017 9075 2274 6555 7481 2704
124 6014 1710 2630 6137 6676 9325 8256 4697 7880 1606 3836 9692 9101 6173 1444 3452 5093 5371 7922 6344 4060 4639 79
8 7050 1642 5443 7167 9671 8418 5909 5775 8533 9995 5206 2248 4257 1205 9426 3925 3875 7299 9285 5259 1738 7997 8831 9265
23 9989 4658 730 2422 1353 1665 2240 1948 8438 3760 6382 3668 7440 9760
229 6772 2149 2499 138 8450 1828 480 9584 3954 2705 6580 9823 7147 9364 7367 5885 5715
213 3745 2792 5762 1680 8589 4558 950 6205 4363 9177 2104 4353 7774 3899 6537 7553 5848
383 7105 2184 7123 3820 3326 447 3234 7765 9265 8652 2802 6902 229 4920 1817 1194 4985 7142 625 6082 6134 5340
467 7519 9160 5295 5064 354 934 4804 1835 1019 6778 4320 8293 4721 9270 5635 1007 633 4562 3943 9601 1081 4400 2877 6404 8487
70 4893 6067 5848 6187 9582 1092 5435 1450 1561 1927 5590 4631 5629 5090 4091 8794
415 2666 7072 7536 5773 4997 9026 1708 8870 2135 5375 8171 5343 7327 3023 5381 1050 5896 7949 5175 7266 2555 4326
277 6767 3869 8918 7998 1330 8618 2782 8830 3141 8967 5929 6133 9527 6119 7577 5845 7172 6790 8534 3521 5340
246 5961 5901 9816 6898 7353 7451 1150 7870 8494 1128 2490 5869 8167 6737 7718 1415 9443 1375 5715
71 2897 9645 8887 3012 8807 7055 2863 7127 5911 4026 2844 6812 1463 5 7949 4399 113 9291 9706 5880 7790 254
56 7833 7653 7438 6469 7133 782 5615 787 83 1574 3982 4188 9302 4693 1955 3337 9153 9600 4625 9163 8069 4192 2001 6534 412 3758 4199
291 9224 5029 9311 5129 7234 765 1534 8566 7206 3304 6044 1908 2687 1674 1874 9866 9358 49 3408 9114 2193 5141
27 9795 1728 141 2437 4765 9248 7266 8227 6584 7489 3035 7055 812 7930 8289 9984 5264 3446 1813 6725 4965 7874 5704 9013
359 8387 6351 7899 7026 676 3047 9852 4903 2269 257 574 9640 4423 3736 3810 9713 6462 9968 7194 84 1516 325 6380 9470 4286 9043
168 5097 1647 5288 7545 7087 6101 7199 6587 1387 2764 8145 8582 9167 2701 3008 8116 5962 9025 9765 8173 5055 5943 9480 6229
107 2 527 1950 3103 709 5755 1425 9904 1004 1789 1125 8729 7974 5412 9327 6471 5506 6494 8125 1035 1543 7740 3982
478 5333 8925 5389 7970 5982 3707 3876 3458 7487 3273 3326 5977 3599 3774 2058 2157 2052 979
305 2986 1071 4923 6030 4728 9646 7948 1430 2542 8466 631 8197 9674 1289 7962 7949 7298 1600 3253 6385 1134 4180
211 9206 2426 1238 8881 8470 3109 6089 1361 1742 2026 3339 2186 958 8069 486 7645 3383 1305 4909
102 6630 5816 1682 296 4575 2050 6709 1988 208 2803 7846 2255 5022 8702 8830 2158
248 7997 7162 5810 1601 6945 1183 5536 5534 7566 9185 2990 9301 105 9051 3721 4448 5299 7338 2768 4801 1916 9990
360 6074 4692 6486 8815 9453 321 4176 9733 9223 7232 9735 415 9386 7531 4728 3767 9529 4071
444 9023 6014 4037 2343 8719 7391 5956 7183 6488 3887 2977 2240 198 6278 9248 6075 5880 5643
140 5981 1358 8116 8683 4223 6490 861 1918 2459 4303 5083 3928 8079 6239 1164 7519
466 6250 2383 2927 4282 2633 798 3935 2787 1134 2680 7511 8867 6614 9110 3041 3059 4184 732 6538
400 3926 5758 719 2480 3225 7545 4241 4011 3149 7688 3856 4358 1343 9594 4517 3016 8310 2986 3548 3423 6947 1051 7932 935 4314 5156 5880
470 4907 4269 3023 2904 9815 6523 8658 5322 1423 6936 6983 8924 4155 1427 2328 9658 4457 2555 8235 6538 3584
420 7151 6613 2293 6672 552 3084 1832 9401 3130 563 2963 2548 7413 7906
371 9260 2114 5194 3704 84 2875 2125 5747 6057 7365 7178 2552 569 4782 8260 1639 7621 9123 5209 8460 3020 6262
393 5767 6903 3232 6413 3186 3240 9470 2128 82 7025 1958 1379 169 6686 6031 6700 7254 6049 5784 1504 8233 977 2 745
366 4377 610 1670 9352 7435 7078 7499 7617 5266 9013 4647 3771 1274 8216 9626 5689 6020 7474 9265
106 2577 8487 2651 8336 4029 5647 5096 7443 7055 8065 3064 3678 9151 6542 4519
151 46 8146 9940 2752 2794 719 7153 8797 4110 745 2376 5899 3050 2799 5399 7762 1669 9415 3274 3854 5762 5869 676 838
235 9947 9428 5583 1833 7314 8343 7811 2463 6881 8245 2264 3948 493 6469 1358 9688 5436 6780 580 8561 1797 3830 2240 4151 2121
65 9483 8221 1341 8843 2987 8848 8125 3424 8120 7580 500 6114
486 6967 5795 2485 7202 1439 5446 7012 5917 2613 1212 3629 1192 281 5839 9301 1570 7281 1838 235 724 988 7517 1552 6306
288 6671 1345 8859 5756 3092 7153 122 624 4967 4564 6134 6472 2722 7126 7248 1499 5508 1581 1670 8896 5848 8134
40 9120 5922 8506 4243 3441 2072 5442 8400 3365 6873 1656 8994 6063 7860 6263 4734 9349 6611 3144 5097
26 9991 2475 3013 4486 3305 5166 5303 7927 4931 1420 6579 689 6078 1273 6785 3432
18 9465 6054 9003 7210 1799 8852 2870 4213 4013 4566 3363 8531 153 5226 721 6242 6916 4378 3463 8711 5064 7120
241 2773 9086 9273 5547 7023 2608 8927 4504 9920 4741 2237 6010 8129 3543 2228 4326 2809 6510 4312 3334 1923 1071 79 6827 4985
315 7710 5462 8855 9602 8249 2097 7113 2394 7242 9951 6568
191 1145 1025 467 3657 9362 4321 2415 5255 6713 2672 2610 7202 9293
380 691 183 8405 2446 7880 4497 1550 9861 6176 4396 2962 7337 8800 8879 2839 1802 4999 2904 4367 1145 935
245 9848 8711 7290 6509 3331 182 2595 5818 4777 9255 6073 4735 2272 4488 4401 9178 3838 9889 4100 8498
489 3074 4065 626 8062 4393 5002 5764 868 7091 1801 998 5208 9807 1935 3989 2666
196 8284 3393 8728 9040 7845 437 3884 4865 3392 8805 6547 2118 3676 8364 6345 3208 5869
388 5992 477 1924 5228 9896 3344 9968 558 4197 8557 1667 6824 8035 9666 5251 7314 8343 2962 1117
286 7369 1305 7736 1781 3113 4787 8610 6892 3543 3176 8018 9739 7656 4024 4290 4174 8104 8169 9265 6054 8994
498 9943 981 7786 1740 3557 4411 79 7663 8110 319 8569 9239 8615 7801 2288 8200 6014 2892 4385 2240 7713
275 8722 8220 469 6687 148 5798 6011 4670 3700 5471 8067 96 5703 6586 4702 2305 6894 8560 4469 2327 2052 7883 6467 9008
461 7413 9720 9085 1125 8532 8508 7807 6798 2597 1775 3320 2735 5876 8880 7903 7426 7104 8611 871 6026 2945 780 6547 2327
175 9615 238 8787 4539 5907 2624 7350 952 2240 9443 9710 2699 2468 7762 7156 7946 2539 3757 3823 8613 1961 9960 2136 6454 2558 321 8387
348 8022 3751 9733 7233 6672 9533 951 2465 3052 1610 1267 5553 2286 7018 9845 3866 5880 5772 8655 452 2948 4860 8756 4855
345 6537 1079 2121 3050 1352 5751 3053 1042 8898 4736 2252 8608 6905 3433 9591 8811 867 7857
333 84 2407 5645 3498 6458 9315 6897 5074 1772 6019 970 3606 3902 6547 4542 4853 94 6101 9908
190 7049 9244 3561 7950 6153 2877 5735 8723 3510 5840 5215 9654 388 8501 8701 5309 3913 2055 7009 3900 259 650 7762 1105
409 4423 6070 6675 6144 4212 4054 7261 3914 4501 9858 7060 7969 9615 2612 9344 4096 5882 5181 7357 6635 9139 199 6030
180 7659 8920 329 8670 9392 8686 7405 2007 3633 973 6379 421 7762 5569 9794 3716 250 3079 6938 9842
125 7147 9800 5869 2001 606 883 9545 1034 4924 5804 9738 7367 6939 908 3260 4442 4976 9050 2460 930 5451 9669
311 88 8134 2345 5752 7200 3312 3434 7537 1348 6035 8390 6498 8467 1911 7066 9564 9357 2678 3963
338 7185 2262 3376 2555 5781 1073 2287 5527 9587 2063 5750
285 3304 3377 2168 7075 554 823 7627 3983 8083 8954 7033 3650 1830 8892
379 7968 6999 519 2209 4983 5998 1892 1039 6702 8808 2121 7722 3353 7793 5502 9548 2240
385 2972 3602 4586 7082 8269 9449 5391 1793 284 2144 9048 722 4569 5505 2668 8338 1072 2115 7197 6099 79 4890 4286 8431 6465
417 4326 4159 2685 4343 6327 6608 3877 6584 7126 5693 7341 8078 7392 3014 5332 5835 634 2397 9414
268 8005 9493 650 4352 4644 8193 3747 8853 5607 1981 455 1876 6189 8672 9643 8496 6731 1455 1861 4531 9555 6054
112 207 7426 6408 5458 7513 5251 3817 553 2160 2677 9872 1646 3264 6583 9342 5608 139 1328 1383 3023
54 220 8900 6030 3355 1328 8358 6362 1774 3461 9174 1542 2340 108 8592 1577 1954 4472 6632 407 3232 6635 8043
302 6327 7289 3230 420 7598 9029 2909 4819 7355 3241 3744 7021 5081 9345 149 2335 6554 1979 3877
413 1638 9993 3547 5966 385 686 3814 225 7751 8522 6954 9268 1829 8910 3215 1939 5027 9964 155 4311 206 4788 4147 412 3183 321 30 308 8487 9842
170 7252 8816 5448 639 1042 7347 3831 2101 6198 55 3660 3759 8387 810 7727 7759 8299 8406 2155
407 6538 979 6778 3349 541 5862 1960 1213 8732 1048 2346 8022 6735 299 9038 9924 4581 936 6415 4958 9043 321 5677
314 6492 7434 475 1546 1050 3345 896 7822 6921 3705 3077 8920 4293 8279 8151 7837 780 7395 8646 3586 4588 5219 9646 9965 7240 4326
155 5762 4093 9573 1465 199 3670 3853 5541 529 6193 4815 4087 6716 8764 2933 4077 8368 7517 2859 8597 2943
218 991 560 8780 6913 131 285 7198 3362 4362 5218 7951 2543 1197 7397 6599 4684 9491 7042 9848 5954 4979 1429 4311 7806 79 4901 2643
331 3238 683 6750 2917 6547 496 7756 7771 6113 4935 3445 6135 4706 3638 7370 5958 8689 1206 8343
51 9025 3781 1248 4679 1405 5993 6827 4431 8092 7141 5172 3836 3330 3580 3631 5153 9802 8050 2618 6309 2692 6767 2630 6049
115 7511 3226 4420 3375 9515 3894 2647 4015 1556 4228 1745 54 5134 6727 2036 2555 8483 9381 2439 8062
146 7698 4967 7509 876 2939 4505 8125 366 2318 8728 2411 9104 3758 2935 4558 2623 2796 7516 1950
233 3012 2576 8671 7358 4456 6077 6502 6281 740 5617 6804 3649 7634 2288 5869
214 3586 3750 3493 8386 836 3792 8985 2545 1145 9721 2263 8000 904 8643 9797 8876 5625 5893 1121 321 1668 1625 7762
82 6502 9391 7291 3590 8837 6633 5638 6993 6436 5754 7654 4802 1393 8660 6772 9036 6980 4901 9777 4340 5412
87 3520 2307 3095 9600 8306 8087 6653 9253 6896 4925 5898 2456 8235 7519 5431 2398 79 3431 8731 838 7892 9848
188 4362 2155 895 7039 666 4068 7864 678 9986 3144 6038 492 1638 5426 2211 6929 3033 5507 9800 2617 3032 4661 183 321 1625
19 937 6712 9007 744 4150 4664 2452 7745 8265 166 3525 6771 3026 8411 3018 8258 9888 6465 321 4326 8005 2555
46 6482 8605 8227 2795 7961 7071 6942 5517 9266 2536 2317 4362 8796 8355 6101 9299
14 4442 1852 3006 1262 2643 1849 1884 732 2635 7819 3584 9914 7748 3127 8335 4182 7095 3493 5458 8069 3074 9930
296 4664 8531 4971 7219 4913 9066 3821 4039 976 6573 3427 3991 5195 7159 8897 2220
110 7669 485 3146 1401 3261 2639 7169 7438 5834 2016 1794 2962 6468 6967 2929 1230 9954 4377 2164 7217 2527 9179 5311
207 3163 6343 1223 6554 6909 1204 9624 9323 7693 5034 1808 2986 6286 1113 7454 434 4435 1091 673 1227 3111 7759 3982 7153
358 7852 9968 9199 8028 8044 7160 6448 4133 5917 4800 6036 1909 3218 8616 148
447 2060 9265 8696 6099 979 4719 2275 4583 7296 9014 2271 2983 4712 1063 2779 7844 9747 2288 967 4450 352 6765 6778
292 139 1498 5301 8600 5341 4378 4661 8461 2887 7026 13 4763 9568 702 6886 1162 6556 2125 6920 1534 8634 321
448 9684 1343 4529 4327 5730 2785 3202 1482 4740 7797 4552 5077 695 7285 5228 9545
278 2898 7013 1515 3758 7929 2526 9583 3074 8231 9750 5880 1770 4837 9753 1055 9518 1473 838 5120 7894 8086 7382 4020 4787 79
306 9208 4527 5525 9789 8798 7996 2341 135 4882 9622 9854 146 8950 8937 9551 2533 8293
210 5660 7439 1898 4957 4232 6537 1731 3025 2128 1697 8473 5548 522 647 512 1625 2626 291 5769 1756 1149 1668 3012 3842 4070
83 2774 7709 2002 1780 8188 3549 2231 199 4858 3977 4986 779 5790 9363 7641 8221 782 1358 7001 7240
164 3521 6178 6712 5433 6829 1845 102 7431 336 7977 6015 2302 5787 8367 5412 3275 4710 9119 7429 7943 4852 2685
81 4828 7361 2699 6982 609 8340 6619 716 1317 5060 1831 9070 2837 9544 8618 3536 6648 7874 4869 1557 9826 3602 3584 9852
217 6049 9652 4021 5045 1625 7517 6986 8423 4842 9116 3447 8363 3936 6225 5245 6327 1401 2234 7501 8191 4551 3032 4490 1134 4350 8396 2997 6190 4399 8284
471 5033 574 4742 9912 5583 2028 2815 9077 483 6504 7134 2531 6407 7795 2114 79
347 9050 3870 4667 7138 6415 7041 8524 564 9874 3932 8464 7732 1536 5827 6722 935 7246 321 4086 7565 2349 6198
223 8431 8109 5715 5880 5090 6458 6425 3740 5532 5470 7471 8208 9304 8285 1319 8990 9688 3936 9299
262 5748 8671 5052 1987 130 9045 1075 3871 7881 7034 8556 2650 9770 786 4375 303 3376 8941 5263 8212 5794 4011 4943 79 1657
356 1246 1790 3981 6453 3104 3032 9931 9505 413 5481 8659 148 4884 1769 5162 4489 3777 2704 9035 7368 7321 1042 2790
35 2486 397 2113 6692 1504 7259 648 613 8218 450 9300 6843 51 6470 2959 1440 6561 2741 5489 116
455 8722 3964 7933 7570 10 425 7968 9741 2474 5670 7463 2426 6572 7478 5900 4772 1460 6070 3012 8812
53 2666 2274 6028 376 603 4627 1666 3080 3684 1959 8743 7672 4757 2449 5538 7311 9524 332 238 6966 753
299 7423 6744 6201 3374 8554 6186 5783 2871 8762 3642 7093 2481 6661 1147 7386 662 8513 3586 3784 1299 9007
497 6949 8189 9533 9930 9224 6447 794 3865 4326 427 7030 1118 7632 641 4278 5432 5491 5877 6759 4356 2236 8209 8986 7709 6296
94 3819 3835 7754 5268 9728 9283 7902 1470 6736 3148 9086 9705 5680 2769 1956 4919 5448 2615 3074
352 1348 9586 8753 2653 6022 8790 3916 3284 5643 8320 4592 9926 9244 655 5926 382 5434 8934 1454 569
186 8931 9533 6534 3910 9846 9368 1569 7285 6986 8332 5563 1999 4326 1626 5924 6783 5310 4345 3720 1580 3877 205 6482
365 5826 1149 2240 6603 6787 3152 2066 755 4079 665 8768 3805 3547 4062 2224 3661 8908 9533 4901
353 8078 259 7400 4108 1426 7728 4613 3847 8680 1576 8595 7676 8823 896
251 6390 650 2958 5674 8663 1219 9409 7709 279 4977 9593 3696 8170 8698 6196 5865 7288 80 3242 6170 3613 6139 8212 9533
30 2 405 7755 4069 8105 8284 2685 4386 712 2373 2893 5918 3800 213 2219 7332
468 9107 7280 2892 3160 2666 1056 7586 8498 715 9720 7022 8757 6386 3111 5433 9231 9062 9500 5788 2763 4108 1058 8406
192 8880 1164 9313 2176 738 5997 771 3199 5302 390 8604 7734 9303 9567 1503 9808 7811 3146 7120
270 8293 7029 6842 8775 5777 6611 2423 3006 7285 9682 4035 8543 7255 8130 1126 5319 3074 6315 6597 1169 4341
24 640 4843 7732 1299 7085 7980 5106 1369 454 7120 5163 6705 7240 992 7931 9634 9625 65
481 6739 8157 6359 5143 3125 6532 935 7170 700 6991 246 9091 5716 7133 4040 3905 4680 2222 4556 4942 4095 7432 4314 4958 4415 2182 4362
334 7740 3885 1157 866 6631 5501 3752 6134 6578 4307 2071 9007 5417 6433 5063 301 2683 1422 5978 7865 6161 1079 7968 5349 4531
133 5543 310 1997 1651 8071 4909 6576 1896 3961 3565 1398 1261 2227 9146 3393 7439 7360 2615 2106 5339 745 3836 979
90 2322 4199 210 352 8663 410 6613 6358 9731 7203 8844 2907 2098 6607 1240 2838 860 7201 5301 3379 9834 7053
116 9139 4494 552 9649 5732 9518 6365 2353 9742 1774 8803 1311 8804 4501 4609 2543 8979 5610 1609
50 4313 1105 8344 1685 2223 6112 5652 1534 1524 4132 1529 6497 2437 1690 9578 5511 7274 2978 6503 6899 5748
10 550 8017 5043 1125 3114 8051 7795 8139 2708 7596 979 3395 3286 331 1778 9883 2816 1293 7429 4855 8312 9669
308 1323 1711 3894 8135 3528 7204 2760 3509 7762 5400 6332 2189 5802 4027 9968 202 4765 2601 7781 1402 3634 6849 3523 997 1119 2962 7001 9541 1083 3543
424 4606 4591 3383 4444 5679 6476 4216 5151 4177 3689 5169 3998 5237 1527 4892 1149 6899 2240 205
11 4463 6550 6134 6545 1064 4028 9869 6357 6720 2856 4454 1803 2448 7152 6311 6547
202 1195 3842 1181 447 116 8911 690 8428 1307 7563 7681 6210 2327 5578 196 6956 954 3966 4923
182 6815 4033 9667 4100 8058 5567 2150 7474 1631 6893 6266 4687 1127 6917 5895 2103 3630 979 6538
77 6063 6387 2790 9657 8193 5836 5941 8685 1017 8709 411 5082 3213 9704 6884 1146 5449 7732 3453 745 4035 8644 5219 3012
361 6296 3363 731 873 6955 4382 8220 6500 3279 2984 5374 6378 5960 6910 5005
212 8345 6625 5848 8287 5111 4134 7673 1796 8562 3120 1478 6126 7716 5696 6154 3697 2326 4055 4237 7743 3762 2858 8894 7960 5326
203 5458 7165 6155 944 5239 7131 8907 9820 2546 7855 9087 9129 1627 7302 1159 8345 4743 5142 9545 2333 4760 5275 6347 1510
34 5948 6280 8375 6324 5072 139 2292 9997 8234 9834 6163 9681 1481 240 3422 6933 7408 120 106 3316 1986 6672 3509 1238
395 6044 1931 6869 7834 667 2898 5020 5715 1180 2955 1922 9350 1875 180 7602 3894 8470
63 8609 4966 5390 112 1016 9636 3907 753 9388 2934 1628 232 401 1087 1546 4624 6458 3836 9968 477 1625 9533
247 5097 3379 5849 5477 3454 8862 2212 2962 3220 8243 8019 2580 1084 2013 5099 9945 1260 7438 9595 7671 1168 1144 9834 420 1343
431 443 9347 2929 1396 372 2396 3753 987 2203 874 6260 4755 7467 9252 1940 2906 1412 2655 4990 9660 3795 6332 7694 3894 1668 6153 9453
189 7296 1822 2533 6334 2676 7105 2966 268 374 1367 3835 1129 53 735 1942 8882 7510 741 968 7289 79 3103 3043 3543 7652
363 656 1741 3497 3666 7652 8478 1930 2185 8699 4127 3946 8653 6124 8491 8555 9603 6153 6764 4962 5966 5053
97 3007 6101 3352 5838 3494 1668 7868 7775 412 9968 3309 2860 5860 7449 8066 6489 1202 9973 3146 6584
130 8487 8726 2013 1476 5330 1941 1112 2962 1878 6789 7883 2246 9089 6920 2590 9245 9771 7558 3195 2886 6549 76 979
258 1934 3088 6627 7971 6234 953 6213 6351 2111 6416 5458 7767 8421 8105 608 3833 2102 2005 4314
476 5492 9735 7243 1505 5156 2121 8949 7782 684 1571 6718 2 1098 9007 9618 5592 5799 1342 8130 1647 7820 5843 4677 7503 3758 647 6584
282 9822 9640 1252 6970 5258 1552 502 8793 4071 1469 6116 5219 4220 887 7746 8186 8123 3593 5507 5111 4909 9347 5029 4531
41 6827 4766 2603 8005 1252 6313 9292 6934 9976 5715 2757 5029 4195 1541 3627 6641 5989 4824 2128 4176 5645 7055
95 3316 6978 2198 7762 1348 7987 4341 7591 5841 4653 5121 4122 5298 3442 3539 6030
165 8854 4354 5904 8688 6669 2375 3982 5131 3920 9462 41 1188 8045 625 6326 730 3371 2263 4765
5 8507 8185 6762 9887 3165 6617 8030 4666 3739 4441 8174 5748 154 8175 2315 8696 7261 6588 1979
372 8841 2123 9555 3456 860 8614 756 5995 1979 2384 3093 7088 1904 8313 5997 4219 4878 5903 9819 3138 6926 850 9939 9979 8495
433 8193 5097 9430 7753 3530 8636 3513 6327 5183 8143 5296 7992 3060 5993 4292 8125 5891 7240 3107
121 9709 9132 3728 6447 6059 1752 8154 6918 929 6960 9494 4875 2669 9743 937 6821 2434 1443 8212 3077
319 2327 4340 2422 4079 1858 8294 742 1122 517 2538 7484 6045 4855 7815 2391 4272 6859 8447 8296 2850 8089 4020 7736 8733 6537
337 9615 5862 2403 792 188 8239 3722 5053 6428 4818 8380 5653 3915 9916 1925
263 9197 3752 8134 7474 1343 9522 3320 6130 9551 989 4531 4433 6773 487 7779 9953 3416 6223 3846 1428 6341 7841 8198 3106 3877 2774 925 5748
387 8601 9521 3839 8212 3319 8209 2288 654 6613 5740 6537 9886 7981 732 7985 261 8288 2497 5586 2427 4728
68 4286 9598 9607 4537 6534 1058 835 2965 971 1041 9271 6248 3210 3714 1786 7697 8907 3686 9730 5588 1668 7880 1496 6101
255 1583 7521 2595 802 8570 5748 5193 5457 3729 8488 5676 7989 5203 5908 7377 4690 9076 2513 5552 8043 3885 8716
382 9404 4060 44 4909 8572 2524 4475 2137 2416 931 6221 5556 3959 5748 45 1446 7683 352 6827
469 1167 6717 2806 8841 3936 3840 6256 4539 352 3428 7593 2999 9372 7083 7498 2649 9679 7952 3377 8644
131 1784 259 4539 6269 2926 7787 9619 4733 6724 203 5075 9171 1 3490 7839
254 90 3005 5451 4401 7318 9569 9804 6020 3316 8282 2986 5331 7668 4349 3682 5939 6606 8007 7097 7949 329 761 8812
439 8105 2962 4081 3731 3723 4730 3588 726 5459 4774 6706 4871 4136 2173 939 9868 8196 4109 6270 7153 8130 1763 7296
167 8307 6377 6161 6139 4347 9911 5379 9994 7611 9316 4845 9001 4660 5493 348 4975 1956 1774 6470
99 7553 901 8445 6765 5062 8693 2846 3727 7615 6834 6105 5430 1335 88 4831 9032 8982 5685 36 3105 9016 6141 9023 1542 3543
44 1855 2431 6428 5064 7372 8360 5383 8661 7133 2158 2510 4985 6557 8382 2823 8725 352 9129
29 367 200 847 2858 2842 7749 8252 5388 9957 3669 2611 5800 5969 9 4325 9202 8625 5743 7361 3319 7699 2413 4377
234 447 1085 5099 5270 3958 2298 7316 8789 4199 4266 5250 7219 3775 1121 1390 5988 6650 4985 5807 1664 8235 5014 2100 8431 259
485 8982 1750 9349 7396 9443 6786 7829 6024 5064 7647 6370 5373 4080 8203 1805 2365 142 8928 2027 7096 1368 8883 9604 7949 3584
341 8183 7895 5253 583 9160 6978 6175 1366 4811 447 6049 8810 3021 25 2930 2969 7826 791 8951 3361 2057 5775
37 5006 1299 4429 8784 2586 3687 8009 7110 2175 2043 7032 750 6793 4434 2986 4494 5387 6067 5451
237 8512 269 4616 9256 3837 5413 4798 2533 8885 2717 6975 547 7108 2238 315 1500 4116
457 6454 6810 9834 8896 2750 4176 1799 8304 5483 7713 8705 5656 7730 3243 1843 844 8707 7124 5010 9436 6797 5869 2630 3894
326 9461 2555 4491 6651 5240 7092 6360 8899 5401 8137 4432 6192 1640 4341 4953 2778 3921 67 4314 2260
340 5546 9903 5887 3766 2432 760 6582 9290 8676 2340 3086 4170 7836 6968 8085 863 7907 6100 4941 1153 9968 76 7883 8812
408 9848 6270 668 7482 9416 5207 7020 4746 2048 8741 5047 162 1242
201 8140 5504 6404 9144 3812 4176 2032 4879 1964 5514 7609 2004 876 5584 241 3765 4600 5277 3102 6101 1343
339 6102 7732 7088 930 511 7688 6226 9337 9523 1044 9436 8932 4365 1451 6331 2288 2140 811 305 4623 260 385 6696 4664 7153 1934 6538 9007
317 9723 6391 7037 8377 8503 4470 9109 4277 7344 1060 9746 5770 3710 8052 1360 2973 396 7883 5607 2892 79 8396
9 5677 2951 4352 9955 3113 4066 9961 837 7120 8286 6549 1154 2630 3830 1901 7542 4168 2408 4510 8121 5013 6396 1665 218 5917
440 4311 132 5132 7459 7040 5326 889 6747 3651 9635 5846 2847 4511 3783 9936 9264 843 9717 5125 5890 1365 7858 5350 9244 6895 2327 3584
274 1670 5061 9030 6018 3635 9310 935 9589 7699 4934 4344 1484 8291 7268 7169 7762 9244
60 7569 4400 4234 646 4963 5659 9217 9839 1815 3356 2825 8654 8627 2206 2426
187 9244 8043 6437 1554 2578 1521 2505 1241 9659 6656 2404 4813 3263 8025 5260 7219 3699 4178 129 7623 866 7101 6359 4958
216 5500 5014 541 2872 3852 2283 2138 728 6151 8266 3782 3516 8921 9301 1774 5445
294 8922 8990 3227 5555 960 3797 1624 4901 1737 267 1966 1236 6540 3784 2444 3941 1573 5229 3830 2205 6982 5307 4352 3602 4326
243 3664 8145 8455 3297 7561 3137 2491 9012 2761 2041 6275 5535 1602 8125 6390 6545
269 9510 4418 9244 2607 1528 8131 2121 5861 5437 3386 4254 9275 5744 9992 7808 6274 1182 6267 6088 1195 1339 847 8711 5340
351 8671 8069 1375 5339 8939 4527 4629 2304 3048 1920 3265 3391 9466 5307 7506 7301 2881 3342 9184 1956 9465 7709 5962
318 5661 1364 3743 569 3012 5688 2406 8046 7776 9825 6938 7880 9699 8160 9596 7505 4337 8125
157 4020 1929 5467 1668 6800 6025 2643 9474 7966 5336 3410 843 5012 2684 46
72 8883 1276 2730 601 1859 7932 2 8451 3106 548 3602 9708 1681 2245 4443 856 9421 5698
458 1150 2817 7568 2736 3117 2064 444 4870 4727 8874 7399 7260 3476 7481 8548 2988 8125 5947 9060 9299 8298 2243 6211 8116 3074 3103
1 4501 9982 8343 2668 205 4035 8056 7099 1106 6087 9712 6417 4324 4391 7564 710 8813 4074 6810 8241 8017 1534 5307
411 9075 4636 3364 9496 1942 6683 4002 1834 5687 8644 9433 6348 3616 5170 7628 9299 9319 6807 9669 2288 6537
208 6188 358 7706 1319 5185 1668 3681 2005 2798 8998 4928 9483 6369 8674 2399 6871 7331 630 1111 1109 8068 8140 183
250 7367 7525 5445 3888 2177 8622 2574 8785 3867 545 3746 7346
162 4962 949 670 2537 7949 6785 134 8150 8871 8389 9156 9011 342 5154 520 2288 6453 5848
293 3811 7922 9798 5189 9507 4295 8103 1841 5367 5188 9007 1720 1411 6441 2282 7575 3352 7252 9990 7413 5848
139 2458 2768 7392 616 3496 1491 5164 3967 4256 5307 8890 7017 6753 2760 245 772 8206 6095
148 1566 2288 5762 1296 1888 2713 6825 3169 4053 8429 9438 3054 3894 1432 5187 6531 2
138 3537 3259 3753 1454 7983 6514 201 694 2572 9308 3542 7649 4176 574 5668 7153 6635
59 5304 6731 780 511 1310 3535 7616 1389 4244 8585 3116 78 7406 4828 5715 5028 3388 7088 1663
6 4958 2870 6061 2349 4352 6412 6705 4045 8922 3754 1177 7679 27 7031 4332 2006 9423 9398 9199
176 7240 4783 3653 307 2414 926 4649 6558 3990 5410 8957 3758 5190 5945
166 2679 7795 5019 3043 1593 4367 2264 7845 8961 8716 9301 1747 2500 2229 659 238 2716 1399 8128 9837 9404 7669 1025 9930
52 9565 2617 4407 2810 2013 9270 6928 5317 9611 6940 7262 7574 4761 4400 1727 7848 5752 2 6938 2962
172 6621 8089 1749 8702 2634 3885 761 2299 1979 1272 661 1324 5520 6740 8946 1222 8026 687 717
310 7456 3 625 2962 7 1625 2433 7090 928 3291 9168 6388 6104 5920 2249 816 8064 3728 347 1956 7883
464 2028 5397 5996 7321 3683 3836 3290 2938 7135 6467 2904 6538 6492 8491 788 2092 7533 8036 265 7074 955 7491
427 7457 7142 8934 7883 159 571 2878 6588 4767 4419 6944 5401 1136 6624 9148 6134 8910
224 6544 3795 952 872 9551 34 5548 8720 4563 7650 4259 8462 3945 6217 5699 1705
494 4639 7782 8912 1761 9609 2414 3219 4123 2884 7997 9843 1383 1394 7550 878 8948 5864 9468 3042 9610
32 7 7791 9836 1763 8649 733 7163 5825 8523 7597 8307 9903 5271 7045 3515 2896 6900 2187 6711 1187 6374 2480 238 8812 9842
98 395 4356 1839 219 9380 2121 5282 2952 2494 1323 615 7303 2503 6631 3262 8495
45 9364 1216 3023 6320 8425 8715 1657 1632 9244 9557 5830 799 8384 8603 3785 583 9008 6254 935 925 7949 9374
91 753 9688 2856 8081 8125 4912 8027 3371 9807 7239 3579 6990 5522 4728 9530 9139 5393 9120 3680 5547 996 4893 4094 4093 6756
236 6855 3079 2962 5078 3336 8765 2158 2240 4368 3573 827 3074 9243 8127 4046
174 6196 4797 3718 8552 7919 1722 5631 862 1419 2648 5261 508 4856 4718
396 1036 5921 5030 8270 8040 4102 2327 7736 3106 4154 9968 1227 813 8994 8468 943 5657 8991 6732 3675 4187 3894 1425 1601 3528 6534
225 9930 3673 3981 2058 2260 6254 8495 6673 2589 3079 2879 1327 5044 3087 6397 6237 7100 3713 1688 979
289 7053 259 9139 3405 8612 6216 4437 7904 6197 4258 8021 6166 6296 3376 7901 423 8845 864 2162 5715 9677
239 545 8267 2741 1134 5479 4031 1256 7702 8474 9125 466 5445 2727 7053 4646 629
0 9764 1798 9021 7044 5005 9377 3322 802 5962 2337 4128 7186 3436 1203 5775 4921 7296
429 4170 9480 647 8371 7143 6516 9164 474 3832 8662 8471 1546 7414 5212 9534 3694 8193 4089 5193 5326 9224
300 761 3343 4691 3801 1142 538 227 3167 9260 8842 881 985 6888 7852 5287 490 766 205 5683 4107 9627 3982 4619 3936
117 7267 8387 6230 2197 1303 2421 2734 8010 7437 632 8062 1588 1353 4341
260 2263 9007 518 6084 993 4574 2139 2156 9573 4720 3708 1984 6403 7708 6507 9431 2986 3017 7967 8013 1037 131 7285 381 8125 4170 5064
153 1710 6875 9637 7234 5340 935 4834 5690 5416 417 3901 9921 5643 4624 9305 79 7114 3550 8778 924 2629
135 9444 8832 2340 3813 6195 6404 1750 6728 1223 6219 152 9161 2812 3382 6052 3877 2671 3783 6141 3032 6428
147 8716 2611 5801 1091 272 4612 9124 6054 3015 9791 4020 7153 9200 546 214 5017 9881 1461 9809 4809 9930 6141
484 979 7216 2873 2591 7038 1985 4799 6875 6919 4571 658 1468 8580 9366 3047 5573 6710 9219 6178 1984 6258
126 133 8528 5784 3715 7938 2982 2413 8469 2753 5395 2418 7226 3664 9459 5089 1763 321 5810 1252 2643
242 1986 2191 1937 9842 3099 4522 3451 8122 2808 8133 293 916 5708 21 2596 2340 183
304 7606 8342 427 7956 2182 4602 2712 578 9543 79 1255 6058 7458 8609 2628 4838 2368 1810 3545 7304 8284 8794 2555 4664
104 1256 7880 5794 2202 871 5797 3610 297 5813 9840 9938 1587 9755 7709 7486 2501 762 3993 9510 5546
173 8716 2696 9114 1625 7759 4647 6566 3379 4056 7802 126 8773 9511 2616 1534 7630 7949 3984 8812 7472 4956 3276 707 3038 137 6146 8994 2962 2288
152 8043 7852 7379 1912 2342 5406 7780 6840 1776 1160 5031 3111 4993 7742 6977 3293 9538 404 7488 5962 4670 8855 3936 6170
