500
56 8712 555 9775 1955 9749 2429 6013 6651 8214 8614 5364 6007 3699 8896 863
35 873 4784 6186 8158 6523 5173 4861 8964 6950 3983 3681 5688
12 2735 6143 4717 1141 6687 2701 8081 1983 4388 279 6514 5518 2738 7272
372 5035 9083 6567 6300 6599 8532 9688 5242 7488 4324 7323 9976 37 8616 4959 5989 8671 7120
416 3034 243 6030 6099 2065 452 2932 5749 1847 7540 6259 8812 7310 9354 1496 9731 4855 79
487 7508 1738 4295 6161 5095 3803 8885 6625 175 7527 397 3920 939 3571 9943 7842 7949 5880 6054 2240 7762
58 1133 6025 5483 3776 469 5334 2225 9708 9322 7436 3629 2145 3703 3532 8442 7153 935
300 22 58 3944 1596 6821 538 462 2892 4135 3419 2061 9521 6195 3908 9260 9073 6899 9224 7266 321
226 7771 8867 634 4238 4444 5360 5888 307 1339 8186 9230 8558 6351 6949 4517 3688 1831 8205 3032
292 273 1118 9994 666 3312 5220 984 8874 9811 5341 554 5846 4961 5332 139
432 9300 9738 136 8389 4803 9622 5962 1081 1743 677 7373 1562 8986 3195 358 2867 374 3079 4901
478 7665 4946 9498 348 9501 6642 3682 1640 4711 6787 9946 8891 3074 8994
156 4348 128 5022 6752 1769 8164 319 7201 1145 6448 7357 1352 6895 4199
22 778 2413 981 7114 1168 3840 8087 6539 5800 4142 8 8570 9370
340 32 4035 2003 4416 7586 2973 6254 166 4708 6852 513 3648 2718 9392 3468 5076 7233 9822 2643
321 3552 3650 9010 8618 56 2115 3151 7501 2407 3204 3445 1851 2671 3879 1560 1220 7153
421 2263 2485 5933 8598 7676 5899 9517 5553 8517 2819 5062 1525 1948 8258 7694 2412 9169 4884
105 2920 7781 8481 8753 4957 7001 1542 8668 9595 427 3290 9478 3280 9230 4587 3616 8053 3950 3885 1877 9075
90 2768 2838 210 110 5432 9028 4847 5019 4816 8895 9041 7905 7128 412 4377 9086 1223 6538 6613 5848
304 6586 6449 7987 1762 6235 8455 6929 6378 3299 9599 6698 5132 5880
361 3914 6955 3977 2383 4679 2322 6781 4036 4928 9821 4319 2308 4255 1549 8069 9141 3470 3533 2643
233 76 246 6077 8543 2003 3176 3160 6281 7431 437 5045 9702 103 6969 5629 4151 3308 3752 7864 6327
266 2161 3017 5391 3394 4626 4752 7964 8446 6071 3482 9665 434 4751 761 1121 8812 979
427 4832 1606 7241 8456 2294 4419 3794 3471 5040 780 9637 7457 1430 6594 1445 3113 951 2555 79
102 9374 7718 6461 8736 3504 7205 7511 2394 8329 7312 3771 7430 2074 8439 9501 7736 3111
40 8089 7641 5658 1134 1763 9502 3273 1238 6137 5758 4437 4799 6194 2416 6745 9653 2821 6030
149 2615 1562 6204 6538 9778 2906 4537 3993 3371 4363 7637 871 6079 6545 1324
111 893 4741 2670 9991 915 8344 4950 5628 9287 6102 9155 308 8463
273 9178 7043 5667 8447 1354 2512 1534 4449 1920 5226 6966 7236 300 7509 7769
2 4583 5031 6318 4730 3589 1178 5232 124 7289 3521 5000 8894 3381 6898 2446 6528
474 7329 6149 494 5482 9872 9600 7294 8973 3137 1521 2979 5296 362 3368 4069 2692 661 4151 4765 3586 2288 6938
435 5186 507 3461 5695 4309 314 6566 8512 8022 2467 9326 4037 9541 6409 8462 7438 321
115 8765 5358 7971 5280 2868 9043 1556 8066 9683 3156 4360 476 6368 9515 9040 7349 6772 9842
210 6296 8841 3149 4891 1290 7739 7439 9153 9161 774 9633 9231 2282 1201
447 559 8858 8360 970 7848 1920 6054 6542 4926 154 5118 3033 188
307 5033 164 4280 9406 7032 3066 6345 5156 3342 5228 3629 7986 245 2893 4847
381 2768 5623 8855 6933 5581 8608 9367 4420 8767 3513 5702 3271 6336 5351 4966 2732 3384 1391 427
363 8775 6509 8672 2617 4605 467 9137 8653 7652 5979 382 1017 8443 9473 3065 443
357 6089 637 3498 1625 4171 6687 987 8627 4251 1571 9733 1450 4050 8684 4886 9798 8462 3894 6967 8832 3982
34 7605 2680 441 6709 9104 501 3831 7403 4176 7790 956 4851 4513 3916 1779 8450 2962
260 39 151 7653 8601 8699 1150 9932 1025 2839 4214 6202 8676 2639 7406 4440 6030 1543 7252 7240
320 5921 9247 1208 5605 8906 3958 8492 8934 1764 6339 8741 4201 8033 3602 4210 7997
141 1579 138 2596 9915 5637 2121 9452 7578 4427 2411 8330 7101 76 5715 2288
0 5428 9195 8163 5962 7355 2892 6472 803 2504 1446 5627 2391 613 9043 9852 4020 5715
387 6940 8105 1164 7985 5515 8419 8877 7513 152 9842 5013 3859 1975 4539 4203 2339 3023
398 7276 7180 546 3672 299 7321 6492 9130 5555 6623 2229 4644 9695 8629 250 673 321
55 9120 4831 7337 8904 7077 4539 9354 6570 3055 4458 6573 750 7855 6247 1453 9270 427 321
103 656 365 9289 2127 9943 4896 760 3636 7556 3448 6328 716 9381 1391 8005 321
45 489 9414 1019 771 3994 2538 9834 1957 276 5138 2447 2087 5071 8710 272 8309 7956 4147 9244 2
353 3265 7191 9602 3847 4507 9283 5954 2622 6965 339 5659 8310
28 7 8570 9091 3415 1307 5182 790 2034 8931 4641 8205 578 3491 7260 5501 4409 1715 8782 9453 4199 6938
379 6680 5142 6691 6992 6394 4983 974 2955 4231 8820 2857
94 6734 4188 1379 9687 3173 1470 1269 9429 9484 5633 5160 6611 8193 7902 5437
239 2791 3555 315 442 1256 9302 2960 1468 6908 3890 980 5715 2630 5412
42 4087 3193 7654 574 617 1397 817 9063 5543 988 6069 4379 8954 1079 7932 9846 867 6404 8589 3144
378 5907 1043 2063 8222 9604 3425 4282 6121 7767 490 2181 2055 9167 8491 9968
322 1752 1455 2693 5448 2009 858 6037 9278 1558 7825 5148
154 6851 5843 9835 9139 1731 7650 8690 9851 2400 9610 2567 1186 598 2407 3012
428 345 3990 6511 3032 8743 311 8930 835 9259 6286 7442 8876 7510 8651 5485 5199 1401 6737 2643 5412 2962
354 4308 6506 8751 4886 8312 8643 2577 4674 6672 8128 4024 59 7368 6502 6538 707 8711 1984
405 79 3416 926 5559 5654 5679 7583 5641 5409 4521 9330 2113 3632 7392 1657 3006 8711 5064
169 668 5041 6839 7545 2211 684 6742 2037 4955 4404 9754 6841 5481 9791 6134 6404 8406
254 82 3414 9077 7459 4040 8207 5946 4019 8436 9253 5249 3522 6980 9347 321 9533
188 7920 7023 9586 3282 6707 9714 3937 759 8264 4265 8112 7484 9602 2240 5849
209 3339 7886 8854 6333 3513 9329 2625 8020 5499 3100
425 7 3545 2043 3079 8067 129 9611 1527 4856 7313 7564 3542 2513 5880 6712 9007 2288
240 6437 2744 7050 4431 8277 9512 207 1698 6302 1170 3227 8553 6772 5748 5468 4698 1731 6938
193 2125 4407 7342 2387 64 1058 7694 2036 3291 1734 1211 4086 3035 7385
65 944 9540 4541 742 5053 9042 4931 4315 3453 2259 3883 5971 3357 952 9005 2753 3074
187 866 6042 1492 5983 5798 6490 8193 8406 2574 2215 211 1035 5672 9451 845 648 6161 3043 4423 3936 979 427
15 5662 9096 935 1253 854 7772 2569 2320 6413 1896 4180 3614 8551 3795 5099 3878 8356 5451 9576 9270
274 286 5569 2711 1361 141 7116 3432 2630 5430 5650 2655 7315 6898 1342 303 5775 8195
89 1647 8373 3360 5606 4377 5098 2254 3469 8749 3976 1457 4077 5683 9555 4781 6699 2910 5677 625 7413
127 527 5771 1564 135 6192 3725 3183 2730 1947 2173 6137 861 7715 4507 6948 6324 7429 2240 2
444 2930 6495 9657 6396 8631 7024 2939 483 471 198 8907 5869
61 1855 241 6875 8057 8102 8136 3923 21 2854 85 7702 2442 46 2 3894
100 6809 2149 8630 3744 7610 4553 2212 338 2263 3869 4338 4530 761 1428 8893 6453
192 3341 4755 7677 3594 9269 2288 7580 8147 4681 9529 9930 2114 8104 3006 7153
441 2634 411 9487 3539 6362 8830 8348 740 2111 4868 1008 7660 2552 2318
178 3023 8684 4241 2925 8257 1869 5866 8467 3240 3534 2760 9168 4421 946 3790 6942 4170 6322 5234 8248 9533
431 499 9425 1617 7734 7388 2330 6451 5596 4467 8259 2985 9159 9252 7652
438 8698 6853 726 88 6115 5313 6393 8536 3279 1795 520 9092 5755 4034 6102 4302 8062 1227
437 1157 5043 7591 1387 2368 3140 3549 553 9830 6525 3836 9332 7901 9742 8466 1368 251 6101 76 4901 3982
477 56 2922 5780 7541 3356 3739 2817 4754 3399 4366 7202 8916 219 4965 7296 8495 3371 2962
265 3006 5871 369 4300 4840 9268 2932 3103 9160 355 3495 9284 942 3002 5298 5532 8106 1383 1859 3331 5437
461 2256 4602 6964 8714 7123 5635 3512 9836 4027 6369 8354 8302 8417 8056 9361 6922 7413 3012
479 4031 3190 405 3690 2682 6470 8290 2809 6925 3403 2614 5935 2516 8847 4398
133 7425 8722 2540 5176 2815 6212 3697 2007 9904 2723 794 8669 5088 8365 2986 1105 6889 7439
424 4502 5900 2233 8107 9944 5447 7810 1748 5445 4743 6408 6296 3032 2240
263 4178 2808 6729 7841 9197 3671 4870 4801 9522 964 718 5099 660 4191 4411 6670 992 4159 5193 5434 9319 2856 935
190 8683 2016 8491 1125 6492 116 5738 4456 5215 5509 5401 3595 3304 1563 6663 3868 1505
78 46 9970 3987 9209 3985 1431 5736 566 6172 5993 1236 9991 5483 3371
393 2491 4073 2648 477 5097 9296 9304 4383 8064 5408 6959 1475 6584 2
451 8628 9681 701 4180 9464 2769 5615 1681 5471 7513 38 270 1953 8549 4173 9573 7153
497 9632 7463 8212 6473 7274 1979 79 5951 7178 8685 4478 3714 9510 3865 1011 4846 4114
143 2876 8476 541 9701 2782 5245 8391 49 2309 1898 6464 7180 3862 5114 4714 1554
334 2156 4714 5996 4459 9848 2452 1310 9838 5852 7419 5398 3050 8723 9357 7064 7740 3455 6032 7423 8193 9483 3877 3936
283 1791 7593 4647 9152 8392 6836 3243 9606 2886 6257 3842 455 1437 6808 4591 4344 9954 9453 7 8134
222 1789 3718 616 1565 2064 6588 5548 9760 2694 5940 205 4218 6064
473 271 4377 8104 676 6258 8941 3336 5962 830 36 9685 2283 4978 7469 8469 4661 2555 2288
172 14 3251 9162 3012 5214 269 8185 6711 6002 5988 1392 8561 3738 9256 4367 9573 4786 5762
313 5451 6698 1555 9295 2903 7486 6643 1754 3261 791 7419 7104 4189 3444 5713 2497 4881 1833 673 5962 6021 1984
499 1752 3820 528 497 2777 7790 1591 682 8294 1520 324 6430 4045 8832 6467 5155 5656 7852 2052 935
7 8040 1691 1244 2607 697 4689 4209 9434 5795 3296 1696 3950 9139 6412 8523 2983 7699
180 3249 6423 7009 9659 5457 3748 4855 9607 9733 985 5327 9372 7695 8160 7762 2243 3754 2986 9892 7571 6770
280 8528 1614 7121 551 5895 1389 4788 5934 9177 6924 1137 7292 6918 2124 7814 5248 7922 2146 4343 3106
386 2322 6717 2696 2270 3401 3550 143 2895 9018 9691 8407 3146 6324 2685 1512 6101 2986
408 5308 9869 8949 5251 748 9356 8427 8130 8432 5223 4903 8704 9781 5113 9453 4199
77 7133 6058 8757 5187 8179 3213 7630 8830 5301 4432 6585 2363 2031 1292 2885 3408 6537 1752
434 2038 1255 2712 336 9514 267 3121 2785 456 205 7915 3159 8316 256
173 4757 7167 8183 6526 2818 4242 5690 5440 9858 8418 736 5748 5668 4652 9694 4761 4784 4367 5752 6842 7782 8812 3894 2240
1 6867 4025 7018 8766 4396 2412 9582 2798 1675 1610 5034 2887 5624 545 5891 1534 8256 1963 6054 9842
224 8428 3397 5050 6424 3575 7987 1357 8157 2799 1053 7490 4322 3039 4039 7575 5445
315 120 6088 8870 7461 4910 3646 4713 7220 8547 6771 979
279 6021 4244 6762 5520 1120 7652 2118 7474 7833 5877 3031 1117 2848 4845 4483 4047 4783 7213 8685 7413 3012 9968
325 977 8327 3597 2414 1838 8267 7407 5258 5604 1109 5319 8924 6554 6352 915 3798 6248 9261 8134 5715
488 4234 8260 3845 3967 4811 5751 4938 9111 2143 3992 3018 3866 8752 8908 6847 5715 2136 9299 1774 2
241 6653 1287 9299 7072 2237 8168 9568 9845 1116 4904 5872 4266 7586 4830 945 5122 4311 1125 5962
337 24 1809 8109 9990 4638 1774 6790 2209 6571 3441 8525 5039 6423 2040 9928
257 5 3497 9892 6952 7200 1878 7240 1063 4979 9043 8237 387 1413 2179 8642
163 5177 6636 8605 9565 646 4522 8230 4069 4071 5059 257 9040 9398 3793 2573 5335 6390 7280 8248 2943
20 5693 2764 6201 8639 4959 2623 2107 372 6694 6063 728 6856 4538 456 4930 6511 352 7762 9007
375 8197 5089 5868 9931 8915 969 4800 7153 3704 9343 4794 7811 8722 8552 5437 1822 6101 3012
3 2247 1381 9449 9847 7153 1541 537 8664 3209 5288 1821 2909
286 3708 8619 3796 8831 6673 7423 5386 1787 3460 632 3896 9394 4341 4176 3602 9533
299 3286 838 5126 2298 8078 4254 6014 912 7687 9640 816 9350 4347 910 2195 1421 9907 2410 5239 2327 3982
221 9395 8410 2628 5328 3761 4422 5821 7255 9321 6415 3999
159 5645 7428 5788 8960 9357 4819 3387 9488 146
227 5948 9145 9262 5912 9470 5863 3313 1906 4772 3830 5716 6183 4943 1736 4923 218 7429
107 2472 5459 3678 5814 2900 4796 3476 5855 6866 7864 9382 4575 5248 6280 9299 6354
242 7808 3701 3507 1489 1429 5813 2951 8293 3462 1333 8075 1032 9099 8980
11 6170 2114 3211 5006 9885 4479 3332 2471 1500 7035 8707 1621
73 6844 2681 1426 729 6595 9015 4962 3102 3053 3366 2933 3982 6582 1929 3258 2106 4416 8257 1238 3753 9533 427 9007
314 90 30 71 9659 5752 3857 9362 5503 560 3349 7381 4592 9495 4097 6290 4060 4313 6613 9244
63 6541 6376 6744 6447 6939 9523 3554 4399 7066 4327 8278 5497 7678 6150 5860 4921 1703 6537 7956
150 3408 6633 2697 7443 3061 8003 2583 9183 1365 8733 822 304 3170 957 7526 9600 9805 5921 2
296 9235 4423 779 1375 7161 5680 5448 7557 4986 112 2070 8167 5607 1566 2831 5507 2902 5437
219 4898 4941 8174 3946 7789 7526 8864 5803 4078 9945 4240 8708 6465 6662 1875 5950 5248 8938 9265 450 5899 4352 4199 2962
329 7173 6991 3705 7495 3230 8516 5873 6712 5136 4503 7440 6598 9521 2437 4199 4901
27 6486 7773 6164 6122 1534 1600 8834 9823 9438 9496 934 1363 9081 6676 4134 9908 7575 4020 3894
49 9605 6587 8717 1538 7336 2825 5195 5410 3473 9428 4939 1834 7709 9244 8043 8994 8387
46 3203 3590 9644 5653 8291 485 2586 2589 9245 5008 8460 6616
343 7143 6810 1548 9884 2049 1071 3710 5802 7826 2510 4542 144 5670 5239
452 527 9839 8029 2624 4660 8711 4735 3361 5946 2403 1298 7944 1047 2564 8005 4974 4056 1554 2327 979
475 7291 5359 3588 4369 8061 891 1662 2317 2448 5237 8585 4014 8539 3823 5748 1383 1343 7153
407 1469 1048 8839 8732 3250 1277 5310 739 9182 4108 3515 250 5441 4219 9374 5862 540 7998
74 9207 5230 5264 9877 4760 8462 511 7943 2952 8982 7322 8134 6935 6106 9238 4091 2611 7088 7438
129 4705 2146 7696 1031 5533 4355 3276 2998 9642 8923 9790
228 1044 9646 8645 401 8462 5582 3874 8758 6217 7048 9619 7115 399 9036
47 5764 1601 9914 1840 4052 4508 9999 894 5469 4302 6285 7355 5880 3032 3877
19 7721 3932 7126 6110 6291 4253 7658 4909 4954 5443 4485 7830 6713 937 9871 9265 3936 9007
344 3670 9340 6057 2406 2917 8677 2734 2248 6739 1072 3666 4835 7709 7701 8856 5548 9533 5715 2
66 1075 1566 3982 935 2103 8139 6584 9893 6469 4771 9120 4722 6951 7346 2493 6668 2892 79
388 7894 786 9511 2362 7118 2488 5574 5628 5221 6214 7857
454 9616 1055 5870 5762 9861 5090 1280 2916 4577 5033 3177 6444 4214 5304
448 9030 5030 6515 2740 278 3082 158 4529 636 2951 2385 6831 5198 8396 9460 4624 6938 79
348 8754 9908 936 6073 8848 9678 8422 1271 9456 204 5824 430 9320 6625
355 882 7487 7751 7632 3429 5255 3681 9132 1459 8844 9660 7056 2860 6798 6865 1607 1216 5810
6 8130 8044 2555 5250 2460 8225 8917 9890 2813 8535 5216
495 5454 5254 7206 4684 4340 1009 2284 9175 9895 5363 5808 4981 4129 7866 3240 1774
417 1523 5157 4313 2358 9238 2164 9222 4825 5835 8503 6494 4575 2292 7001
364 34 51 3244 9533 2735 9772 7095 5812 4588 6730 3338 3122 9477 6053 8841 79 6938
339 7868 3797 1272 8988 7226 5244 7044 927 9108 8893 4207 4806 6285 2439 5507 2288 7949 79
294 7500 4385 1624 6826 2064 2186 8085 6549 6124 4656 1262 9116 9103 5500
456 81 2413 4670 8518 9459 2692 9224 6654 7856 3184 949 6646 9559 972 2679
374 5064 8319 2635 3737 3593 1464 603 5748 6203 2957 8274 7768 7665 9023
116 9470 686 476 9746 979 8068 1843 396 9979 3954 5595 1060 5027 5788 6075 8194 8145 5156 4306
57 3518 1241 7998 3322 3972 3884 3447 4022 7816 1058 4865 4523 5995 9688 1557 4020
104 758 6346 2206 5153 6112 4569 8140 2390 8434 7880 8221 2562 6211 2122 4081 7575 5661 3004 7709 7699
483 54 5995 8325 4807 5372 6975 3358 4167 5032 2783 8109 7942 8090 3376
278 18 5504 928 630 784 5880 9730 1252 3172 1202 7491 9038 6481 9654 2810 8781 6188 3758 4901 6054 8994 7652
377 80 5209 8084 6085 7355 6547 1683 1930 2878 5218 5617 6173 1000 3665 5270 9968 7545 2583 3784 838 6938 427
8 6693 7997 5834 5052 9671 865 7369 4702 4010 1195 7299 7048 4343 844 3202 9705
16 5060 695 9014 170 5196 1427 341 2947 8984 1845 7003 7183 6343 3077
124 1079 8951 238 5005 811 3652 2219 4990 179 6344 8171 1003 8255 9931 7652 2240
295 1192 8956 1739 1451 7353 4415 1661 608 6317 4397 5007 2273 2962 1328 3463 2707 5848 9197
264 3603 6984 1224 1146 9889 6326 1601 6180 8157 5366 2214 2315 8815 4174
114 4805 7087 930 4108 8618 5347 8167 8199 1571 7379 5239 8240 7103 8370 1358 4143 5053 9965 2767 6470 5340 6938
229 5185 9532 7574 5304 8505 1828 5748 5545 1388 2345 2108 8612 4517 8711 8134
401 9480 3128 2431 6388 2871 6104 924 9060 1207 4246 8910 6250 1334 4044 1979 2
305 420 2630 8583 9312 8054 4728 2687 5336 3833 3310 3060 5535 9922 3320 1123 6028 6044
349 3 3907 804 7124 7545 7177 6972 7752 5427 511 9630 7551 5799 132 9138 4311
238 4433 609 9071 4381 8227 6310 900 5367 7960 8070 3309 8507 7290 4358 8943 4299 1611 3044
399 6332 1734 3261 3774 9985 9250 2859 6382 951 3144 5225 4118 7742 4431 3727 2052 8644 427
231 5514 3702 6470 8687 8582 99 2699 3111 1778 3757 2726 6169 6684 7505 6398 4021 5307 2986
177 4232 7105 7137 7262 5526 6560 6486 1041 3621 4802 8526 2074 6579 7311 4932 4069 3163 79
5 4450 2604 514 3270 6126 5295 7899 8840 7693 5293 2521 2423 3928 2508 7771 1535 5064 5099 2240
287 3053 4117 1722 6661 332 209 3091 4393 6978 8542 1713 2882 7713 2424 6377 6458 8830
208 7071 3305 1343 4798 2827 9264 1590 9046 342 9062 2288 8091 2491 1327 4277 1319 5566 76 5507 9007
490 2927 3505 1424 7063 232 4048 7301 8475 1700 1456 1278 3074 1383 2978 2962 8716 1668
53 6021 5352 9019 334 1145 1959 5665 5203 3125 9524 3898 216 3720 2155
212 3789 8719 8515 4055 8907 8313 1037 8810 6451 1454 3007 6871 6797 9950 6313 5875 9887 4593 7884 3393 3894
236 5276 639 7643 4368 6624 2595 413 8863 9243 916 9124 5885 2773 331
217 6973 7302 5552 7961 6349 2350 8030 5272 4999 4561 9468 6755 1242 9313 625 813 527 2857 4326 8994
382 8859 7306 780 9812 1084 2610 3540 9900 1466 3301 3396 3232 5219 1934
472 3923 1793 5343 4809 9537 2810 1670 2444 2575 9423 8773 2331 3479 4591 552 8185 1256 867 6030 7438
308 63 6862 9530 9027 2537 1763 4760 1165 6921 9129 3111 7764 2288 7612 5748 6766 436 8690 8053 1238 6827
160 1179 7833 8805 8649 8552 3494 5929 5876 6765 7780 8635 5896 6790 4618 3811 2025 5517
109 3691 7924 6739 5928 7858 7187 8696 227 125 5252 7925 2271 1750 8252
4 8768 5466 4180 2097 148 376 5898 4853 2669 8363 9127 3452 1403 6470 6567 8293 1668 5962 5715
359 28 2708 9291 8451 4285 1149 3434 3278 1267 3832 9680 8594 1825 9327 2978 321
350 2001 6244 5682 6521 5322 8298 2072 1880 6251 7647 9334 5789 3978 8599 5054 7289 4907
201 874 7447 7570 2972 2539 8484 1473 9868 3812 6054 1963 2987 2992 5374 5143 7595 5401 1309 8345
96 7338 1351 6666 1770 1627 8795 1911 8817 3006 5349 8249 7297 9360 8696 7949
284 5172 8457 4385 5462 3965 2123 1608 9094 3527 1999 8014 6500 6926 7516 782 3970 8716 3103 6778
52 2747 6418 5773 889 7280 3052 9270 3254 7755 7699 847 8711 6794 704 6133 9324 1467 4748
258 6416 2453 5893 4824 1716 127 4273 6250 7522 6043 2775 2858 8130
443 2146 7919 8448 1501 5074 3489 8324 7370 1025 7000 2310 2890 1724 6355 2778
54 810 4953 7793 1882 9553 3439 6392 2698 1385 6376 1774 321
342 1522 3669 3079 2139 4690 1586 4551 5659 6020 5201 3837 5353 9308 8122 7576 5666 9197 7733 3936
235 3003 705 5154 9023 9475 1977 1181 297 1228 4634 2066 7092
191 1763 5558 8080 8023 6012 8921 5591 6704 9236
164 8050 2603 132 1987 4917 6721 9601 8862 3805 7073 3068 9533 7609 4531 6982 352
51 1335 4906 6038 2085 6538 7992 2327 4877 4140 7579 5699 8825 4065 3456 5248 6677 7253 1570
126 3208 3087 4976 6849 5560 1720 8123 5762 5817 5999 884 5531 1454 8105 7684 1149 1625
394 6576 8338 1064 5295 7585 6482 372 155 9261 3514 3581 7184 478 1902 5678 3584 233 2013 2121 3877 321
290 6516 4228 6431 8992 2923 857 1853 7731 9095 5762 3020
423 6628 1364 3565 7486 8569 7776 3161 4928 5857 5263 2693 622 5563 1943 9464 9461 5869
122 72 2345 1672 7170 9208 2877 5318 8674 5311 3902 2672 3326 6690
155 3072 6260 1752 4212 9418 2621 5320 9516 1697 9658 1517 8887 2707 9332 6404 5129 730 3751
385 41 4474 8700 4340 1961 7409 4977 2990 7629 7614 1648 291 5015 4699 1686 4362 1066 7762
465 8287 9422 6968 9366 5608 7565 9984 4572 2935 9281 8371 6777 7191 9545
181 842 7756 9668 8900 5779 7909 8026 393 720 1373 921 3741 2008 8842 3024 5502 7252 2288
383 933 9411 7087 3530 3677 675 3526 1156 3106 5269 7554 229 4759 7483 4106 8733 3320 5715 1956 9930
37 8977 6148 4260 6276 4565 611 3466 419 5530 4141 6759 3989 8145 1546
87 2464 8702 1479 3586 8564 8979 4080 671 2197 8804 3921 3016 5639 5825 4129 9795 6613 9968
214 1785 9977 6046 2883 6161 4401 8097 3764 9170 2159 5970 8846 138 9852
268 13 6487 5509 3081 7078 3092 2541 8651 1415 921 1569 9543 3579 2964 7023 6087 6877 2352 1931 9008
462 6549 9433 281 3243 4712 1287 4047 4434 9563 5003 2220 9129 1416 808 6702 4482 6623 7101 7880
291 2293 7954 5544 4703 9144 3886 9574 8117 8799 9114 1577 9565 7517 5775 5458 3836 4314
391 9815 4152 849 9721 2674 5972 1555 4000 6009 6508 394
430 1043 8388 8939 8794 3145 6427 8513 3835 1725 2268 3695 7623
253 4564 3083 8005 9408 6406 4696 3665 2151 3986 1819 9179 3255 9086 5668 5654 5322 7266
346 8358 5275 9212 1038 6358 560 9675 4359 798 741 2577 225 9979 3644 5390 4286 5880 5412
135 3888 7675 2323 2608 6640 5644 7786 8974 7506 7049 9793 2503 9497 8832 650 7153 5748 9007 2962
330 75 2911 5479 6537 4179 9585 2978 9903 965 3080 8835 6462 6792 1976 7261 1607 4967 1042 7120
39 6226 7110 1444 3428 6614 4527 5393 2855 7162 6298 5584 9674 4897 1763 3639 7787 239 1690 3784
440 1034 815 4475 2244 1252 9048 3219 3169 4982 4314 1232 133 4084 1986 691 7805 1524 5061 1942 7992 1799
362 7991 947 7055 7699 4104 1231 5961 259 5403 8353 5691 2963 6041 5997 7101 9244 5715
494 7983 8289 3045 1991 5626 8069 4198 4499 7618 2654 3275 6778 321
467 8784 3520 8787 4243 9421 6706 3084 6897 6280 8253 9218 3048 9986 2459 5583 1353 8908 745
170 10 3089 2486 6005 4071 3551 2571 2137 4862 9397 1481 2850 4526 2752 9374 9990 8816 8134 935
446 9842 7281 5257 6001 2445 9519 535 3623 5909 4915 9338 1191 1203 5922 9493 9086 1195 3830 2555
402 285 6735 1410 9172 7821 1412 7434 4764 5457 1477 9612 9841 6233 7188 6643 4901
404 5081 5345 4742 4900 9023 1919 8265 7028 4406 614 8539 1025 7664 9444 9160 2
281 3004 4941 5042 3014 7543 7472 5794 2335 2129 9975 4208 6772 991 9995 8414 2884 7568 8193 4035
82 69 4514 4106 1039 1407 3373 221 8660 2421 3028 6190 1321 3653 3944 1296 3432 3377
60 8439 2457 3860 7479 4649 320 9126 9510 1304 9206 9021 5848
323 6499 9676 8666 7883 3607 5978 2835 8143 1857 7725 264 4747 8614 7791 4901 412
251 88 6469 6800 7361 215 5111 9101 7507 1940 6157 2958 6883 2183 2430 6928 9971 3826 647 4824 5412 321
9 1154 7075 564 3006 5491 400 897 6674 2136 4740 1185 487 1346 5992 8366 3869 4660 3004 9453 3032 9007 2555
79 1807 6611 1 2673 247 7917 2166 79 6059 8285 5285 7160 9930 6884 6274 2900 1641 6258 2288 935
460 7099 8148 4958 3950 3772 9461 6348 3207 9389 7119 7352 2428 2905 687 528 8503 2264 935 79
88 1644 3662 123 1597 4594 5419 7232 3059 3726 2898 6074 738 9036 8495 6467 79
171 8414 2590 4132 8012 2966 6256 602 8101 1297 9871 2144 6990 5070 3383 9178
480 2978 9549 4199 3468 4272 868 6240 5801 5400 9453 101 6878 6513 562 1196 1868 8794 8062
489 7199 9837 8105 9085 626 7091 1399 3714 195 1935 3743 2910 8940 7074 1391 5902 7732 6613
182 4007 5867 6050 3229 8043 7861 4033 5132 2204 5029 8962 7558 3113 796 5840 852 6561 4487 7806 4156 2155 6538 4035 5715
486 9711 4504 4091 7203 3863 5743 8083 1848 518 8592 2408 4563 7310 1645 3157 1134 2962
120 8416 9065 9551 3114 2766 529 2443 4329 797 9086 3283 6477 6283 776 79
442 8969 6997 2290 1958 2339 4035 7963 9972 7213 3331 8359 1823 9148 8209 6028
347 3723 9876 7138 707 7903 6947 664 6917 3025 665 8372 1345
249 6465 7389 4364 8248 4497 6503 4193 4362 6414 1776 8618 2630 9706 3058 2382 6119 5094 1061 9940 3054 3304 4176
370 1066 8051 8307 7195 8571 2913 1152 5168 5953 9267 9722 9048 9270
267 699 2141 4972 6891 9764 5190 5063 8415 7106 4351 5571 3755 1133 560 3032 6584
392 9800 3904 8734 9558 5989 5251 7542 5496 6548 4650 1483 8646 4011 300 8345 3936 2240
481 96 2965 5947 625 2355 4549 4804 7477 7581 4546 2365 6732 333 7090 2462 8671 9139 5458 7736 2240
358 9609 864 9217 67 9001 5755 6363 3519 4391 7594 2375 5340
69 4737 4984 9186 5444 6518 3956 1841 9634 8729 4303 5493 1212 1923 352 8428 6611 5340
62 2773 1794 8843 323 3799 6915 5495 3232 5924 8346 5794 6727 1750 7250 7086 9955 2679 2595
72 1730 6688 8883 6616 2797 1772 8159 8511 8539 4012 5846 6890 3897 6957 8384 2 5677 79
336 6185 6224 4916 4664 4312 6065 7165 6617 1658 5750 4382 2670 7538 2601 5434 3582 7088 2983 1025 3074 3012
367 650 8170 3751 8018 2209 7270 8078 1636 6207 7707 9704 9690 6686 2407 4901 3326
360 1668 674 6413 9426 2761 2080 3154 3822 6712 9819 6551 8596 5281 9021 9755 3864 8512 8713 7219
59 8331 9933 1293 5589 7096 369 8368 3628 3610 5043 6716 8601 7179 9202 6901 7227 9198 6902 3377 6778 5762 2240 7762
261 53 3110 3214 1613 202 9174 9766 3525 4400 2543 7405 8093 2376 6786 649 3578 4241 1216 6054 979
134 3481 8243 2152 4386 7123 9693 510 9154 8740 8015 8174 4901 7652
230 26 6377 8975 6850 7120 949 6076 9139 3442 3634 9763 9712 5787 2563 6129 8345 9007
247 9412 5609 5316 1036 8678 3392 3251 3220 7719 7669 6700 4168 9921 2090 1742 3265 2114 116 9533
204 2005 2192 6610 1471 3323 2787 7611 8355 8079 4116 2458 311 9891 534 4582 208 5748
234 631 6681 7659 8952 2114 5587 9407 8706 8082 2252 1317 6650 5386 3809 6741 447 8092 8343 7949 5715
491 7820 9624 9114 5375 3818 5002 4619 558 4625 7568 1001 751 5121 4088 477 321
250 2458 1582 50 9490 848 7401 1166 6181
157 1937 1449 5639 1355 5822 3000 6331 3733 1618 196 2053 284 3926 2643
345 6743 2239 8336 4150 9216 3174 3934 5819 8226 5677 6323 8203 8869 1651 135
110 8715 8519 4645 1436 5141 8351 2192 4919 485 6468 1213 6650 8396 6985 1074 4885 600 5871 8794 4855 7429 3936 321
128 5655 1134 4720 6802 2652 6879 8559 1374 5645 2962 4532 4909 6645 2505 8811 2478 1850 1763 2666
148 1567 5502 7969 9285 8242 9652 5082 7906 9844 475 3727 3051 6527 2856 5967 3431
232 7455 9164 6880 7247 6067 7976 2874 224 7910 2795 4308 9086 5537 8227 9903 6101
202 4672 3042 9598 756 9323 3948 675 4527 7218 5593 7261 570 1380 6816 7939 3704 4045 8284
352 3675 3752 8445 6793 5556 1159 2649 4234 1281 1674 2583 7869 7086 5540 8005 3430 369 7179 5322 569
23 496 9125 4834 2451 6325 6608 9386 4558 9548 7604 335 8681 1707 4520 9241 3561 8985 745 199 6827 2
119 6659 6780 9997 5101 952 8756 238 4481 4424 2739 8111 3480 978 4454 5818 176 4967 7997 2533
335 239 8196 7358 9520 9432 3779 1515 8905 5842 3988 8006 4504 1140 7153 6827
211 4293 6627 4619 8284 5536 3435 4134 9331 1872 951 7759 899 9303 5490 9560 5383 8293 2962
185 4129 4070 6981 431 4875 5724 6639 6123 6403 4948 5304 3736 2189 5919 887 470 1393 1016 2171 8711 7762 3074 321
41 7737 9527 247 8814 4310 6237 6258 726 3249 4512 3627 3240 6070 1630 8076
277 2805 1631 7974 8471 309 1077 7550 6457 3111 1414 4156 9902 7621 9939 9848 8711 1668
244 662 5396 3233 8890 4912 5739 8611 4423 557 1314 8622 7366 1463 5744 7950 1341 7699
380 9464 9544 6381 5299 6758 4911 2466 743 7852 9328 6553 3666 2615 2340
246 1654 4442 2095 2492 1502 6483 9142 1689 3348 468 427 3894
310 2820 6767 4102 2319 5399 3757 6656 5438 6301 2401 541 5011 1496 244 5906 7448 6734 9805 9654 7899 6021 2240
351 6028 1370 6478 1442 4647 5804 9927 4574 1733 5235 2047 3477 2110
153 9305 4669 6019 417 2934 5020 9569 4888 7269 6452 1678 7153 9132 2030
397 6833 4054 330 898 1059 5980 3403 6484 7359 3499 8241 1434 6424 2071 3134 1251 4660 3877
18 3362 8514 601 5149 7372 6105 2128 3673 5782 6327 9968 6436 5383 4213 2742 7735 6931 2737 6324 4463 2480
316 3344 3609 7683 8523 6433 7054 5456 9444 935 819 4752 6287 3269 2979 1973 7697 3088
341 9990 6577 3051 3513 1540 9485 7268 2745 1603 6773 4013 7234 9453 7686 7005 6731 3101
324 895 9109 5973 7238 1265 7747 1750 1010 6916 1495 6410 3457 7083 9827 780 7154 2513 8431
395 8920 4057 948 3308 4726 7308 4332 8725 7192 4298 9396 3262
95 8403 8854 1092 788 4252 9107 9753 650 8759 7704 9085 3022 2236 3406 7982 9163
373 5113 5508 1686 8301 169 2984 3410 6529 3239 3109 3505 6326 4684 6178
327 7049 6015 4844 1040 300 9500 5981 8925 1679 1626 9935 1161 8462 6606 1962 8881 9440 3630 8910 475 569 8293 3936
390 3939 8453 5567 5797 9555 2866 1890 2679 3264 6139 6621 6147 5025 9937 8188 2630 9842 3602 1668
50 9535 4940 9358 9667 7530 4256 7597 5090 9259 2660 7837 4666 4399 1315
189 6334 5127 6193 1371 326 6447 7775 7680 4103 5516 8708 3541 9301 5507 7652
429 4857 3637 1332 3199 3694 5167 9176 9688 9816 1781 3073 3023 9547 4642 1546 6024 9629 5339 7285
195 9777 1395 4828 7258 5120 7867 3531 6720 6615 5703 3971 2904 911 4367 2340 935
25 6701 7744 3105 1282 3027 1408 1095 2542 2520 7416 3198 7411 4581
179 3781 8871 8340 3116 776 8763 5711 5504 350 3302 9436 4849 2464 6567 642 9621
29 5925 6438 3167 8522 2078 5969 4345 1768 255 9686 6370 8206 7871 5982 4317
301 1533 5661 9761 9310 2760 9273 9672 8910 5387 6892 2841 7466
498 3496 4843 2396 8912 2266 8556 1550 9364 3801 8880 2986 5369 1184 8624 6292 7102 4531 723 1182 1348 5260 8711 2240
412 6963 5086 9341 1805 7670 1454 7503 2413 4470 2928 5850 1305 8667 6731 7567 6861 3113 8406
64 3707 3277 3115 7142 3354 8586 4021 3267 8377 9587 1531 3217 9769 6262 368 3261 3877
137 6170 6084 2384 1641 8701 1219 7202 6677 9798 356 8150 1557 6811 423 9462 6385 5785 4297 7061 6772 2058 1731
328 7434 1311 3926 3782 7379 4648 9709 7975 5529 1723 8488 9294 4053 9968 7656 6543 4624 9848 6258
147 782 17 6602 6113 7040 1465 7682 577 5359 8299 1195 7498 9274 5523 9493 6753 7987 3468 6054
419 5631 8978 2278 703 3964 2260 8444 6074 6842 5246 2826 7030 449 1508 6544 6584 2480 8387
422 206 9057 1233 2557 3981 6698 4206 415 4340 3289 8972
44 6 633 1216 4029 7639 9388 833 8335 305 8382 147 6359 6509 4692 6044 4985
146 7698 6170 5156 7598 9722 2222 197 569 2028 789 8626 5338 6082 1676 9110
205 9391 7801 7839 1719 8613 9991 3097 9271 2891 4545 9651 7147 7902 776 3513 5341 5848
216 532 4161 2138 2822 914 2613 9534 3388 6262 2023 8266 4110 6044 7762 1668
270 6946 7852 9649 2968 2548 4924 3586 7712 4085 6314 1602
433 284 5417 8853 5259 4707 8185 6197 7559 6338 7566 2665 8305 5826 8005 4710 4855 6550 238 2121 4199
112 9 9144 7293 4750 6554 3961 4789 8496 6360 6770 7432 3600 7713 8400 9347 932 1301 1328 9013 1121 427 5715
285 9192 7627 3817 9316 5065 2168 6399 3493 8120 692 5123 7678
476 2611 6417 502 7239 1761 3968 6725 6581 8534 6482 8398 799 5948 9531 3089 6178 1956
289 9716 3747 3405 2844 6733 8786 5064 7957 5431 8612 1611 9843 9600 9353 5326 8015 5240 7604
218 860 1423 1950 168 4317 3395 907 9831 9187 8849 9593 9491 4700 2961 3603 159
245 9953 7444 8798 2318 8928 1138 7027 9864 5322 5769 6616 700 1151 1956
21 6400 8600 8202 5348 4706 6238 9917 3722 9859 4858 9759 8017 5853
175 9369 1917 8390 3839 7141 8092 3458 1539 7341 7941 3536 7758 1601 991 8632 8130 9181 5451 2699 3521 321 3012
406 7415 7482 3942 1248 1275 8375 7465 2162 20 4026 3126 3165 9777 2177 148 6613
17 420 9888 6860 4627 5048 6331 597 9912 6971 3951 9550 6534 3266 7018 2685 3371
449 1218 1398 5747 6281 2088 2060 6510 2714 7059 4947 2426 6815 110 2102 7845 8183 7351
168 4884 8440 7569 1710 524 6176 9115 5125 371 2437 9025 6858 4023 2274 3824 8858 7193 2986
293 2499 9751 7922 111 8215 1139 8438 3025 2789 3917 6441 6188 4015 2114 3543 2240
225 930 7736 2227 1831 9663 5465 9920 713 3404 2373 6822 5084 4629 3580 3877 4400 4664 2790 7153
297 5117 4192 9037 4559 6402 2767 6769 472 6827 5009 567 809 90 8133
468 7860 1237 6909 2028 7316 7679 296 1516 1338 7126 6746 3234 5780 8499 9416 690
196 83 5429 2109 7828 9896 7988 6125 9739 9167 3657 653 4325 5600 7053 780 2892
91 8425 5696 9787 4728 8604 2171 8110 1356 3802 4093 6398 1337 5756 6221 8127 2804 4987 3958 5446 4855
492 8125 7320 5150 7842 1366 7638 4787 4668 9405 9457 8637 7600 7741 2184 5187 1611 5921 732 3936
400 61 3074 8899 1587 1498 2954 7949 9481 4658 8111 5564 3120 7371 5439 7320 5776 5645 1177 896 5902 5880 1979
207 1204 6750 1174 4177 8946 4151 8654 2807 721 5107 8671 3716 1656 8121 1227 5053 5412
68 6062 4123 4230 9931 8386 4032 1274 186 3855 4763 5197 3226 5727 1079 75 5471
48 3814 7127 1122 8361 5180 2524 9273 9275 7325 4679 6109 4296 3891 5474 2617 1728 9580 9453 9244 8994
426 1117 9241 3680 8836 2857 5851 254 4060 8793 9518 4441 5378 2336 228 8176 3012 4035 8125
272 9640 2852 1369 8406 8183 2098 2109 3557 9200 1952 4753 155 1172 744 8721 1752 3376 9968
67 340 8530 7636 2559 6299 7147 6168 3935 9398 391 6428 9731 1534 7060 7437 3172 2923 1205
81 6699 7386 5492 7284 3409 5647 9989 655 3715 8484 5539 133 6187 5757 5133 3144 1642 3337 3509
203 3781 6155 2709 8848 2096 2333 4326 9133 7933 8268 4908 1561 1384 6723 2816 2615 6909 7575 6236 3103
215 896 2897 2167 7751 5096 7252 2982 1623 220 5977 1576 876 6144 5778 9380 8387 9837 7471 2956 761
113 8405 8824 7769 1852 8055 547 4477 7336 7519 1153 6854 5831 5548 5161 7458
139 4691 9044 444 6937 5266 1169 2972 5982 1632 3391 8279 3218 3216 2853 5748 9301
306 8350 8306 2591 6061 7426 7955 4762 4527 8816 1069 5204 4197 2640 221 544 88 8169 9968
165 7652 5864 7753 1417 645 60 5229 2618 6023 6881 2192 8125 427
469 6941 7001 4304 6945 3949 4556 1461 7698 1315 4560 7548 3081 8785 352 9191 6026
121 1749 1049 1176 8750 8154 9309 2314 6738 2425 3206 5092 3830 9533 2240
445 7965 4973 142 4128 6130 5625 8900 2150 6066 9147 1812 3599 8256 3723
98 6387 4342 7934 2494 6631 117 2736 8402 153 8828 876 7303 1982 8696 300 3012 2288
237 1276 1782 5322 3548 6893 8376 2058 2545 7546 941 5706 2529 2806 4520 4134 2340 9545
298 3207 7706 4929 7396 2833 9286 390 7568 503 2010 533 5371 4042 1160 9646 5412 2485 2986 2962
482 1190 8052 4166 1639 2519 1536 1936 5916 698 1669
256 2240 3380 3127 8998 5383 7534 2399 3331 3528 1708 735 9960 4136 4365 6342 6610 2643 6692
13 2 33 150 8175 102 8032 9215 1336 1927 3570 5339 5188 1029 3409 1904
282 7456 4501 9822 5097 145 1861 465 9661 8144 2598 4683 162 1996 4493 500 9933 6778 8134 2
484 2218 7602 5827 1822 3077 2873 6258 357 6558 1329 2737 4203 6724 8850 7117 8687 3259 9996 3883 9270 7949
409 9806 4614 260 7363 5193 8747 3895 7166 2121 4137 1117 4769 6374 240 4096 3463 3023 1464 7545
70 23 4793 7919 6200 724 2534 9862 9747 76 8008 1799 7713 7912 4150 6411 5103 369 6258
369 654 2633 5161 5903 1293 4880 8533 9465 9903 2226 5099 5175 7932 9437 268 1199 7107
248 9185 1504 493 2199 4028 6405 4439 8401 8022 3005 6218 7162 5575 7041 7933 3437 3547 3004 2240
459 4066 1806 4971 4578 5660 7951 5525 4345 3827 3165 6293 5543 2304 5426 3412 1050 8961 6061 1105 8220
184 8524 8021 1051 9031 2915 2626 714 4115 7045 8088 4183 7902 2940 4002 6021
312 2828 6776 2277 8173 6435 1238 5421 9047 6868 7037 5857 9948 4230 6547 2182
368 8095 3037 4501 9318 7862 6028 3940 3133 8317 4375 7048 5194 2
410 1263 106 4337 360 7243 4920 2150 870 3420 8821 1173 583 5700 551 4901 3936
140 2335 606 6401 7093 3719 1129 5083 812 6434 8129 572 230 5605 9311 5880 1750 4199
259 6014 4037 6018 8807 8959 8905 6036 4561 8216 287 410 9620 548
197 9947 5386 2279 7722 3596 7622 6375 478 2579 774 7181 8229 4452 454 8713 3836
43 199 4912 5511 3643 8600 8563 4101 2188 1537 4074 2455 2895 9640 8125
24 9317 2538 325 5534 8985 5207 4664 7085 3245 1874 6512 5302 1318 7931 3475 4730 7673 9461 1216
493 4787 6476 1014 7777 3955 4463 5267 3974 6253 1915 5554 3786 476 311
389 9545 2017 1817 3188 862 3166 9129 3563 8691 5069 1113 8912 7763 8937 2240 663 2414 1668
30 9248 3767 5601 8852 4576 9768 3612 9920 8409 4599 4815 1083 6467 2128
453 1121 3804 329 8812 5500 2908 5026 8953 3684 4352 6748 5856 1448 1755 3102 2936 2432 6680 7806 5437
161 2846 5124 3843 4284 2052 9351 4160 1660 9656 3791 8461 9146 7148 3268 6600 4241 7699 7413 7652
31 2896 6421 1528 45 591 2765 7710 5656 1110 2977 6829 5694 766 1860 9265 7699 259 2555 3936
262 439 4389 9865 7197 8566 757 8831 1288 7150 3760 4472 6292 9545
174 8223 702 1972 2418 6131 1598 5265 4893 6134 7652 5528 8343 6356 6409 953 6886 6819 2740 8910 3316 3936
411 4223 9225 9348 1004 5565 5687 4993 482 343 8155 6865 5949 707 6967 3642 4909 6534 7153 7949
198 8342 1756 7383 4925 5443 2753 4989 5689 4222 7870 7031 5746 9156 9045 1932 6482 7333 3882 8431 7296 2898 7153 7699
220 1775 3641 1864 4511 2117 219 4590 4144 8000 522 6365 8531 2120 5748 5762
152 7852 2344 6479 2369 8056 4901 213 2857 5578 1912 6905 5792 1815 5660 8658 1454 6977 6610 8043 4326 2962
85 4350 3661 6281 8470 4717 7364 8557 8819 7992 5453 7319 1757 5957 3785 1876
176 2231 7822 7473 7025 2638 7225 2889 5952 2360 5609 8162 9138 8487 2892 8994
338 767 3562 7663 6103 867 9886 643 2258 7646 2041 7348 2022 3363 2962
76 2554 4528 366 3841 8090 9034 9116 9720 191 9784 7720 9802 2731 7730 759 2 1956 7762
332 9090 3915 5788 7754 9697 4824 6177 4558 2343 8276 5684 5079 9387 9952 3509 2986 5715
200 6695 9290 3914 8433 4985 9378 5181 4639 3253 7185 2274 7020 6464 8573 7108 530 8730 5383 3753 2 9007
186 8898 8387 8464 5119 4808 7022 6327 1829 4547 5146 6632 1272 8332 2288
470 6869 1605 4557 6900 4734 2975 7984 8063 340 9482 1258 9940
123 7829 2627 7395 9069 6249 6117 5108 1476 1234 1638 3329 5144 7517 4909 6498 4526 4035 1348 5341
166 5901 5790 8288 8771 2584 8686 2375 2500 7378 9073 569 5054 358 782 5064
32 7365 8920 2661 6820 958 2480 351 2465 7890 8826 4567 5016 5527 6330 8812 7791 2121 2962
371 84 8990 6696 6116 950 3047 3241 3424 9588 6404 5945 669 1922 3046
118 3386 2062 1130 6261 3882 7960 8037 6837 2774 1574 3343 8151 226 4230 5484 9548 1028
194 9594 3763 737 1328 3009 8035 4886 579 7382 6222 2002 6428 9842 5920 2245 4294 8235 3074
317 7344 6888 9911 9474 5115 5994 875 9940 3560 8048 7927 3096 5821
167 55 1209 1340 8572 7209 3975 8494 8272 6081 1180 8512 7251 5368 3089 427 776 2904 4664 9265
142 4027 3538 5329 828 4112 1667 6672 7733 7728 7626 768 5761 1909 9723 4354 7062 1752 9075
439 2246 6838 6715 9137 2469 9494 4632 6756 4998 9840 3129 4286 9265 6899 2286
84 2616 9188 1907 8134 7888 4842 5385 1849 5213 177 6315 6146 5884 7904 7521 6537 765 9733 5340 2643 5715
131 5355 761 8548 9679 4361 2235 9359 2926 4688 4573 7013 3153 7057 7122 447 8994
319 1796 6086 9623 2422 7065 1103 9938 9809 1093 7844 134 4259 8454 3541 4766 2538 1174 321
471 5112 7981 4778 7684 7703 3858 7700 7134 4392 355 3685 1372 5772 9129
496 6895 6635 9430 6095 8119 4671 2657 8239 7748 1155 4624 2349 9542 4810 794 8105 3377 6613
326 130 3158 3742 8813 3835 8195 2392 6270 6017 5289 1718 7815 7732 4676 1883 5095 374 5821 2986 4909
463 6613 9233 8722 3274 583 4960 5003 1465 8406 8926 9756 523 1747 5725 2683 4766 6415 7949
97 9443 8982 7467 9826 8189 7449 1242 2126 6230 4224 961 3584 6538 5838 8387 3649 3340 5425 412 9007 2962
331 5085 3501 683 9313 7972 6608 7997 9507 8103 3132 1705 4276 484 4247
213 9918 4068 571 5342 3981 4236 5960 5072 3108 7265 1247 4301 8430 8647 2414 9533 8994
288 6389 1865 7456 1619 952 2178 3686 4815 1499 5772 9795 5908 4005 4373 968
450 5632 1788 3184 917 3784 9786 5597 3275 1914 293 755 6590 1390 9579 5290 4878 8125 3023 2962
403 3210 4220 9409 6465 1308 6827 9314 2752 2602 4610 7450 4462 1227 6010 7864 6667 7413 8673 6453
93 792 4334 7350 2242 6487 5941 2532 4225 6316 8208 3659 6082 2643 2
252 7006 2194 2673 3566 6592 2223 9942 6440 2536 8661 477 9664 7194 6136 2001 813 7053 6748 9139 321 2 3012
206 4534 2213 4651 8124 902 8135 7426 7993 1220 3894 3001 2265 302 8571 1506 7852
396 4965 1067 7456 1826 8486 5630 8309 6736 518 6638 6208 1144 9031 5881 1378 6001 5520 1391 1774
333 1873 5164 7135 4020 8121 5807 7266 1746 5826 376 6294 6824 6827 2370 3606 8769 7950 8309 7296
33 3008 4749 1835 94 5728 2865 5283 7206 9883 3328 4860 8633 6647 2014 6671 7669 8841 6054 3521 2966 3602 6030
415 7069 7746 9026 5103 3130 9187 2779 6163 2840 7290 361 1680 7445 4340 9404
183 2426 5390 2732 8792 2205 8065 1150 7692 6071 8597 3982 3426 9804 6167 545 4895 5458 6369 6692 9138 3507 2
318 1646 872 2480 3141 800 1971 4017 8118 824 9752 4252 8500 4686
10 193 3147 851 8114 8418 4091 2419 2029 7672 2802 8845 5538 8421 2382 4156 9224
413 3989 2101 8238 3871 652 7616 6537 7657 6961 7525 8232 9638 8656 6896 5028 7149 6564 3074 8495 30 2349
199 7952 6459 3189 1149 9337 2050 4879 9089 9755 5260 5871 2296 9239 9040 2463 7042 1712 8209 2109 1774 6613 5962
255 7519 8966 7521 8889 6184 1581 4390 2658 1706 8318 4544 7377
108 78 1832 3918 6823 5424 3459 5057
130 5785 2135 1705 3870 8911 9280 8332 2380 8134 4046 5911 719 2528 3241 6485 8478
376 1119 438 2207 5170 6840 1482 6453 3728 8259 7362 5902 4548 1296 1206 4892 613 9083 1794
418 200 3374 3080 3186 6460 9842 1810 732 8589 2059 3242 9974 8625 7454 6556 595 3468 6101
420 1529 5155 6380 8328 8349 4222 7038 2880 9744 8861 3061 4855
80 1615 6728 2377 3521 1435 1668 6306 4283 140 9032 1114 5932 375 9167 9007
132 8652 1773 8866 3850 6223 1740 9719 4099 385 3490 8827 918 8474 1176 5359 4765 6613
38 488 8071 7582 9951 6775 1710 9725 3984 8976 6309 3101 8528 1319 199 3944
92 5580 2438 6953 2356 783 6466 7749 4227 4170 4438 8397 9157 5429 5194 8134 2 7699 79
464 272 7533 1491 1546 5939 7374 5936 4506 201 9881 2439 313 1017 5867 4302 7949 259 9129
458 3827 496 6488 7628 5874 7164 2378 8731 5437 6357 9330 6465 955
125 43 8045 8587 9050 3352 8965 6021 463 8580 6504 7978 6408 8903 3010 4063 3543 1299 8293 79
136 2496 7537 5546 4687 3474 5460 7588 8439 7283 4216 8068 2817 353 1331
151 25 9102 1997 3152 6919 7606 5268 1941 9720 4245 3759 3347 446
26 3535 8183 1695 6187 5449 9171 689 7970 7733 1945 1986 9093 9311 6004 4468 5099 8068
366 7481 2729 5775 6768 2823 9581 4636 7340 8086 9626 3905 3564 1854 9279 7105 6060
14 44 7004 5740 9829 7228 8204 4579 3178 9383 5673 1651 7813 4476 9159 668 9205 7519 6712 4326
145 3508 7256 2269 3015 2165 9745 7708 5055 8498 9355 9254 9707 4119 1884 7057 4965 7413 3012
243 8555 1790 9795 6072 7459 3182 6470 7504 3011 3766 6703
365 4045 8997 989 8027 3155 7549 2196 8527 8062 1320 7133 7671 7259 3580 6833 3076 7037 5607 2121
117 1573 2523 1200 2948 8236 8308 1402 4138 5200 6487 2013 3163 7120 6021
384 4767 1710 6341 5654 5921 7849 1956 4346 3561 6603 1677 5135 3465 1993 6774 881 6829 4749 5505 9043 935
101 8180 7631 6807 8728 2527 5433 6083 9567 9234 3318 8618 5494 610 6231 9727
457 77 8896 316 5208 3962 1946 1813 1575 8950 8859 8947 1149
223 5080 9098 178 2576 1939 5880 6391 3740 3103 2306 6455 2185 781 2160 6511 6205 4437 5899 6044 7762
356 9070 2177 9499 8599 8367 9385 7615 9677 734 4882 7278 3883 8662 1125 5731 7784 4437 8614 2342 4314
158 7716 6100 2721 3943 7210 1377 7688 1066 3021 2842 2834 5297 9926 719 1460 9961 8838 8696 1668 79
466 2313 6578 5708 9135 727 1147 8967 7496 8113 2981 7360 3752 7264 4230 3074 7438
303 3651 9227 1375 8246 6795 7282 1479 1250 9400 6568 8263 4866 9608 9873
414 542 9710 5783 9771 8150 2439 8043 2994 1128 6655 6305 1682 6978 2678 7246 4362 5106 4801 3894 5412
36 4836 6373 1552 8297 843 8231 8098 9625 7610 3215 4994 7738 9854
271 8829 6454 9898 7921 4744 6092 5224 3582 1979 6189 6544 4353 9957 9782 4988 2134 3813 8053 7212 3354 2543 8491
144 480 8449 6282 832 846 1544 1409 2587
269 2228 5433 3557 7765 9874 4654 3711 6429 3720 5832 7649 5029 6351 8028 6404 876 3164 7429 3877
138 5621 3810 4271 8986 5344 479 2695 7287 6754
302 3631 3735 9255 3856 8137 1341 1073 8788 6272 710 9420 4728 9449 8713 8663
86 2299 3612 4367 1581 7893 1534 8092 5273 6825 5323 5331 2547 1515 4890 2706 7713 4289 9878
99 9818 5492 2518 7397 5685 9016 7885 2094 4524 8435 8550 1962 9197 8193 6613
436 3664 1132 9149 29 3638 1058 4554 9486 379 3119 8883 8655 2786 4232 8459 5386 1774
106 4299 5553 9723 543 9523 3303 4165 5323 5415 6165 8161 5045 1655
309 451 1105 6225 1495 8428 2533 6166 1588 519 1846 2193 3642 615 1758 1885 1086 9164
162 66 6022 7800 8685 6958 2537 9011 7324 8190 2085 8420 3784 2856 2422 33 5767 321 7652
311 2570 6889 2551 1188 9508 4059 9643 3604 7770
276 5768 4162 1081 3262 8529 5241 9765 3138 629 9916 4217 6536 3894 2555
455 3071 6045 6572 5512 5985 2000 2741 9139 1418 2183 1284 9169 5730
275 1585 8270 5767 4727 8138 3307 1291 2667 5885 2224 3624 6039 2288 321
83 5292 2549 9577 6765 7709 7601 2550 8991 1197 7854 1358 7435 1518 367 2077 1824 9139 3376 5962 321
485 4391 4399 7929 7157 8077 4330 3625 1992 9349 6505 5918 8198 9089 7266
75 1583 2456 113 2329 8746 6213 8888 1903 1045 2629 8245 4307 2907 5752 7055 9244
71 6234 352 9211 5784 5890 4249 1443 4679 4812 7787 6073 7136 5974 9575 9266 858 8270 2038 1174 6635 1668 9968
