500
365 2810 989 1352 9800 7239 1920 4326 1145 2107 2114 5678 5407 7732 3818 6787 5009 5923 5142 1720 8999 4151 4077 6020 6744 321 3885
474 412 4901 5979 9440 9901 4607 8087 2327 4714 4035 3936 6490 4093 2292 2820 504 212 5906 6650 5508 5255 4352 2342 75 4286
114 3507 5654 6608 1025 3936 3801 126 5269 4691 3330 7484 9235 7769 819 8582 2965 9386 4325 696 7290 2
493 2085 9565 3316 9354 5218 1550 9005 1411 4664 1548 299 9896 8307 6029 3955 7488 3921 4934 1090
210 9425 1020 8947 3830 4352 9806 9523 6537 2008 3312 4671 4240 8501 3410 316 3680 9225 5715 557 1668 9834 1625
99 901 9465 227 3023 9757 8174 5825 4546 6280 6105 956 1277 267 7312 518 6178 3017 884 9413 305 6187 9139 9007
280 7426 756 1741 8134 1850 234 6849 9219 1874 6706 2481 9161 4136 8364 3860 8092 8832 2288 4377
39 3673 9364 2016 9476 9359 5652 1622 7029 5899 3551 2714 4666 4910 6600 8060 9244 7153
467 3125 4234 8784 7770 2555 3446 7562 8890 7083 8469 1843 2390 9019 4232 8210 8293 8130
458 5660 638 6544 7670 5728 6724 6401 1271 8376 5845 9388 8994 5112 5512 4665 4708 2895 2444 6528
71 6196 205 921 7153 2863 2873 5474 2294 4596 4805 2677 6281 7547 7566 54 1162 4362 1989 1668 9406 3704 9852 7932
117 4326 2198 6643 5335 1134 9842 3576 937 6789 6516 2722 6210 6498 4776 3419 4554 6437 6139 8671
187 8396 4629 5904 4644 3865 6881 8803 2271 7023 475 8230 9411 1066 3152 17 9062 9025 8183 4170 6028 1668
6 3043 828 7120 1323 4966 4958 7029 2597 2322 3523 513 6404 5075 3304 7382 3002 2709 4893 6826 3427 6967 7842 9573 4340 7413
185 8375 7659 6428 3575 4970 7116 4110 5067 9021 1696 5813 5409 3074 2415 9660 4166 2399 2114 6415 1922
295 6296 5546 3186 7037 4057 1004 5848 1339 6518 7652 1695 1832 6565 421 2124 114 5327 9007 8134
120 3395 9107 1293 5860 6020 4529 6762 9244 8671 4522 2568 2755 6229 6035 1196 694 2825 2943 1583 9533 6060 7413
237 4134 5322 8428 4091 6698 1571 6492 2550 380 5379 6230 4835 9432 3086 1 5014 2491 8162 4588 9368 9965 1252
162 2074 1562 4507 1665 7698 6330 2707 66 3141 7800 139 9098 8821 9286 9628 7428 2589 2003 2962 7324 6428 523 4107 84 2555 5748
393 7874 3232 7013 1822 4717 2491 7373 4937 482 2926 8250 8314 1379 4854 2819 7495 9735 7088 1984
176 1611 9347 1212 603 2072 3313 6189 786 7342 1279 6572 5203 1638 9596 8896 8994
478 4222 8193 205 8723 9224 1721 7633 6825 4710 9176 6241 9825 7506 2960 3273 3779 3660 6966 1784
107 7012 2741 673 3958 4159 5459 9637 3254 5088 3290 136 4295 7630 1262 5456 9086 8199 791 818 5412 3894 6962 8269 8830 1299
321 3817 8891 9376 5839 5115 2571 1261 4743 9532 7248 3713 6251 7153 7949 2407
205 4626 2537 8686 9533 8931 8812 2155 5555 3835 3479 8252 8198 8920 3522 8613 3445 2935 3746 2404 8794 5418 4526 2983 6258 8125
64 3707 541 3428 1746 8848 9873 7217 3161 4836 9587 6827 8785 6906 3400 2986 8671 7902 6672
49 7852 5065 8043 9270 5330 7585 9422 7295 2330 1126 3627 5965 1833 9013
488 774 8881 7880 5052 6509 1569 3117 6170 646 4811 6358 4107 5997 3537 9216 5637 1429 8844 9049 5754 3796 79 398 5917 6101
452 4660 1571 9451 7759 7350 105 1878 2624 2767 2339 2985 353 8823 3560 5972 4127 9968 9595
136 5917 6608 3656 9487 1867 4107 389 3482 8759 1994 2196 8305 3593 7588 4901
382 6867 9374 8649 6218 1739 590 9809 1084 6170 4364 9403 2974 5013 6278 991 607 2537
104 1256 1252 9256 5797 6512 4193 9007 2782 1992 4808 9474 3158 2226 6211 7096 1080 4326 2590 8788 5471 238
465 5295 7997 1454 1979 4526 6100 9816 5962 4504 6354 6390 2791 8209 3098 1125 4281 150 7637 297 3066 3329 8591 7363 3325 7014 3074 780 4345 1984 183
311 1336 4971 2345 5014 5547 9470 8711 7500 4975 3999 7137 4510 3436 2522 7430 3640 6616 7204 7153
256 8248 8883 9007 6627 820 9385 6534 6920 759 3798 1956 6844 5507 9712 6418 9050 9852 5201 8811 4044 781 2102 2273 6385 7922 2387
249 2595 366 2569 7696 7751 9199 1734 964 7949 2058 2640 3672 7899 8190 8513 1998 7894 5371 8894 5962
429 9075 7521 9713 6692 9023 9199 8363 9129 5349 8809 5342 7572 3422 489 9448 2228 2304 3694 7032 3531 4199 3006 2986 6021 3758
435 7919 2128 2189 9540 4178 4309 1656 5400 8697 3754 7347 9784 35 3841 371 1025 105 7880
374 8671 7133 7202 7939 6049 7367 6348 3341 2970 9819 3737 6574 8355 6832 7937 7304 4786 6534 9244
81 188 4828 454 1740 6625 6537 6918 9238 3213 9296 6130 1317 6224 9683 5709 7368 4330 3602 7419 9645 3584
124 5245 3236 2326 5005 3914 7709 9500 5762 3774 1999 735 3626 6152 2687 9758 9463 1169 352 8134
499 4011 9395 5698 355 8698 1924 1252 8719 6195 642 1129 7504 7296 7352 1691 3271 8631 5833 9023 8130 88 4377
325 1091 137 4078 451 6671 1236 710 2959 2058 1199 3208 6715 7671 8534 4020 625
41 2340 3781 4958 4855 7314 6677 4286 1348 79 2570 4821 5186 9430 4211 2915 5643 6326 5715 8173 3693 7330 3339 8498 2209
351 3728 427 9758 1183 4765 3074 8310 8982 1805 3327 1052 6123 1503 9747 9070 5671 347 1780 7598 2240
52 8462 2589 8911 7023 439 7519 3052 6248 6547 8471 9237 8259 799 9183 2832 5778 2179 1176
432 7629 1476 4586 3637 2578 6996 1147 828 225 6938 7762 2350 6462 2867 27 3632 4913 6601 2288 4340
307 8135 3106 5234 3567 5773 5946 2240 2486 8928 7481 257 512 2279 4532 1984 1323 5977 7228 7653 165 9178 5520 3603 6014
297 726 207 3541 4077 9586 3985 9371 4559 6734 2749 806 333 7557 8722 6228 6161
462 6258 1736 7968 3104 7992 2526 9600 2847 6323 5408 2962 8148 5506 415 5882 5181 1000 6259 1681 8775
227 3753 4180 5912 3505 2794 1366 3375 752 6635 8922 8423 7560 4400 5491 3009 1979 1362 4991 5007 1797 2685 2555 2240
411 6292 4180 1367 6747 1941 5687 502 3543 5437 1685 3345 2244 929 8919 4415 6052 5157 1215 1962 3507 3895 7709 2288 450
186 1658 6170 2904 2465 9499 2343 7467 4651 8145 3494 7821 9327 1330 5119 751 742 6920 838 8941 6614 4547 4176 1149
396 5997 3665 3013 898 3702 3199 9252 7071 6731 1309 7288 5854 4788 510 1764 2349 1956 6692
211 2125 5872 7127 3827 205 5834 4080 8284 1529 9139 992 6699 6091 7458 3913 7296 2129 5489 8491 4909
5 3731 7902 238 3163 5429 5228 2745 690 4709 4086 6193 2760 8042 3363 5849 6766 3877 7361 2006 4441 9079 4978 4539 1552 2005 5322
92 5483 148 2232 9716 783 1933 4260 6482 2136 3553 5868 271 270 5649 6934 5287 7789 8860 3795 5609
341 1429 4670 9047 8938 583 8452 8360 1608 4832 1540 8118 8490 6312 6407 5954 538 3521
161 7289 7036 3552 4035 4487 7281 2844 1237 2365 235 3568 7597 3620 9577 2533 9545 3543 4765
123 1554 1149 6817 5885 2437 7833 2013 5607 847 5326 6415 6485 8762 6258 7461 7716 8212 8924 5298 986 1982 3982 2001 9982
47 1642 8539 6285 6222 7307 9664 5764 2805 8391 7408 6879 9937 7132 675 951 9270 2198
160 9731 5054 6734 8309 5962 33 6365 6838 503 6274 8604 2627 6504 2475 650 8010 1626 1123 2739 1500 9013 1429
345 9632 8651 1800 8888 7267 2951 7155 7110 6223 5973 2055 4188 5517 8505 9039 9573 9591 6681 8898 6817
159 1542 2760 4752 7146 4170 7976 303 9399 6658 9112 4686 1116 8771 1584 8858
490 5253 1962 3894 5386 437 977 1259 9236 5802 9030 4799 3074 8275 2288 5109 2732 9669 1298 6875 9038 5657 4502 2929 9023 9007 925
30 6534 9248 7822 7992 4858 4796 1705 2716 5918 7129 7915 1388 4143 7039 6101
481 838 5451 9518 2019 6748 496 6260 5095 307 1134 110 6468 6537 8027 2064 1552 9091 3642 1492 6019 9794 5947 1490 9944 104 4393 6534 6467 2240
131 675 2060 7874 4029 6112 4831 3941 3137 7654 5457 4688 1581 2564 7122 2373
272 5185 1912 6511 9878 2412 1123 7781 1668 6077 3006 1469 6459 7650 2361 3624 8912 8153
329 9050 3408 9129 4765 2064 405 5471 1533 1344 5564 1461 5793 8134 8671 1542 5217 3251 4012 3939 2277 2024 5065 2480 9852
492 7806 2480 4549 8742 6585 7538 1530 3288 8637 2138 7743
121 7950 2603 1476 3234 1535 8154 4285 8203 5270 1016 3521 7860 4219 8750 6732 8102 8065 9308 1923 9192 76 9720
150 2583 4362 8337 4669 5922 6744 4641 1624 4243 8495 979 4237 9303 3621 7241 4900 6461 6599 3936 9443 6855 4801 6029 9990 1534
182 1083 1831 4988 8484 4977 9711 2537 3006 6618 6145 490 100 8141 3959 1230 4542 8193 3964 4151 6584 5869 5412
381 3703 5659 5135 9367 1247 6476 4624 8093 4533 3564 7929 5699 1283 198 8830 523 5248 2555
231 8418 4343 3942 666 9943 8670 4873 2515 9530 9093 5824 193 3836 8722 2566 8551 4962 7285 2480 4901
336 374 7057 8512 4442 3864 8598 7316 1943 4340 4791 2790 4438 5415 4197 5750 547 2398 6538 2
262 155 6967 4035 9970 9775 8109 1153 3188 8358 3839 1950 9676 1154 5027 8514 8329 3885 1785 8466 4792 3633 7306 5307 4340 3543 6134 4326
69 5341 8343 5194 2209 794 9370 6141 9780 3195 8684 6140 3557 542 1631 4602 1182 9859 4949 8188 6547 7227 6467
79 2790 524 2417 3783 7881 6611 8810 2408 1903 1311 9075 5930 8819 1128 186 4691 79 7845 7429 8491 6101
287 6270 4214 332 7438 1534 9265 4558 3088 14 8239 2875 9109 6477 7677 1026 8639 6331 2552 6831 78 3976 6237 2079 265 4286 1763 7713
260 9930 2346 6458 3708 7276 6257 2184 7499 4697 8212 120 3894 1985 7331 3634 8400 6306 9424 6119 8088 3453 3537 5788 9834
207 7252 2978 4528 2768 3190 3003 4154 5632 8113 3757 3316 2290 4352 3716 7758 9353 8880 5896 9231 8121 9806 1050 3783 2986
217 84 3073 7630 7519 9615 6652 7285 374 5045 8210 4771 4613 1893 9067 8827 797 7370 8474 1539 9968
130 3714 5871 8663 3812 610 6616 3054 7160 3331 1961 5106 1231 7501 9833 4050 106 2704 9004 6061 7202
324 1731 863 6082 7607 9271 7008 3596 1587 7174 8462 2225 9331 5248 8401 8603 3668 8431 9007 1105 412 2643
31 3376 6421 9123 3830 7341 7610 8342 2560 4052 9881 9718 4877 462 4628 238 7710 3894 3513 7699
369 8209 311 2633 6327 546 2613 2946 7605 2605 2763 8626 213 5066 37 4985
20 5434 9885 2764 5211 2462 8498 8964 8951 4126 734 8374 2337 2596 2623 3877 2393 352 7438
457 1077 8614 3447 1710 3491 9803 6673 2223 9954 4488 9402 9687 6692 4381 3412 1134 3408
290 8920 8470 4893 5767 394 1471 912 7971 1319 182 4314 3255 7575 3705 9393 782 8979 7956 6121 4649 3499
356 9224 1858 4470 7517 7641 5721 7429 7858 2669 7746 4587 3194 8121 739 1673 5789 3376 2327 1042 7795 4314 3074
40 2422 5898 6683 5840 5658 928 761 3267 7904 9300 5340 8701 6873 6192 9169 9007 6433 9372 2904 8406 6170 9979 1117 979 8994
395 7321 1774 8188 9965 3163 5609 6044 7000 3024 5910 5086 8019 3555 7663 8057 7813 1892 7949 9835 3721 6737 1668 9443 9138 321
206 279 9138 1791 6139 7896 8838 6414 3431 411 3983 3323 4182 64 9768 8336 4095 935 6054 9374 9199
352 5572 9989 1401 6750 2158 6903 5029 8008 3314 1619 2551 3877 494 3163 5369 4741 8293 4403 5171 4421 5600 8601 943 6099 1642 9244 4804 7349 6270
43 3758 221 1281 6701 3543 4967 5006 9377 8824 3154 6603 4957 8023 9120 2460 7181 2973 4457 5049 9187 9615 7456 1105 6547
101 8223 3241 5177 8618 554 9301 9681 5861 385 4819 7771 571 8191 980 6344 3993 7414 200 9409 1524 5504 7285 412 1125
423 4311 1364 2773 7720 4957 9619 6301 7709 7448 2407 168 6 7569 4501 9305 8367 3053 4112 6725 7043 9301 3261 4689 6463 2752 7296
248 1091 8125 7234 4004 8696 813 4282 1987 4844 9199 8652 2739 3612 5501 640 7949 4278 5050 3334 1793 4368 941 2359 5880 1993
18 8105 9040 7204 9315 9545 3262 6675 467 4213 5064 4752 6905 2986 8344 4989 1810 3165 8703 967 3471 65 2121 5341
108 9349 8405 9602 7210 8125 3807 3045 7531 447 3193 704 4048 3342 7392 2708
431 4760 455 1606 5162 3149 2396 7024 953 8122 447 6134 6735 6294 7934 9514 7388 3586 1668
15 2182 220 8516 2865 8566 6478 6651 8659 3214 7344 1888 2804 2051 2194 8196 3920 8994 1731 5322
9 2349 9014 1175 647 8352 4843 3079 951 6941 1032 7556 5260 7409 3561 3732 5063 9535 4336 1202 4693 2030 8826 1734 8470 9453 6692
415 7545 3989 9218 7732 8030 4997 1971 5656 4397 2 319 8608 1927 856 8521 1180
87 2183 5307 8794 4007 6860 3916 8306 5373 4916 8658 2729 285 532 1107 1079 2394 8366 4789 7895 6196 6705 1058 9453 2555 9007 925
405 7755 7960 761 5053 4314 7085 1923 2660 6737 8140 4840 5064 9558 276 5692 9567 4851 2434 6687 3616 321 2951 6387 4606
491 7820 6236 8043 1354 7742 5780 6827 8644 6329 2240 6748 4770 7738 3635 4454 268 9698 6524 2490
189 1479 1534 5061 6438 4901 1864 2644 4795 3365 7668 8720 5127 4276 910 7575 418 7652 2349 3465 8017 7874 79 9842 1774
418 9211 4636 2962 2464 5257 8589 1003 2302 8636 7393 2598 5532 2984 2742 629 3612 1668 9600
25 8599 624 2299 9846 1343 6908 698 7406 3097 195 769 1431 2790 6078 7864
153 8495 5862 1273 9720 8491 9335 4624 780 8137 1678 9460 5041 7285 8278 1397 3241 7624 4860 1181 3260 4326 9709 1670 9483 1476 2240 9533
318 5831 2512 7199 5388 6570 2042 9378 9375 5336 7927
240 6359 4035 1071 5605 3841 5103 336 5254 3543 2639 7883 5219 6984 4481 715 2744 1160 777 7247 5042 9832 8171 8078 431 221 7296 7077 3376
17 6030 1504 2661 6989 7762 4474 5048 1609 7427 4859 1232 6243 5521 8068 4909 3163
184 133 9244 9031 3364 1496 2 2938 2340 4129 5838 4021 9311 499 5848 1478 1651 2088 802 3210 2998 7890 7407 5183 8301 1873 7049 5043 6021
62 468 7105 4170 6650 2155 6598 8889 837 214 5031 3676 7246 6162 9673 7906 5993 4624
147 5917 6351 7948 5748 9461 654 2968 6391 4258 3468 8798 771 5981 7153 1838 1743 663 2103 7134 8082 2976 6054 1956 2790 1117
115 2264 1670 2533 8257 5907 8793 574 3485 6465 8142 1531 578 4087 3638 2621 4579 3758 5582 6276 2954 9703 208 476 4901 9299 7429 9968
338 7200 6534 4362 917 3015 6576 1668 7742 8994 8502 1716 7009 3372 2074 8992 5364
358 6385 9968 2335 7296 3012 9217 4045 7223 4968 20 4329 6665 2572
63 8233 2001 9692 2740 1956 6541 3074 447 2898 3907 7301 5956 1455 7623 8510 9148 9293 5239 7179 6487
340 7610 5992 8612 5062 876 7977 7165 296 881 7864 76 7232 3884 5479 4230 7114 6185 2962 7180 8927 7285 2340
50 6374 9822 4898 79 8724 893 5429 9674 625 1234 2575 3108 1514 8778 7806 3409 4027 8174 1117 1524
416 843 2600 7356 6061 3728 521 5308 3675 5338 7824 2930 3512 2672 5263 1512 2155
72 4457 9709 7123 7713 3504 5451 8973 7135 9930 1408 1865 4551 1911 5300 5544 9807 7544 5204 4919 7178 3232 9129
286 4317 9185 7895 2699 8068 9080 8259 450 1238 2050 4257 598 1555 9266 659 4041 3671 1787 1299 2013
96 1050 9197 6424 6893 1191 1576 3469 8813 3586 2916 4215 1553 8590 3089 6044
438 4628 4108 9443 3476 1464 9594 8632 8842 6168 6964 5356 3473 7792 574 4463 2725 2963 3837 6853 9086 2983 447 3074
268 8218 9008 5294 1585 4886 8688 2446 9741 3110 9606 835 4985 6412 3894 8390 8674 8408 449 7919 5266 3602 5005 3630 8387 4531 8644 2962
320 6332 5921 4286 9261 1142 3684 9635 6853 2591 952 9302 2586 4123 6327 3549 2211 7980 5200 5744 6002 4912 3894
437 3160 5504 2986 7634 3222 8523 243 2773 1536 9645 7219 2648 2208 2346 4297 9613 9903 6315 8868 4728
333 56 3146 9908 7153 9493 5503 3831 1586 3176 3276 7012 5752 1061 2508 935 3360 7559 1207 6584 8763 1647
195 802 6554 1984 625 4385 9777 9414 6547 6015 145 7880 3269 7883 5401 8470 6674 2735 9868 9467 1662 5259 6606 9453 5196 4144 7782 5752 199 8711
273 4437 8062 4537 1295 5531 3936 5696 4099 2109 6620 880 7801 4096 4318 7498 9490 1496 4352
334 3752 7064 3012 9990 1353 6495 9688 8069 722 1855 1666 6216 1916 7616 4573 592 773 9858 2681 117 6584 5978 2233 5871 7713 7759 3758 8193 9465 1383 7968
327 937 9281 1195 5340 6187 6502 7369 8887 8119 5804 9244 8386 4307 7385 5074 5538 8176 356 1376 9145 8958 2187 4107 8910 1710
132 5239 6482 1299 9007 5129 7456 7949 1436 6022 7419 804 1907 8744 3293 3490 9534 9600 5934 4830 4960 1572
12 2288 3111 3936 7413 8981 2808 3211 9 241 6783 720 7916 6272 8495 1981
11 9723 5072 5494 7082 1267 1064 5006 1752 9936 979 2618 7366 1617 4220 543 4292 308 6920 6978 5307 3376
212 4134 3456 6295 5418 1904 8287 9096 6408 4778 2 1255 6758 4908 3777 5856 6778 5366 6871 3383 4106 259
364 2979 8325 790 8708 1353 1042 9292 7001 6993 5359 3998 7790 2186 6212 7055 6157 9872 1747 5561 7354 9892 4346 2 979 9160 780
389 9545 5053 79 7936 5770 1789 7425 5554 9366 5220 1113 1595 2809 8086 2626 1607 8711 8284
253 867 1625 7756 2698 3053 5413 6011 3588 5818 3377 6059 9275 3083 2663 311 1945 6796 7480 6764 5156 8134 7883
308 1339 2910 7599 1670 676 7762 2736 5358 3111 9898 8677 3103 345 6187 4385 7192 2449 1966 1432 7153 260 5083 7507
475 2979 9056 7179 420 9618 69 3285 9198 5237 891 6694 5023 4843 468 2317 6146 1421 7709
441 6899 647 1220 7570 9347 7253 3144 2320 88 6778 3845 8751 6021 5761 8902 6036 2422 4062 8007 3842 9248 7949 9777 8685
16 1216 5104 5525 9442 9991 133 6530 5548 9014 2807 9990 5629 6186 7825 5968 7966 1704 2685 3885 1496 5848
455 2414 176 8722 4974 6880 3093 379 4063 3538 3662 7188 7767 2474 4780 3189 8444 2555 6380 6588 8431 6070 9940 7751 7698 4679
288 7240 3509 3584 8671 7413 6001 1117 4973 8491 9349 9124 8712 1105 4399 4797 5153 716 6952 7451 1224 5704 2031 358 6386 4562 7126 952 2240 7438 2264
80 865 2437 6054 770 7141 349 981 5117 3215 3069 4687 3852 435 4619 1435 5635 5277 7796 3885 3077 1299
95 3783 5752 6101 1106 5855 1213 8773 8175 567 2472 9177 9549 8202 9537 3561 3425 6635 7762 3261
91 2322 2239 9496 829 2676 352 6675 4786 4234 9428 9152 3465 4437 5547 9750 7579 3539 3609 8205 8110 7530 7833 7630 6961 8277 4290 2810 8498
294 6306 3981 5962 6267 4464 692 1172 5667 1582 6540 4696
392 7266 250 5880 5383 8061 9034 5647 2429 2731 4199 1194 1005 6235 2258 7087 131 5072 7055 6537 3728
380 5122 9522 4367 2112 6186 3153 876 2599 3027 712 7962 5299 2469 8370 2087 4728 843 5715
304 6635 2943 8958 7290 1287 1623 7815 9616 2555 5880 6938 7049 847 2167 2368 768 5470 9706 2251 5939 732 6469 79 5248 8345
403 5412 2128 9139 7413 6560 1807 5507 4526 985 8747 3566 2149 2085 8976 3282 6644 627 6167 1252 6324 7013 7949
406 3757 6486 141 4081 9607 6954 3700 9208 8254 9728 6351 1176 8289 2988 7482 4140 8715 4920 4176 3316
102 7434 3869 3207 1905 1610 8300 6034 1017 8117 8653 1428 6410 486 9857 8091 949 259
129 545 7240 7669 873 2062 9362 8635 9955 2638 9694 328 423 7021 4963 6938 7053 2 9842
265 7044 5457 9704 3723 6458 369 5214 9325 4308 1644 4300 4100 4577 1957 4680 7533 6094 5209 8851 6239 2847 1956 3006
84 1524 5385 557 4842 6619 1929 1574 7259 2753 3579 2961 4703 5017 41 62 3352 2555 321
53 3932 6986 6802 8581 8700 9787 7178 9044 6134 7563 813 997 4343 9650 2657 2734 6642 7883 3599 3986 3113
105 321 6201 3102 2643 3077 2721 72 5816 8243 1829 324 9624 684 755 1204 652 6287 3116 569 9841 7164 3936 450 7240 7732
61 2900 2554 7320 8605 3305 4407 7040 1185 183 1264 5445 1393 9643 364 5056 6818 5158 5869 7240 7762 935
213 9533 4068 8794 8681 1784 4995 2866 3376 7779 9369 3265 2002 9848 7332 2975 1383 8650 2517 6202 1668 8634 2414 5848
422 9013 7285 131 1845 6928 8852 2483 7780 3380 8668 51 6583 7748 3763 766 2440 3821 2527 3541
347 3184 3651 3395 9623 5887 5216 1058 6842 8538 2192 8871 9090 3840 8952 6944 6977 3735 153 1396 9265 4011 5748 6281
479 3240 7791 8528 6451 6635 3128 4834 6656 7754 190 8855 2595 177 2962 4849 1616 6878 2548 7535 427 1289 979
223 6303 8837 674 7244 3391 388 6269 1253 9299 4419 8678 6044 875 740 9585 6153
122 6413 238 6669 8552 2318 244 4633 3454 8480 8095 9200 8961 7558 94 4386 5435 6209 7820
215 860 2897 8816 5966 7 3320 4815 2269 5179 1055 3888 4646 658 5233 8965 251
419 1871 269 9027 2109 3631 463 3238 8486 6999 2634 6404 1694 5836 548 8765 8975 3099 8085 5890 8854 4901
428 1846 1510 4661 9652 4720 6305 1980 8116 9543 9939 6122 5199 3151 4871 1398 8324 633 6460 4199
251 7486 3022 8293 8574 9323 834 477 5674 7156 9264 1955 7996 5011 5985 7689 1588 3155 5445 6611
300 2668 4402 6327 183 9260 6899 6798 8586 3752 4382 108 5514 7275 2283 2332 4782 8643 4512 4377 8776
21 6464 9463 3326 5509 4104 1613 4501 960 8748 1343 1299 5166 1826 755 9667 6582 9254 8922 8362 7920 7617 4816 170 936 2761 1134 3004
459 8387 425 2 1780 6101 8925 4527 6547 3386 1806 4888 8406 135 9735 6425 9932 1459 6997 7321 7745 5827 9354 3547 1602 8910 838 4172 4341
225 5033 2058 9848 3820 6198 4719 9609 9876 1866 5152 7981 5560 5705 6528 8116 1349 3041 7517 4664 2240 7699
208 8685 6071 6398 4277 5172 2806 1423 8332 4804 6622 3089 6234 4223 4757 2717 1528 4571 1458 8921 2574 5962
7 8040 6101 9205 6460 6311 5026 6067 2014 3263 1877 5950 4556 7136 6346 3856 5612 9168 5628 1353 927 1496 7861 321 2288
298 3303 7795 8251 7725 3023 2674 8302 3775 9906 8253 9280 8489 5340 2063 5576 5412 7413 8406
230 4561 340 5962 5933 6300 8630 4413 3437 8655 3926 6662 2679 9304 5781 1823 7224 5401 2643 2962
359 7732 4442 7699 5783 7293 7060 6615 6021 9438 9374 3977 8025 4951 2701 776 6505 5843 52 3281 9968 8711 6986 9903
135 8146 1555 5069 1075 4566 9717 1263 7703 8840 1368 36 5572 4955 6233 7153 76 6669 340 8387 4527 7880
178 9290 1110 838 1248 7095 9691 3129 9908 2699 3113 2150 2078 5360 5594 589 3574 6542 1365 513 3376
168 560 2818 5288 1986 6251 6254 3146 6388 7699 4707 5880 5801 6456 4950 4147 206 1645 5449 973 2769 9137 8053 427 5122
103 2630 1289 1391 8081 8949 58 1781 4462 8005 5894 3584 7234 765 1353 5432 2345 4986 8491 6895 3810 8246 8616 3092 1305 444 6359 1383
226 177 9852 2146 210 4199 8331 1401 6975 7686 6150 2034 2329 4940 4095 9355 2033 7050 6534 5607 712 6750 7997 9933
97 5212 2321 4985 2892 7615 4429 487 2424 4798 2685 925 2101 7235 1964 900 9930 1772 215 3655 3741 8447 6980 7296 3700 2760 6584
26 925 1633 246 6360 8130 4420 7643 9710 6364 7025 2923 2707 5303 2920 9232 8051 6151 5211 2659 3905
236 8716 3513 7099 5755 9742 450 3278 2192 1667 4869 1053 5683 9988 452 7649 6522 6327
24 7459 9640 7240 2651 8130 3493 1775 8622 9838 8897 1117 1361 8431 2812 7524 1409 9625 1443 79 4843
258 4378 7922 2962 9023 5351 2047 9063 6289 5077 6926 4209 5490 7741 1226 8994 6863 438 427
473 3545 670 1009 6161 5534 5826 5713 4047 4433 4198 2323 7055 9992 9284 3385 9661 3792 1495 9685 4809 6281 1900 5286 1117
375 7868 3704 1327 3012 843 1625 4145 7972 7596 5089 2136 1605 958 1830 8197 6803 9397 9775 8994
109 9013 9219 8687 2871 3374 3699 5406 233 79 6025 2215 2199 5207 7709 1014 8045 4552 5248 2892 7762
494 8116 1719 5433 7652 2670 6437 7949 2409 3751 5785 8248 2017 9245 7238 6494 229 4008 1600 9398 790 2128 321 9139
134 2565 5365 4497 6427 2123 4730 7978 6883 6134 8068 9387 6801 9622 9426 5484 7793 7105 6514 477 6547 6454
2 7 5445 3963 3012 4884 9224 6898 5258 3043 4332 6200 8772 8011 6489 338 3891 5095
368 7162 1534 9160 8503 6705 295 5384 2262 1835 4148 5787 7413 2969 839 2427 8348 5353 7646 6258 199 9224 745
454 719 9137 6073 8994 6099 7310 2366 5986 9926 661 8804 4376 1954 5885 9800 3231 9470 5677
385 139 3111 4060 1702 9892 7929 896 3072 6141 9583 2962 6362 8338 5928 1674 3997 8249 3461 9977 9464 7005 7869 7517
35 552 738 3233 7883 6163 2835 3751 19 6561 9000 3823 4412 5008 9506 3937 90 8145
140 5748 2876 8722 2038 1757 7961 7313 2924 4303 5877 2654 7510 442
173 7759 9979 3020 9933 4913 5251 9259 1192 9731 9834 123 255 9065 9268 81 9405 1715 79 4956 2628 4906 1058 4820 1515 4985 2962 7709
254 2485 782 5662 4079 9191 2264 7807 5224 836 281 3414 605 5941 7715 6457 632 5304 9804 3377 412 2533
125 695 5502 1583 3474 6960 4944 606 3460 6313 8172 4915 1035 8587 1152 4639 9028 4159 4783 7699 5445
421 3061 3795 7049 6417 732 7383 7389 427 6332 4647 2451 2803 7357 1914 4259 5958 4528 4108
141 5386 1387 3743 7101 8054 933 767 8515 2391 7120 8012 5715 5267 6947 6483 9016 8947 5946 719 9990
78 4463 4494 8130 7004 3316 1086 4010 7678 5070 6285 7182 4388 8158 5641 4904 8251 9008 9244 4855 5219 838 2986
56 5520 4340 2413 6336 2113 4216 7549 8862 9153 61 5054 2635 8033 1652 7614 2314 4199 7485 8931 3758 9197
44 6258 4959 8499 2933 3900 1045 2685 2379 4435 2497 2724 1280 6374 79
284 1216 4345 6851 2577 6526 101 6270 4043 6736 2668 4929 6633 309 4948 6447 8732 7074 1986 3470 7727 9842
275 9374 4354 4941 5772 8212 2653 5996 116 2666 9995 2305 469 514 7323 9285 5002 2246 7162 9287 2667 1882 2264 221 1534 6538
276 367 7007 3758 9139 8022 3830 2000 8969 6133 2936 7379 5402 8049 7065 4448 1754 9265 5727 4692 4597 8651 5198
480 2003 6538 8140 2150 946 9182 789 8387 3156 1590 4500 3548 2242 6054 6180 2155 4530 8005 4056 5446 7266 7852 2555 4531 4035
29 9649 2842 5925 7749 4071 601 2005 1601 2234 3286 7413 6973 1958 9705 4256 6707 8543 7216 4730 9476 3207
68 7949 2422 5145 4054 699 1750 8736 9912 7697 2097 2607 7237 3291 7632 8004 1250 4409 8169 8062
83 4558 477 6875 9548 4418 4168 8854 3885 7435 9391 367 2077 9188 6920 7333 8829 3722 3008 6946 7808 6709 7730 2643 7097
179 4948 4069 1898 8989 412 5241 7765 3813 2240 167 1360 8026 6258 3534 8801 2443 2871 4660 8258 9301
310 6550 3051 5230 4763 3309 5920 2249 2611 2340 2834 9144 4519 5428 5094 3398 6980 7762 1580 6584 9968
394 5775 478 7267 9697 1370 9317 8880 2452 9840 43 4423 9468 7797 8542 8126 1508 2768 155
38 8220 2608 872 9404 9608 6089 7993 8406 8666 1275 6700 1468 995 8557
472 8832 6833 842 9073 6532 6453 3586 950 3581 3540 3379 5901 9921 5724 526 8260 4242 2680 6030 4990 7294 9270 4004 1868 6545 4129 8157 9244 8387
263 4870 3653 8831 1737 2797 523 5862 9301 8554 6092 9197 1365 3846 3021 8508 6341 4490 5059 9363 9993
257 8055 9947 3012 8049 707 6584 1242 264 9997 8134 4511 5677 908 7575 9781 9057 879 6135 9923 6474 9970
414 352 8125 5038 776 6057 8157 4414 1118 2248 5913 6000 4534 3322 9848 5250 1319 6799 1817 5619 1546 7429 9301
45 9510 9579 5738 4622 476 2413 1293 2158 7077 8761 9139 1766 9557 8050 7805 1440 978 2 5390 7641 935 9834
328 2898 9337 6084 7752 3935 7975 9848 6543 1314 4988 5734 8263 9968 4648 4762 2420 8996 4931 670 9073 6258 7652
303 6949 2962 7183 8863 7762 6889 4866 7845 7108 2121 3877 5953 1337 5478 6085 6325 5345 8083 1299 9457 5389 8487 753
335 7683 7938 3174 4264 8150 6623 3871 8269 559 6897 8746 9290 1324 9151 3491 7358 5431 6778 8722
464 8618 5044 4210 7848 854 788 7736 38 9193 4506 8717 8654
204 8907 9120 7167 6869 1282 9172 9722 8056 4739 2958 1358 3381 3178 8431 5280 4626 9384 8558 1466 7849 2104 4786 5775 6130 8193 8910
75 9521 4728 2892 1552 1956 465 5777 5589 5468 4249 9636 1389 9215 5101 2456 2893 1596 3338 291 3641 2613 3982 4985 1058
323 1638 8856 3607 9533 9187 5270 3308 5355 3092 3661 8524 4051 3415 8795 8247 2486 4953 3404 3371 9031 784 5111 6631 2630 9199
451 2513 8017 2349 259 5948 5141 9598 1523 8396 7090 3905 8097 7880 602 6628 9466 6983 9342 8018 4897 3914 3032 7153
477 6063 3371 2643 6613 518 5446 5897 34 6205 2010 2545 5702 7472 1328 5969 8416 7118 7365 1419 4084 1557 1670 3894 4034 5003 8392 745 1353 979
445 1981 7336 259 2630 7526 8618 1876 3623 7652 8685 7187 1427 3822 5625 9788 8731 4353 1668 3240
239 9192 6672 3352 8036 2240 2962 3981 9578 6471 9415 3500 1603 1591 9012 7206 9659 2175 3830
468 5668 9831 1301 3897 5334 5444 7447 2615 7656 4132 9212 7062 7022 9948 6465 3830
447 7864 5097 7142 9003 5710 1749 987 427 535 7537 4610 6434 2355 4583 6413 5108 5430 5322 7 9162 1041 6249 8297 183 6827 7880
384 310 2643 3926 6774 1627 4391 1788 7503 1130 6753 935 9889 3298 1299 3996 5921 1571 7481 6526 3936 2013
174 4928 4311 8450 9843 172 1095 5318 5362 4946 2036 2207 4326 9730 1195 1092 8264 3606 4609 6011 4527 6134
342 3229 1931 3089 5666 8136 6621 1567 1522 3984 2904 6226 1560 4690 5553 7722 7576 5976 2453
60 7569 3275 2858 7541 5247 2615 7508 2206 600 9233 9110 1294 9818 1434 4746 7213 6726 5848 259
170 9669 3032 8031 1169 7329 6986 7486 5862 3012 8272 7893 3710 8660 1453 2850 6337 2816 6662 4909 1042 4311
469 3225 8910 286 3081 8270 2164 4813 3755 202 5593 8968 6865 1093 5375 8867 3192 6502 1774 7438 1557
228 8787 1579 441 8934 4224 2144 8429 6539 8279 2990 8756 7063 4024 4349 3264 4191 591 7904 3164 6613
332 8342 5775 2147 3814 7086 2155 1763 2683 8518 7921 5107 8559 1808 5261 2889 7883 5762
112 8498 2870 7997 1615 3889 1581 519 7811 4807 3111 1722 4304 5608 5275 293 6349 9842 5234 6538 8387 3023 4352 2704
70 8195 1790 9032 8235 4254 5688 2111 5690 9862 2146 9340 4074 3953 1437 5745
82 6216 4801 4326 8634 5492 3520 5307 3842 8125 9746 3495 5169 2148 6396 5601 1925 6664 525
398 6922 1657 3533 3837 8221 8150 9332 2260 6197 6054 6617 9964 5638 8481 6213 7997 7581 3525 321 6219 3457 630 6492
360 6153 8918 6469 321 3047 4728 815 8812 1901 2096 9679 8914 9938 7434 6510 9223 5803 3994 6360 1248 2615
322 1918 4377 5182 4828 8488 6547 753 9526 2099 9968 9765 8459 8767 4846 1345 7 2175
158 2155 4377 4423 7210 7992 8212 3675 2929 1538 9045 9961 8696 246 5466 7775 8071 8298 4013 6045 5581 915 1395 637 9207 4494 2643 5880 3012
471 5112 8756 7509 8268 1019 3883 8986 5156 5716 474 3077 5307 8193 7681 2288 6376 9051 2173 5347 580 4852 5888 7852 485 6712 8387 3982 8212
489 3113 3537 9755 6613 6968 5596 2962 6190 5869 1896 655 8464 2231 753 8597 8879 2310 6424 4529 8130 843 1668
51 1628 321 3836 4907 847 2489 3819 6827 4491 2382 3409 5732 671 9191 3034 1315 3388 3854 2457 9027 7123 4561
214 3158 6082 8571 648 685 9036 26 3518 6933 8573 3115 7611 7907 1482 7699 8920 5097 1121 7762
100 1948 3049 7829 287 9341 4160 2212 7550 8706 737 6746 6075 7679 9887 9282 3744 7379 4399
116 4350 1043 5788 5156 857 686 5980 678 4501 7561 1444 3572 3501 138 7870 8645 5167 9289 135
427 3113 2666 9861 5743 211 7154 2907 6310 1405 1655 3163 8079 4480 8291 1707 259 1083 3602 9129
412 1348 5445 6778 7856 5719 5348 6931 8234 6978 5695 7511 1256 3533 8792 3166 4625 577 8463 8064 2166 4886 9688 1934 5677
391 3285 6129 6967 1179 6659 3061 8406 1559 849 1517 4754 7875 677 6986
313 6021 8185 6613 709 238 6155 541 3261 2892 2939 9798 9805 4855 1572 1984 3096 203 1632 1665 3982 657 4536 8483 4071 9440 188
277 3144 6369 2856 3521 1345 9533 6326 889 2818 3114 4245 39 6949 6379 4921 581 331 1187 1190 6550 9337 7474 2583 4901
233 4199 4027 2175 7970 639 2673 6406 7574 9527 5680 342 4195 808 4482 5533 9947 6404 427 8711
146 7513 6800 5396 5194 427 1950 7153 1138 6902 6441 1818 8225 8835 8816 3936 3316
241 9086 9545 3383 4199 9733 6144 5064 7131 5989 1521 6937 7639 6935 6282 9119 7974 6521 3526 9823 5702 443 3320 5307
319 1238 979 200 1157 3320 3362 9159 6604 5090 2407 4226 517 5096 1640 8781 6086 6141 149 5272 1637 1292 5451 9199 4079 935 2121 6827 3074
218 6588 1066 7198 6671 8733 5082 1978 7413 9194 2643 2996 3756 7397 4901 8741 4443 3082 4652 843 5408 2128 3584 79
111 30 9982 4705 1969 9920 8062 8176 925 1335 8859 6840 5180 6809 4040 3016 3336 667 4935 1470 9580 5029 5397 6785 7438 4985
198 3377 7899 3203 4156 1125 2168 5178 7400 6843 399 8644 2544 1197 7819 2152 8905 1756 4177 3509 3144 8866 397 7740 9968
113 2444 3610 9621 3227 9511 9761 4396 1289 1111 4326 2433 4315 6026 4734
180 952 3032 5339 7179 6639 4520 650 2986 8702 9684 4037 4824 2994 6938 4439 2982 3535 8419 1034 1661 278 3772 9659 5097 7517 2007 8780 3373 8332 7709 5446
139 652 9688 9293 4787 9671 5737 6262 6491 6861 2972 8609 9097 7120 1828 817 1968 6894 3749 239
456 9573 5748 5500 8345 5198 668 1117 6653 2516 4150 9707 1489 3318 4818 778 1598 7053 8749 7124 3012 1085 4824
306 1287 6672 1380 4212 199 1218 8333 1647 5522 9772 976 2065 2274 2892 5296 9714 6318 2 8116 2288 5677
57 5677 4539 5043 7998 259 1241 5458 7473 3901 2252 1390 8143 1480 7543 2740 6452 2106 850 5326 148
192 1515 9025 732 6028 1779 8104 3429 3657 6499 5437 2117 1342 8511 404 1875 5374 1467 6484 4784 8227 745
259 5003 6913 8743 792 8807 935 8959 2986 2962 9408 400 5040 454 2645 8796 3103 8487 4853 8216 9795 1979 5507 4340
362 7736 6630 7984 7438 6695 5143 2890 8373 758 2027 5350 3427 1724 7791 3764 6741 947 9584 7320 524 9968 2052 5340
409 116 4020 6631 6621 5762 2647 273 9101 5708 6429 23 7117 983 5990 7166 7433 2403 4717 3783 7001 935
463 1227 2247 523 3007 2542 8139 8151 9392 2120 6231 5569 1028 8218 1885 6821 8907 2617 2792 647 1668 1534
383 7349 372 1079 3119 1149 6479 8878 7041 6166 1134 3562 7883 3316 2519 7455 1442 8512 809 3805 3079 7700 5462 9160 148 2555 8994
261 949 8600 745 9444 1181 5442 53 6116 1880 5864 7298 9924 1725 3106 6020 6635
238 7068 456 8874 1762 8578 1132 9295 4192 713 3145 8709 904 6602 483 2531 3243 3268
344 8896 218 3603 5676 9764 8350 7193 7979 9348 2682 8672 3348 8037 3122 9533 6916 497 2301 8671
436 108 2175 8894 1566 219 3726 2100 2925 163 6221 2205 5617 7817 897 6074 725
366 538 4647 8124 5526 7197 6176 9431 812 8421 3677 1564 4764 7042 2340 9797 8702 450
314 9083 6681 2176 4664 6909 1058 2161 5389 174 8970 4672 622 760 8624 7902 7582 6710 4320 7159 6507 8022 5340 8994
278 2704 4692 9703 7888 2463 8710 979 5957 5022 4039 4903 4478 6506 7285 4592 6771 6481 3521 79 9244
470 5962 3784 3376 4269 9815 4822 8593 4760 1682 5735 6640 1654 7810 216 8434 2555 6597 2327 7736 8812
353 5462 7787 6739 4356 2274 7333 8716 9791 3498 5899 1979 8296 9928 1454 8526 8680 2918 8617 939 5779 895 3753 6296 7438
244 2817 1260 6786 9273 8028 5412 5060 2202 8134 9675 4455 2852 7618 9314 7804 2243 395 9854 9003 3468 2327
247 6545 3379 1570 2404 6269 300 4635 9802 9060 6290 2118 7694 4923 8839 5472 844 4001 295 4760 6778 2962
85 208 164 1040 118 2518 7299 9551 7983 2175 7702 1144 7183 736 9156 6253 9202 2962 1125
316 8487 9299 6765 3056 2828 8284 8570 4548 9904 112 1786 6919 9770 4028 1973 8539 5034 7422 608 9632 7055 5962
37 5553 7744 7392 9129 3528 6889 8294 8841 1697 3134 6148 8169 3687 2288 9481 2043 2839 8982 5004 1102 2377 447 5869
413 6482 7806 4606 8912 4541 4531 7525 3547 8899 796 8361 8319 1329 9141 2728 6896 3071 9842 5936 7203 2649 1103 188 7968 9007 2322
269 4527 4314 7088 4965 6592 3080 22 7673 9740 8907 8770 2070 1381 96 4667 8114 6104 7753 3689 3669 5557 9811 6404
149 6523 3050 1097 6040 2643 6436 871 7901 9757 3505 2338 8235 4655 7470 3583 1984 2986
67 9055 3853 7841 2559 178 5206 9633 2289 1120 2438 5903 6113 9759 7699 9844 56 7296
197 6467 9380 3496 1935 438 1059 9312 343 7615 4878 6862 1930 9130 4319 1012 4169 6938 8346 1071 3567 8462 7266
167 9498 708 3905 4945 9957 9071 949 7143 2286 1708 3843 8457 4404 2315 2922 8266 5660 6369 8167 3363 3103
497 3371 3987 2278 5368 1833 7034 4311 9931 3292 8147 3649 201 9547 3022 2356 1947 457 183 7120
483 1984 7026 3486 7347 4314 7075 8179 5715 6636 122 6082 9886 8548 4674 948 1340 887 8496 7280 6686 9444 1343
90 88 1934 4890 5019 5072 3706 1343 252 9501 9041 253 134 1451 6953 641 1960 2785 8699 6577 6938 420 6101
402 7367 4199 4313 6566 1145 2533 9659 7219 3104 9842 5693 7739 805 7240 2981 9076 9046 2195 2263 3600 3361 7545 925 4643 638 6584
13 8344 7699 1495 7048 4574 7364 5412 2105 155 7837 1186 2650 7439 5698 2555 2098 4662 6641 5492 8625 2052 2232 4314 1498 6672 4035
274 3004 8386 9075 8058 8644 5467 3064 8235 3529 7892 3397 831 863 7072 7552 2678 6708 8002 5715 8387 9160
48 1299 1774 6772 550 232 6727 1122 4591 4580 6370 6915 6103 1562 4745 8228 3487 256 4296
448 9132 272 5030 8029 7728 8478 2190 5746 1445 8181 6712 779 1299 5573 9834 374 4149 8846 5794 3163
242 7852 1900 5193 365 7708 3100 6302 102 8133 916 1119 3532 6174 4664 9783 9847 8003 1853 4314 7652
200 7216 9464 3405 4639 9903 3497 1083 3240 979 3762 5995 2353 6352 6321 408 5313 5080 1650 7887 5176 7038 9007 8284
339 9555 4517 7795 1044 1593 8782 7802 9007 9789 2466 1934 196 9845 2822 3028 8211 3740 8359 2288 393 1105 1774 4176
19 9036 5090 9903 8858 4337 7126 7169 744 1133 2135 5929 6083 2499 4787 7426 5983 4284 9640 2026 705 6003 4909 8812 935 6101 7732
440 7053 6360 5099 7213 9133 8994 2002 5412 7260 1463 5846 4845 3432 354 966 5 1942 3736 2471 8432 9626 4624 3894 3783
279 7180 9436 7699 4925 3515 3802 7030 5391 9979 6584 5317 3337 6827 4432 351 6850 6110 816 644 3012 6334 79 9968
317 6014 2569 9480 2100 4923 2917 5068 2604 9344 390 8035 4472 9693 6238 3127 935 7759
407 6778 640 4783 4785 5326 6044 3582 4299 1177 1048 49 44 3794 984 6609 5924 5341 4234
106 3079 3970 3683 8967 8125 7854 3064 9738 1767 1700 5943 245 6357
199 7335 4027 585 1375 5097 7622 4176 1774 6613 8224 8562 9820 9416 8320 7773 3438 1146 7880 7995 1073 478 2458 2666 9265
331 8060 7511 5895 6547 4151 2790 6691 9848 3715 4985 9164 3032 4272 2868 8368 2815 476 2766 8916 1206 2958 9270 1934 9545 1134
363 8439 6982 7706 2617 656 8183 4071 6030 3042 1371 3065 8468 154 7437 5381 5053 1289
33 9178 3393 5821 6921 6925 1841 7885 8304 1847 6647 6373 4453 2059 3132 5242 8876 2662 4378 9990 5775 6327
309 6528 6692 4401 6400 5437 8193 8493 6777 1672 9559 7734 1081 8799 1861 2671 8142 7335 5966
202 8566 6496 3005 6369 3821 8371 4035 8734 7477 1561 569 9018 8284 8106 8312 7303 4724 9510 5885 3043 3304
196 850 5795 4416 8231 2327 5038 3109 9733 417 9265 8295 8238 4236 7828 4489 8950 3960 640 4664
371 9404 1505 4252 10 8990 9260 9581 9008 4993 2713 5751 6581 4604 1881 4496 8923 5810 6986 7519 2615
54 7653 1859 4079 2183 7104 5762 7031 2952 2698 7460 407 7840 6551 9654 4308 4340 5784 7762
312 2439 2904 6945 6829 4348 7880 321 8377 6698 8465 7432 8830 1246 369 109 7591 103 2328 6435 586 9461 935
285 3630 6029 4203 4444 9721 2666 1625 1524 352 115 858 8954 8448 5689 5842 5168 7453 5129 6952 9968 4020 8495 7709
424 8089 6611 718 6423 3 2911 8532 9931 569 1394 5742 7991 2143 7952 4892 4581 8689 4124 6945 6790 4314 2240
346 3243 3720 2095 7965 2416 5438 5247 3869 3873 6733 3280 2285 6534 1038 2612 7619 4035 247 374
330 5397 4824 1383 1774 6131 965 5580 979 7786 7924 2629 226 42 2978 8132 9962 6320 5406 8644
151 2304 2752 7762 4880 719 2696 9607 6827 2028 7153 3105 5852 6404 8241 3799 7587 4469 3613 2236 8307 2900 9199
484 8043 1276 6261 3147 4361 4324 7713 1205 2555 2341 6403 2795 4173 5748 2324 3038 6564 6912 6047 1348 3106 7517
165 8841 8776 7481 3230 8790 148 2788 4228 8850 208 4914 724 2881 9171 6402 3582 5326 3125 2240 8116
305 1140 5758 5880 6454 9004 9865 3268 3808 4731 3797 8227 6942 8062 2 2796 8144 5762 3277 2530 3833 5208 1984 8445 9848 6538
59 443 5304 7318 1383 3811 1763 8549 4493 662 6716 2235 2160 1727 3138 7687 2485 1343 2600 5437 2340
126 7439 7684 4020 745 4034 2543 2171 311 883 1290 2970 2783 2165 1072 9089 1763 6859 9510 4721 7061 520 3943 1240 1750 9043 5821
264 4070 8978 3044 8815 7296 3885 1773 729 5630 529 425 7431 7762 5884 2562 5715 220 7777 4590 9946 3232 9310 368 3163 3982
482 4801 3144 6356 5507 9102 1611 7194 8711 7527 1399 6339 4323
348 4749 6986 5188 6101 2630 1952 9678 1351 8155 7314 8805 6114 1429 888 230 2245
281 3432 5150 2712 991 8939 5800 2837 9786 9383 9656 4527 6375 199 8580 9827 6917 2093 931 2578 8934
301 8930 7261 79 6836 8441 2375 971 7666 4969 2220 1456 1664 5610 8583 4069 7296
66 6687 4616 2307 4928 3121 8883 6594 6470 798 2222 7613 5134 2238 6951 9222 1739 9520 6306 5869 6258
145 3877 3923 3885 8462 2275 7949 3766 9087 9615 1105 3060 5195 4206 1778 8055 1693 5055 5873 2673 6280 6692 5301
169 76 6538 1686 6676 1711 6024 4055 9605 9215 2894 6416 1363 2885 4162 6381 9736 7207 1675 2049 142 1774 7101 9669
282 7987 2121 4176 4967 2580 3863 6250 5125 2432 8752 1738 6884 9842 9319 6177 5673 317 1803 5219
32 552 6587 3417 6752 8044 8870 6367 6759 5113 7487 2878 4031 6776 6793 1763 7575 8812 352
496 3101 321 2156 4624 1452 7692 9903 9930 4176 4015 7862 5283 2536 5654 7865 1178 7309 1249 1625 1139 9113 1504 8387 6258
216 4664 3830 7474 352 5149 5126 5035 6292 2406 5685 8661 28 7714 128 7946 45 4340 420 6236 3393 5780 9244 5445 1774
138 8183 4377 412 3173 3250 8125 1516 8621 4025 4042 3988 4999 5370 7287 9265 3354 1121 7699
486 6492 6060 5085 8722 8014 3718 6030 6770 5993 362 8592 5584 5587 7955 3349 4857 7438 8125 4812 8341 4402 412 4750 2666 5869
466 5111 8887 5740 5700 2313 4985 9279 689 7606 2616 3759 604 7377 8561 2126 7234 5175
191 993 475 1997 5848 330 5838 2240 1209 9713 5160 6038 4838 2503 2140 7076 6242 4531 4362
156 4786 7602 5783 376 930 2877 1798 6320 9313 1457 3087 9986 3524 2811 3832 5814 2614 6688 5437 3885 8900 8134 8644
245 1647 259 9829 3184 7396 4704 5643 1944 8610 9884 6839 4401 8372 7513 7121 6557 4779 5509
175 7361 8053 1328 413 6409 9576 7737 250 7719 9013 6175 2673 9247 1879 3536 8159 3850 7172 9601 3081 321 3012 2643
266 395 4352 8423 3403 8766 862 4175 5282 4958 3394 7252 3382 8713 7964 4459 4538 9972 5386
88 7790 3095 7606 402 8005 1683 492 5154 6730 4926 2777 1791 310 7723 2955 1686 5412 4624 7949 369
337 575 4901 6538 312 7119 4638 5093 8991 8786 6857 180 9461 5543 6938
27 1963 8644 5643 6048 8473 4020 3629 9638 7489 4565 3696 9462 6125 8530 617 9743 5821 2864 4965 3032
181 1784 6049 5248 5863 9668 1150 3451 2288 8676 6938 8946 6515 2240 1577 7177 4668 6573 1121 1415 5858 8593 7153 5762
270 8005 8131 9197 8451 6834 7173 8985 2655 9682 6070 4344 2080 7718 3725 3502 5895
326 5636 7055 130 3956 4314 67 6890 3739 3918 8105 7269 2840 7242 2493 5433 8104 7782 2288
3 8904 9351 6095 2927 8579 8522 7889 325 1745 9318 2902 8595 4076 8450 1020 2501 795 6608 7526 1546 7997 5715 6327
498 7782 1512 1405 3159 3343 4727 945 3284 7170 8290 6812 5321 5099 5223 6291 3573 9239 3803 7707 1216 3379 9107
127 1601 8936 3781 159 5450 9244 5412 5481 2185 1140 7036 6568 9452 1210 9812 5597
119 7933 4129 4352 7069 2423 2414 1799 7859 4814 7272 8284 634 2227 8209 1198 2813 9078 9276 4967 5862
203 8227 5465 5400 4271 7006 9771 6940 793 3862 2802 7147 4982 2957 9423 9129 3234
65 8814 660 2256 6347 8111 8832 8728 7664 616 2013 3506 1868 5295 7438 6173 7284 5703 2705 9127 9379 2830 148
388 9043 9807 8711 7456 3441 9230 5817 6982 8882 162 3032 3652 7359 3014 9723 5081 8667 3195 2437 3521 3981
476 3753 5982 1223 2692 3982 7545 5902 9592 8084 9505 7205 5799 71 1524 8349 2859 906 1149 8780 3855 5962 5715 2704
373 3783 3666 2325 3120 6258 2468 8841 3686 860 2615 7017 1473 1357 3218 4521 847 9677 868 1670 935
302 3964 7204 2932 3870 3012 9029 7459 7027 2697 2909 323 4761 8208 688 7311 1157 8248 9533
144 3961 650 8506 7429 4803 6785 9163 1391 3858 240 5949 4032 2582 8808 8585 7771 9518 9461 2422
157 5445 1449 9283 4855 5566 1937 745 926 7564 8864 5307 7436 8948 5823 8382 7987 2800 8361 2182 7044 3877
137 866 7713 1454 1641 1491 9262 8583 3880 9175 8519 9381 5634 7490 9850 7157 5528 731 3093 6613 4985
42 3584 7454 1560 8005 1534 6149 7423 4645 8392 5286 9352 5548 2411 5497 4726 1042 6819 55 3554 2947 7627 8895 3074 3111 412
154 3543 8690 7474 3074 4218 4312 3682 6264 5226 726 432 5769 5025 5869 2113 4407 2666 6458
354 3944 5849 9075 1439 9461 1377 7254 1414 8442 7772 3747 321 6161 7629 32 2037 9976 2757 6959 721 6711 3245 3144 3728 8507 3883 5604
417 8848 1156 4780 2943 2784 5271 2358 5244 1124 6728 7249 4654 3578 8828 7600 8428 569 8069 9598 7509 2413 3877
252 79 132 3463 4627 358 2966 731 6744 5623 7675 1373 3648 5747 3510 8673 9942 3748 4531 6001 8569 4369 6203 2615 7969 321 2986
386 7842 7912 4699 4905 8935 687 9444 8453 3481 326 5331 8711 8843 2422 8316 2594 2465 5236 1884 2426 952 7669 7219 5715
444 7771 5390 6054 4879 2319 2962 1710 9086 6900 8476 2210 5559 8046 9494 7886 9184 979 5340 2927 447
400 8092 5645 9453 1498 4045 979 5219 2902 3965 9241 4742 25 1639 1137 9069 8937 701 7636 3825 5948 6136 6613 5656 1145 3395
152 3981 663 5248 84 9719 6283 8572 2711 7542 6547 2546 1400 140 7949 1188 4740 8467 3026 7443 7153
8 2875 7050 683 5251 9990 3745 8663 1472 4133 6032 3925 7933 702 3828 4418 6060 4161 6958 8207 5995 2555
209 691 861 3877 6991 8365 3991 5565 488 6333 8707 9760 3452 5463
74 1557 2030 7355 8293 2265 5192 8427 9887 4347 780 4737 9839 5631 7951 5900 9418 8438 6499 8146 9991
367 9114 7138 7243 7304 9032 6160 6852 9608 3968 1304 5869 9766 1022 1499 6161 3894 2327 6778 9848
163 2857 7517 1125 7038 2298 3259 3806 969 8043 7787 9459 1668 8103 7418 80 7672 5310 360 7413 6737 838
22 4619 8015 1917 6067 6914 1477 2071 2201 8186 2934 6347 7608 1718 8265 269 2938 9160
461 2203 8069 6970 4333 2 8105 3270 5730 4584 8714 5219 9933 6500 8800 5556 5187 7225 7985 2741 8384 6938 4027 6049
219 9604 1121 7688 2650 6961 2690 9026 5580 6503 3012 5302 4359 3169 1848 8075 1321 3711 8417 7756 5064 5323 6141
299 9129 1839 3103 2028 7568 5875 3231 6137 5440 9253 8528 3664 77 2293 3975 1148 21 3643 9739 3904 79 30 3077 8069 5783 7012
193 6610 9144 8245 2139 564 4924 8406 7826 9492 9653 2962 8043 113 7048 6455 5537 3018 5589 6772 3343 6538
271 254 8580 3354 6696 2454 3530 4341 7045 6327 5567 5441 5105 8662 2540 2266 4735 6685 4712 8440 2237 6661 46 1731 4314
397 935 3023 5443 6226 5704 7410 247 4036 4241 4679 5240 7026 2264 4356 626 6271 9566 8834 2402 3527 8933 3004
376 321 5387 2846 2327 613 5519 3157 1534 7266 8293 6739 9826 3650 2297 1168 5170 2061 450 9227 7438 1752
439 8998 4002 4612 9830 8403 1272 2962 9495 6901 9971 3972 7816 2869 7258 8491
267 2383 979 2340 5477 3521 5063 895 9655 6670 4972 3220 8167 6101 6630 3458 1141 7676 8357 4706 348 4507 2171 9968
246 4341 2342 9563 9615 175 9507 9094 3106 1244 3550 3966 2773 2473 2272 4194 625 574 780 3371 4901
430 3789 6334 5896 6244 732 5399 7586 9627 9484 5588 5684 1474 1109 399
377 9330 7476 6743 9968 6979 8242 3004 7028 5578 8757 4168 2467 84 1801 427 1446 7410 3236 2155
387 9160 1860 8754 1164 472 4679 9129 152 301 7226 5057 6607 8178
148 6924 3256 2376 5670 5393 2539 5458 8411 4053 9140 6781 1597 1105 3488 3894 3964 1657 3023
292 6250 2662 7788 6525 5301 4060 1265 2127 3784 1782 7033 5869 2418 6556 5870 9404 7949 8600 6886 3608 7056 5163 8579 5386 1524
194 2858 7786 7055 5592 166 9173 7469 4557 6030 4434 9568 9842 7322 2363 1445 6889 1299
128 8601 7932 8491 5655 7747 8977 8927 3876 2505 3167 3742 3790 4153 2718 6882 9436 3386 7120 7396 7732 5869 5412
357 5359 8498 7751 7968 9657 1501 6567 5339 757 8351 8997 8194 8942 191 3172 420 8267 2240
289 7845 4302 5543 5482 5333 4065 8021 5293 8074 7834 951 9174 867 8388 6232 7693 6837 3719 830 7752 4341 2 5962 5715
86 6797 2538 2867 5323 6428 5138 6550 3046 9338 3084 8439 2576 1288 1291 5273 2914
372 9580 8470 9988 8836 569 6808 3219 1625 8313 2882 4117 3670 6586 5439 4891 2879 9562 2134 2439 5848 9555 4558 3584 9075 4340
232 8994 934 2392 2029 7736 8308 6473 1127 2121 5120 2177 6923 5874 6922 6480 4483
379 2426 6955 5604 8775 6445 1039 1424 9903 3516 3074 5772 957 3847 3366 8540 3931
76 6046 5661 7078 1164 9116 7018 5621 8564 4253 8789 7884 8092 6153 1851 8460 609 1849 5454 7093 7355 3543 2155 2858
73 1137 7740 8121 9478 4093 5771 18 4939 7855 7221 9244 9732 7337 3691 2116 2896 446 6309 8705 4070 7553 3753 9197 8994 6082
133 3597 2662 5401 2895 7665 3050 9409 221 8067 2704 6143 4102 5110 5029 7079 4837 3368 4289 7496 2137 2331 7762 3331 545 745 6101
110 1546 9169 9837 6717 6963 7647 1112 8628 2018 9945 1303 7967 5483 3857 406 3363 4896 9179 5155 3784 4855 7240
349 2735 3823 5677 139 8340 7399 1341 9874 2884 1233 823 8728 6780 8008 3701 5511 7395 434 5748 7844
283 3521 2458 9931 4901 3425 8830 9582 3932 3508 8995 1306 1049 1402 8156 8711 8214 1413 748 1690 7593 8402 8893 7732 647 205 6018 3758 707 8431
315 2340 5523 8282 397 4450 6666 3729 9135 822 2496 3433 7601 8844 1422 8380 4097 3396 7391 7710
370 1305 8307 1343 6115 1238 6343 5507 560 1496 930 3717 6256 7846 4535 4135 5527 8020 1257 7133 9533 5277
190 3304 1425 7088 2732 5164 1407 8456 9324 1871 5309 1710 7277 864 593 6064 516 7438 1454
28 4728 1429 9435 910 3914 700 9048 4171 7688 5341 5911 4244 6729 2218 7442 8531 9186 2401 3967 6393 8327 9569 9829 2652 8005 2858 116 6938 1105 1383 4855
77 8830 9593 6962 8256 5902 9433 4033 8644 9167 1794 4475 6487 8200 1541 63 7925 3758 2169 3005 8532
250 9467 7072 5292 3172 7652 1056 4744 1067 9749 4091 4274 8220 1047 7215 1270 9700 4398 2892 3371
449 7652 882 5917 6956 1717 3990 3418 7327 491 2447 7565 376 3885 7806
10 1134 7652 7379 7536 8900 2518 7631 4569 5536 5131 1098 6693 7628 9336 9491 9224 5790 8443 9646 3664 6465 691
446 1121 4912 9836 1358 5756 1939 9573 7733 1036 5175 8286 9994 1761 8387 5645 1225 2798 6497 1742 9195 359 954 558 6458 8512 2240 3111
361 8090 7694 1728 3910 5151 6184 1085 8822 5796 1765 8389 8560 3625 9836 6888 9565
177 1979 3602 6980 1396 1796 5316 9199 1546 9357 7351 1310 9646 3961 5515 1307 4514 8129 6595 2295 3326 5138 7262 4553 1167 7575
0 6538 9551 2403 7657 914 9146 8906 3344 1063 8413 4128 4484
166 1150 1731 5867 8445 9822 4367 3727 2986 1292 9015 9301 4045 7930 9753 7590 3565 3202 8994 505 5161 5028 9270 687 6756 8387 9404
55 2480 1383 8599 5651 2384 7372 5412 2157 750 4874 9588 6217 9273 6797 6677 1043 321
487 3164 1496 6062 707 4909 7012 8885 3319 4774 4589 7209 5558 7256 9538 6440 8204 352 5758 2883 7478 2162 6054 8284
36 148 1889 5232 4372 8529 6467 569 8098 2872 1556 9603 5395 3585 5822 7873 5857 3792 935 8293
183 2 3380 8267 9918 8332 183 7291 9230 1426 3563 6449 6805 437 9702 8527 4035 440 2569 332 2972 9089 3160 2414 935 979
485 2792 4399 9955 5768 8753 7782 6738 7325 3035 6041 3058 553 9111 6448 1614 7353 3130 5788 3146 7296
98 6153 9485 6387 6855 7699 9114 7429 8431 1988 227 3541 7165 2563 5311 4594 2754 772 4994 3474 5064 4311
255 5099 6191 1776 1332 5541 4882 9610 1369 1760 9421 3075 6654 8570 5212 9545
426 6102 1871 7457 3909 551 46 1101 2746 1752 8533 8125 4379 2601 6578 8345 9866 5053 3622 3007 8182 2448 6792 4352
155 955 1465 6188 8217 3836 5219 8078 8269 8980 2855 4342 2114 8236 3776 7429 1296 1752 1060 4793 6680 5264 2369 9104 7568 5383 4020 673 3981 9666 321
188 3937 3453 9654 6447 7463 8425 6054 878 9867 8315 1840 6531 3544 7270 2254 3102 7864 2875
34 1042 730 5448 8908 6281 4755 151 501 8168 5343 3936 6718 4513 8758 2115 3047 9883 8335 3073 8107 9914 6672 3714 374 4180
14 6712 1852 2057 7115 4544 6465 5715 83 7831 304 507 493 4350 9793 3411 3424 9007 249 3950
350 5064 4230 5942 5964 9042 3392 284 9316 7233 9984 2204 5098 357 6316 905 9615 8470 2696 9731
4 3982 1799 199 1580 9993 6891 3950 300 3946 5615 5898 8484 6266 5352 3296 5715 9935 7220 1403 2412 4180 4314
224 3468 8431 6731 6946 6767 1769 4431 2737 4564 2445 6426 2500 5020 2778 8229 5245 9139
89 3561 3427 8797 697 2263 1174 3679 5124 6258 4983 2066 2197 396 4865 1505 223 8845 6296 1723 6082 8908 5636
450 7233 1375 7120 3830 9666 4238 7302 6014 5679 2475 6377 6225 7989 2856 6389 8716 3859 1919 5706 8123 3521 738 3750
243 712 7001 4984 3297 8738 7883 2747 1087 5477 1890 7128 4650 4711 496 8528 311
293 4531 5961 2685 2781 944 1940 9301 3025 9911 7289 2421 5530 1410 631 8215 4716
495 2652 1081 1246 7553 9677 2750 6338 4026 3244 7554 8433 4456 1430 7296 315 207 381 5413 8956 2383 6082
143 199 7087 6611 7861 6790 4294 8495 9751 7059 1159 851 6892 24 3697 9576 9249 6033 8041 1018 6503 5099 2773 7120 8043
420 4766 7151 4400 6549 3135 5416 4310 9528 2005 6613 7386 29 9890 3133 5173 9295 9040 2439 1668
229 325 1869 5278 8556 8853 2827 5461 7020 8994 3899 2941 8134 5376 9989 467 3225 3543
442 5788 8461 399 3665 6768 1007 7360 9959 3183 6624 3439 7150 6847 2999
201 2983 4698 5798 9085 2611 1809 5446 4341 733 2992 6519 2141 1657 5876 2270 2495 3875 2987 583 3659 405 7193 3830 1343 6170
171 5163 7133 8932 4106 239 9871 8414 4232 2524 7851 4411 2538 4954 9842 6990 8163 9953 9453 5905 4723 7206 3140 1223 7210 9199 1105
142 8987 4962 3792 3586 7056 9515 3226 6053 4614 7485 4179 6992 5794 7626 4855 5078 8663 7381 8953 9401 7444 4340 8470 6030 9007 2662
434 1139 9449 4327 450 7438 8180 9043 3307 4802 2529 5908 7338 9291 552 2213 9356 8462 9132 321 6939 267 4765 6054
58 8893 6324 6555 9398 7604 6051 6074 7193 2870 8052 1010 5215 9869 2344 7415 9077 9708 6008 2651
172 444 6487 8812 8406 9181 1932 1979 4677 7796 4280 7092 932 6740 7874 3012 5144 2004 800 9968 147 3982
94 183 4056 1705 2052 2393 5268 1356 4389 5880 8615 6154 7682 3143 2886 1228 7087 4326 3074 2128 8722
404 2693 8726 6702 2240 5367 3513 8177 9480 6065 4334 8410 9519 6807 901 918 2630 924 5185 3144 6584 6134
378 7586 3048 3792 9040 2032 9483 6327 6124 2857 540 555 7577 7305 5398 4694 2838 2340 2704 7880 5006 2904
401 1430 3586 5437 5964 4909 9834 9400 5505 283 4575 4777 9545 9821 3866 6363 7839 2937 6742 6765 6050 2693 8528 9533
93 9669 447 3681 3077 7278 787 2255 1728 3872 7583 9350 5859 1520 8430 1543 8140
222 105 7669 4684 6863 6020 703 1831 8106 3758 7909 9298 6667 2092 2214 7944 5841 3335 4705 2870 4909
220 6014 5155 4823 3700 3750 5583 7710 6298 6331 745 9075 522 129 8000 4736 5346 6470 6042 7948 6117 2670 8883 8663 1216 8904 3528 9013
1 7219 6178 1770 9115 2476 412 1959 6196 1625 2887 8185 3148 9306 5682 8994 8988 621 8009 9125 7791 3982 3728
390 6355 8455 5677 4855 7452 7206 8077 6815 8535 5448 9637 5622 6010 4847 511 3835 7857 935 7638 1065 4317 1136 9374 8987 6137 4326 8994 1871 2
23 3894 6938 7191 4884 9689 3895 2771 4658 1105 3580 4306 200 5962 5951 5595 4155 5535 1821 5403 5507 2240 8293 4679 8431 5715
408 3376 1942 5132 8145 4199 1297 5866 5880 5893 1347 7491 4247 5047 664 1902
425 7598 8713 971 5889 2191 9255 2240 4266 8646 2549 8387 3242 4942 4632 745 3592 1815 6537 1125 5848 4311 5412
355 1607 2679 7956 1953 410 2906 3827 4572 9611 4293 8594 4976 2860 5664 7085 7988 6676 569
343 6810 1167 9917 157 6466 7567 5926 4225 9533 3091 8494 8735 3253 7133 3074 9075
443 3249 7736 527 8910 5909 447 9795 3434 5815 8683 4092 4933 5998 4358 4702 5189 2333 1814 1260 5276 4733 7609 6613 2932 5643 79 7438 4326
433 4784 5552 1680 6134 2730 2389 7652 4449 3958 5417 1481 2534 874 4695 3767 4941 4082 3355 9139
46 135 457 1557 5810 9483 3251 9299 7039 4468 9206 9138 2431 8555 8477 5887 1565 7516 9902 4038 4086 4068
296 1750 7077 5857 528 7709 3036 2532 7161 7251 6648 2579 6280 9066 5999 9196 1822 8449 9545 6482 3111
453 9010 329 4567 4066 5340 714 1031 7185 9745 3804 7691 5860 3969 2908 480 7340 1813 3319 6044 3703 259
460 6214 485 6584 1219 9149 6773 8170 1289 3356 2903 169 4663 7651 7546 1222 7267 3830 7883
410 5784 7147 6470 9453 82 9734 6795 4340 7736 597 5193 6936 6181 1834 60 7362 1870 1648 3982 8343 6049 5762 3936
164 7163 5639 4505 111 9309 7721 7621 6722 6472 9950 4917 6007 4339 3432 6355 5038 5848 2019
234 9407 9107 5726 4486 3590 6978 7054 2799 5865 4375 6981 5458 7836 8446 6804 5807 8423 4661 6547 7806
221 8693 9940 5326 1208 7680 665 7940 4623 2610 4046 1386 5524 7481 5099
118 511 6895 6699 6771 8729 1904 2787 5329 3416 3882 9412 3678 1412 1646 7405 9517 9969 8164 2288 9216 1790 8256 1479 2 4199
235 2774 1206 8189 6075 75 8343 6126 4365 2699 5583 4938 9544 988 7292 7274 2577 3614 1104 9816 8716 4539 7883 2892 9533
399 90 6087 2308 1051 6397 2774 1201 6005 9035 2565 3992 6885 9586 2543 7001 5064 9483
291 3261 3836 643 13 1972 8507 3690 7212 9701 1679 727 1908 8547 7954 8627 3158 9114 5762
