500
115 7289 8142 7971 2143 874 8644 578 8736 3363 4168 4944 7372 5582 7887 1818 321 7944 9892
124 6993 1003 7831 811 9705 5709 6489 8921 8851 723 2768 8651 7652 9615 79
183 8425 9746 1625 5358 4045 553 5566 7244 7127 2047 1674 3510 4564 8659 9832 625 5870 2947 7347 205 2240
276 84 7513 9970 4045 7438 5555 3056 3355 7356 2898 6306 8670 9464 7034 5339 4112 5020 4199 4539 2702 1673 5423 9600 8145 7202 4958 935 311 4377
201 2643 7602 6945 3582 9199 9075 7355 7652 6373 2495 7096 7053 3438 452 7303 4650 4895 321 6920
1 3752 8491 9498 9487 2554 6587 5702 3715 729 5494 3549 9168 8952 5477 8597 9937 7940 6196
403 4959 925 5090 1515 6020 9436 6063 9364 7291 6547 2322 3015 3103 9270 1715 243 7299 53 6010 5309 2445 3489 6058 5775 5788 4027 3316 9533
76 9444 1904 7078 8605 6048 820 8910 5989 7193 1859 6296 715 1849 9954 4680 6718 2426 2725 1247 8012 6716 1431 2155 105 7296 412
437 3188 8599 6188 5785 9186 685 2986 9559 2683 4917 8272 1396 4297 2508 256 7048 7845 3936
228 5451 4079 9689 4350 2327 3128 9317 7777 6706 937 395 880 1743 884 4563 6875 9038 3335 6281 7652 3586
263 8396 7240 8017 3049 9265 8690 6445 5232 4966 311 8071 3034 411 1522 214 5748 4236 8343 9794 8750 9247 6414 4180 3700 6631
287 3823 9192 2986 646 7461 9733 6369 4556 908 3318 1191 2333 1840 3500 5063 6481 6296 6270 7713 3073 199 6778
34 4180 2304 5690 1009 1075 9681 4625 8298 2638 4931 4750 1168 2838 3073 2760 1852 8014 1784
55 2898 9545 8593 8040 2858 9368 2446 4039 2883 4686 4796 3385 2930 6054 7623 7330 3204 450
12 652 9305 789 828 571 6641 9694 4388 5610 4721 791 7782 8193
446 3836 5062 8268 8136 469 2401 9573 1826 8025 8581 7791 6104 6497 9195 2225 6576 5415 9900 675 2555 4340
19 8728 6963 771 7234 5497 4253 7596 3026 9176 9673 620 6258 8241 1508
419 8854 2652 4957 4821 8049 7949 3365 6123 9628 5538 3531 7856 9249 6878
155 9800 4093 1948 6404 790 4367 8217 6260 6608 3525 655 6938 2715 677 5383 1453 5767 3273 9714 7568 2790 8068 3074 935
22 8832 9007 5677 3842 8109 9164 9349 8037 9872 6873 1287 1766 7114 8761 4158 7165 1248 8814 5752 5340 3982
177 2422 5654 2533 8609 437 3163 8829 1367 5330 4802 3391 8297 4696 2327 5739 8366 3218 3493 7105 5715 1454
371 9008 3006 8140 3047 7553 5063 3766 1959 2513 4099 7313 5680 8866 6986 6167 7020
43 3104 1984 6802 7864 5072 9414 116 9013 2127 3427 8573 3392 1042 5635 6076 8805 5594 5533 5102 6013 8904 3232 8841
286 5029 8131 7874 5902 3405 5966 3371 8775 8816 1105 1781 9351 7756 4249 9125 8144 2383 9512 8645 9923 9280 3586 9573 847
152 2651 551 9965 5962 6469 1335 6479 6960 5109 2943 8503 7147 5899 3579 5600 4993 2304 2705 7407 6905 3439 1079 9669
127 9244 4783 2155 8005 4277 5724 4544 6613 9416 2773 4589 927 6978 466 9146 3389 3993 2977 527 5885 79 4035
88 2856 4971 5188 6861 2058 4845 3914 4102 1980 742 9544 5098 7179 447 3691 2078 996 4082 2955 5862 9004
30 7755 2 8284 5783 9153 9040 5601 2893 9768 7129 8082 6172
275 7240 5322 9374 7984 1610 779 9772 7624 7270 3250 9679 8580 3042 3378 4094 9007 1125 5248 5326 4855
26 2475 9004 8293 6187 7549 1697 6051 4619 4841 2245 4215 6951 736 2724 2260 8618 5033 6712 569
116 4056 1176 4527 8223 1757 2150 3458 1832 3572 2346 1444 9388 1270 9161 7225 7511 8140
181 1091 3665 6554 3006 6421 6551 5773 2396 2811 6427 2968 6834 3215 731 7591 3024 3502 1376 8692 8722 4352 1668
468 7044 3653 8156 2240 3120 8125 3032 6777 3830 7062 8402 1430 5255 3744 8900 1516 6561 220
17 7629 1601 7054 3827 1745 979 7026 7554 7762 849 1467 2283 6890 6926 9586 2272 2444 1752
169 9848 7296 3284 3946 4100 225 8905 2211 9928 6894 6241 4665 1681 2852 4326 1668
184 7883 910 4129 9003 1560 5794 5738 3468 7329 6122 2467 1632 2332 2531 8301 6094 443 4063 3543 7864 6465
143 7087 917 8104 5492 7665 6362 643 9920 4511 6865 2704 8329 4340 1159 1473 8476 2934 3011 7521 6635 2346 1353
198 7933 4965 9608 9281 6547 3726 782 5 1831 8423 9045 9200 5520 4369 8279 7503 9527 7159 9049 5242 5715 3146 9842 8470 3144
98 7267 3101 2139 8671 9692 3121 5788 166 7637 9878 2148 2213 312 2494 8229 8908 3343 9533
102 3053 4356 3111 8711 6336 6525 4068 3147 1924 2097 9611 9835 1596 9510 3516 8534 1313 7442 2945
427 2666 8015 9581 8562 7632 5401 7241 2907 3613 8207 5729 3340 213
473 6785 952 7997 550 5507 1668 3077 3596 4170 4938 7979 4389 7517 753 9874 7063 6287 7575 1253 5845 1104 7870 6041
425 523 4352 9555 3243 4066 4985 3987 2008 2583 9734 6334 2701 4763 2577 7709 6933 1634 900 1690 139 5880 5296 745 7087 3079 238
221 6376 3454 2580 4989 8720 8110 5882 1597 2742 7255 7660 2898 3012 9453
180 3602 7744 4520 5656 4234 4527 5519 3856 137 3096 7344 4035 2827 8391 29 7295 5657 3427 3249 8794 647
329 2962 1533 9838 6418 5023 9051 3689 2704 3859 1679 8341 372 5608 4042 7699 405
104 4517 9311 8729 8716 758 9943 5813 5953 7001 297 5421 4635 2661 195 7000 5491 598 1256 6650 1668
429 7439 4036 1305 9583 1721 1846 9885 7807 2597 6141 6258 2551 5342 7802 9268 7395 8662 6292 7414 860 4623 8713 2533 6044 6692 6920 5386
172 3586 2209 1932 3238 9332 5214 14 7028 8643 6711 2469 1420 6733 9613 4400 321 369 9270
174 3981 9968 8922 6134 3093 1375 8234 1472 8522 7463 3748 9753 2962 8671 6886 4011 6253 6644 2671 1882 4311
264 9485 3163 5341 631 9939 6793 8265 1224 4705 5796 7587 3972 9915 4222 3521
277 7481 7085 4230 7630 895 9848 1031 6613 9124 626 3141 7762 4449 1394 9495 120 8471 6688 4478 7172 8345 5458 2322 8062 3379 7699
113 8209 2732 1071 9137 9604 1839 3970 9621 8824 9063 1569 3145 5445 812 7949 5478 4396 8448 7795 8390 4760 5436 569 8491
470 208 8794 730 9271 6538 3894 1147 9032 4155 2596 6333 7698 3245 782 8494 4685 3487 3097
334 2600 6258 7861 3936 3965 6458 9362 2305 134 3194 5803 6900 2571 1437 6790 4979 2892 3675 9843 3758 9270 8193 3012
426 6280 3227 4946 5132 6991 7379 3853 6578 9241 7508 4743 3466 6402 6572 3671 2847 476 9930 8125 2013 5775
300 8005 2346 7610 238 9615 5687 4624 4739 8333 7541 1567 6021 8145 8009 5115 6160 850 7951 7686 6558 1668 8776 710 6327 2643 3982
97 8284 847 9764 3262 4340 4888 4437 9789 5054 1119 1557 8958 7341 547 9826 3939 4443 4441 5778 1476 2437
156 3463 4586 5288 3612 6592 3066 3584 8197 5096 1146 4896 9759 3065 6256 7032 7162 8176 8644 5437 5445
331 8686 5307 6770 1939 9380 9325 5913 5793 9086 4531 1845 3959 2815 1186 7507 2954 2908 6135 308 5446
132 8836 993 8982 283 1796 5534 2057 6482 6550 3575 5257 4375 4900 2878 2337 9517 7428 9265 2344 2005
186 1476 447 8947 4974 4326 2107 6468 8831 5593 2818 2857 3012 6547 6608 1753 2594 7012 2900 4172 8654 8324 9425
309 3383 2383 857 5907 8493 8579 9837 2795 4950 9979 4551 3680 8474 6547 9353 1774 1499 4717 6259 8287 321 8183 2651
168 3877 9025 6101 259 6611 7467 8251 5412 2690 3110 8464 933 1623 5161 6473 6456 4865 9190 7320 9461 6514 7499 7151 7483 238 3936 569
363 1042 443 7652 8925 6736 6863 5200 4127 7611 2973 3932 5891 9962 6879 129 3022 6424
420 4081 7511 7267 259 3265 7431 6141 5679 6685 6295 4522 8181 5517 7386 8811 6341 5155 1215 4093 5917 3364 6134 2013
205 5992 7221 7302 3843 4224 4569 8405 5307 4785 6881 3857 3431 3560 8599 817 2640 316 9387 2537 6153 8431 1668
110 5767 3032 1719 5715 3111 8377 4326 5848 5317 8519 5584 9411 6989 6212 2886 3554 4422 4919 4855 5129
218 116 5483 8644 4801 6369 557 4241 4928 3901 3368 5367 415 9129 665 4547 4958 5463 6985 5121 4640 4341
461 2 5150 7474 9005 9721 2279 5876 7845 2404 9562 7360 8880 8249 4149 4194 6672 4437
189 798 8387 912 2904 5069 521 6028 9007 1129 7775 1661 1400 268 8871 54 9844 1058 9345 6609 6326 4901 188
398 5211 2001 2158 2260 8121 3837 7261 8212 5125 4326 5638 546 2463 5355 9426 3350 1035 6707 1698 8130 6049
106 6216 7653 1570 8780 6321 9338 359 831 6395 543 6439 2726
458 444 7851 6594 1964 2111 8125 5483 2238 7884 9825 3488 967 3627 2236 8092
36 7105 1552 4901 5318 8498 1496 8231 7239 4193 6460 9187 878 4177 1344 1668 3855 8411 7266 1802 653 2704
453 647 1121 2038 9216 6635 4294 3727 4280 714 1992 9676 9994 7373 9309 2297 2377 9869 1609 7332 5860 3319 8912
125 3543 5234 1638 2349 7425 1192 8920 7992 5875 6486 5936 2534 3655 3534 6378 2370 1065 5643
340 9989 538 7365 2414 8927 3303 4692 3714 1956 6903 5755 7438 2615 76 4070 3429 3864 9598 3336 3648 7721 559 6628 6457 8470 1289 4664 5090 4341
421 4501 9260 2005 9026 5713 174 3818 3297 2540 326 2618 2206 3490 1595 7849 7642 4286 420
496 7710 2404 9463 8387 6844 3119 6676 3165 2747 4209 8238 2408 6801 7025 4532 8376 7314 467 7456 9930 780 7762
193 7180 8930 1058 5198 4086 9533 2545 5671 9618 9379 154 3541 7449 9151 4070 19 7640 9169 1534 3113
37 9795 6095 7001 802 5216 9816 5408 2175 9569 6148 2871 3364 1934 7848 5834 5022 2043 9664 9732 8781 2962 3586
227 4824 6437 5857 6860 8403 8203 5863 4677 3081 9807 6357 1280 4883 8055 5727 5141 3894 8826 2685 8487 3877
31 6731 6413 7072 9144 6385 6330 1860 4622 5185 9938 6014 2036 1289 2662 7710 45 9608 1707 768 1161 1229 2555 7055 412
217 3184 7029 8658 7136 9007 6507 1411 7281 4382 1435 1134 3931 6760 5133 5607 625 2128 7055
352 1216 8423 4442 5097 1642 7845 3894 6534 1429 5552 1401 3157 4020 5775 9173 9300 5206 9821 2350 4771 6448 8460 9968 7808 5170 437 1601 7055
0 7320 3226 524 1741 2897 935 9085 6534 276 7209 9840 1063 1815 5428 4484 4344 582 469 9301
299 7575 9107 3540 8116 1086 8163 6485 4548 3687 540 7118 271 1279 7187 3280
364 7280 3447 6526 79 8982 2804 6698 6466 3767 9706 491 2823 7937 9516
251 2019 1042 8185 1912 7517 3012 7902 7068 9433 8793 5278 388 7668 7687 7 2290 8946 3740 2363 6413 4354 6611 9138 2790 1343
53 5251 6134 4948 6986 5677 447 4107 6014 400 353 5929 9600 5352 7862 8310 3568 1179 6052 7689 9524 8227
384 7314 5030 4378 1852 9499 9787 5110 2615 873 8977 935 3976 778 7786 9533 7097 7510 8253 8138 7874 3836
175 9075 413 9645 168 6727 1917 4828 8103 7719 6521 5908 6996 9702 4472 8372 5156 7615 1739 3379 2962
111 1339 1323 7519 3629 9593 3923 6143 4178 6133 7955 4592 6923 4126 8709 2399 7675 8078 4060 4199 5412 6465
151 1962 6409 9990 1290 708 4687 7762 3169 9344 9102 8530 2805 2188 8785 2184 6285 1020 6482
463 2760 770 157 3425 8069 2643 6982 6515 3274 5969 1954 9209 1029 216 9289 8406
70 8008 9230 6042 3460 9352 1586 439 4145 8177 9468 891 1450 9747 8053 2288
154 9480 6683 6214 5880 9139 2990 8019 9335 2698 6264 8451 4314 9950 5403 8521 1409 7470 2910 6355
307 7791 5446 1524 1749 6962 4340 7331 7747 9481 7864 5451 309 6669 1960 7426 9585 2716 8741 7408 9088
480 6836 8994 7725 784 8345 6408 6635 532 2555 9908 5827 6977 8701 2155 8910 617 8947 7852 458 8436 5965 5629 8005 3012
313 6669 6374 2088 4929 9295 3254 4266 5251 402 2120 1622 8483 2975 1993 6597 1761 3982
472 3607 6545 7321 5448 5546 9806 2491 697 1889 9470 1555 4470 6532 4546 5710 321 8994 6067 3411 2197 2539 3831 1973 888 935 2962 1939 7438 5748 952 2986
494 4606 6652 450 8601 3493 3784 2884 9442 4778 2576 6425 7987 6337 1230 3936 8540 236 9632 1305 8498
386 2611 412 6737 5848 8078 5645 3679 3164 4095 4925 5628 1682 9691 208 5450 5983 3292 3313 5304 4716 6717 9669 1079 979
402 376 9659 3495 8491 3956 7337 9953 1710 854 6289 8235 9466 5219 7748 1984 7925 6376 5201 4940 1572 1121 4340
370 427 5787 7769 7053 4941 6124 4469 8370 3436 4902 4235 3101 5273 4527 4855 4020
39 1763 7304 7751 6699 2946 6728 8928 2586 2358 600 5735 2205 9097 3373 5924 3966 8344 4020 2699 3354
339 133 6343 5053 9523 6226 8105 7101 3802 8516 4803 6222 751 6347 9077 2288 2732 2264 9549 3138 5439 1454 1128 9007 7880 8069 79
362 3073 1117 4647 1774 5531 6880 3077 1546 4047 5351 4893 7996 6695 939 1424 1231 398 5838 4552 5239 2734 5181 9075 3032 6404 4624
456 6978 4035 3320 774 3048 340 9253 5271 2788 9245 2207 7553 504 5270 1813 4854 6580 2670 99 6549 4071 9903
486 7285 3012 8309 4765 6496 9301 2764 5816 5716 1134 1205 2933 3683 7509 4391 4857 6467 374 1848 3862 9675 2051 3982 9347 8994 1868 4531 7088 4901
423 4760 1364 583 872 8343 6115 6454 5605 647 5964 3100 5962 8498 2962 6984 8723 7585 949 7968 7883 88 3261 3548 7776 8002 9765 7797 7751 8787 7709 8491
389 1871 7759 6920 6327 2842 2422 477 1694 2713 6888 4213 8975 2994 8212 5282 3918 9090 9160 1087 7929 8284 3841
408 7852 7057 7652 6324 8896 6270 5260 5308 1311 8644 535 4056 5781 8434 4024 9225 7478 3774 2643 2858 6054
192 1986 6889 6503 7952 5085 8294 7677 8227 7120 8057 152 3967 7715 4257 9541 7983 3341 1778 2057 3012 5507
432 1736 2555 9777 9933 6191 5973 8636 8154 9007 5108 8823 6908 8046 41 3790 2599 4646 6938 7762 1560
324 6643 8352 9348 3122 3276 6131 2277 2067 8276 9890 2695
27 3521 2437 7786 1405 3964 427 3135 6311 5064 2382 4051 7773 6825 3721 1708 4192 2722 3445 9902 447 6178 4728 3074
338 4890 9579 2095 9717 1746 3348 6602 291 2935 5049 1199 2004 355 5962
179 5507 719 4069 8135 2288 805 6582 2391 2415 2937 7197 1540 4584 8733 1979 3805 8557 9641 3023 412
356 9931 3004 7193 2736 427 1769 5721 3732 5134 3410 8041 7251 3550 1584 9079 1451 3376 2643 2327 6613
479 200 5899 7880 1227 1535 478 1978 9798 6978 8484 9592 3214 9661 956 566 9514 2080 8378 9965 1374 2704 1625
452 8580 8245 2327 1125 8344 5695 1360 5762 343 9945 1656 425 5287 6852 3192 3574 9113 979 8512 3877 1496
444 5869 7526 9533 2340 2879 987 1728 2343 385 4824 6014 5390 8431 1972 1122 6195 2486 2406 7500 7742 9119 3633 6139 2240 2166 3012
454 5762 8445 5748 700 8812 4300 1264 4347 457 6312 3383 4206 251 8118 3182 516 2518 4526
292 9050 6331 676 3190 1265 5482 6029 8782 5846 7630 6619 3590 6920 7207 1198 4668 1638 1244 6199 2693 3160 2613 4340 8406 3111
341 2673 8663 9073 9377 7895 7452 7290 3199 9336 7972 2635 9540 1587 6986 1236 8843 1246 7005 6141 1527 2643 9777 7123 5412 90 3830
224 4212 9315 7459 7950 787 140 6672 1999 5237 9193 9766 75 593 6279 5702 6014
145 9586 5815 1935 6184 8044 3656 2165 1593 1606 1884 2269 6035 4166 8705 788 5873 432 2904 9007
417 6137 4326 8387 2423 5661 4984 7049 7713 1651 8660 6494 5259 7718 1598 1240 5689 3045 1193 4501 4786 5762 5962
487 6675 7902 1436 6773 6062 8885 8939 5651 5715 5880 4295 351 6696 9177 9171 1510 8050 7678 7336 3885 8618 2136 2114
182 8495 2598 1868 8176 2537 6511 7474 6044 8700 5567 3021 603 3566 1213 8243 2728 590 4151 3023 4487 8505 6837 7454 2175 6815 6613 5412
481 3783 8235 4314 9265 8134 3877 2292 1366 8320 4755 7708 9384 3193 24 3536 7418 3526 1890 7962 7429 6938
268 5149 3103 3753 412 835 7448 8531 9194 8092 9845 3905 8358 6086 1585 777 8351 8193 8228 8093 2902 7976 7949 6082 6584 1736
278 2943 4624 6982 7888 6298 898 9968 3792 5581 7789 2323 9728 4903 4837 6528 9443 851 3506 9393 5120 526 8210 5097 2288
392 8987 3936 8734 2071 8312 567 2220 9519 7440 4454 3419 4432 1421 8580
72 9836 2730 4107 5437 9709 6423 1931 745 253 205 5019 9842 487 7519 9580 1434 4567 5055 9028 5543 5544 9637 856 6064 3521
378 183 6101 9040 8649 2828 8193 8214 5326 8830 5583 3982 367 4116 4694 5807 3782 5698 7305 3464 7988 9107 352
206 6464 5359 6054 463 8533 9172 4037 6617 5604 935 8336 2113 1893 1647 5532 2579 8143 3323 52 761
219 8994 3172 3240 9576 3106 9048 273 4223 7185 7012 858 4990 2418 7614 1672 3764 4692 3334 1515 5948 5072 9720
445 860 726 2790 606 6691 7762 3267 142 7437 3113 6217 4874 9328 3400 6101 5677
202 155 5636 7336 3117 6087 9805 5578 3850 1038 4734 5070 1968 2810 2403 6360 8644
316 4077 7698 2870 5387 8287 6859 1439 3811 8361 9740 8570 9842 7059 6519 7309 4644 9432 2468 663 2589 7880 352 3074
315 2496 3278 3821 6992 9270 5993 5163 4679 98 3396 3528 4683 3954 2083 7210 7254 1299
450 5553 8844 977 2184 5801 5777 8290 4162 4526 1958 9968 6225 3004 8045 809 8764 4613 8026 6469 8089 2100 8068 3023
100 2847 5662 574 4537 8803 446 2288 3144 4781 8510 497 338 1861 5664 9944 7153 9795 5341 9848
209 2212 2155 8798 6020 916 8942 2957 1621 1991 3622 7459 5850 7732 3553
160 6326 2739 7709 753 5871 8363 3354 9013 1904 5402 4741 2938 3494 9995 1051 2186 2204 8635 8098 5685 4812 8293 3509 9244 6101
404 2476 2 3465 3032 4909 5762 1646 597 976 3904 6556 3783 9818 1668 5059 4386 6575 6454 7296 925
477 2156 7652 3173 6899 6482 719 1319 4123 7772 4243 9494 8000 6200 8728 5821 4068 6804 7527 2922 3894 7833 2121 4199
391 1167 2239 7435 7706 1680 5762 8168 5632 1788 4292 9179 833 6004 7380 5390 9244 2121 6778
50 4699 2302 1332 9501 6940 1953 235 6478 5783 6789 6958 4490 8621 6579 7732 925 1121
58 1498 9619 3916 7162 7413 8724 9708 4129 3309 3532 4334 7671 2037 2098 6620 8655 9299 7219 9701 6137 3543 6030 9955 2480
482 4362 6428 9791 8174 5676 2240 6196 767 2896 5507 9265 1865 2519 6290 110 7359 1995 8314 8617
245 1058 489 624 9868 641 8447 7366 4521 3018 5641 5147 3111 1979 6938 79 1934
147 3675 2711 9283 6744 4730 804 9901 1156 32 1016 9667 781 9403 1103 9402 2229 8840 4531 7669 8387 7883
443 5909 6899 2013 7060 6827 7920 287 7438 3417 4293 7153 862 2555 3523 4358 7736 6990 5386 2655 2087 2134 6938 6613
93 8756 9478 1293 2319 1185 2532 5906 2240 2335 476 7200 9654 8208 8023 440 8018 4912 8065 8531 5871 8495
301 2978 3743 8056 5862 3241 2375 9761 7691 2288 5617 9310 8997 5841 5340 5598 3936 5748
239 1790 8081 4661 3095 3555 2750 1112 2615 2263 5042 43 9012 7828 7033 5454 8396 4753 3614 2932
381 5248 1734 8495 2817 3877 9968 2533 1571 739 3242 9356 3325 9301 8492 1005 9595 2243 5437 5916 2600 5715
199 1149 221 7568 3728 9043 102 8340 7086 7859 9236 8564 1328 1639 7105 9392 7071 7391 4220 8757 8844 7551 8663 8332 5962 139
366 207 2121 625 792 5295 5902 5951 6534 5715 2864 8647 4536 448 5081 2623 8075 9829 7198
365 3261 5826 3567 5389 686 761 6768 8172 991 1669 701 6280 5678 3322 8999 6916 37 1145 7658 1299 205
71 8711 5948 7732 979 9917 732 2794 1429 6744 921 7272 5393 8278 2549 4362 5017 3155 2984 2648 5824 116 6177
330 4134 3061 6869 4728 2911 3012 2049 5183 7924 9232 9930 730 9617 5625 6792 1365
387 6470 6613 9521 7709 2624 9007 8687 4173 2685 5595 2915 4679 4319 8406 7985 4340 5814 907 4955 6922 4728 5546
326 2679 1380 7293 8105 6633 1267 2013 5559 2413 5985 1787 8788 198 7362 6987 1375 1289 6115 3163 3376
359 9713 3651 6924 84 691 133 2591 2798 3623 3877 7682 2541 6713 1925 7869 8950 9968 8387
293 7252 5052 7037 1465 6355 1352 7559 1177 5530 1207 8215 5360 9001 9380 8043 5437 5715 7413 9244 3012
213 3230 3681 8507 2190 8338 1442 442 5960 9866 4764 5986 8430 6537
122 135 295 8428 6254 1670 9775 6387 2555 2344 8319 5027 3524 5179 3609 4786 7266 2602 177 2723 7488 7836 7147 8507 6447
376 139 5156 7694 1929 8269 8508 5655 4898 2810 2744 365 5867 205 1868 6506 4031 4820 4296 3115 328 7820 2327 5569
431 4822 3865 2128 6100 9720 9435 9751 5950 8582 5162 3086 5817 1548 1901 2767 7734 7816 3894 7934 7736 8893
18 2589 5437 6502 7120 4340 5933 2298 9047 9451 5343 4813 321 5942 9976 813 6249 1536 3900 2052 1989 1422 3836 7517 6458 6672
212 6739 979 7254 2147 6149 7904 7153 4541 1153 4901 1343 9997 8275 203 2293 7974 705 6595 6939 8520 3854 9003
40 2175 6946 9632 329 7233 5400 172 81 8133 6367 7095 7393 6416 4060 3877 2904 4762 558 6263 7157 5857 4639
223 2 4180 475 6404 9600 5474 6893 8907 3012 7173 9244 3008 3958 5592 1979 96 3543 9969 9749 1776 1308 1257 8327 4531 3498 4431 6945 9075 1625
343 3456 8978 6902 816 5432 8882 9778 6452 520 49 4144 9968 6141
249 3883 9075 1505 5099 666 1212 4607 9270 765 6412 4079 4333 6800 3151 4942 2103 7292 2273 3830 447 3395 8702 4907 9463
261 8685 2595 1528 1613 1920 3154 1337 5631 7296 2717 2643 9046 2659 1379 2310 5673 2566 935 6721
295 8140 2607 5995 3581 7977 7036 4531 9876 9008 6518 25 4757 4869 421 1 7552 9533 8134
483 5163 8733 2003 3 8856 2577 7434 6952 7597 9029 7563 1340 8841 1979 3388 4860 8749 2208 5190
451 5860 8748 8848 5917 8212 8967 9565 8350 1615 4573 8744 8148 1874 7826 7249 3600 8307 3914 2239 9615 7586 207 105
428 3789 946 6898 6603 6153 4774 9912 3602 7262 3433 7307 4746 6286 2858 8941 750 4385
319 2064 6676 3700 6666 4786 2998 1542 2850 8864 3058 6233 7455 1002 984 2538 3012 2422 6101 3982
163 7413 5418 5677 9007 7318 34 2544 321 6560 5647 8387 4242 9408 360 2777 1121 6036 1817 7438 4890 5437 7949
274 3491 6323 5797 5825 6060 39 3642 6309 1353 7516 7558 4688 5327 6537 2063 4020
354 5849 9027 254 8183 7736 2630 8693 4238 7570 5368 2986 4731 1393 2195 6153 958 7907 8879 2757 806 7517 3944
248 2858 5247 1105 5810 5122 2318 5348 1441 9347 745 7438 5268 250 8756 4815 1271 9197 1843 2246 1498 1807 9421 2224 9453 9129 3339 8212 8375 5412
197 1546 1353 3882 1534 5064 7720 5962 7024 514 8719 9260 9932 6472 4364 7377 5481 9290 1803 6917 6261 6544 8053 5458
442 6139 3331 3074 454 1040 7560 6997 2985 6346 7383 7247 4413 3754 128 6654 4107 658 6547 5821 9842 5099 9930
253 8116 541 477 3195 925 4399 3762 1950 8589 3113 148 8987 1662 4597 4012 8035 4356 4810 7863 8142
369 2058 7932 7631 380 1772 6586 3621 797 1440 4076 6522 4357 4020 3184 8248
95 110 780 8125 7447 4912 2412 4580 3820 8300 220 6393 5856 9850 6203 1261 3943 6136 4419 2962 1452 7285 4801 4176 9465
3 3597 5946 703 9299 6077 2299 1640 3326 4795 9529 4237 2666 5547 4663 2258 3434 4035 6613 8293 3468
457 8935 6046 58 2753 7881 3398 7397 1412 8751 3184 8624 1012 2835 3499 7883
401 2867 9607 3020 8920 2662 3316 528 1296 5457 6205 7486 6547 5207 4044 4901 6363 483 4320 9110 4538 5326 6899 9834
355 188 6681 6938 7751 4313 4574 1607 5740 9883 608 3271 7501 7215 4976 6934 7294 6554 7732 7791
80 8863 7160 8470 8810 4315 404 7621 7567 4906 2527 4590 2356 2413 6537 4765
128 4060 4679 9822 8218 2000 6778 6640 7770 569 3631 2294 6054 4559 1561 4662 3106 3137 3161 348 4314 7029 6785
139 2407 4691 5292 3520 8331 79 4198 1950 3625 2242 2511 3749 772 4097 4415 7179 8920
153 6920 7615 8130 640 6895 8233 9636 3661 5068 5131 3885 2709 8386 4901 8150 983 2421 6764 7666 199 9625
188 9635 8077 4281 3937 7027 7680 6018 3282 183 8676 8443 5381 6929 6251 7163 2240 1524
393 9940 7200 1984 7948 9290 2146 8286 4572 8373 4923 5350 3330 1582 3140 4488 7422 644 3992 7049 427 5307
216 177 9224 3408 9197 6809 2417 5142 914 9534 2345 6498 9098 8438 7471 657 3207 249 7438 8043 1774
129 2321 8188 9786 726 3948 9145 4133 7699 7021 3735 5769 5991 7132 3586 753 2
471 7874 5471 9301 148 1019 5911 1988 7108 2859 2817 1275 3133 5473 5010 79 3050
272 3285 6269 1923 7852 3758 8912 7 5038 838 9669 8708 8855 3889 8716 2708 7044 8153 2918 8924 6209 4643 5766 5269 4463 5340 9007
185 3981 951 5607 638 7153 7146 6281 3736 9159 4340 7055 1814 267 4956 5563 8199 7186 745 6387 1614 4450
196 2109 7641 5443 518 3074 9861 9833 3087 1144 423 6201 9660 2118 2892 3370 5349 9583 5715 7413
136 4948 2327 732 9299 904 6805 6316 2626 947 1938 5056 8541 9470
254 3232 9955 9518 3561 8722 3052 9742 5388 6843 2969 3820 8678 632 6119 3059 6407 1607
234 3961 8005 2176 4310 8880 2746 6650 2902 5921 9385 7732 2797 5466 752 9858 4649 7093 6981 8706 5099 3522 5064 2491 76 79 2621 8620 2595 9461
60 6748 4429 7569 7868 1463 7575 3696 6197 9971 9039 9589 897 2457 2808 6803 5580 6161 4527
318 9982 5006 3225 2112 2168 1081 9739 7014 2251 7381 3342 7183 5761 3142 5880
424 5194 7883 2569 8375 2505 4985 3975 9398 979 7852 3585 9959 7543 4502 5169 5298 4892 1797 935
465 2773 3432 3326 5788 1800 7788 3885 2189 259 981 6778 3897 5980 8702 9215 9558 1627 4928 8524 303 1896 3518 2936 3926 4152
140 372 8125 3474 6257 1044 200 9741 6381 7792 818 3664 7340 2610 8532 6830
235 395 9428 3863 8852 6530 3894 6174 602 493 3984 1443 4054 5583 4496 1875 3763 8716 8994 5307 321 4314
78 46 8671 4348 6729 8552 5515 7004 5996 4797 4468 8822 7616 4733 1678 8853 8389 1688 550 2274 935
146 272 5982 485 3758 1471 5078 5275 4835 6818 4500 8819 1780 197 4507 4423 7333 8816 523 2611
284 7740 7670 3079 1377 1775 6635 4117 8794 871 7945 7741 9907 1136 8717 7274 3877 745 2240
135 949 2857 930 5869 9461 3700 78 9839 9793 7321 7457 4073 7575 5624 171 3927 3950 1770 8387 4203 2962 7153 7880 3074 1134
120 5715 3395 1081 683 6747 8832 2559 9820 3538 8652 4737 2766 2099 9960 7609 2755 6054 9244 7012 8994
99 496 9465 4423 6415 6030 5458 4285 6105 2982 1277 2384 6025 417 299 9991 7312 2018 5622 2209 1072 4418 454 5097 227
490 6170 5889 6555 425 8578 9930 7444 1383 5340 1299 6746 3716 7371 7774 6700 2741 8986 6827 5748
256 148 2121 8248 8807 9233 2185 2992 238 1369 9342 3127 1362 3399 7505 7403
164 4345 4176 7992 9301 4664 3497 5412 2673 5375 7088 4735 2962 8367 163 9217 9848 1626 827 3108 1342 6949 1383
118 4317 4343 1157 2409 1686 1329 3894 7647 2617 82 3702 3835 2565 698 7469 8186 9819 1479 9363 1455 1323 2240
360 6153 5780 5437 1668 513 7978 2307 8388 5406 6584 6778 5751 7606 8051 1784 9223 5299 7134 8220 2317 2867 1791 1571
109 3914 8696 5286 5322 8342 7050 4210 8442 83 5295 1461 2050 4191 4849 5041 9183 7327 8600 5111
14 5326 5270 6460 7579 8453 2865 4972 1262 7205 2616 1666 4703 3176 1911 8277 3371 5127 9276 4170 4352
220 6351 2 2670 8332 7285 718 2029 6417 7350 5467 9582 5746 167 7633 5637 3641 8914 522 3075 9075
323 1791 6092 3783 4013 8666 4271 915 4953 2092 428 1927 4022 9083 4728 6482 8994 1216 3885
149 7521 2970 75 9669 7259 3060 1317 4510 2006 5561 6531 1558 9889 6204 7280 6359
121 3521 6082 1299 3144 5688 7030 8387 7860 9202 3728 8085 2240 684 6775 1559 4167 7565 3725 6467 84 7252 7039 5677 5715
492 8487 4004 9957 7771 8307 7754 4823 8639 474 5572 7156 5119 9678 8994 9535 8689 2840 5763 8794 5373 321 1429
491 5898 5643 4951 6451 1132 44 1120 8083 23 4195 8160 7148 5529 7544 7153 3377 838
282 9138 3505 7922 1784 937 7169 7965 3798 6244 8722 5666 1871 5097 5149 4459 580 9940 2471 1767 317 9640 9992 925 2121 7240 7997
21 2393 5301 2266 4954 4354 2244 296 9244 1564 2761 9859 1524 7716 4311 896 3501 6125 5167 2904 3783
279 2223 6692 2077 2288 3461 9372 4272 3031 3077 8495 5053 4174 5900 9784 1406 5132
96 4909 2274 366 352 2215 6675 1363 3643 3846 4480 2315 2997 6003 1355 7949 7055 6082 4020 2182
65 9697 9255 8713 1341 1625 155 944 111 8061 7782 6956 3394 1695 5888 563 5511 1546 4390 6423 7481 5643
6 3747 1084 6332 6365 3485 5112 6954 28 305 5956 630 4412 2460 6938 1496 7641
77 7240 6604 5248 4602 1581 6743 8179 4945 6896 985 1226 5449 6410 6642 6565 1066 4360 3316 9989 7485
32 9374 3830 6292 5166 9181 9211 8523 3220 7323 8515 7627 3012 5752 3166 7382 5370 1557 627 5548 3236 4199 4378 552 1763 8812
48 7659 4717 6099 4526 3146 7038 7335 1289 3530 9716 8959 4040 3936 9591 1061 2222 9555 4189 8159 1752 3828 4661
460 4619 3395 3160 6011 7099 5026 4352 9094 1794 5564 1452 438 6176 2055 8481 9198 8837 6401 3074 5660 2171 6085 9852 1796
167 5775 7820 5895 3507 3905 9649 9316 1722 6 2286 1941 1092 6671 4588 7333 6050 3660 1774 2137 943 2856 5429 6061
296 6075 6538 813 2538 8130 585 61 123 9616 7504 8683 3964 3593 965 7557 8449 3547 4792 5338 9404 6827
405 9464 1657 300 7434 7429 8910 1495 2345 5141 738 6467 8089 7008 1731 6129 9199 2660 934 2434 8114 7679 3982 7017 1390 5130 1123
388 1354 5323 5356 7864 2308 3251 2537 647 2555 9355 721 4438 1520 3803 8513 3105 3195 1134 719
91 6398 8918 1287 6403 8087 5861 6938 6216 8198 1948 1822 2121 9319 5043 449 8850 7583 9683 6221 2475 5054 4783
353 8716 7013 2699 4539 7351 300 8765 8124 4420 2240 9931 1876 4660 6780 7810 9812 5493 9035 4628 3543 199 1204 7517
208 7545 358 5178 2917 4092 6883 6248 8130 4065 8604 4228 7759 8646 6936 3996 100 5072 147 3543 8690 745 7713
449 9733 2422 9036 6967 3158 6465 4497 1491 9961 1373 3580 882 5998 1107 6759 1782 3756 6005 9422 7922 5219 9638 8528 9842
377 2489 7367 7605 8526 5250 6778 8732 5762 1190 7646 80 9700 5489 3824 4624 8686 716 427
62 4168 5609 6509 9968 2792 5218 8592 4836 1773 451 633 63 7801 5217 7835 3784 8881 4308 2155 5412 9533 4035
298 7396 8111 5430 8441 8870 8698 8095 8529 6523 4475 8456 2553 7415 6712 4807 8722 8634 3838 9407 2264 8005 76 3894
488 8908 4504 1779 1169 4464 9262 6083 6358 4816 3717 1529 1730 7534 9413 5341 5212 6847
207 9993 2240 1020 3427 6060 5126 6482 3025 7115 3535 518 3098 5086 7550 4154 5107 7909 6239
112 7811 1348 8600 4269 1328 2543 2466 4289 6490 6193 7574 8878 7903 8440 2682 9533 786 2987 9013 4352 7133 7575 3507 1750 7997 79 1121 321
266 2578 7938 5385 7143 2117 6692 997 7496 7714 6211 2628 8088 5495 9709 973 8134 3144
226 3932 6053 2264 1763 441 2820 4015 4873 1539 486 4712 2536 3920 5050 4311 407 7699
159 7355 4450 1387 5335 5038 1272 4278 5705 5263 8010 4275 8718 875
67 5993 5340 3393 6528 3504 2480 4260 3268 1479 6168 8260 605 5241 6897 4851 3741 8716 7819 4558 9127 8266 3836 2128
28 1761 9522 6829 8043 1140 4400 5429 2164 131 4641 7688 7889 2782 3003 117 4148 822 1083 2799 5040 2456 8004 1149 9968 7120 4855 5412
305 145 7762 8236 324 369 5920 2833 1202 2678 7873 8064 3668 7652 1050 8687 6771 4377
83 4834 1358 8043 4057 2986 2234 3064 9111 3156 126 7730 7601 9448 7617 6088 8860 4971 2001 9548 4021
302 6771 652 8414 3088 8450 6166 6196 3158 9302 2697 8137 1315 9027 4761 4708 374 982 1914 2643 6334
344 9349 7880 8027 5898 420 2666 8677 9843 1125 7899 352 1588 8896 3366 5926 60 3872 1727 2548 6588 2970 5507 6584
243 8462 780 9395 8528 3044 2232 8889 2288 9391 867 427 8848 2061 9988 153 5706 8450 7524 6601 4720
306 6630 1557 4528 7138 1256 3114 6913 6054 5630 8119 3337 8937 5366 7180 5508 7656 2338 3796 7296 79
347 9545 456 3102 5698 354 1175 4633 707 8770 1774 1956 6394 3902 8413 6882 1371 1734 6652
74 1083 511 3547 164 9594 6327 8470 1521 5373 3074 7834 2906 893 1966 7800 3285 8196 453 8735 2119 9139
400 4844 5802 3080 2692 4033 648 9185 3263 8970 7278 2449 1118 5754 5220 8374 6228 7320 1979
310 2929 3376 3812 1496 1534 6767 8583 1414 6274 7090 8031 9738 7762 4132 4566 2645 2718 4284 8173 7634 6170 8116
52 7023 9755 77 2731 3638 2152 7083 8259 6258 7867 9237 9156 149 4853 1216 5645 6296
90 3757 7752 4377 1554 1668 1835 8060 150 4614 9041 8104 1060 1942 6161 7697 810 9483 5435 2564 2138 523 4091 6635
29 9988 2876 6616 3909 616 5925 4645 8502 2569 6370 876 3513 8795 9990 4403 4306 8768 9019 3125 2420 4199 5003 7439 2121 2666
241 7202 3343 7742 7204 8572 4264 2320 170 1195 7702 2366 1116 7676 7933 4542 8212 7301 2192
345 6790 3051 8055 9407 1478 5329 4179 362 4199 8468 9836 2126 38 8349 6386 2473 7213 2565 7289
406 9467 8439 5175 8406 4913 6931 6512 4462 4385 467 2696 3634 6144 6862 7593 2962 1982 5153 9304 9137 3512 2607 7399 776 9842 5412
434 2875 4151 457 379 9197 8431 2529 1657 8263 7352 2522 6054 1391 2869 2296 7915
10 7419 1869 2745 1918 1560 9852 8773 6173 7854 7164 8566 2254 389 8608 9443 7966 612 4985 3106 352 979 3543 7438
394 7126 374 5326 9979 9376 6492 1464 2885 5438 2452 4858 2194 7121 4140 7743 9282 4041 2437 9395 8185 2114
328 9160 130 2979 3935 1281 244 1255 3244 1867 7883 6543 3885 9771 4648 1919 6001 6538 1617 6397 3074 1383 8235 3781 3704
68 450 7790 5866 971 5294 9114 2474 7821 2340 964 6787 9303 2961 1395 2237 2939 2398 1102 4032
283 397 6270 989 1987 6178 901 5192 4901 1077 3998 4513 1943 3312 2515 9298 3017 1348 8155 3907 2458
190 5043 1164 5386 6049 6470 5164 3958 5369 4674 7839 4219 9566 4421 6192 4074 5215 1105 3817 4909
385 3363 7296 8284 5862 1739 871 3072 6102 6677 8362 3304 4977 6615 139 8535 2721 1098 2552 2604 1124 5505 8269 6190 8922 6429 270 227 5997 2554 7101 6134 4664
327 105 56 4352 7369 3684 1195 8462 5143 744 3379 2784 1106 883 6762 1798 1218 238 1523 7413 1907 3543 1049 5557 4341 7969 4624 4949 4282 9264 7153 4345 8140 3104 1555
133 5543 5253 6360 8986 1984 7762 4254 4798 8365 9162 4766 2227 7389 5399 5176 8190 9327 5009 8062 4188 6044 6731 4377 9545 6428
361 267 5964 4941 9031 5659 8484 3403 7556 1256 5280 5244 2314 3775 7238 3888 3298 1085
61 4203 246 6918 6623 5526 1429 3381 4878 6170 9656 3016 6735 9484 8408 6000 2822 131
203 2685 979 3376 761 252 2894 3963 4973 1183 8688 4714 2005 2562 4175 8916 2104 6138 6007 2301 2870 183 399 6778
435 5639 1665 6921 6436 3840 1293 1361 9239 9545 4309 6463 7883 9025 5484 5265 371 2501 8462 3111
51 199 1248 5821 2768 5458 7833 695 836 9852 5151 2255 7484 2034 4651 5077 7306 9191 5535 1324 5748 6049 6458 8671
230 6049 7657 7210 9139 2787 3054 881 592 8444 6661 2048 9123 7224 4678 2962 8711 6161 6672
7 2983 6258 321 8776 7618 6653 569 5254 7177 6613 7980 8555 6237 9235 7566 7137 2429 7473 5799 7650 2962
348 412 2465 7998 5912 8586 8632 7045 1351 7296 4053 1343 1667 5004 9921 1503 9946 1514 1543 4749 8343 5880
87 1850 2643 960 945 3871 1806 4359 1310 517 2903 6598 1962 5703 9431 4087 1162 2295 5639 9078 352 1238 1292 3316 9968
258 4997 8784 33 1457 4742 8105 9551 2874 2033 5144 7427 3709 8326 1238 1299
497 4626 9646 7454 2179 5560 9 6850 3452 2447 8132 4318 5999 7392 3783 6692 7709
150 6538 3022 1238 3509 3528 7167 9904 6071 7681 3783 6639 3819 7781 7055 887 492 7358 4767 4557 3722 1093 9139 8495 2155
92 9551 4870 1141 8058 1933 4670 9187 3408 1738 8496 6482 4169 3208 5609 4754 9961 1334 1232 1105 7699 4967 6021
415 9903 5239 1809 9135 1223 1348 4957 1541 7746 4325 1180 2774 5715 4814 3130 4512 2182 6961 8195 9483 2630 4962 9968 6635
413 675 4108 6074 4444 2265 4788 304 8910 8419 8021 352 2612 4882 2643 1426 3742 9450 7806 7433 188 4456 1833 2752 9129 5810 4199 5322
462 9023 1204 5434 5674 6915 2608 6134 2135 8653 175 5804 2924 9306 1000 5779 2517 148 1552
410 1174 8498 6705 5784 7085 9330 7737 349 3479 7790 6647 8490 6226 4153 6440 7206 4062 931 6655 6049 9903 8832
382 3533 4886 5748 4234 2416 1786 4840 3069 301 5396 6545 3610 6426 5521 968 4331 4901 7474 183
134 3869 9270 3210 2837 3481 3338 5849 4671 1724 8740 434 7232 2807 8401 4442
114 2818 7243 6672 8167 5412 7131 3869 3434 8189 8429 574 9386 8742 8463 2359 3758 5895 6959 1821
390 4784 6029 4020 7545 7968 8797 935 5737 548 159 5224 9528 6734 6827 834 233 4669 5288 8250 2361 9770 8171 7009 560 8335 9478 3937 108 183 4311 2
493 4787 7806 6949 622 3876 3697 3013 5554 6331 7824 8527 8680 4710 7695 7043 5954 4870 2773 3830
105 7219 3630 663 1542 2806 321 7961 6970 6567 2863 7975 3432 1668 8473 122 8753 4933 3866 9291 7082 7490 9224 3255 545 935 5458
439 7179 5104 4286 3064 8030 250 3207 6673 8491 202 3167 323 2270 4136 1307 8457 472 4730 3331 1981 1042
170 3371 7787 8418 6842 8200 6573 7285 2249 5859 9520 2132 2825 3887
476 8512 5014 2685 6327 613 7643 1299 502 2965 7353 3991 6584 9577 799 2373 5372 5283 2427 6011 3135 7545 8910
240 2932 1137 3830 4414 3236 8887 9898 1181 9892 8150 4416 6140 2771 2182 7088 3111 5145 6302 5456 6547 4831 2844 431 5417 408 4855 7513 3561 8907 7001 7517
144 6198 1702 3476 9205 8554 5997 9138 6112 511 2809 2595 4328 169 4758 8725 8786 6732 783 2175
15 5349 9014 2085 8293 7780 9443 889 4481 6537 5880 4793 6766 3296 9459 2472 2196 5512 9467 3753 732 3982
270 3453 3753 6359 847 4924 5034 3415 1160 3074 1650 988 1316 6672 7917 8489 7758
332 3521 5177 4216 7423 2341 8400 7921 5877 9730 480 7194 8559 2889 4340 4776 8130 5340
317 6458 9829 7598 6550 5668 1345 9804 4970 6702 4937 2875 4274 7342 6110 9275 1602 1349 9474 9010 5064
250 9265 6672 1067 8033 3467 6181 7840 1906 1210 6585 5029 5437
13 3841 7048 5525 6867 722 4905 374 6979 4314 138 7226 8386 3588 3172 6348 3189 896 1346 3281 5921 6499
374 90 5112 3545 9089 9244 9404 9842 4728 9149 5790 735 5479 1167 3941 2219 6832 3200 1764 5758
9 7586 5155 9398 707 935 9903 9021 6611 4397 3718 4832 9677 3669 837 8428 1356 4170 4494 3382 3652 8830 4740 8498 4246 5310 5251 9301
47 842 4558 7260 190 9623 1368 4531 1785 1631 9101 7590 3279 2674 5822 9754 148 872 7419 5880
94 2900 1121 5029 330 7949 8226 2459 4098 9687 7784 5148 4118 7902
499 9215 4501 8092 4011 639 5768 5901 22 1085 1259 716 5855 3521 671 5302 8622 5300 8003 9367 6621 6242 3376 7498 1496
137 4967 5457 9133 2376 9911 7765 748 5031 8898 9842 1339 9219 4035 4214 6021 1194 6611 7479 4525 6504 8022 9594
280 4907 5095 5277 7542 1774 5397 8491 7069 4377 5726 8042 5558 5223 259 3036 6170 5044 3913 4704 3586 4489 5887 4147 7561 4626 2929 782 1042
222 1079 9347 9735 668 8210 4705 9010 8113 8175 5941 9750 6492 9518 696 9580 245 8772 6534 5715 5794 8609 7949 8043 6101 9197
380 6922 1276 7049 7713 4866 3827 4880 4667 3657 674 6798 1381 7212 3148 8661 8752 9227 382 6758 3103 2074 6701
350 246 3586 9815 4326 8598 557 9573 9042 5682 5800 321 8887 1799 7235 196 5612 6150 9093 8470 7846 5815 1625 7652
436 4091 232 5445 2247 3706 9091 1396 5692 9075 8518 7012 4245 5106 1879 930 932 4028 2560 2193 7169 4561 9731 5775
337 6032 1903 5649 412 7946 4772 4806 342 1291 4605
346 5887 6250 6251 1770 3720 3380 1916 9563 709 5409 5316 7018 211 951 3259 9400 8129 9669 2614 4666 5962 2183 1645 1477 2842 1385 6296
211 3012 1566 1134 9116 7896 4080 7163 7316 9430 6390 2125 2781 9862 4517 3792 3435 9331 8780 1353 3951 3020 3707 8644
448 4341 759 3374 7728 7699 507 2062 496 2149 1683 6258 7993 8569 9199 6839 5573 6577 4994 8345 8506 6739 7240 3163
130 7607 8539 6810 3153 6103 1789 1127 1851 6164 4999 3822 114 8667 2407 8134
54 9615 7120 1252 7989 8486 6516 1799 8539 5462 4453 5013 2026 2672 4182 6632 2478 3728
8 6236 3092 8787 3895 760 4787 1197 3678 6503 3792 2516 9884 4161 8202 3144 7997 591 5413 3630 9699 9259
86 2349 5758 6797 5838 8306 3894 6928 9409 9710 2390 1880 1007 6500 7126 3677 6574 757 9506 2733 8484
41 9640 2100 3249 1154 5548 9602 6391 1034 6213 4314 3552 2890 7894 9984 7672 1810 9781 6157 1524 7355
158 4958 6044 3751 7622 8881 3261 4401 9238 6447 8998 7893 8800 6831 4562 7547 5670 9207 948 4654 6725 321 3845 3783 1580 3012 9129 7883
44 6258 8830 2752 7141 1864 4029 1097 3894 7581 5658 5395 8360 319 8134 3243 1754 9578 928
231 3256 6155 8067 4514 5869 6299 5470 5371 1014 5007 9103 8418 9238
311 776 2480 690 7517 2202 861 4871 3708 2289 3852 7443 992 8158 7201 9205 9114 2739 4176 7267 450
412 3926 8830 755 5500 2288 8831 2114 3704 6434 7481 6040 4240 8036 4258 577 4435 4779 7174 6067 1691 238 9139 6534
430 8931 4199 8644 843 9254 9515 819 8052 745 1552 325 8832 4336 3082 2719 9496 6455 688 1945
246 3113 9032 9115 1878 6622 6163 2518 1048 9873 3083 9615 9457 4594 9877 2081 1415 7240 4901
297 6875 4985 7759 4901 7664 5752 7829 4727 656 8556 5904 8221 745 7610 5656 2769 6165 2592 3202 5208 5467 9848 732 5053
358 3050 8028 6021 104 7981 241 868 6380 5074 8420 3542 4968 3005 3836 2058
303 6030 7762 7457 1858 1619 7692 9942 5345 8368 7506 1888 30 6327 1028 4352 5048 8991 3146 418 6020
379 6070 8069 5621 9208 6234 2483 8890 6955 406 3847 62 8364 7282 1912
321 1763 5523 2846 1905 9354 9218 118 9659 2226 3795 2707 6568 7949 2233 5011 3650 4846 9043 3827 3164 3584 2962
69 867 5580 2603 9688 9671 8894 3377 1330 8480 1841 8134 7006 7626 6030 6753 7530 1343 9906 6154 357 4908 8116 4341 427 8994 6492 2240
255 7392 8888 6909 7347 3074 7699 9043 838 2981 2167 9935 3111 1611 1760 9076 6349 6020 4745 6428 1934 7410 3885 3836
294 8566 7652 6712 5798 8973 3989 2070 3666 6175 5848 2910 8102 5413 6537 7949 2010 229 6374 7458 2996 6826 7995 5400 5307
322 1898 7379 482 9526 5947 2555 8183 8348 4965 8433 5451 8767 9757 5958 4321 2986 5359
372 783 5416 5503 8614 8029 1454 4505 554 7885 2454 5035 2882 5359 4808 9167 6742 6462 9979 8579 2735 8189 2962 7219
33 2643 8904 6925 8068 4455 8254 8747 7652 8097 8738 2668 4914 3446 7890 8066 94 5471 7740 3032 3602
215 5129 1282 6082 8549 3703 7613 569 4891 3457 9318 8897 1576 347 7104 7285 6187 5869
247 8074 7405 8416 6130 9567 3316 6614 1625 8117 8839 4706 7482 6557 5248 259
157 7997 1900 745 3942 9968 2218 3620 1449 4311 9842 6151 2770 51 1747 3733 2438 727 8543 4276 46 7429
441 712 687 1292 3352 6566 7429 4043 3231 2499 6310 6901 2714 5203 5157 7954 7082 2662 647 7439
229 7367 9666 4002 1877 1579 9199 1955 1562 3986 7122 5094 4185 7722 6483 4034 4723
81 76 1831 6608 6961 7669 838 7056 5441 7858 9070 4330 4361 4409 3152 7153 1577 7368 8164 5762
210 9496 5097 9425 3801 5477 8684 2403 9357 9834 6808 2201 9624 7732 7153 6717 9610 9507 9252 7363 3563 6541 8107 1668
304 2155 7696 4660 9013 5099 3251 2017 2240 7739 7767 321 1957 6283 9848 8501 2555 2605 9230 4587 4084 4129 6332 8957 3799 8994 8284 5254 79 4311 569
489 8146 5219 1737 7709 5240 284 8392 5596 4604 6968 2231 1590 2590 9036 6250 5978 6291 673 8380 2240
433 6354 2150 9633 4612 3023 5103 8230 3707 9139 450 2962 9461 2141 9374 5848 8469 2368 9626 4996 9112 6101 9086 9224
187 1822 9483 1571 4884 8193 1145 2735 3936 5065 6084 238 3023 6218 6305 2774 2114 2325 5186 5962 7991 7161 2909 2365 3860 435 8488 2860 4855 4664
38 468 7077 7410 336 1056 3270 678 1445 8220 3053 2555 6433 331 1200 650 2028 7662 2972 6765 3731
469 5772 352 5730 8270 465 9313 3290 3936 2101 5331 5880 5872 8644 9436 7639 5492 5264 2999 7533 3183 2583 4368 9120 2892 2240 7806
262 8145 5896 4027 1383 7575 6544 5193 1091 8514 4752 66 9160 2096 9296 5002 8084 5634 1055 4404 9809 604 3602 511 8797 6258
56 2060 7782 7756 863 9132 3576 6024 6662 7795 1574 5615 865 6914 8754 7880 9015 5839 7110 9438 953 8968 3422 7519 3961 9008 4199 5788 9533 8130
64 3144 1110 8325 176 523 6765 8170 1105 1140 8809 9069 5322 3277 7892 3482 6227 9547 65 1625 5365 977 9464 6101
373 30 8068 6453 6061 219 5981 4367 6338 494 9538 8289 7813 9444 5194 56 662 2962 4852 3361 8125 9916 5704 7120 5232 838 1299 3982 2264
195 6486 1625 5362 8711 5771 9545 9865 3211 2680 3662 106 9435 1090 7495 6147 1655 4027 755 3681 2340 3936
244 560 2613 4893 183 8227 5045 1219 5401 7041 3752 4596 5744 9224 3061 6231 8895 7354 6722 3995 3504 7653 7429
498 9703 1740 1624 2161 6696 2712 71 9044 390 6185 259 6812 1181 8585 3635 7931 8384 8711
75 2485 8062 141 6817 8722 3375 1855 4399 9453 5728 6656 9830 9918 1297 9071 8630 2550 1583 113 9493 6470 5101 7026 4985 707 9995 2704
131 7 3146 1956 447 4308 1633 355 5412 3473 5445 5852 3071 1693 9914 4897 7798
2 5445 1260 7795 1658 6750 7429 8681 72 2340 6967 9650 9231 5196 3608 5272 4128 1459 2123 574
252 3781 5572 2 8726 2192 332 4805 132 7135 2966 1969 7228 4393 2329 3977 564 2839 478 5340 2510 9993 7153 3456 979
289 4988 2183 5509 1095 8612 8506 794 8499 5431 8211 2816 830 3624 9480 9354 2615 7916 7943 6296 5412
259 199 6786 345 1220 255 5061 4299 5536 9476 1273 5501 4963 7629 6113 3616 8845 725 2923 8743 6044 3905
395 1223 9120 1710 2895 239 9007 7151 8766 2271 1164 3858 5833 702 5093 9808 2530 4581
290 8858 1752 1981 793 7733 3804 115 8256 8302 6364 8663 6942 4909 9743 3327 6599 5307 8979 356 2513 8284
107 6296 8183 7476 2191 1685 6406 8891 9606 1004 2355 3797 4915 6983 9605 3837 6471 8595 9573 3425 4962
396 5547 9930 4561 1780 4962 7684 6610 2958 7899 1930 823 7577 7837 1652 3386 3027 1148 8996 2 3453 1956 8671 2685
438 4985 2136 8953 3985 8804 1838 6073 3174 9423 1468 36 3344
440 4780 7213 6692 8431 6772 9936 6937 1216 2887 5770 2432 7079 969 1314 215 1866 5195 2803 843 5387 8491 2327 7652
485 2426 8883 7012 1711 1123 6400 310 7883 7987 8090 552 2171 505 9505 7688 3035 1829 979 1429 2027 5444 4689 8315 8759 1944 3584 7733 1979
288 6549 828 6458 6671 3541 8157 1834 2278 5696 6266 4784 2657 9199 1720 2031 8558 8011 6715 7361 5502 6946 9023
422 2264 2322 8907 2601 8224 8710 2870 4400 4401 8180 847 3291 733 3529 6116 4736 9057 6101 1328 6396 2470 7429 5710 8169 321
484 7198 6487 2136 4558 8859 850 2737 7599 9312 7216 8252 6356 3269 6057 2453 6002 8308 7997 8813 9155 385 925 993
475 183 2444 4402 6021 4491 9615 8673 3999 4160 9688 9653 7699 109 5750 6146 9975 3786 6198 638
459 8406 6833 5386 6301 9023 8762 279 3428 8538 6973 7284 2633 8961 7438 6709 3842 3028 737 6465 3084 2952 4647 399 2569 745 2986
85 2486 3637 6891 10 6059 6476 6038 6232 8043 6210 4197 6294 1187 1242 9440 3047 5219 2962
11 5304 4539 5756 6465 9745 5465 731 2392 5840 5652 6999 1064 3757 9886 926 4875 9674 2834 2962 9023
367 3830 18 5922 1557 3832 1952 621 4457 8406 8417 3000 6740 634 4008
464 2203 2028 9684 7956 9129 8491 8191 7289 1357 3216 5939 2950 6529 8976 5112
242 3089 6495 5219 2275 8696 3314 776 6267 1423 9698 9627 293 5226 7304 3701 1872 2414 2439 1343 4824
271 420 7486 6499 7485 1125 2414 1501 9668 6547 1149 1481 4744 3043 7436 3006 2024 7308 7619 7576 2 2983 1935 6938 208
117 8874 3513 9292 1402 1994 2555 7703 6648 1080 6464 3758 5014 1573 7491 2948 9842 9508 935 3602
25 108 4719 1572 1668 79 5880 6774 9130 3753 4010 3719 8147 1347 7031 2790 1408 2493 8644 4659 116 6134 9545
375 4377 955 311 7842 8634 5230 6941 4828 966 136 4218 6975 7865 1011 4121 7153 1274 9646 3877 8994
414 1139 9510 8989 2066 6680 2677 3307 9285 4549 1178 1370 9324 929 8204 7964 2568 193 4159 3377 3089 9178 1647 1871
171 4636 2740 9758 6424 8195 2650 9086 7133 1425 4171 7856 2144 1531 3806 9178 9109 4326 5905 6020 4106 9014 5504 1668 3694 2974 4200 7124 9453
173 5748 9908 527 3005 3379 3275 1963 3814 3705 8304 9731 2007 7237 7055 9212 5346 7844 9096 9847 9758 8812 1117 1642 79
23 7133 1628 5245 670 7456 6986 6428 8938 2072 7153 1665 4884 3418 6325 2451 4017 2349 3569 5025 1336 6748 2155 8293 8125
45 476 2 660 9887 6320 7806 5643 935 6313 9374 3997 8125 1419 941 5154 8867 8992 4181 9533 5887 7369 1657 8396 3543
349 6327 3079 7413 5459 234 9370 4565 2699 9412 2187 2802 7042 4096 9857 9926 919 496 6938
267 5383 8069 8932 5507 6186 7736 9712 427 5105 3543 112 8427 6630 1756 6459 4001 4135 3714 6679 4609 6075 2396 3004 7762 3541 3792 5880 2892
418 3835 1289 9261 2962 5504 4337 4720 575 1145 4819 1026 9087 2570 9704 410 4379 3508 2462 2116 1182 4782 7709 3779 7193
79 9930 269 4752 369 8257 3703 9871 8862 1641 2785 5461 8858 6884 8821 55 6821 3686 17 6833 6437 9270 5446 7852
20 2707 4457 1241 4486 6588 1454 9080 5152 3320 8948 2979 1505 2960 6624 6749 6972 8459 6978
368 1534 2407 2262 1524 206 1979 396 2064 3404 165 9492 1446 9552 4424 4077 5253 2288
281 5783 8790 5067 6752 6487 4035 240 7310 9707 1805 7875 7275 2093 3584 9537 3014 583 3285 5448 7438 5677
260 88 8049 6687 876 2698 1150 4431 4879 4629 2002 8371 3046 7296 9056 8487 1139 1137 773 5233 8601 1105 5934 9196 5966 1037 2109 457
200 8812 3498 9007 2123 9848 2424 1984 4664 6352 1306 3777 4474 101 2555 7699 4958 6065 3329 9977 8758 7182 4926 427 3981 5175 7762
165 210 4433 5868 9543 9460 9462 4577 9693 766 5972 4838 2858 4624 2630
42 2653 2464 4939 1036 7736 2411 1233 5597 8883 7117 1534 7628 8954 5949 4818 979 7022 9545
407 8528 9652 182 4697 5818 1130 4108 4007 5708 3349 5180 780 1052 7654 9060 9050 3469 3293 321 8994 5862 9968
467 3584 1647 9178 4021 1295 8293 2666 5623 5307 9986 732 1134 5743 9175 601 1133 9174 7901 4314 7472 9104 4089 6480 7669
66 4134 6584 412 3562 6687 183 8906 1250 1403 9406 3012 1222 769 9122 3807 9228 3509 935
57 9688 6073 3944 6491 3884 4211 5398 5990 3185 5701 5412 800
35 8900 6447 7039 4628 257 7199 3233 3982 699 4799 8209 3772 8139 221 8511 2240 8477 9783 1504 9000 7651 4843 3751 7736
232 6082 5111 135 3672 9440 3178 4529 7771 3699 7673 5587 6613 9369 1263 9284 3009 741 64 3203
495 5003 4684 2951 4027 5693 7451 3451 2327 3397 7693 4920 6344 5928 5328 4346 9788 7153 3103 670 7791 2340
265 1496 673 5660 1343 8838 5719 6889 7040 7364 5321 9152 8685 5865 1670 4244 5347 6855 1482 9655 2490 1490 2439 1375 1113 1287 9075
357 6285 9731 6101 3241 1238 3870 1101 6261 3539 6449 9657 1299 2210 7399 8421 2687 8247 2422 3945 3007 2558 6470
236 79 9206 6980 2032 7732 7116 7855 2433 7779 512 1717 1234 9568 2575 6019 8587 4909 4230 7133 6327
16 1942 8618 5053 6953 6300 2198 7487 9511 3077 7582 8919 6730 2065 7949 7546 2497 2951 1900 5715 4045 1121 6538
63 8814 4302 2030 2873 2016 6054 8282 6674 8699 1413 5189 2735 2925 4534 3159 555 9903 4855 5654 5089 5277 1298 8352 2
119 1580 4156 5117 285 4855 9711 3969 1301 4439 6618 6659 281 5677 8548 26 9034 9500 9404 9834 7242 8671 8125
194 9219 7206 9807 7536 3496 8337 1238 5962 9449 4988 2892 8951 8346 5854 9643 67 694 954 2182 4151
4 4698 6067 8990 7191 3219 3950 4150 4983 2192 4226 3007 3565 1534 2669 8668 2481 2158 510 4434 6584 1668 300 1956
148 1401 2240 4923 6282 5193 2877 367 9719 1696 5082 5440 178 7325 2339 7709 2353 9903 6461 2779 924 8086 3023
411 2662 4664 5384 8267 3795 6840 3982 2630 7227 3116 1489 2872 9340 9424 1201 6667 3583 6778 6014 979 2288 1668
162 6022 3468 8193 5088 4591 7949 321 4107 6339 9011 3310 6152 1713 5829 9144 3158 7790
142 8893 3106 2074 5365 4749 1752 5391 4365 5448 642 8106 4176 4575 6089 6303 4553 9067 7919 105 5663 9891 7788 3261
166 6347 3043 1833 2263 4104 6438 5732 8455 7930 8876 2060 2500 7406 8288 740 1022 279 6827 6134 148
89 9293 2413 650 307 9066 569 8248 5836 4527 8610 4349 6892 5485 3739 9565 7861 6710 839 5606 2340 3371 1774
123 8958 1534 1336 4494 4842 4616 6625 9990 6262 8571 552 2542 8478 8712 4726 488 6581 6224 7288 1410 462 6980 9428 838
447 2892 3163 3664 1252 5212 8980 8014 4583 2431 1032 2855 1209 7815 3836 815 3213 3873 5843 368 8452 2340 5209 4528 5322 6986 2983
314 1391 7634 7142 1512 545 1050 9256 3345 3409 7155 7822 1774 6477 5514 7065 6230 1940 3682 6375 9405 9584 5080 8994 8462
233 7970 3109 1327 490 2085 7817 640 6382 4187 9148 5284 2414 1246 1383
238 3229 829 7912 6670 609 569 2115 7277 9031 186 6564 1497 8902 9603 6770 7486 1125 935
336 7606 5961 8743 2647 399 5333 4916 501 8789 4035 2014 7203 9841 1428 6145 1985 1397 8631 1628 7413 3644 1625
333 1206 2439 4020 7266 151 756 7092 3416 7663 4707 6741 661 1309 9775 936 5313 3710 4482 5064 9723 84 7874 3836 876
214 6467 6161 1710 8125 3750 9248 9834 5258 4324 8899 4804 9736 2228 9182 925 3316 1432 4672 2235 8985 1731 3982 1723 738 8387
141 4909 9055 7939 843 4109 7176 8923 2567 4519 1616 8127
225 1066 2668 4847 1476 5433 8711 1469 5903 9881 5528 5734 8808 9213 9760 6906 9990
416 3758 1668 1847 7075 935 1041 6187 9359 3690 8209 1793 8746 5276 5028 4199 5075 5247 260 6223 9314 3982 9129 3830 259
82 9114 3723 1750 9160 5869 3125 5171 3234 650 6045 8313 3729 1407 3129 4991 2644 7050 4571 7636 1196 9659 3362 9301 9444
5 2128 9834 7234 3731 5228 4709 427 9637 6795 5182 9129 5064 667 6636 7967 7753 8242 6819 5293 712 3286 3606 7204 3163 5509 7694 7474
312 4627 2526 1538 2248 7787 3794 4533 7248 475 6431 226 2328 5445 3074 5099 9848 6021
24 6734 6827 3203 2927 4078 5957 9163 8994 6583 3260 7217 7246 3891 5988 5113 6327 1125
478 4222 5917 4159 7253 7537 394 7489 654 7400 5715 8615 8141 7564 529 3264 2102 4921 2128 3521
126 8259 2052 6621 1705 3319 2512 5446 4385 4252 9609 1644 5334 5442 8842 6919 542 3880 3414 450 2920 1252 5764 1654 6538 6827 6938 9139
273 1299 4463 7210 2630 4786 7525 6201 8815 4055 3603 3099 734 1389 9366 6099 3578 6219 2443 5667 7480 6054 2240 199
335 921 7683 1675 7572 2524 6627 4026 4304 2440 7269 9401 8613 8223 9806 4377 450
342 1934 7426 3486 4327 8461 2546 6015 4702 4411 1608 1237 8013 1961 6276 8674 438 7652
409 7007 4639 9533 1117 5979 7409 5340 4695 4071 5172 3784 4307 8828 3825 8149 2042 4769 1260 8731
351 5033 3745 2904 9065 5060 5831 1134 8714 4975 3240 5869 8591 6391 2663 9184 6910 2959 5662 8258 6216 4526 3012
269 2013 4418 4507 3673 5862 6855 5138 6377 4071 3557 4811 4372 4693 499 6388 5407 6034 8151 8431 5135 5890 713 4402 6404 8121 9837 200 6613
285 6827 7456 1892 8295 5842 1495 7531 2868 9108 8637 230 7509 6903 3077 420 1083
101 7276 9548 5589 1242 6651 8651 3356 1017 2639 9831 4442 4025 5893 3074 2252 2105 8988 8432 3533 8934
161 9453 3537 8574 3308 2634 205 5742 5124 5379 8465 2389 69 3885 9279 7569 3132 1039 6379 1808 1383 7240 9990 5501 7699 8599 8406
308 4843 8169 4362 2256 5795 3032 9030 7652 9530 7880 7188 2240 2199 9381 9607 7948 9418 5083 436 8707 8827 843
108 9299 1504 9757 3144 5704 7178 7749 3670 8125 6126 1971 519 3360 3949 5524 4690 3527 4859 4317 5784 5005 6071
191 1025 2342 1358 541 9955 4777 8936 7874 9037 5650 2727 8799 2157 1078
103 5341 4350 2790 5005 8949 8911 9191 5884 1762 901 5894 2729 6935 2926 9341 3810 5858 4801 4225 1565
84 1043 286 7604 7796 3222 8239 3910 455 8205 9933 6327 5917 8792 9491 9188 6229 2412 2059 4343 9947 3380 5962 7699 2052
291 5462 7361 7950 9129 6853 5747 610 1937 8628 2791 503 1908 5762 7992 6781 9358 8547 2173 5626 9991 3836
46 3362 1871 8934 325 264 5266 8218 5008 1043 6824 6776 5376 6091 1283
399 1246 9991 4765 9780 9723 8981 3515 3304 1109 8671 8467 6944 5878 9266 1801
178 9947 6537 7123 9273 7936 6631 6360 6724 2177 8834 3885 5556 4791 2402 393 7416 7338 4069 427 3376
176 5340 7296 866 5502 2326 2676 8054 7206 7477 5541 1343 3990 8357 1188 1637 2146 3032 8703 3253 2288 4429 2019
59 1670 2866 6001 7413 3441 4341 9323 9545 8005 2079 1053 8174 3994 3746 9970 4978 3771 2521 9007 7438 9199 6986 3012
257 7960 8532 6838 3755 2704 9964 6938 7170 8995 7956 2331 5303 4986 1458 9811 2634 1731
320 5885 7713 4034 1365 1142 950 9244 8969 3050 6389 1208 8594 1556 3983 2169 7562 1742 2387 9677 9615 3584 1984
138 9337 4170 3537 468 2488 7432 4770 7649 1916 8194 201 7388 3886 5605 5726 5869
73 7968 3728 7064 1611 5910 8812 4110 278 2681 2988 4995 7219 3074 4004 2285 4886 2214 9823 6912 3711 6269 3232 3102 780
49 991 1430 1562 212 8122 9107 2369 4437 2160 4935 2650 1045 4312 1790 4259 381 1525 4780 6258 1984
325 625 1731 218 9259 6306 1668 1059 7192 4256 9453 3567 8466 1466 9557 7119 2593 649 2555
397 8841 5339 2693 247 1510 6698 4214 7669 6484 3839 1303 3134 6101 8296 8406 4960 9141 8123 4967 6851 5199 6570 5520 5490 7061 2875 2986 5677
237 8022 4658 7165 7154 3813 6964 2324 6849 7256 1873 221 7745 8431 5522 8715 8162 5885 6871 2340 8134 7782
455 9169 2741 5006 6815 405 5468 5565 1601 4579 5236 1765 7805 1460 3573 2904 8007 1429 4367 6534
474 3305 7183 6030 4407 2783 1997 13 4286 1117 3875 223 9867 3808 5977 8672 6807 796 7700 7886 3894 9224 2617 340 7285
383 9404 7929 7349 8618 1750 4342 6539 9846 1979 6701 637 935 1010 728 4493 2679 3659 586 7023 2430 2574 5301 3119 7883
466 9083 4610 5700 5923 8966 6693 7707 3149 2313 9383 3470 689 2003 724 1150 3041 1238 3651
204 2458 9654 7919 4176 4232 3186 9722 3377 6281 2972 952 8410 6351 3776 7841 5897 2611 3925 6738 5187 6799 8355 2649 6187 1465 9273 6029 9852
