500
0 3261 2892 5005 1791 9807 148 7474 9021 1470 7561 6472 9195 3469 2645 1207 8413 3236 979
1 2349 8987 205 1924 548 8699 6205 4010 1375 5790 2207 9811 2816 9881 2969 3905 6744 9968 569 2 79 321
2 7 1216 3963 5085 4092 5244 5272 4332 6644 3608 7308 2229 5489 9580 5112 7949 843 2 79
3 7296 4230 3453 8251 4541 2784 6613 1476 5340 1098 5300 6956 5622 5827 1665 9464 5775 2258 4076 6676 1020 7575 6044 7997 9733 979 6692 9244
4 2413 3950 9993 5232 9878 3802 8832 6389 1973 8768 9577 4319 3828 9683 8618 6334 2555 5962 774 5397 1668 6613
5 6676 2760 3731 1396 9169 8217 2396 5258 6986 4439 7467 7834 6915 6617 952 8343 3087 4589 7753 7992 1444 9093 8107 7206 7361 1797 8711
6 2555 4958 3012 1625 2028 5948 6061 5979 5621 2640 6412 9698 1087 705 4412 6826 3660 5470 7413 2288 6613
7 8284 8726 9205 4223 6653 6598 4029 4744 2152 7530 9075 6325 8962 9564 2735 6269 7820 1900 6061 2288 4176 3758 2 79 321
8 8994 8125 7997 5783 8487 9733 8696 569 5748 7842 5228 3188 1452 1615 1472 654 1183 9096 1205 8279 1084 5259 1943 3925 3678 9739 7845 3144 5788 2240 2
9 8498 3113 1822 3723 8352 6062 8683 6692 622 7463 7266 4226 837 3176 3391 5977 196 4869 8162 8495 925 6306 9848 2
10 5981 6762 697 6170 4569 1303 5131 2480 4851 7672 2868 3859 1299 2175 9342 2067 7411 6986 7438 2 79 321
11 4170 5072 1728 7026 9464 1157 9745 889 1477 5652 4875 128 1617 8580 2471 8561 2490 9023 76 732
12 2555 3073 2577 828 6831 389 4626 4500 7916 3499 436 4014 1200 3326 8512 2666 8043
13 1343 8089 210 5188 253 311 7837 490 617 4448 7516 8041 658 1346 1956 5677 4314 4855
14 88 4352 252 2342 5171 1535 700 780 304 7228 71 9303 493 8364 8374 5699
15 935 321 7782 2182 5451 4151 2240 4907 2652 5946 8874 8028 7829 7772 945 6651 2320 7572 602 9393 9019 6766 2959 4957 3982 6376 5783 1668 5677 8994 2
16 3673 7888 4071 9244 1556 9014 4336 7014 3339 4776 7873 5968 3310 7176 7652 3885
17 1123 950 7431 5907 8068 9194 3836 105 2904 2243 1467 1774 2430 7427 2521 6331 3720 6744 2650 6082 2 79 321 5715
18 8005 8332 9465 6502 7120 9703 3268 6931 5064 4596 7000 4213 7815 5307 5479 9202 9976 7299 4728 5237 1989 9184 712 9453 2
19 4326 3371 4060 3835 8858 5155 2598 8221 6696 1212 1133 5269 2782 976 3884 6461 2663 4940 5739 9007 9397 4801 1956 7732 4020 6538
20 3320 1031 3877 836 4126 8639 3377 7296 2272 4155 6694 644 4547 4597 8007 2733 5880 8116 1668 2
21 1580 5509 8017 6400 1796 8455 1101 2986 3222 5126 4954 4855 4816 215 7372 2324 297 5226 9759 583 1546 5437 7699
22 7165 3173 5679 7605 1168 8860 1766 4904 8521 4919 6859 2
23 7153 9689 5409 8754 4306 2595 9125 3418 3790 8193 2451 4435 2574 200 5376 2025 6139 6178 8105 3936
24 454 4176 2123 1528 8989 4945 1259 2071 1867 9835 2937 4664 9532 1576 3467 5310 311 9713 4400 9842
25 3584 9008 6652 8863 7 1282 8959 2037 624 5721 1408 4687 3913 4666 3105 3719 6852 9822 8210 7751 8068 4843 9244 79
26 3836 732 6785 5064 8636 689 5303 3457 3872 4990 4841 1420 5261 2724 2239 3376 1774
27 5412 7055 4027 8830 5643 9496 9982 5069 3174 8268 2597 5834 8473 6191 9135 4556 3984 3122 5572 2297 3943 4662 7553 7296 2 79 321 2962
28 1429 9968 5341 5412 2858 8344 8531 4784 8931 834 9435 1917 4844 4486 5747 455 699 8524 5278 6281 6148 9443 1806 5632 1694 439 685 8205 7713 6049 7120 4199 9139
29 8293 6920 2842 6438 6702 3355 6787 8502 2234 5275 1601 9 8297 4136 7134 2437 2209 7216 6063 8528 79 3936
30 3612 139 9742 9505 8538 1661 1307 2930 2373 5601 5918 9768 8048 7850 2 1496 569 7713 79
31 7710 5887 774 6421 307 3110 7563 4674 115 4551 1230 6101 2555 8897 591 4107 9733 9249 5916 7759 5677 9669 238 2 79
32 4985 4626 8174 7335 8040 6374 7664 5166 3498 6532 6330 9838 2946 84 8523 1871 5108 3705 9832 5903 8197 936 8307 8812 1763 2902 2240 9043 8922 8671 2288
33 8396 200 3393 4086 1737 7883 2014 4651 7885 3008 6187 3032 7601 7281 2059 2934 7358 94 6029 9354 8883 5880
34 9930 4176 1799 5413 151 2392 3077 2077 9241 6485 4513 5417 2680 8792 3360 3986 3323 5939 3073 1343 7699 935 2
35 5156 221 2741 5866 6993 8970 8139 8511 2835 2166 1747 2277 6686 9375 1353 9615 3981 2
36 9144 9187 9409 6467 5912 5505 7802 2240 2322 5491 2361 8689 4538 5822 4874 7933 1555 2
37 2962 9640 802 7744 7296 5408 5982 7155 981 8784 1533 8071 7716 3687 9367 5022 6687 9664 9783 755 269 691 6134 238
38 2475 7162 872 678 838 9235 7626 5338 8680 8065 1468 1090 1600 6109 7733 8601 2003 9903 5219 2
39 1534 7751 476 6060 3958 4717 1642 6699 1345 6198 1953 2016 4726 7980 8716 9707 2199 1763 7033 3525 41 5421 2205 6827 4377 6258 9027 5286 2240
40 8293 979 989 5219 873 5922 5658 7681 966 3167 9538 8573 268 1966 9306 2809 9459 4314 2617 6281 4517 8994 2904 8005
41 574 557 5548 2958 9522 5523 1491 5060 2570 3982 8812 1397 5113 3286 4211 3686 7220 9227 8678 9228 2 321 2240
42 1534 8593 2653 6193 2411 8905 3515 2697 6154 5009 3348 988 3488 5524 8354 8896 4199 3158 4341 9545
43 199 9846 7920 9719 8179 3728 5594 4363 3891 7311 1648 6585 5529 4357 5880 2962
44 9780 4985 6964 7581 9212 7870 9129 2510 8382 2941 566 7548 6447 2
45 9834 6492 2019 9199 9829 7060 3588 4583 7438 8125 7422 4931 1440 2628 2472 8050 7816 3047 2 7219 7949 3261 321 2240 2962
46 8990 8605 9152 3807 3526 8866 9266 3854 7471 5656 9644 8880 1176 8716 2 321
47 6285 6495 8470 3679 8031 3349 861 6582 7828 7962 148 20 982 4052 1081 2260 7361 2304 3032
48 8325 7938 3814 2871 5384 9968 3233 9063 5180 8529 8095 3857 4482 5435 6147 139 4767 6327 2662 4311 1085 6538 9453 8994 7652 979 2
49 6270 5880 7434 4214 1702 3843 523 6587 9605 1789 5195 7309 1577 2240 2511 4297 3774 7954 8284 4314
50 2613 6639 502 9528 4352 6497 3560 1162 6901 1691 4488 6091 7122 4027 5748
51 5762 7992 2768 9191 7485 7833 4401 6301 6071 1439 9407 4966 647 7253 626 5151 6992 5557 408 5920 6573 5748 8941 9615 1025 6938 9931 259 979
52 6938 9244 7699 5038 7742 6100 7755 1740 6925 82 6248 2731 6456 5106 4761 3751 5778 3350 7491 7280 2962 8910 412
53 7699 8414 4834 8549 1666 8168 4326 3356 3416 9770 7577 9028 6363 2755 5595 443 663 2274 5014 6270 9600 3877 6938 2
54 2892 3586 4765 5885 9623 9836 8579 6101 5440 9535 3461 2206 7438 6492 4624 2530 2898 1954 1257 27 3076 838 2052 7732 1134 2
55 9120 1110 4804 2070 7855 427 1919 8144 7488 1634 3014 7330 7623 875 2929 6797 7147 7204 2322 3936 2 321 2962
56 9443 6447 4787 5492 863 3012 3047 8702 8090 6662 7874 7665 656 5615 5564 3566 1262 9921 9336 8214 4096 7552 5902 5917 7880 4501 9265 4199 412 9533 3982 2 79 321
57 4539 9716 5969 7333 1390 1557 8199 342 4696 6013 3185 6987 4526 8994 2
58 8756 6137 1770 469 9684 3543 3916 9619 7864 2544 2677 3732 3565 9869 4140 9450 2225 7153 8428 2106 6980 935
59 443 1774 22 9007 600 7989 6812 6897 9840 4950 9738 8752 8368 6902 941 4723 9545 9970 8005 3012 6082 4035 2
60 8883 9892 3386 6197 7508 1016 7903 412 1053 3281 7479 2457 453 7929 8697 9443 8491 8043 3936
61 2900 5301 4972 1122 6241 364 4419 5008 6708 1979 8225 1638 2554 3894 1923 5340 6547
62 3232 1900 6727 5224 2240 2662 1682 6381 451 8102 8346 7413 1225 7835 3423 9900 4093 5412 7213 1121 1642 2707 4035 5307 427 2 321 2962
63 250 6054 9518 1175 5390 6541 5497 5804 1785 4624 3907 8953 3138 2460 5988 508 847
64 3144 560 2712 5110 7442 3115 2626 6162 3759 9547 7722 8902 1916 8431 896 1790 5762 5099 2986 2
65 1546 2422 6144 842 6539 1574 8582 5135 5078 7782 4219 8813 3613 1584 3547 5495 8495 3453 2569 8125 2 321
66 6074 413 2147 1414 4156 7447 1075 5735 497 696 8527 8208 6458 935 7269 5401 8733 6071 2555 2 321
67 3651 3549 9848 6168 7636 5428 4849 5561 3548 8266 9960 9955 5277 7795 232 1731 7296 5748
68 3961 2764 7115 2340 7075 4080 2551 1892 6032 5251 7718 8305 1250 1698 1496 6301 6699 6258 2
69 8134 3964 1430 3195 2910 8894 4951 1918 8684 8729 1781 8663 3210 6131 6801 3002 3992 5493 4174 7710 1343 2327 395 7153 1299 7709 8994
70 5386 116 4367 6292 3505 6625 8522 1586 1119 1198 7433 8349 8621 1437 5010 5629 9842 6001 4350 6369 2 321
71 1668 7949 8209 921 8887 2897 1227 286 793 2863 9330 7131 9917 4362 6747 8508 2298 6752 7806 9338 2432 6978 136 8183 326 5393 3166 1429 7179 7289 3074 6073 8406 2
72 9270 4457 5698 6102 7135 3540 6491 4281 9299 3161 4459 5544 7194 2317 4441 2087 9993 7519 8431 9129 447
73 6889 4079 4985 8053 7771 2184 1081 3102 8812 75 5503 3969 3584 4995 336 6370 5053 168 3263 6367 2788 2681 7500 4837 9732 6595 8994 7762 2 321
74 478 6499 164 4888 8243 1776 410 5911 5923 5631 8701 3573 7800 7651 2085 7517 6044 9659 3543 7438 2
75 8722 6817 1734 6482 8309 9498 5777 9961 2476 4271 6213 4704 3428 6192 7585 7593 6232 1787 557 1195 3383 1670 2
76 9848 1763 1083 1515 3841 9470 8498 3882 7221 7762 8491 3120 6718 7018 76 1788 9954 7679 9736 3721 2796 6003 7292 8920 7153 2240 5715
77 8671 84 4168 4890 8193 6962 284 2 8589 8151 7432 8238 4399 5449 3213 2815 6642 9959 630 7682 3836 8396 6327 5862 8345 9842 79
78 247 8776 3049 8986 7004 5762 1678 3071 9557 6316 4200 251 6951 6054 7968 8900 2013 1383 4728
79 374 1140 7429 2057 585 6258 9317 9075 7205 4801 5302 6346 2417 4403 2252 7849 1908 5347 3352 3731 7575 3074
80 8169 1319 9722 4831 4654 6584 214 352 3285 4315 6710 7166 9889 7927 4027 3022 8491 4855 2
81 7153 133 9677 7615 7606 3048 9055 1860 804 9667 3747 5441 6640 7329 5456 8137 9239 655 2157 3936 7438 5848 3602 2240 3877 2 79
82 2662 5869 6963 3946 9798 5124 4514 4721 9872 1626 382 8643 826 7786 7072 1396 1534 8716 8212 3836 2
83 7709 9299 8022 1780 9548 6615 7078 72 6952 7669 4320 2231 7771 2390 5266 9823 1358 4533 8740 7097 8167 9139 2643 7438
84 2615 3022 9025 4035 4842 1710 1044 283 9636 9188 9040 3689 6280 4852 356 5532 7 7459 5053 9962 249 5966 9301 6537 5962 5715 9968 2962
85 1625 8248 4350 2485 1106 2032 1757 1040 7590 5004 7443 6210 3385 736 2470 824 6672 7438 2 79 321
86 4385 6797 6734 9704 5117 2568 2892 7574 6110 6237 3282 9944 7418 1914 7783 6631 8176 4134 1429 3958 7285 8462 1984 5848 2240
87 496 5871 5580 2307 5825 8493 2496 1218 4100 9741 7968 3316 2295 8736 1003 773 6052 5689 652 9795 7948 8343 2155 9007 4199 2 79
88 5780 5097 8145 9953 3662 6730 996 6850 4229 3059 1597 8692 5083 2175 4909 2555 2 79
89 2263 9293 8831 2139 8306 9461 8373 9820 2468 7545 7707 1428 2340 2408 5680 9422 2092 7193 1105 2
90 6547 9483 1554 8904 7752 5555 4847 1208 2266 9852 4244 4175 605 4377 8000 1308 8895 9289 1391 9834 3684 6509 148 8830 2
91 447 5547 3053 2600 8836 3092 3545 2128 1585 6403 8586 1356 8604 2121 9761 4147 6221 8110 2214 7240 8976 4094 3241 5507
92 9265 4180 6101 4971 3553 4699 6551 4629 8516 6035 9129 3529 1738 8496 8882 1199 357 1232 6296 782 7699 6482 5053 6021 2240 1343 321 2 5715
93 6187 183 3278 787 517 3717 6393 3783 3325 8277 9421 4182 1002 8126 9088 9007 7864 7902 2 321 2962
94 2052 4056 2112 7090 135 1379 5830 9687 1530 8801 5158 5789 2662 9545 7949
95 7233 4264 7203 5287 788 5451 5856 9850 927 3781 2648 6135 6547 5924 3251 110 6677 5775 1134 6258 5412
96 7971 547 7880 6259 2997 7132 2916 8817 8540 6726 9050 7179
97 5715 477 8267 7183 4429 4224 1267 7108 6674 2860 1052 1529 3741 9826 9193 3533 2892 2
98 876 6631 8671 9692 257 3012 7429 567 7164 3192 7377 3716 4388 198 4523 3077 2240 4352 9244
99 188 8104 4423 5639 3727 299 4330 4648 6185 1080 5685 7114 9038 5483 4639 7457 9852 2155 148 2121
100 4501 5194 1739 1498 3144 2212 1192 4280 34 9252 5708 7241 4364 4160 9500 6125 3445 8722 3744 6020
101 8307 7439 7276 2615 5800 2604 6083 9681 6849 7550 822 1492 3276 4985 9567 4025 724 8742 4346 9573 9709 279 9842
102 4679 6630 2647 9271 8074 225 3755 8329 4871 7312 9857 486 6286 3771 2003 850 2005 221 6778 745 2 321 427
103 3936 7234 6347 3932 8005 3567 3241 9545 9598 9787 7556 564 969 4710 6157 4986 5432 3341 2605 6982 9720 2150 2555 2480 8832 2 79 321 427
104 6537 5933 3909 9357 8939 9943 1289 5240 174 5894 1149 3522 2998 2293 4808 9530 7996 3393 2413 8445 7267 8994
105 7240 7586 4957 8722 7670 5862 7975 9312 3290 5334 122 6030 8465 8452 786 1829 2635 309 2118 9225 7320 427 205 6101 2
106 3303 7079 1117 360 1357 2582 9514 543 4519 5626 7055
107 1831 9137 9632 5138 3254 9606 2961 8391 9183 6471 3838 4290 1543 9086 1950 925 8830 5326 9270 2 79
108 5006 5704 7759 1971 6126 529 540 7531 6380 5173 9665 6823 2741 9463 3144 7413 321
109 7709 9031 3718 716 3586 4793 7858 5396 6122 1461 6805 9444 7486 958 9199 7925 2864 7187 3032 8169 935 1750 412 8293
110 5053 5141 3504 1581 8598 1112 6881 7967 1145 7284 9411 8351 3490 6200 9284 462 7032 4340 4855 7429 7392 1752 7240 5458 2
111 5458 2422 7481 3101 738 9593 8300 9449 4679 8019 4474 113 2179 2644 4991 8761 3437 621 4985 2962 7413 3894 2 79
112 6949 6331 8932 2176 4823 2634 2278 2018 9610 6373 7621 4304 7575 1503 4750 5608 5715 1728 8387 2121 79 2
113 6251 1071 1839 278 4102 882 6459 3145 7921 4865 4396 2061 5049 3950 6962 4352 183 8910 935
114 79 7762 7874 5063 8167 9723 5412 1633 6323 8700 9616 5399 7310 504 2803 6586 1539 3130 3887 9952 2 205 321
115 5966 8146 538 1204 8441 9515 9124 8652 8870 7889 8765 3813 1631 2218 54 2290 9111 6528 1429 9545
116 1134 4314 3530 259 6034 9746 5788 396 5152 5156 9161 7715 3501 2508 5492 6672 7797 8883 7517 1984
117 935 7120 2013 4558 6030 5014 4341 3024 6516 6789 5115 2734 3143 9797 9127 6069 9842 7699
118 3894 9086 1904 4317 1479 5636 9965 6261 8027 7896 6643 2318 4939 7154 4840 2586 3058 8295 100 3835 904 9432 6170 1385 6895 3758 745
119 2537 2739 176 2876 4873 5466 505 9034 4274 5233 1298 604 2922 9601 4385 9138 6778 2
120 1668 6369 3184 4326 9075 2340 9065 2982 3538 134 9244 2226 8158 7758 3376 2443 8725 1520 8749 8832 7699
121 1984 5247 9192 1265 4720 4277 6566 8203 4285 178 7860 2571 8750 6821 3521 6732 5090 2707 4423 4660 1763 5862 7949
122 4311 5917 7669 9178 468 3543 2932 5245 668 7912 4633 5318 6560 9912 3451 7501 7558 8159 9877 1194 4246 2774 1625 2001 2
123 7133 5788 1476 300 3158 4526 2857 9988 7706 1593 8891 6578 1478 9431 6313 2279 5929 6258 24 80 7288 4490 2818 7883
124 3981 7072 5917 1933 1722 6896 2058 79 8951 7157 3701 8489 811 1999 6621 5029 2019 5948 5636 352 8134 1534 6054 5762
125 9545 9040 5662 7699 5052 4314 9786 8154 6900 8674 2889 1362 8848 1152 6378 6875 2900 9688 2349 5386 6613 2 427
126 552 4941 4780 2171 5500 2643 5762 1454 7684 3364 2165 1290 5442 501 366 9874 4649 8289 2657 3017 2052 6226 4356 2699 1625 9533 1774 935
127 9244 4035 6376 9073 9451 6613 5746 1724 4883 2099 8241 4082 4020 3993 2517 5859 4170 1542 7845 1668 2
128 6827 4948 1223 2607 1850 6262 960 3631 6954 6743 118 4813 3157 8977 3137 7557 657 6882 7883 7133 1736 8491 2 427
129 9404 8233 385 965 1988 9694 8091 3243 1222 1275 932 5073 9891 2 7782 6938 3586 9842 79
130 4901 6978 5198 9089 9533 1295 5316 5330 9174 487 353 713 4481 8985 8410 270 9327 8644 6936 3578 1289 6463 3728 2128 8125 7153 2555 2 79 2962
131 8423 9989 4450 447 4977 5519 1042 6155 6282 2926 4573 9679 1693 8617 8718 84 9613 1524 2
132 259 9380 7579 4188 5593 4087 8724 4375 1144 6537 3972 8827 1911 8839 216 1495 8605 7545 5412 3111 1125 3543 3103 6613 2
133 8062 9129 545 2150 1105 9576 9323 7425 7997 3365 1896 4672 2227 5176 4835 6212 4956 1261 9230 325 4765 9848 745 7709 2 321 2962
134 6115 3528 7513 2088 6427 7639 8365 3481 7609 6134 434 6514 3622 9413 6454 7906 7481 2
135 9461 7820 3653 9861 7769 1317 3568 2034 78 25 6375 5664 3958 7624 9584 308 5477 7683 8832 2 6938 6827
136 4107 1721 4777 7930 8515 2155 781 2196 9345 5059 7283 9699 7606 7602 456 1710 5340
137 3521 4880 3894 9911 5367 9462 2761 423 8587 8253 9049 4008 9036 6613 105 4011 7039 2
138 3074 8193 8710 4107 8056 8181 7444 9114 647 2103 5559 2142 4994 4770 3542 8551 7153 7699 6611 321 2
139 5748 8609 4470 6937 929 7628 8890 7917 1968 3218 8979 8982 75 9933 7709
140 3664 3590 1907 1469 7792 3280 9512 818 2848 2459 1164 6011 9565 4423 2121
141 7069 6048 5715 5637 8012 1186 5346 6916 7995 9915 5267 8950 2184 6899 5029 7438 8284 3371 1625 2
142 6387 2736 1156 4614 6089 4731 7472 1667 7408 9517 6428 8470 4112 6271 7201 7852 6030 4314 4107 4639 4326
143 7179 7180 7936 2013 6303 2431 6724 5293 2773 6494 8476 2098 5144 1028 8335 9004 4367 979
144 2555 2 6982 3476 7461 3758 240 8585 7714 5949 4328 4032 4116 2533 7956 8711 5193 979 2240
145 4647 6139 7101 6750 6909 5607 6961 2393 3044 5323 5687 7708 8044 3411 4099 8186 5028 2960 7507 9615 4985 3012 2 321
146 6355 5846 7153 3831 8172 3084 8408 9110 1562 1431 2213 1490 9673 5156 7454 3758
147 9968 1042 782 7694 2288 5605 1963 820 7146 7351 8554 9791 2896 6113 9207 3753 9926 4521 2611 7743 5112 9965 5322 3630 1710 4624 2 79 321 2240
148 2240 1383 2183 1085 9652 7438 3054 1696 4707 2215 4053 7325 6518 5002 5612 778 9844 1595 2028 4077 7153 7419 2340 3728 3783 2 3074 79
149 2670 6592 7599 4407 7631 8358 4803 8766 9710 7547 3060 8646 229 9156 800 7088 8462 5341 3830 1984 5507 9224 4314 2986 2
150 8910 6744 5401 3061 4624 6523 6778 3580 8263 8025 887 2169 8228 7741 9990 3045 359 5048 8644 4531 5437 7762
151 2962 9615 3672 6321 3261 5558 6919 9102 2007 2908 1546 2805 6807 6276 7587 8348 1524 9083 3753 4035 2
152 7379 5660 1912 8775 4043 8043 1335 4347 2785 5744 2289 7487 4993 8845 4921 8534 6778 1454 108 7153 9852 7699 9545
153 7001 367 8386 6547 9777 6470 8425 8862 9831 9164 9374 9305 8298 2365 983 7854 2421 1640 8278 1121 3981 9013 2
154 2414 9795 9316 5840 5086 2965 3158 6291 8433 1663 5858 4312 5528 3799 4941 9506 952 5880 8125 2
155 7517 4923 4093 6390 7610 7960 6305 1142 2855 6404 8980 6283 321 281 3776 7765 2933 411 5023 5908 7734 7533 3074 4619 9160 3877
156 569 8092 6895 3885 9351 3629 5280 5068 7979 9424 3482 8597 9418 3041 4144 839 2158 5507 84 5248 3877 8134 8994
157 135 5467 926 6360 1188 4787 2869 9112 5204 1355 5823 8623 7044 5885 8716 2 427
158 6044 7759 3869 7688 1950 5989 3012 7961 7400 1049 3021 4908 854 120 4562 4237 2036 7235 1138 1580 7992 6251 3074 7153
159 5784 6460 5477 993 871 5674 5335 145 7673 3036 5038 1756 3739 7976 7428 1767 2182 3328
160 3521 2962 9013 8780 6327 8552 4241 1471 729 365 3494 1531 2550 6379 4812 6351 8805 9562 6910 5359 5848 935
161 7367 1195 7652 3576 5713 2190 1056 2341 69 1039 914 7341 6715 7225 2006 9510 7148 7511 2962 6547 4787 2986 7153 2
162 4378 718 9404 1169 472 7652 8821 7481 3600 7790 9011 6557 8194 1430 3937 7791 1289 3936 7762
163 1299 2630 6020 9398 3935 8998 3830 8803 7127 3634 7173 3259 7413 1263 8057 6506 9408 6888 8387 6688 2943 7787 8134 6945 321 7949 2
164 1871 3326 9132 7861 7932 917 5389 7365 7163 7410 9476 1987 5465 9048 6680 4505 5688 888 2187 7249 3108 6949 447 1383 6675 8887 3395 9013 6187 5788 9842 2
165 2240 9270 5326 3432 2682 3998 1394 1683 4206 3920 766 427 8717 8828 338 4784 8043 9659
166 3926 3383 8716 5867 5732 5134 4948 3338 6088 3966 2716 5999 6339 6756 8130 4176 8125 2
167 5775 7519 7213 7732 6359 9463 6377 3772 684 3880 2286 6 1708 777 949 4588 480 348 6671 8022 5304 6030
168 2437 7087 9671 6254 2792 6567 7541 427 6087 2962 6140 1608 6401 1873 973 3089 4914 6905 1548 7043 6609 2986 4664 259 5412 2 321
169 1868 8431 2676 7807 9015 4799 5044 1363 2446 5186 2049 3368 569 291 8227 7730 6742 5099 4457 8406 2679 9669 8439 1981 9444 3982 238 116 5412
170 5251 3089 2752 397 7733 3486 8387 7193 8850 9549 2204 260 8272 6337 3625 1453 2249 3012 8116 650 6360 8599 9075 9990 7120 2 79
171 7652 3163 9036 5609 4622 3374 4797 58 6861 2326 1341 6622 6092 1731 3015 9501 9789 1064 1904 7237 5814 4791 1353 9560 5962 6534 7153 7762
172 3012 2299 5964 6002 2004 2974 717 5954 6740 147 3693 1126 8125 2
173 3050 4354 7736 4698 2696 9843 5552 354 6627 79 9858 7071 8773 5647 4266 4712 1160 369 5326 8668 2766 7029 5704 901 8183 3914 5677 7949 2288 8994 2
174 3316 9621 2698 1619 6134 1972 4311 9483 2418 3606 5077 9706 5047 2593 5320 8579 3074 3354 1534
175 2595 9970 6409 321 7737 6843 8416 8103 7156 6176 2515 3458 4604 3677 3536 3468 9947 2 79 427
176 1343 2898 5961 1800 3429 3990 4532 9862 193 4236 2531 5582 6231 809 5242 4901 2288 2013 7429 321
177 4232 4359 4610 8829 835 7795 4379 3584 8526 7294 3655 867 1196 510 2387 4398 8130 2643 3012 2 79 321
178 3240 1246 2693 1869 8133 1606 4975 2699 2329 1960 6145 8834 5538 1730 2420 2522 9113 2171 4886 7856 7736 8994
179 7456 5715 6258 5831 7197 9543 3116 6706 8676 2453 6510 1415 3534 7426 4923 1986 955 9555 3023 5869
180 7968 650 5520 6188 6416 4337 8442 7859 3079 6795 3602 5321 9659 9392 8794 5331 4228 1782 8490 3194 8954 8663 2 79 321
181 2288 3665 2444 9649 8462 2008 9348 6834 6735 3904 1760 7886 5779 3502 9784 5849 545 2
182 2643 719 5921 1741 4033 5260 7675 9139 4487 1213 6358 203 9825 2529 2377 1134 7806 7688 6460 2527 768 3926 979 5715 2555 5962
183 2 3432 2732 9991 1043 1134 3820 3812 5494 8824 7739 3309 5153 7630 9484 3242 3329 9702 7352 1256 979 6938 321 2962
184 7902 1276 8947 6953 499 7045 5738 8021 2096 4284 5345 2467 7890 2332 5445 2945 5783 3894 3905
185 2818 1641 2349 355 2114 2519 431 1393 1596 9650 1810 4074 9196 7186 6646 8386 412 4311 6327 3012 2
186 1607 1658 857 4974 6867 2343 1587 5119 4559 5796 2857 4708 8324 3279 8446 1105 4345 9848 4341 5643 3012
187 6161 7950 6454 2404 866 6616 6798 6555 2630 794 2505 6920 3910 8230 507 4242 8092 9661 7689 435 6658 5885 2643 9551 427 2 79 321
188 4362 139 9444 7023 5030 321 7040 925 8714 66 2116 7110 7027 1550 1127 7680 7678 6386 3632 6332 1465 6095 2666 9270 1134 427
189 412 7652 1583 6326 7683 3783 6334 1367 8313 4253 7775 4795 9347 6151 1371 4781 6299 4276 4168 2
190 9800 3942 4866 6623 9573 221 1332 3269 7489 6274 5164 734 5215 2621 2246 8200 5309 7839 2437 9968 7762
191 7864 6613 2223 7136 3666 5651 2503 6713 5650 2727 9037 7940 4430 6067 8848 2 79
192 1986 8078 7476 9313 6417 3497 3220 1463 771 9186 8147 5843 7983 1102 2119 1833 5064 7759 2
193 4624 6687 3207 7454 7788 1383 3072 6538 3766 5481 9379 7385 7801 154 7449 4953 247 1058 1339 4893 321 7762 979 7699 2
194 9219 8008 5666 2858 1814 7727 5854 9968 694 7944 8035 2838 7652 8384 4647 3877
195 2904 9615 625 3077 1552 6554 1495 6453 6509 9311 5771 3981 8711 4963 4858 8966 9656 1774 8487 2804 8402 106 5864 1655 3261 6014
196 6201 5386 3314 3853 417 2612 9896 4195 2100 3676 3370 9765 9155 954 8711 321 4199
197 1353 7474 3936 7622 2010 1482 4690 4259 2579 6912 6227 3995 2963 3894 935
198 9842 1601 4828 7153 8930 3226 3493 1932 732 7409 8254 3897 3109 1067 2186 5581 7407 3756 6224 2128 7627 8327 8644 7713 2892 2 79
199 1375 7526 8533 6186 1154 9657 9558 9416 4293 5101 2237 5517 1146 6369 2541 3830 6161 4855 7699 2
200 420 6875 5383 7055 3135 2745 7177 8556 3240 362 2353 5142 5080 6058 3061 483 9977 7666 6545 7756 6236 9988 527 183 4909 6938 7762 79 935 2555
201 8140 2611 8235 9580 7602 8342 3745 7570 8973 199 3379 2539 7686 3427 2141 1125 4489 8389 2987 2495 2577 5772 550 9007
202 6584 2423 1060 519 5125 3609 5313 9701 3775 3735 7159 1193 2346 4679 2183 565 3081 1121
203 3376 2005 7296 7933 1150 7419 2894 2424 4878 9279 819 2562 8871 4686 1656 9771 7434 5041 4278 2768 2957 3964 399 2 2240
204 2735 177 8220 1705 3403 6869 9918 2865 6051 4468 3114 2062 1623 7841 4909 6933 7596 7676 1843 6115 1979
205 8599 8507 9493 4431 272 8431 4693 7030 3479 6258 6641 8751 6153 5327 3097 1035 8613 466 4985 3249 9199 7120 2 321
206 9374 2533 4520 3080 4037 5391 7219 4210 450 7560 4534 7217 1893 19 1109 8494 3452 2458 6074 5762
207 4035 8121 2668 4020 3982 1668 2740 4709 9236 7364 985 4289 4564 4154 8672 4177 6233 1808 6558 3675 6734 5412 3006 4170 9007 2
208 5322 1149 4034 726 2707 7929 269 4418 4377 3305 5566 4065 3543 8453 4544 6302 4060 2827 1590 9104 3334 3635 7105 457 9075 5821 5411 5458 6044 2 427 2962
209 7254 5218 1835 4496 6181 5328 8942 4979 8799 1759 8531 6827
210 3877 1611 5304 3842 3944 8982 4313 6020 9633 7618 9668 900 4084 3035 8481 4891 1368 9412 2375 4745 3410 9930 300 6827
211 6054 8284 8994 8881 2125 3885 2781 8069 4680 9041 7564 8491 9247 2026 8315 8785 3363 8332 8819 3435 9089 4442 9461 6938 2
212 1153 9248 8287 7904 6295 6479 394 7012 6860 5861 3762 296 3777 8705 1178 3862 7671 8780 5451
213 1784 2603 7007 9238 5719 2305 5848 9405 5217 2104 5360 6202 5066 8650 2666 5960 7126 2414 847 7240
214 9453 3581 613 244 9721 8571 4162 4983 4737 6659 1407 2228 26 4949 3513 9265 4035 2 2240
215 2713 5953 5179 2167 1191 4151 3703 9466 1045 4814 7907 3784 9777 2651 8841 2643 8994
216 4855 7038 1877 5445 4110 3506 1985 9168 9318 2722 9098 7104 2245 6344 3160 6613
217 6049 7266 9586 4414 883 3729 1775 4170 9029 625 9559 3847 8474 7370 5882 4760 797 1484 79 5412 2 321
218 8069 4967 9050 8185 6913 8733 3362 5773 5061 2327 8673 3129 1197 8469 6289 9491 2935 6531 4362 447 9007 79
219 412 9075 7790 5239 2666 9283 4636 6635 4007 3758 157 4192 2055 2668 138 1564 3652 5873 598 1190 1012 2080 450 1979 6672 3012 2
220 4129 8125 1401 6621 745 5962 3750 4402 9395 6451 3681 8223 6298 8856 2938 4548 5775 5813 6365 6042 8670 8209 1864 1216 7946 9533 7342 3641 8539 3005 9374 9979 3004 2288 2 321
221 4786 6415 3128 4916 3165 5454 698 5193 3779 4128 3626 2610 2109 4422 201 2565 176 4199
222 8601 9172 2072 7909 9119 245 6395 4376 864 1995 205 9299 6487 9244
223 6391 4494 8807 1097 8798 6418 7406 4792 6211 9969 9353 6426 6733 9975 3543 979
224 5445 7426 6767 5095 6544 1059 1931 4857 6077 7617 9511 7813 5020 5764 1116 7091 5548 8634 8711 8491 79 3584 4326 8812 6613 2
225 1405 140 6693 5560 4368 4740 7638 3065 986 9213 5662 2175 1668 8332 8227 7883 2 321
226 2264 8832 3905 850 7142 1763 4238 2275 8838 3557 211 4015 1847 6124 4326 542 3554 2033 8867 3077 5219 7050 4402 1139 6537 4035 1668 2
227 4824 1560 8484 4077 207 3801 1566 8859 3753 5088 2797 4179 1255 3894 9359 3866 9300 9402 6294 7267 2763 1979 2240 7429 3877 2
228 7786 2990 4349 402 1793 8429 2903 9291 6141 5563 6357 3833 7124 2984 5917 3012 2327
229 8685 425 8450 1562 9646 9666 3262 9364 9377 767 1826 2244 5412 1201 9215 1828 9001 1047 2975 5899 6778 7736 6938 8994
230 6465 949 4561 8375 3023 7396 606 2962 6143 7970 5904 3956 6161 642 5206 5962 8098 8975 7884 265 9062 4222 7219 7 9007 2 321
231 2699 5543 8728 8418 1329 6398 3726 9440 102 5693 8937 3023 5248 7270 1406 4623 8132 7505 7919 3757 1942 6391 541 4923 3543 9842 238 2986 7652 2
232 6922 6613 6320 5526 3186 6537 9369 9163 8564 5869 3433 5120 155 4632 2500 5539 7298 9003 8728 1734 5445 2340 8209 9545 2
233 9138 946 8377 2414 2454 1383 1980 5592 2576 4746 7817 581 4187 3235 640 1246 8844 4507 8908 9137 7852 9842 8994 2288 2
234 5099 9533 4199 3700 9215 2650 9758 238 5604 5700 8052 9264 7316 8419 9384 4421 1442 415 5203 8559 4660 1668 8794 5437 3586 935 259 5880 8491
235 8994 4959 8015 8532 9816 3817 2185 3948 6894 3053 7274 1813 791 9108 7569 116 1336 475 9244 5898 6613 7120 4314 2
236 8491 8912 7099 1327 8406 1234 1754 49 7867 827 6522 7649 1070 8235 2 427
237 4020 5295 7949 3830 2340 9010 8693 5801 3603 4057 441 2516 5541 8037 2384 8498 1017 6975 3579 6981 5865 4563 3232 5383 8907 5412
238 8227 5429 9071 5348 752 609 4358 7473 7247 2979 3764 404 5017 4892 5190 6564 2121 828 6082 2
239 843 8848 5129 9302 4984 7120 4031 3500 5121 401 6832 1544 980 8671 5715 1476 6938 2
240 4199 7575 7088 3006 3827 8580 239 5525 2744 9115 4416 5192 9997 9094 5308 1560 1256 1750 6799 5042 2422 5677 9448 9979 3767 9757 7474 2652 1066 5471 1105 2 79
241 7204 1287 5277 2113 9273 3117 1905 796 6604 4612 3715 2047 9845 5986 55 1582 1410 1670 7883 8958 199 9138 3877 79
242 7880 2972 1032 1343 916 8964 2808 6223 9627 5522 7808 9847 9304 3877 1927 9290 3836 2 79
243 703 7754 9772 1890 6470 65 153 3011 7524 968 2563 6390 552 2240 2288 5412 5507 2
244 1524 3343 4531 5471 6244 8400 1674 5395 2718 2220 7215 236 1328 7359 1589 935 79 745 2
245 7333 1979 3758 6082 5099 5322 489 2753 8528 7451 9964 1944 6565 1063 9237 7366 9788 4779 7055 2970 5895 7410 9178 5412
246 4909 5715 7240 1849 6018 9032 1654 1215 9603 7268 1128 9520 8088 4194 3371 1375 4457 3074
247 7392 2412 9735 295 3153 3454 9871 6530 8260 3392 5584 117 5448 8046 7697 9340 2962 8078 2589 3584 1353
248 6067 3249 3547 6802 412 4282 5839 9990 1441 9324 330 2790 5983 7949 4028 8898 5845 2999 2359 8401 4020 745 9075 1383 3012 9968
249 5003 9139 9181 4333 7509 7696 8212 6354 666 4123 964 5863 4193 3151 8968 7389 1226 9319 3277 7899 9453 7653 5437
250 3441 997 8477 1270 8703 5930 7437 9700 8222 9933 3172 5762 7 2158 935 7997
251 3543 7545 901 279 9521 4372 8698 3313 1370 9734 3696 7955 6800 3291 880 2685 2807 8591 2413 1065 3070 2412 6827 5412
252 1058 6428 5339 8844 2345 3463 7709 7167 2143 5329 9080 7160 6744 2499 477 3977 9809 6440 8444 7745 2649 4234 979 2986 843 9842 8125 8994
253 2986 780 1984 7756 3203 8934 485 9133 528 9523 3811 5818 3106 6153 6300 3648 1848 9942 6309 2064 442 8269 8778 9160 427 3316 7652 2
254 6082 761 3561 399 90 6469 7977 9253 928 8390 2883 7383 8795 4456 5709 3377 632 6855 1050 8812 8062 1105 3074 2 79
255 1934 9995 798 8570 3270 1041 5783 7059 3563 6425 9545 9778 6654 9076 6775 76 7048 745 1534
256 7791 1137 3380 5849 6129 1644 4697 9830 3702 3856 2992 8876 3620 943 3127 7776 7922 4539 8711 2867 3331 2058 4909 6538 5412 2 79
257 2240 6029 2203 1242 4822 264 7170 8252 4898 1952 6977 5163 6064 9057 8066 8510 4692 5433 7762 9086 3894 3982 5412
258 1790 7922 3229 5589 8105 2690 3839 5351 8889 2852 6164 4809 5490 8620 7277 3837 2932 5451 5848 7736 2 79
259 5507 5286 1273 1979 3103 400 6759 823 1879 250 7020 29 876 6036 8796 1527 5437 4071 352 2
260 6458 6675 8406 5896 2002 2489 4574 8371 1330 4901 3046 6996 7499 5893 5450 9793 3531 7742 3783 261 9930 2
261 2704 4400 2 5149 1429 765 5696 7405 8744 6290 9527 3043 450 6054 1637 3737 2779 4594 6635 3553 5043 321 2240
262 2340 8600 8566 2902 4011 5794 8109 590 2474 7881 5630 9200 7894 757 9160 9265 5824 3918 4472 8155 4401 8462 6817 4326
263 2962 9197 7289 1079 4870 7240 9957 6445 6691 8236 3700 3244 7779 9130 6647 4802 9275 3034 6341 3846 5862 4367 8831 5326 1117 9244 935
264 7355 2189 8239 9939 7703 1224 9457 2288 5803 4896 6242 9589 491 4091 3827 5715 5962 2
265 4377 3757 930 9325 3989 1613 8503 6938 14 9655 552 6918 8830 8320 3877 2323 3885 9935 2415 5583 6707 735 6094 9836 8125
266 1121 3304 2927 2555 340 444 9428 2578 5910 7692 4958 8198 3691 8460 3945 9403 226 9714 4615 8092 4399 2704 420 3894 6692
267 1496 7883 9968 7762 2288 3714 9764 8111 141 8058 9540 6670 2962 4216 6195 1247 8427 3414 1083 32 7654 4045 661 4314 6349 5762 3885 9991 9955 5869 8387 2240
268 730 8506 3539 8131 3199 5816 4819 8810 546 1632 406 6989 1455 2717 710 7762 3602 9404 7023 5509 1305 8722 9007 2
269 6613 4909 8183 4071 5821 9510 7198 6511 8770 8290 5913 4811 7517 5407 5437 4455 1413 6267 96 8265 9992 7042 4782 8026 9374
270 4069 8014 3074 4361 2968 6608 5265 5657 7695 5398 4344 1316 6315 8130 3894 7949 9007 2
271 3751 4988 1339 3354 7749 7984 3582 3637 4002 6189 6057 5567 2966 5105 1501 3523 4900 7687 1742 6938 420 3877
272 352 2260 2856 9654 8257 1923 6084 8708 3163 9101 4935 3288 6886 4197 6275 6489 1922 6482 2
273 5064 1710 9114 1496 3936 2240 3510 6219 6620 8543 8557 5667 9766 4653 8509 9032 7296 1668 2
274 3491 8782 2666 5569 7232 6239 7332 831 7699 4830 4846 432 4020 2288
275 5248 3043 9898 790 5798 5531 4727 83 8247 8514 8220 4469 8560 9406 2427 2715 9968 2288 2962 2
276 148 7413 311 6306 3172 5019 2358 2288 5241 8530 9932 3184 4539 6264 1103 6700 9078 3335 1993 4581 4958 935 7379 6054 7153 2
277 1348 6613 686 5373 8087 2164 5998 2105 9175 9051 3322 5799 4625 8471 2981 4443 7699 5340 8994
278 3758 2904 9583 898 616 9582 6838 3748 5703 9750 7789 1299 5957 4592 9585 9730 9039 3521 5547 7652 8293 3982 2
279 3012 7868 6021 3965 9116 9938 4807 5034 8709 7161 2627 6692 7397 7251 8013 351 6469 6464 8140 7652 6258 7883 79 9199 1343
280 3023 7105 7542 6924 234 503 6942 8051 5187 1614 5934 9219 9541 1821 7313 9232 8491 8528 4377 2
281 3004 991 5810 6765 7553 219 8134 1058 5352 4527 9383 169 6038 8961 6698 7875 241 7543 2501 3584 4035 9775 5448 2898
282 2121 5097 3837 8495 7821 6287 8123 8153 7506 7640 3711 9492 1707 2340 3380 7880 1871 8212 2 321
283 2346 1358 4356 8188 912 610 5501 9581 159 2201 5 4295 1048 748 3852 9298 1347 1598 5898 3932 2407 4035 2
284 4345 7077 7314 7740 2191 5172 4929 6507 1809 4254 925 8148 5692 3470 6402 4838 4135 6170 2670 9842 5219
285 3331 7653 1248 7762 6105 8042 3215 7262 9245 3650 2918 692 8637 1150 420 6292 8994 2
286 5899 8068 7423 7369 9487 3113 1238 9190 7248 3643 3796 4001 9916 8645 1299 8686 8912 730 7736 6672 1042 8284 2013 2288 2 79
287 7438 9852 6216 4619 7713 3823 1051 2416 2355 2882 301 4735 2875 4432 1309 2769 4665 89 7053 8193 7762 2 79
288 5772 1542 1665 5502 9414 9865 2031 5860 1499 8492 2497 5147 3855 2145 2060 6549 5607 707 2240 7240 8406 1557 7153 6327
289 79 6464 3405 1916 5942 8612 6619 7747 3012 4258 2795 6190 6935 5842 6892 6568 8211 8417 7669 2643 2 321
290 7285 8920 7029 5838 5767 8142 4245 3804 8302 2238 6599 9685 769 6431 4124 9276 6470 2327 2 79 321 2240
291 2304 9565 1534 3104 437 3376 2791 3836 9056 935 4937 667 2389 9358 3183 4181 6781 8547 7569 3285 2555 5445 7883 2 79
292 6525 1004 2127 9994 578 9842 5369 5870 2553 6556 984 4646 8600 4752 1358 719 321 8125 2 79
293 9007 4531 6424 1352 6851 1841 7537 4944 707 7559 1720 129 8215 8438 6575 4884 9244 4967 7413 9301 5762 5715 4199 2
294 6712 5964 4342 5740 1095 5482 5257 6175 3808 9153 5478 577 3941 6540 2140 4483 7053 4352 8812 5507
295 6296 369 7036 7318 9007 2917 6547 8488 2160 8920 421 2124 368 2886 17 1104 2698 625 8134 3758 9968 1668
296 5448 2192 2538 3708 3178 6112 5368 9335 7096 2399 8312 9859 5050 6209 4484 9600 3427 9968
297 4106 1930 4391 9173 8505 4272 9371 1681 8411 810 5208 9465 1962 9139 7652
298 8269 9533 2198 9216 8618 2288 3265 2923 4150 5430 8885 4117 3840 7848 4475 3997 6000 7415 2439 1014 1287 6922 5340 7183 6946 9007
299 1668 838 647 5211 2790 2526 6921 182 6672 101 4714 8762 5096 7093 7363 2481 4976 6515 6661 3006 4056 921 4527 3894 2 79 2962
300 8145 4962 2617 4691 6022 8234 8282 8499 1423 6865 7086 6519 1964 2210 4942 9171 205 712 8125 6635 3665 2904 4340 9224 4901
301 3146 1638 7050 971 9109 9818 3850 2236 7798 3949 5841 2989 1456 7296 5413 3885 3163 1496 7652
302 6351 4212 8981 8842 1315 5075 688 9533 7021 9937 73 2284 745 1979 427
303 7762 1670 7267 7787 2256 4719 6496 8340 3312 425 9873 8434 2915 3668 9231 5610 8246 4965 8894 6889 2340 7240 2
304 79 8495 847 8345 5175 7956 1762 1534 8688 13 9362 2555 9285 5386 9578 4587 4161 8449 2251 721 2986 5149 3320 3836 3012 2 2962
305 6635 5880 9259 9478 9645 6044 1929 1984 8837 5751 6457 8466 9674 6410 5535 8083 3316 3125 1289 8722 9013 2
306 2870 5645 5212 6748 8816 7037 5748 1380 2986 420 8004 3754 1647 9622 5097 9812 1187 6600 6318 6026 7883 7949
307 707 9349 2486 4507 7698 2810 9757 9579 9755 5901 5294 172 4243 7331 9481 9178 9928 1961 165 5507 4967 2893 7840 4352 3207 6687 7762 1348 1625 2 2240
308 3103 4286 3032 6385 1711 2970 3160 131 5802 1125 6526 18 8331 2601 5268 6736 7456 202 862 6270 63 8341 518 3550 5006 9179 5504 5400 569 2537 6534 8293 3012
309 1105 5340 8918 2866 8789 3642 5011 9107 1727 2723 9209 967 5273 9533 7026 523 683 6547
310 4855 2643 4442 8125 7438 3227 6406 7399 2401 2319 5728 8478 7054 5596 2339 9309 4132 3111 3572 8085 8840 6500 6528 9260 2304 935 7413
311 8711 1260 1336 695 6863 3319 5869 8878 2884 1348 4845 8677 1697 7770 2552 8275 8720 7153 6310 3074 8467 9120 8566 7984 8134
312 6014 321 6547 9968 6336 130 3231 9834 5534 6695 3016 5339 6776 6452 9948 8316 5094 4108 30 6228 7880 9244 9842
313 8462 7486 2929 2074 663 1761 895 7525 463 9295 2787 847 4584 6979 6482 4051 6967 728 1622 2079 8009 3304 7699 5543 6538 6547 8145 9615 4855 7652 2
314 6030 6538 30 2867 3586 1940 2721 3409 7822 3669 3535 6477 5514 2925 7582 2837 9495 53 8624 5072 3858 4400 7883 3077 2685 5507
315 6666 3284 745 3994 7172 2819 5364 9524 5606 6632 7931 8104 6428 8431 5219 3074 2
316 7795 5962 2107 603 5587 8067 4933 5412 6572 8759 2173 6117 3271 906 8431 7438 4377 6613 2
317 8687 4970 5737 79 5875 5950 6777 7344 9474 3633 2638 2725 6959 6480 8811 1510 4340
318 2480 2983 1364 4879 7657 1978 2168 2639 5388 8518 7001 9866 4688 468 7031 7988 3342 6938 5212 6100 5962
319 2327 1238 220 376 9083 1858 4081 9159 6859 310 6512 8294 9255 742 4742 1745 8864 1865 8594 4926 7355 2850 6285 4004 7736 2538 5141 7438 7575 2121 2986 79 2
320 7713 9347 8797 1465 4616 1425 3743 2737 2344 2591 4832 2391 851 7551 555 6793 3983 3914 7565 2962 1105 2
321 2407 5234 8363 4695 5150 1220 9376 7647 379 2240 7393 8163 4309 6465 4121 897 2063 9637 9548 7861 9404 4901 2288 2
322 979 5848 6827 935 4453 5947 9526 3038 6811 4109 3200 1210 8722 7538 3936 9968
323 76 5111 7013 2383 3607 7725 3308 9676 2101 7244 8143 6725 9625 5371 1403 2983 4728 7659 155 1534 2288 1731 5458 2 427
324 9211 8635 7062 2314 2486 4590 8603 9000 9972 8276 7874 4151 9007
325 4352 1289 1091 6671 1668 1779 9453 2464 5785 137 6352 4256 5876 3208 9012 6606 9607 5962 7964 6505 6407 2414 6101 3567 2555 647 8130
326 183 8583 7293 5623 6997 39 4778 1552 3827 5446 4510 6890 8952 3075 2310 8788 525 2583 4909 4765 2
327 5340 1125 105 4884 8539 5193 9281 3230 2029 1798 1557 9199 8403 6266 77 8910 2985 2709 9372 9145 9494 1253 1815 1042 2856 3792 647 6938
328 427 6538 9551 9848 709 2771 9499 1859 3864 3485 6543 5734 4955 5359 6397 3624 7642 1249 7736 2
329 4783 6166 843 2302 5375 1838 2195 608 440 1753 2564 2749 6482 3144
330 2288 2978 6770 1365 9930 2000 3298 9103 9763 7440 1399 1998 8359 3758 7949 2 2962
331 2155 3032 6771 3238 7191 2232 3003 9262 170 662 7831 908 8448 1669 1093 6498 1934 3102 1739 7586 5446 5962
332 9013 7210 6550 5758 3111 358 7199 1523 255 9090 2683 8086 7074 5684 7357 7805 802 1601 6652 4045 4199 3521 4909 6101
333 2439 2491 1206 9775 9804 4924 390 8113 8122 1772 7012 3527 5512 970 750 3902 8344 1117 6827 1348 732 7883 2
334 3885 3877 5848 3675 7064 569 3699 7435 3066 1105 2211 2197 3156 476 9007 7865 9387 3574 2874 7534 1668 6134 6692 2986
335 8470 8135 5690 2264 6434 559 5169 8150 2594 2440 1731 7498 1324 2065 9151 5219 2986 3584 4664 183
336 1752 8218 7719 7137 6712 751 2833 1832 9946 23 3373 5366 8366 8631 5871 6054 2
337 7699 5437 6423 6343 575 4667 722 380 4409 3533 727 8832 4772 4638 5653 3424 3051 6280 3830 2 2962
338 7200 3408 5992 6465 9261 7185 3381 9717 1746 7663 8997 312 2962 4982 1073 6870 5962 838 8134 2
339 7044 5112 9436 4517 9337 8651 4664 5797 3275 6584 6222 6436 5973 8758 1903 9077 1148 2822 8988 1473 3982 4350 7087 2732 6538 7880 2
340 3363 9027 1686 6149 643 2247 8910 5062 8888 3889 8572 1086 5379 760 5628 881 3086 8464 166 6741 2340 8293 7762 9968 2288 2 2962
341 9160 8663 583 7895 2962 4670 5661 4497 7452 4575 116 2616 7972 9984 1717 1765 7846 2027 2488 8118 1079 5340 2 79
342 5898 7285 4310 8136 4327 9197 465 2674 1567 1092 3532 1398 45 2770 7368 7513 3377 1429 2 79
343 6482 3555 9884 5781 8671 60 5926 4292 6824 520 720 9807 3427 4913 2858 8994 3012
344 9301 4901 8896 7796 7746 6574 5170 5833 7338 5283 2301 1588 5160 6263 2752 3758 5064
345 5677 5715 3051 4070 5546 2951 446 7065 4736 7709 2162 2473 9016 5727 3927 3528 8763 8830 1625 2
346 3720 9301 6534 7041 6991 7291 5724 4669 8249 8129 3189 7567 574 2285 4605 1136 5122 9197 7438 3074
347 1454 5996 3870 935 3256 9876 5431 665 8372 6947 6944 4552 7246 4506 8484 2136 3936 7949 2 321
348 7652 951 9908 6827 2465 81 7851 1351 3818 1271 4325 5880 9678 9705 6177 2834 4855 3182 8049 7698 367 6938 3012 2
349 7012 2114 511 5726 3 9026 9370 303 3344 7395 1091 7824 5511 7844 7354 1435 4199 1037 951 3936 7699
350 321 238 9968 3456 2483 4546 7691 8084 5098 1395 3397 2618 2534 4334 1137 8357 9018 7233 991 7652 9518 5239 7219 1058 2 79 2962
351 5869 3064 8405 1610 4765 8333 4171 8662 7055 6123 9060 868 393 2881 3794 1662 9415 5307 9968 979
352 6534 8812 9955 5572 6903 896 3163 6705 7598 5385 2877 1009 6880 7965 6490 2325 1625 2456 3431 3959 3810 992 5600 9968 6413 5654 5715 9533 3894
353 712 4628 3697 6758 4129 8242 4613 199 3027 5997 939 8595 5181 3245 109 220 8893 1405 4314 7413 8406 321
354 9990 7438 2518 5163 4269 1505 6945 254 4661 3883 5756 756 9936 9045 4677 6960 9400 7637 2120 878 2757 1 1925 1401 5007 2790 1293 5880 5962 3074
355 3537 6681 977 4249 9749 8781 2560 5255 5298 3564 8851 4978 2704 569 1248 5767 3783 2 79
356 8907 3509 7278 5980 9385 3798 6893 4997 2704 8659 1451 7496 9708 9070 8666 4404 541 2669 3873 4988 2
357 3982 1299 8908 6810 4788 8938 4635 5941 1311 8421 6628 1508 6204 1349 1005 2
358 3894 9218 1141 5755 8293 212 5634 7981 6076 9217 3805 2673 8625 7224 1476 2439 9244
359 7732 6986 9713 2064 6458 9160 1219 8852 5670 3736 5342 3832 2269 7272 5578 8599 2708 7762 7238 2839 7379 7304 9968 2790 7456 7699
360 6178 2209 9244 5925 4946 2767 4739 6709 1901 4565 8661 9426 8171 7974 9223 9386 6550 8609 9129 4340 2 79 321
361 9979 2085 6955 708 3876 4579 9591 776 9286 5915 6481 454 6597 6878 6240 5005 7200 399 7517 1668 2 79 321
362 6946 4104 7260 7095 3524 1231 758 2728 6005 7439 9123 947 7258 3082 398 3561 6404 3074 2146 259 7762
363 1145 467 8362 7611 5035 4127 5951 8376 1240 5381 6312 2825 4558 1149 4624 2
364 979 8130 4311 3447 6230 8936 1373 4145 4743 8310 51 6462 4225 7804 4167 3371 1668 2
365 4045 6772 8927 1920 7239 5678 3661 1179 8555 3152 223 3155 6020 1778 9356 7414 427 9533 1496 6021
366 8922 4437 475 8081 1628 5434 8124 6815 1670 9904 6768 8883 5597 8706 812 4415 8732 1611 7892 1443 4764 8075 1868 9075 2
367 6413 8713 7243 9669 238 2041 1294 3939 4153 8483 2242 4535 3434 259 221 2327 5677 6613 2 2962
368 2774 6028 7413 8106 3345 324 1866 2333 8045 3404 9718 3577 7255 847 5054 2480 3982 2
369 9903 4004 2398 2254 5530 4050 7546 37 213 6906 5850 2114 8218 9930 7699 2
370 2128 4260 7116 1884 5787 1481 7324 5168 9808 7945 3436 8370 2858 6161 8881 5917 6778 6101 2
371 2058 541 2875 3020 3704 8030 4063 5067 4641 6614 305 5945 5436 5769 5484 7934 6986 7732 3012 1649 7736 2962 2288
372 3111 9688 640 5387 7607 5292 4324 1297 6808 6844 3219 7616 2559 287 2149 9292 5271 1411 5201 1055 4393 4527 8512 321 6101 4035
373 9129 6001 7998 5855 8562 494 9368 7337 4836 7323 5295 7174 8468 5852 5508 5196 8910 3023 1401 3982 79 2
374 3513 6130 6914 8319 2885 1344 4571 3148 3593 813 8138 8355 6146 7576 2475 8470 6613 1353
375 5219 1956 5862 2583 6099 7811 5230 5868 815 5183 6570 9781 2429 5089 8010 6047 2558 8994 8491 2 321 2962
376 9007 3830 5483 2030 1846 438 7056 935 8231 2994 521 345 1675 6086 9691 3710 2907 7275 7924 3659 2327 7077 925 6021
377 2458 5270 955 7575 7720 6683 5362 1281 1272 2820 5906 2818 5250 6085 4542 5209 6966 560 1181 8193 6547 7413 2
378 9604 858 3792 9167 8630 5763 7066 4694 3782 5229 6121 5807 6327 116 2
379 2426 4068 3425 6234 4905 719 2369 1422 3366 8808 2955 3516 62 4824 3842 1668 3074 6537 2
380 518 5349 1889 9751 1387 674 183 9544 9819 2134 6014 762 5715 5299 2469 9914 4097 1252 4636 369 3032
381 5702 8634 4302 3520 7951 1955 4413 8248 79 9747 9461 9177 5485 4609 7943 7629 131 3723 9199 3877 8406 5715 7438
382 6470 9043 3533 6487 8893 3069 931 8164 7306 9363 6278 4390 607 3649 2962 3830 2 79 321
383 935 2679 6855 372 1296 1010 8284 8919 7554 4296 3860 7455 7883 2148 7608 5880 5958 9301 450 5064 5715 2
384 79 5054 7347 6970 1941 5182 6774 1627 8746 8264 3623 6466 9519 3028 3996 7709 4855 935 3012
385 4340 9224 3602 755 660 8189 1570 6677 8994 8614 7082 6362 2095 5676 7728 1769 8535 6429 9675 3976 6934 9841 8948 4796 8450 2962
386 6778 208 8387 6717 2633 4095 8456 6773 1252 2463 5402 1277 4815 8457 2270 5848 2426 8212 2566 1723 2760 5887 1125 9654 6550 2943 7709 7438 5715
387 8212 7629 1164 5365 6829 5515 5264 88 28 3132 7362 7226 9331 6488 7985 183 6771 1774 1238 8644 5307 3521 7699 7153
388 8150 1579 3521 8360 2540 6818 4438 879 162 5081 3733 8956 9533 6534 3936 2240 3144 2121 2962 9968 7153
389 8406 7049 4399 6836 3789 6891 2542 3610 2844 9301 2524 6040 7693 4820 6917 1113 6474 4189 90 1607 3885 1299
390 3937 2239 4705 8392 374 8994 6218 554 8800 7751 5643 1445 9802 6174 8140 2115 233 2630 6010 7857 7340 2 79 6986 8830 208 7833 3750 7001 9404 8125 321
391 6967 1252 2943 2794 5972 4152 1679 4828 5990 833 8590 2754 3253 7782 7413
392 3575 2175 3496 3819 5458 933 8440 3296 300 2102 8916 4650 6235 7242 3936 569 4352 2 79 321 2962
393 7736 1731 1174 5177 7261 4572 8286 2 5682 6044 739 5107 2687 2777 7495 8713 5660 3823 2892 5784 427 3894
394 3541 9607 132 2543 2 3806 2452 9224 1185 6576 6104 43 9906 9682 1956 3803 7121 6504 3320 321 3079 7082 2773 2437 5412 79
395 6737 8958 8491 1981 4692 3656 5161 7192 4522 948 2271 492 6716 817 2051 702 2659 3316 321 1822 6054 3894 4377
396 4234 4965 5795 8994 3543 3394 9883 5370 3293 8447 8996 2024 3671 5155 6007 2
397 2109 3468 8644 1050 5443 3657 5214 8841 5145 3134 4449 8296 522 3327 8196 1376 2629 7709 5758 7699 8387 2288
398 3285 673 5457 5995 2569 4602 8116 5355 5638 4757 9381 9138 5877 1853 3825 580 8011 919 4326 6014 1774
399 745 9600 3597 1805 4035 2192 4434 2859 9423 1801 8018 3592 6561 8756 5457 1260 5896 7864 3964 6467 5412 5880
400 4527 1557 9720 6669 9594 4658 1719 5216 9185 7141 3159 61 2954 8592 474 1177 4577 3875 5439 4689 5220 1799 6060 4728 2288
401 427 5902 9480 3164 8790 6388 8722 4257 8119 2050 7503 1652 9743 6753 5374 1446 9197 6082 3106 4901 5412 2986 7762 2
402 9659 9085 4199 1238 2746 5248 2580 6968 6133 9453 7009 6119 5533 7748 6396 1228 8160 4786 2263 9075 2
403 7413 7429 925 6938 5446 5090 5433 3434 3025 8170 3267 7780 5082 553 4411 6364 6862 631 2366 8747 6667 780 2383 4060 8644 2555 2
404 3783 5857 4755 9208 6973 8177 2097 8033 4917 8615 6065 7360 3541 924 2 2555 5307 9273 9573 8663 9023 7296 6547 5962 79
405 5326 3079 7085 9003 683 3093 1436 276 7008 8935 1959 8388 2433 3415 2799 2973 1957 2434 7367 8946 452 732 5064 2
406 8439 6486 8259 9467 8628 3375 1233 2988 5317 4026 3395 4938 6873 3822 5063 9280 3195 6347 9010 776 8387 3521 5412 321 2 79
407 4108 3074 2554 4021 4047 1449 5468 6594 4133 9043 4218 6025 9182 1695 3422 6581 737 6923 2263 8991 7880 780 4199
408 1774 6324 3670 3562 5223 1616 2996 9568 8432 8152 8173 8667 2121 3074 2 79
409 9533 910 9806 1117 4728 4901 273 4054 3417 2533 1360 7969 488 3337 4763 3446 3169 3894 6819 5167 9139 5340 2875 4855 8491 2
410 8105 1256 6196 6503 2146 5122 513 4180 6311 6883 6049 2924 1514 5311 4062 7510 6655 799 3795 4230 5446 6554 5175 7880 2
411 4091 450 3797 9391 7549 3297 6898 1834 6618 5565 271 2872 6602 6348 9401 1672 7120 745 7949 2
412 6588 9004 7856 8900 3895 8658 5695 9341 4671 4903 9833 3537 9566 830 2952 6731 5247 7997 3944 2666
413 1979 9032 5504 6269 6075 4684 1833 6610 4308 8649 1939 5889 2265 4444 5143 2643 6984 9268 7643 3871 7256 2194 5027 1159 206 8922 9355 7732 352 9968 2349 4199 321 2
414 3106 4134 2673 2589 6739 1305 7123 110 227 9608 4591 8899 9602 9047 2066 2729 3099 9066 4558 8969 3202 1496 2936 3009 7519 9160 2 79 321
415 5656 3225 7949 6141 1680 4805 4607 4134 6478 1880 1650 9968 7049 1541 1202 7327 5874 3104 9483 412 8387 4326 935 9842
416 3982 8157 5065 9007 7356 1992 7613 3690 5276 9314 7182 5093 3512 5263 5580 9129 2842 3830 4199 2
417 783 4159 5178 167 7088 8660 8204 7180 8235 634 1458 5663 1818 9222 8933 8387 6258 5762
418 8618 108 9940 5307 2038 1749 9609 2750 9352 7034 1026 7781 9296 1715 1424 6939 8190 4042 677 6465 1454 9903 5507
419 7949 6021 205 9230 246 8195 8854 2335 1845 6701 4821 4013 5836 6150 235 9628 1840 7656 7230 4717 6584 4362 7762 2
420 7153 9637 7304 7151 4766 714 1878 9920 6225 2177 8519 7028 2590 1419 4480 1223 9537 3961 2013 6739 9199 1668 4985
421 3427 4893 8043 1948 8815 3474 9901 1773 5536 1072 1118 4741 7006 1851 4286 5040 637 4169 4314 761 7321 5869 9008 199 6547 2
422 4340 5359 7641 1956 4203 6840 6928 5742 8224 9366 3763 5056 2705 905 5537 1812 4907 2240 7949
423 6153 4760 9007 4928 3316 9842 1538 9332 979 352 7939 3100 7296 9638 9141 6534 9460 3096 2407 3742 8711 1061 1645 2283 1000 5296 2074 753 7736
424 7883 2240 2175 457 5029 5583 7280 6296 3821 9688 3146 7893 2233 7810 7887 9067 4502 5013 979 6486 6785 935 6404 745
425 1647 652 6437 3465 7178 2462 2403 8361 7063 2546 2549 5438 5880 2655 9945 6583 321 2536 347 2892 9480 7615 930 3111 1289 9968
426 551 3095 3991 6116 4920 449 6926 593 42 3466 2847 7895 7153 3982
427 2666 3379 7457 4462 7448 243 1034 2294 571 2878 8062 7118 6382 8079 7806 7997 3203 2951 3961 2
428 8116 8343 776 1510 1292 6842 3923 4627 7302 1381 9008 1536 3616 3398 7591 4191 6041 5055 5003 3240 6153 116
429 5307 6141 79 3784 6528 6280 7521 860 4913 4036 8036 9023 8809 9176 6547 2255 7702 7436 9534 5074 1565 6021 4089 6737 937 6920 8387 3758 6258 7652
430 6549 33 8156 8202 8513 8558 6879 2078 6803 1559 4603 6458 4176 79 2
431 2846 3865 5162 953 1412 2308 7836 67 7583 7732 8846 9502 2306 8284 1668 9007 2
432 2555 9290 7138 4586 6260 9803 8738 3975 7632 6940 3214 4340 8175 1743 2350 8655 1625 4034 8722 7762 2
433 9139 8428 9903 6338 2161 5103 4039 8853 2962 4553 4762 891 6101 5706 374 9310 5643 458 2630 238
434 3703 9709 8049 456 6729 4420 3307 8180 8501 6447 9653 267 5705 4668 7085 1288 6746 6054 5340 2 2962
435 1025 2274 4178 1937 4020 6722 4906 4960 8463 1361 725 849 2402 860 8858 8251 3113 2615 2
436 9731 155 3119 5445 6250 3706 1130 9091 1794 3638 2701 7668 6203 3900 3752 293 8992 8459 6021 1625 6613
437 6101 1117 7126 7634 524 190 5026 690 6015 1369 1426 9044 9097 2368 21 8423 3140 5130 3033 9244 2
438 3894 4749 1299 6853 7536 2783 5793 9162 3376 2532 5905 9886 5754 3473 4044 38 726 7254 5038 4463 5862 4958
439 6611 2100 8711 5104 4730 3863 482 1147 7597 6082 7207 9868 5554 7987 4512 4536 9902 9025 4912
440 7053 1942 2327 7459 6011 691 2409 8060 2895 3088 3154 4511 8712 2887 7862 5890 6160 1690 2043 5985 3146 8702 5401 1774 2555 2
441 9842 3707 592 8610 3845 1182 6837 5154 7949 8921 5673 4360 5761 1238 3830 2962 8406 2
442 9206 8978 8461 874 7978 6356 5743 9042 9931 2920 4437 6899 6624 8611 9148 5766 1761 9842 7949 2
443 447 527 5815 6938 9256 4580 9805 7490 4199 8250 2264 8764 8130 6613 2337 9827 2812 7017 8043 9199 8293 9244
444 1571 3792 9822 670 9837 2879 2911 8486 646 1786 2906 7024 4824 979 6173 2870 8914 3083 36 978 7355 5715
445 8431 5752 2806 4973 7652 2135 1876 142 4385 9595 1432 3985 7301 2800 2491 5869 321 9533 9244
446 3753 9260 4463 8134 675 1323 1898 8686 5909 7336 4529 1121 6809 4389 6414 7736 2555 6603 535 9821 2445 9198 558 7162 4915 3601 3050 6613 1534 9244 7438 2 321 427
447 2060 4528 9265 5668 218 8681 792 4365 987 6103 8077 6636 7650 6249 3680 5900 516 5307 6547 2 79
448 4341 7569 2003 759 7349 3683 8480 4785 779 7307 5157 3250 3746 5573 496 838 5194 374 1117 3163 3074 79 7949 2
449 4912 5132 1855 4299 3495 6656 112 8995 1107 5461 1994 5199 191 5635 7458 7997
450 6608 7147 5553 1167 7048 865 6014 5872 2939 2155 9635 6999 5358 5671 7991 1958 3193 9146 1466 3004 4943 8716 6258 2
451 8716 3914 267 1572 9947 6786 2513 332 4645 8748 9740 8337 8350 4173 3508 5817 4478 1389 1874 6196 1489 7826 597 6216 9046 2264 3379 427 2
452 4660 3236 9485 4066 7350 1310 2624 8029 7169 9442 9086 343 4702 1340 5978 9839 3888 2193 745 9270 1571 7296 3877 8644 5880 2
453 3728 6778 4567 4294 3684 8574 5416 8054 3936 8967 1400 2947 2438 7381 3031 1609 3264 6889 4870 7429 3894
454 6073 6980 4300 1264 733 9013 1888 7721 331 8804 1111 8134 2823 3869 1602 6250 6534 177 7252 1145 4286 5033 8644
455 5043 6070 1852 5730 6408 6484 7484 7902 6067 7188 6884 5943 5236 8023 3489 2493 2 321 427
456 4664 2828 4491 3460 8097 2449 9069 5928 9903 3318 816 1421 6580 2138 4818 8293 2962 2
457 3243 7659 6046 1077 10 6327 7819 4176 9388 316 6394 9399 8064 448 1134 3408 8487 8495 6014 2643 2
458 5437 7845 3752 2817 1176 3052 8125 9563 7212 2111 2643 8548 8608 8906 6333 8731 8647 7101 8352 8185 7133 6030 8431 7652
459 6281 7899 2158 6327 9354 5997 5474 8925 5884 4527 8451 447 4382 1007 4040 2262 7566 7699 4786 7025 6577 5838 2379 3074 9545 2704 2121 2
460 6467 1066 1962 7604 1651 9149 7209 52 9282 2126 5353 5749 1409 3018 5386 3783
461 9573 8880 1512 7039 9005 9728 3999 8367 3292 5415 8093 4706 3694 7005 6547 8520 6790 6049 2 321
462 6258 6327 6134 2569 9129 9433 2962 3050 8715 641 8653 2537 5506 856 2394 9758 1823 6950 7314 2422 3113 569 4901 9842 2
463 523 6731 7568 8822 1646 6487 2599 6433 1459 3274 9529 7966 1795 647 6635
464 1657 9014 2202 9569 4341 8191 8301 8569 6238 3786 972 9693 4141 5869 2615 5748 7949 4129 2182 8005 2
465 6692 7630 2773 2979 9545 8055 4504 5788 2730 1625 111 1969 3098 4307 150 715 1668 7633 7773 3518 7227 1434 1984 4928 4317 4526 625 9075
466 3007 6184 2313 5200 2222 5649 7234 4643 381 9641 1038 6483 4079 9848
467 9023 9933 6584 2565 745 9555 8911 770 601 4397 3255 8125 9986 9254 8338 7562 3722 7382 7901 7083 8069 2
468 8644 3781 321 6332 7290 3234 5254 6257 6673 349 7092 1301 1524 5444 7767 633 1237 6611 3830 884 7022 8965 1791 9688 5677 9545
469 1774 8256 4055 1036 7373 6941 8632 6449 323 6256 7204 9643 7614 2129 6136 4531 863 6712 3074 2422 7949 2 321 935
470 4252 9815 4771 9507 8061 1337 2137 4557 6983 8924 9301 1605 4734 6152 6405 1668 8193 2327 8812 7762 7153 2
471 6899 5033 9224 5185 126 9753 3211 4652 8258 9626 7119 7305 7700 2155 2288 2 79 321
472 3507 550 1555 6833 5826 2711 1353 388 9438 2331 328 6871 6050 9950 6030 2575 2048 9990 8994 3103 2643 2
473 5962 9107 952 395 937 6134 4340 6053 1569 4433 3596 6473 3330 8114 5356 5770 5350 152 7993 6448 7469 753 9903 6920 9436 1752 56 3830 2986 4180 6467 2327 5412
474 6650 1181 6024 9885 4326 2692 2292 1997 1521 2466 5752 5556 2273 1802 6958 407 4765 1083 9731 7234 2904 2327
475 7511 638 9233 915 4369 2890 9731 512 8117 9618 163 9867 7285 195 321 149 4854 5307 673 9806 6584 8487
476 8130 8512 1391 1020 2121 648 4798 7949 5459 5655 7732 4464 7677 4644 2117 9592 1752 8484 1571 1342 4386 5683 3163 7641 2685 4561 8470 6584 5962 7012 4985
477 6545 9931 1328 6236 6063 4348 232 7202 3371 8949 8270 9712 5897 8928 123 2545 4493 2661 979 3621 5127 4999 8443 3936 3111 7694 9224 9007 9533
478 4222 2382 5333 6214 8723 4501 2240 8308 7143 6990 6825 5282 3273 1516 6114 3599 2404 437 1216 4962 352 8994 5715 1668 2
479 7880 3377 3190 405 8855 6163 956 1132 8907 2248 9270 4240 9344 2614 6749 64 4070 2778 427 200 2555 6537 9533
480 6672 8794 8387 3630 5677 352 5400 8005 5045 784 3056 2376 1124 5189 532 3260 2447 9308 1480 8767 8947 9623 8188 7266 3012 6827 1668 2
481 4314 4728 2685 8445 5397 7361 3125 7068 7133 4537 5659 3552 8578 5716 7477 4549 6521 2406 8843 3682 805 1831 246 6019 133 5921 3509 9834 1774
482 2322 7252 2651 829 7285 4526 4166 8314 8121 5891 7863 5625 4323 7076 8174 8651 2615 4340 7652 2
483 6404 8841 7806 3251 2847 9887 6054 5418 2512 944 8793 9030 3141 6648 5936 238 4860 3438 2208 2125 1515 7210 79 4855
484 9669 5710 7216 8814 9697 639 2873 3147 1019 3149 8719 7117 8734 789 2005 1180 8757 9349 4930 2555 2 321
485 2790 3074 4801 1736 1293 5768 2156 2144 6633 6685 6728 7353 3901 4566 9971 4882 7482 4703 1540 7949 5645 2288 7438 7699 5962
486 9199 813 6698 687 7952 7259 8644 9711 1807 7386 1314 5207 8141 1244 2315 5070 1784 5888 9467 9677 3543 2666 7001 2
487 4343 9425 4925 4774 6054 1522 2136 2235 4024 7478 7480 9907 262 461 3091 6630 7483 1560 8406 4341 2 321 2962
488 450 6258 7919 3352 1685 9087 6059 3967 514 5031 4531 6229 5341 6839 8999 7295 7061 2282 3507 6847 2611 5880 2643 4199
489 753 5462 6790 8176 1935 934 731 1241 5406 4148 6468 526 2802 2596 9035 563 6424 7568 132 8396 3541 925 2
490 5253 3081 3121 1377 2798 6908 6780 4969 5319 4215 1591 4454 3144 188 2643
491 8043 7852 2001 5288 1354 285 44 9624 1120 6329 3388 3382 8957 2188 7544 4343 321 6635 5748
492 7219 8528 7320 5507 744 175 1639 8823 7210 8002 7600 741 4800 3142 7740 447 3936 2 79
493 2136 4752 7948 8210 56 2608 6476 412 2747 7777 4442 1236 1817 1982 1657 3955 1280 6665 1984 5097 321 1299
494 3395 325 7987 6226 4639 4606 3005 6101 1306 8304 7391 9611 4198 9660 3042 3585 4012 9468 114 1945 5064 321 139 8498 3304 1125
495 5880 1750 7193 7206 46 5993 3795 676 8743 2811 2909 6045 7153 7791 511 701 893 1561 8207 256 3740 9079 6075 259 2 79
496 8387 5860 1139 6095 1504 5895 7321 9930 3970 8581 3144 1366 1464 5343 8336 9430 4078 8345 3936 5617 4989 8696 9794 4209 2093 1500 8125 8248 7762 5340
497 4886 7057 8787 329 9315 3987 4027 183 1457 2660 4733 7709 4853 4716 5956 4220 1279 8879 2518 1668 7120
498 6170 6360 2986 4843 2155 259 8690 3013 1624 7880 1209 5109 650 3336 6711 6764 2840 3713 4663 5372 9848 6765 7852 7997
499 935 867 5654 2321 7852 8753 8245 6738 2017 671 1402 8622 7504 1129 104 8685 319 2602 8003 6467 2345 4705 1042 6978 2
