500
285 6029 4843 238 5065 6248 9721 9013 1646 2168 3215 1534 7053 2497 692 8637 5470 2997 4106 321 227 7997
193 7786 5216 8644 6538 8245 3766 6112 3061 5548 9873 4716 8985 1261 7714 9675 2387 3144 5426 7759 8257
398 5063 7029 321 7261 700 4880 1855 751 5995 2366 9505 6506 2432 4726 6146 4095 625 697 9807 979 5902
390 2979 8651 3937 6785 935 2939 2745 4311 9501 1550 8890 6257 354 8800 8994 5824 2407 2211 6157 106 4377 4510 3172 7864 374 5006 8125
79 3432 6748 9551 336 379 3032 585 2787 9174 9871 7881 2549 1908 3003 1052 3982 6521 6821 5270 6251 4784 7179
162 2740 6404 7652 6889 4866 3600 5827 759 4969 4031 520 3302 6152 7178 9755
83 1780 2100 6615 7807 1569 8980 7165 6765 8824 7240 9139 4671 9162 6447 9823 9448 8742 7808 8635 9299 4401 8269
127 4170 3753 4314 7631 1105 822 9135 2615 7715 8005 9921 466 5511 2173 1515 831 7804 5414 9357
266 340 2161 4066 5358 997 3012 8171 2704 7938 2078 1014 4042 8291 2596 3894 3225 3468 2662
359 9713 8775 7240 2001 731 950 5670 8574 2223 8787 8308 6456 2524 2269 4903 880 4958 7272 7909 2817 2577
396 5899 4102 3013 3044 8810 7071 3702 390 667 3106 7025 5370 1446 2135 3671 3453
458 3101 2396 7997 2476 5831 9317 3590 7212 4556 9230 8444 6060 1586 737 2643 5512 7745 3488 8332 6214 1524
136 6608 6982 456 417 2917 3751 3474 5017 9928 3143 1514 5551 525 2277
89 8257 1638 7396 3869 4034 4529 7820 5322 1639 4527 564 396 5098 7672 4953 5157 839 1989 6550 5504
178 3043 3268 7336 8125 3535 3584 4649 9215 427 7892 1637 2522 5007 8569 6202 3955 5181 9688 4170 9931
94 5029 2123 7992 2112 1546 6168 6174 3210 7258 3586 4197 6200 7368 4640 6180 8401 6613
273 3020 8131 3160 7509 5438 7 238 8509 6830 4186 1399 1302 6433 1319
274 4036 4697 8461 1218 7541 5695 1361 3959 1638 4403 7762 7516 5815 6239 2361 7699 6308 9968 3032
117 4558 5240 9912 6347 9300 5386 5077 2651 9949 9759 2208 9308 1046 9132 7545
423 663 5857 4539 4760 8343 8508 647 935 1920 6984 7160 7585 9638 4369 4210 2283 3253 8711 7776 2224 1730 5838 5301 7320
203 1625 5239 2263 9632 1150 8907 9545 9265 3128 2232 5232 2970 6155 2274 9129 2333 4514 8871 4326 6029 5142 7367 2708 4278 9968 7453 6750 5349 9623
205 4431 6915 863 7939 787 5804 4199 9195 9627 1847 1520 8374 2537 4830 6611
154 6750 5762 9995 7975 2288 1562 523 613 9994 784 8752 3621 4312 9950 1663 6091 7650 2407 2439 3079
486 6584 776 3753 9478 5917 687 3798 8431 5515 3383 5950 2404 345 7256 6659 712 1314 2936 6873 9225 4091 4692 7023 2943 7880
215 3015 7613 5564 2833 8197 8876 9398 7907 6378 1576 7104 658
466 9120 5175 2633 960 2244 6693 8061 4169 9610 4703 4643 2770 5200 3499 604 5848
412 7012 9004 8375 5457 3007 9172 2938 2401 8004 3479 3877 77 876 5179 4240 8235 374 8064 8023 2952 6201 4176 2414
430 9129 3285 5397 5896 6258 8156 6020 8794 6204 1559 7017 6271 4215 4012 5598 4689 8218 79
300 6073 3195 7570 250 7929 2346 2721 9655 4727 7086 8286 1964 9676 6865 7266 6195 2516 6558 9171 3936 2752 6021 4962 8251 321 6827 935
254 7902 7732 866 427 7977 3970 3114 8722 624 5523 6923 6661 23 6672 7995 1893 6554 4135 6402 9598 8140 1238
190 5006 3304 9666 8210 1871 2128 2788 5541 5503 4674 9566 3900 6082 8200 3690 2026 6655 4141 5389 3377 9573 5386 7762
356 2698 2327 2774 7615 8493 9499 4497 4997 5666 9065 2578 6014 7353 6306 4882 8834 5517 2235 2236 4523 1181 476 1534
467 199 1979 3762 9248 3748 5454 1086 770 2288 8293 4325 1614 9844 8368 6902 3722 5649 5921 4923 2047 3249 9023
160 5871 2900 2768 8780 7276 8982 4741 6938 9732 33 9483 6351 142 8558 2672 8749 8805 6910 4501 9013 5848
22 7333 7759 9290 7637 981 760 1369 6461 6375 7605 9694 2004 1766 5080 1922 5340
385 3836 6895 9230 8362 2791 3456 9075 8994 2666 8181 7291 8239 9035 6002 788 3007 4883 6344 8494 4870 6790
421 4317 1948 3047 8053 7456 5713 7006 5391 255 1238 1540 1508 6884 4326 3972 4108 9298 1911 7357 5899 5860
243 6967 5129 5862 3256 8528 5715 5893 7244 1252 2481 9772 5684 2550 1602 5057 4711 6681 2288 6061 6049
252 3885 7151 5365 7135 9936 9080 3781 321 3588 813 8452 3916 3739 4393 6935 3977 617 2680 7313 6428 7082 2426 2
230 9496 7120 670 2962 9807 1869 606 6143 9364 501 600 3885 5671 1415 6229 2495 7624 8893 8459 9763 4912
221 5212 8325 7193 5430 1337 881 540 5810 9286 4496 4422 4323 2610 8831 6269 9347
213 9533 7525 6459 648 3708 5027 1696 4236 5217 6331 6531 7505 2104 3805 6169 3842 5029 6409 8797
164 1987 454 102 6829 9635 7549 3144 132 1871 1491 1809 8125 3349 872 888 4960 9646 1032 1679 2187 5375 917 1393 3077 1383 5677
116 2892 9313 3543 9755 8684 3147 6077 1608 7569 3958 9362 259 7581 1134 2340 4191 4056 3941 4020 4770 1853 9481 1774
20 4108 2707 9428 8522 4348 116 8636 3236 6614 7170 772 7414 1244 6001 9520 2742 9955
88 7790 6840 8922 4641 6914 8125 935 3662 6611 5156 3845 1148 5843 2777 5083 3059 5419 8692 5412 3905
37 5383 7392 2972 2175 6454 7519 7296 802 5710 5654 1496 5022 6722 2828 6494 3368 6500 5063 7274 2402 5445 3371 5530
380 2904 4401 5656 9887 3657 6014 2954 9040 5969 1609 2453 2611 2420 954 8370 9765 9585
26 1167 5288 246 7602 6635 8812 2855 2155 1476 689 6364 9698 3872 9093 7837 2471 6056 2707 5520 2962 8142
140 5605 4223 9498 7792 1469 818 9113 9282 2459 3480 879 7713
91 2121 7206 2856 8918 8586 9160 5979 9669 1845 829 8572 3157 2071 9152 7639 1424 6221 9120 8460 1191 9266 7162 4786
463 8690 8290 7199 8139 4742 5752 5183 7164 9077 7678 1298 6431 7186
195 6676 2412 3664 8487 4385 5308 8272 9139 3981 3323 468 4996 4107 5766 542 5261 4779 4367 5784
282 7874 5104 2598 4501 5773 6092 6893 1353 8153 9653 2540 634 8123 591 5168 8722 8585 979 6920 7791 7240
247 1570 9073 2962 9048 5316 2393 7517 6352 9876 352 3355 3859 5034 1587 1565 3398 4706 2013 3032 234
10 7795 5981 7706 5182 2105 6186 1327 3058 6996 2802 7854 6692 6173 8046 8768 2260 3823 1299
235 3720 3863 6639 5085 569 5865 1661 7485 493 3473 3341 2240 8988 7438 3614 4199 4845 2264
25 4660 9032 8455 9979 4340 9533 2712 3286 9761 3105 7355 5721 41 8086 4776 3235 2274 8483 6078 3936 1984 1256
393 2491 254 1770 946 8169 6528 7893 4243 6413 949 6250 8388 5448 2534 2100 739 7694 8519 1727 3097 7218 5437 2
223 6986 3163 4129 4341 7852 394 9161 6518 9969 557 6733 9353 1688 875 9975 6929 475 2679 9075 4151
46 4958 3362 3758 6234 8990 9786 5407 8995 138 1831 3526 9812 9808 9902 4062
32 4340 5500 6532 5446 5301 6759 3296 5345 9827 936 7233 7546 9514 8660 1871 2240
432 5163 867 991 3241 5730 6701 989 8406 5040 1317 5615 6232 7801 6801 7301 8052 3790 1396 8722 176
378 738 858 6327 353 9185 9338 9775 2101 8630 9736 8457 4694 5015 3009 4352
15 7782 3106 9988 513 7796 7709 3427 2773 3284 6651 7060 2896 8659 7344 3999 2804 1138 1454 2924 3274
399 9086 1984 3566 2064 2190 5449 6231 5727 8018 7689 3945 5878 4930 755 2643
176 5887 1800 7038 5785 7085 1956 6747 2072 5582 4219 2193 1188 8914 4454 5203 972 7922 2898
0 5339 7474 4362 4916 512 7296 5485 3082 968 1207 2006 4229 1063
123 6301 7833 1579 1918 2454 2008 9030 6313 1651 6359 5035 4807 6817 9932 80 6086 6707 1443
130 2538 5198 6613 502 4159 6305 3812 6492 8332 1961 7320 5983 4589 3433 1061 983 6718 8804 9562 5462 2327 6978 2904
316 1625 6024 4728 2107 5677 6197 2979 441 4249 5861 2635 4211 652 6778 1339 5715 404 9723 6572 3076 4073 6141 7919 4060 4567 3012
84 4941 3184 7956 1546 145 8583 9943 9548 1122 1851 2785 3689 941 2575 5538 6256 249 557
315 6666 8300 4596 3830 4237 120 8105 9618 2732 8520 4683 9524 1011 2819 8506
434 2028 1139 6326 3307 9802 9821 3122 3470 2867 4025 3071 1943 421 3373 8180 4184 2155 2175
478 1071 6413 8881 7153 4378 7489 212 6 5194 3012 2240 3458 7143 1805 8236 9758 1501 7506 2562 6621 63 1668 5715 2555 6652 9244
196 7744 753 5443 9582 2155 2014 5922 4937 1345 3853 4015 9833 9260 8496 9660 1665 7864 8992 2704 5635 6196
72 9083 6424 311 7932 8883 5389 7713 7454 4879 2730 9026 61 9270 8994 3754 3985 976 5522 3418 4376 2060 3937 4457 583 952 2555
129 8233 7542 5333 8293 7413 2638 4469 293 2408 3740 4424 5945 3503 139
382 6487 7146 4065 5248 9930 8969 3767 2915 2974 5303 1388 36 6278 1500 5660 2962
161 2143 7233 7266 9692 538 4584 3552 3513 5746 7452 4258 7691 3884 94 9273 2317 2643 3891 1974 7153
191 8931 6490 1145 4672 4534 9841 5533 4352 5119 8611 9020 2140 9608 2874 9463 4343
18 8495 2897 8005 3814 4192 8042 367 1344 4234 819 1810 7372 8051 3202 8712 408 1237 4350 9465 8880 7055 5064 5097
420 90 4985 7710 3203 7864 7153 707 714 4945 1223 7028 5799 3521 8852 3561 1529 2904 3602 1275 3216 3339 552 3553 5111
134 2240 6115 4834 8212 3481 2152 8566 5941 3986 3622 6470 7908 3380 5673 8833 1365 1292 2773 6095
480 5909 6925 8125 2866 6672 5848 1124 8747 4309 2323 2288 1480 8953 7220 3260 2530 6405
373 1935 4988 1496 3666 8562 5825 8036 2984 3436 5572 918 6972 9371 6793 1299 1546
180 6423 9733 6163 2994 1761 9842 3016 985 4228 3156 7858 8686 8501 9616 2322 9826 655 3633 1035 2158 5401
464 8947 8503 8855 8580 3786 7470 8717 8963 9110 7941 7074 4517 1858
68 6643 8539 5445 3226 3521 4423 3409 9391 8566 5019 6447 7496 4256 2551 2398 5340 3686 2582 186 7787 109 7880 9777 569 116
389 6692 6070 1858 8049 5788 205 8966 8136 1884 1789 3021 6291 9145 633 9012 1116 5075 2878 9354 1153 6327 5762
290 5767 7216 7289 6153 8256 2264 7806 3330 115 8365 7949 8105 8653 450 3694 769 8341 6778 808 6579 6011 5193 1625
30 3463 221 8696 1307 2463 7849 3381 8141 1073 5918 2716 347 9744 210 6584
477 7087 5509 3074 4420 7772 7178 6545 9931 7472 4999 8418 8851 3655 7833 436 800 357 7124 745 6547
105 5921 9259 427 7082 3961 8425 463 3982 8593 6030 1585 6191 2643 324 8243 7670 1829 7771 270 4078 9291 4933 605 9301 707
199 1900 325 5668 4106 5494 164 1774 1064 9558 1123 6427 1731 8676 9746 6369 9265 78 8278 1632 9422 2842 6387 1871
475 7629 5942 6931 8130 9219 5451 7616 2114 1142 4326 8117 3414 1455 7285 4854 6590 1038 2448 8812 9404 9731 3673 3753 4071
149 7732 7126 6300 4803 7556 2299 511 7200 9156 9160 9533 4814 9108 4409 1070 146 1293 9836
7 7575 3950 6258 6653 7045 7399 6389 8193 7284 7219 1813 1914 1371 9450 1406 7820 8733 3319 2740 4176
287 6216 7365 2811 4977 8837 2867 2882 7247 118 4432 7713 7887 4597 2031 6345 8528 6778 3376
239 3225 5748 8790 8453 7134 9046 6487 9415 8160 348 315 2132
357 4985 8908 6687 3539 5462 7373 7285 4847 2183 8686 6235 1379 5874 1349 7083 1558 6415 177 2699 8017 2209
155 2480 7960 7335 790 4365 5737 8874 8142 4093 5322 281 5172 642 862 5908 4060 9567 411 7702 559 2621 2010 7517 3836 8663 925
462 6134 6549 2739 9573 745 7056 1077 828 6547 7155 3151 9215 6647 3560 6741 6289 2560 5478 5296 6786 6044 780
307 8135 5033 5901 7791 5294 7331 9102 5977 8703 8265 6708 2893 5076 1993 6014 1348
495 2019 2732 1009 2489 9433 2013 656 264 3165 1574 7802 3982 2929 6241 368 4563 5209 3137 147 3343 7056 8130 7153
220 9395 1606 1105 5108 861 7946 8959 4455 951 9173 2120 6365 3641 5617 9857 1423 8332 6285 745
132 9834 5471 6496 3758 2808 6973 836 2141 5248 1787 8948 9019 4070 1598 7370 5376 3142
360 719 1668 9025 321 8121 9609 5465 1784 5738 131 7841 9262 2209 7668 9188 3822 8097 5764 5299 9733 9436 3584 4326 7652
401 5437 8342 9607 5676 2050 8119 8910 1784 9383 6457 6465 4044 4050 230 8568
394 84 9374 2983 9654 7008 2565 5762 708 3946 3806 7791 4423 7032 3803 4791 8739 6606 8276 399 4377 9607
368 3841 2407 6920 6028 6523 9224 1738 3404 2310 4035 4696 7479 2848 3502 5626 6600
49 4214 8994 5609 6270 6768 6587 1264 4218 4792 8996 2618 1577 5195 3507 4259 516 4071
482 2790 9720 7040 8714 221 1741 1183 9116 2240 1669 2128 352 6711 1441 2394 4526 5507 6749 4615 5625 2322 4959 5643
433 3630 3982 5103 843 7116 2662 284 6083 7197 6280 5706 8301 7459 5999 8126 6379 4941 4430
405 5451 9709 3093 1436 9843 5038 2660 8795 7156 279 2218 4160 2079 69 8946 7248 4521 5483 321 7252 5064
70 6292 8363 4602 329 3936 7736 4274 1198 2467 8143 555 9819 1450 2129 5543 4909
329 9623 5704 9192 2704 8176 6051 5904 6777 6040 2097 1461 2761 1059 2766 5612 1390 4402 4901 5251 9518 7634
120 6467 2327 2982 6584 9435 7234 7425 2231 1772 7758 7012 8355 4761 2282 2443 5381 7766 108 4901
212 5553 3520 1454 6860 9751 7904 7316 5408 6154 7323 3325 3777 1039 2063 7606 3564 9440 1121 4199 1216
40 8911 2392 5117 7611 3167 8922 6160 9938 199 6339 7649 7774 2503 6067 2970 9199 5446
16 1496 5784 5474 745 2414 6470 569 5126 2661 4721 7554 2301 1774 8132 9414 3326 3928 7966 1589 4901 6482 9244
362 8293 4967 6044 5961 7984 7240 7078 9139 7369 3441 6921 135 6695 3077 6041 9424 2093 6262 2027 5053 1945 4893 3322 398 6404 8049
69 4437 3111 2615 6062 4238 3792 7709 7769 8188 5798 6131 1781 4002 4571 4737 9906 7770 2973 7358 738 7050 5175
207 4470 2668 1405 8989 1531 1204 7889 8967 6843 8170 9619 6964 2986 4564 4154 6346 7628 5339
102 2074 208 9349 3576 4679 7852 1017 7719 7205 8329 7846 7780 3518 2869 7312 8617 4276
168 9461 2792 944 9023 6140 3056 9986 609 5412 1864 1299 755 6264 7391 2908 2769 8443 9137 753 3528 2892 5065 8134 7193 8293
297 6071 8221 9216 925 5497 2906 2553 2962 497 6116 5154 2749 1005 8796 2073
404 468 6630 6261 4909 865 8177 1930 8615 2349 7310 1178 4336 5563 5059 3995 9852 6334 2518 1739 5307
306 2877 4528 2783 2624 1722 8937 8798 2157 9730 9418 4982 9783 9702 8293
253 247 8005 4260 8934 5818 6928 528 7699 9831 6213 2369 8639 1231 427 7088 9123 6426 7480 5779 8062 4352 8498
171 7153 1904 3989 376 5621 7604 1708 2096 9453 8832 9789 2552 13 8163 1605 1201 2881 1180 5962 2685
151 1391 6409 4285 66 1957 2007 3148 5966 3482 480 3189 7507 2612 6807 5762 4664 9485 5471 84 9731
471 755 4077 7795 5185 1353 3914 2114 126 7444 7703 7009 3858 4778 6161 4652 7119 8202 3551 8193 307 3427
346 9199 5547 4669 8776 3199 8491 1010 8174 2285 9432 6050 4200 3668 9011 3382 6101 7438
244 9050 9224 3792 395 4765 935 3557 3173 8193 5396 662 7341 3111 6824 7454 3026 62 7215 7969
85 7219 1757 4117 425 9664 3609 736 1144 5544 7662 2126 2196 2897 8145
321 3675 1220 9010 4695 5880 3227 8891 1328 4254 6576 9511 9974 6265 3988 6609
248 3584 6802 7740 3895 6067 8863 5026 1156 2144 7405 9301 4028 9592 3422 1865 2192 8003 6316 2662 7933 8342 8343 7949 5326 427
295 5880 1739 5715 1081 5802 7036 369 9159 4580 8040 4359 9244 3276 6276 8348 1716 2886 9893 8299 7413
367 177 4664 1242 5253 7304 8713 7138 8130 7627 5352 4152 1668 3939 2486 833 8502 8466 8640 4230 3894 6020 238 5412
52 7198 9324 9244 6044 5201 5778 3701 42 3954 1136 432 4149
152 8043 7147 6960 4670 8092 4257 3446 9340 205 5870 3936 2496 4921 6977 4919 5852 1882 5744 8634 5748
375 1601 3935 9238 5268 6534 6582 2263 5920 2929 5862 4800 7586 8035 3041 8454 8092 1385 3758 541
336 3582 4888 2601 6712 7004 4677 3231 402 6224 3282 2875 9946 8738 2670 817 838 2983 321 8631 5090 598 1628
142 3783 4639 1752 2927 4520 6295 9522 9315 5459 5894 5583 287 3240 7626 7408 4731 9640 6177 9491 9405 9517 8947 4341
347 2986 3750 7598 2165 2256 5923 1834 935 7418 3527 6944 2991 153 809 1150 9979
233 3051 9838 1101 4362 710 103 9554 338 8232 4022 7346
416 3073 9007 1624 1992 2555 7855 1066 6642 5152 9129 1801 1895 259 864 1691
71 3547 183 1668 9109 8387 299 8981 2346 8114 3166 3682 9496 4099 4177 2297 8578 4362 1786 2648
90 1554 6161 110 6460 4377 578 715 9404 1208 9244 8716 8514 9771 7924 389 3331 7428 2249 356 2962
328 6855 6538 4504 259 3864 709 3715 5412 1867 8416 1774 6296 4296 6397 4955 7449 4648 7736 1617 4311 1571 6980
278 2699 9178 2943 5966 8711 7526 7048 7895 7936 252 1098 979 6358 2055 6696 5428 7547 9728 3850 7491 8408 5880 2340 8396 1305 1868
296 9352 3036 730 72 9495 2262 2399 9372 1794 8078 112 5374 154 7513 1249 7296 8922
157 876 1929 9581 3623 805 926 4787 9551 4488 9356 6510 3410 3201 7534 5752 3304 6447
442 707 8978 7163 4870 7037 75 3077 3718 5323 6547 3120 851 5401 3004 2005 6550 5431 4195 8813 4942 9126 533
293 1352 7537 9218 5188 9007 2499 4757 5233 5115 8215 1720 2098 45 5295 1956 2737 7304 719
265 6351 6404 2182 930 1449 2032 2662 5124 8998 1774 3596 5385 1336 8994 4990 6881 3338 4762 735 1444 4144 9461 6737 1570 4823 6938 7699
298 135 9260 4035 9989 82 6282 7992 5340 2198 3265 3086 4241 7413 96 6967 1084 5858 5528 3354 1723 2764 8696 111
229 5715 4433 6343 8538 9377 5747 5143 5748 3267 5402 5565 8706 3163 2827 5734 5266 9076 9468 467 9593 2643 4824
249 1572 1212 6656 7733 5957 7894 3169 2529 7899 7389 3650 5758 1655 8305 2805 3393 9199 3163 2555
62 7105 4326 4027 1020 6509 9569 6727 5254 9008 4698 3510 837 4306 7481 4319 1225 5220 2568 4546 5506 2085 838 3651 5821
332 5326 4636 358 1705 6909 1979 5177 4766 1523 450 5775 6105 8518 2254 4985 3501 1571 9990 6464 1324 1012 5576 9659 6369
24 732 9640 7434 465 2480 3244 5693 5151 8975 9264 7521 2812 1584 5629 3300 4539 8209 4398 6771
185 3004 5698 8418 9451 1641 9233 7652 7665 6578 5502 4340 4264 5724 4645 9650 4875 9196 9212 1596 6219 4712
289 1401 5543 3074 7457 5604 8074 7463 4171 5946 7901 2709 8609 7682 979 6217 9018 3014 930
98 84 9878 2000 3602 9034 9954 567 2114 7377 2148 9402 607 6882 9564 7429
484 9604 7599 5192 2591 8766 9176 6021 5107 7093 5821 60 2080 3334 9850 6665 6920
202 1702 10 2634 9598 5589 1181 2403 756 7681 7606 8333 5331 7501 7386 3775 5371 4317 2738 8832 8284 3681 9709
371 2875 5448 4063 3521 889 6512 4993 7511 3856 5457 6568 7844 9693 5709 6624 1668 2464 3020
95 3728 3119 3144 5270 6613 5855 6148 1134 7203 6547 7762 8116 8343 4188 4728 5856 7742 4093 8707 731 2541 2280 9502 5961 5451
167 7213 8930 4890 6953 6838 3772 1710 1041 3975 5127 6963 3152 7734 364 4132 110 3843 8512
325 9139 2673 5815 1396 9236 6702 1351 2643 9624 4837 4587 9607 1763 7354 5641 6601 8162 329 3232
411 4400 3673 3103 2189 2320 8189 8524 2349 1367 271 1489 6032 1944 9682 3543 6766 2197 6683 3524 3763 7219 7906 7240 6482
210 774 2696 5413 3944 9523 220 6415 6218 5416 9440 6296 1611 6355 137 4299 521 6477 3802 9 3427 1672 1625 8997 3101 7439 8982 5288 8716
383 783 1984 372 5412 3297 1296 7120 3530 9444 79 2305 7765 7848 2376 6613 4808 8919 3860 3012 9222 7483 7883 3383 8345 7142 5715
303 1670 6949 3405 8406 7267 3103 5458 1848 3429 9400 9669 1445 8610 9241 6795 7676 7217 4820 2251
58 30 8428 4957 151 9281 4804 76 4209 454 8756 2225 5508 6275 3585 7436 1196 5284 3981
361 8609 8580 3049 9803 7115 1147 4364 5845 904 3531 5524 6878 67 9979 9573 1081 5802 9940
391 5546 2670 2794 1097 9101 6122 8879 7380 5493 4292 8902 6047 8227 2858 9007
14 9293 4350 2692 374 8858 949 9840 1588 226 4182 2755 7021 5860 6504 4356 7934 6270 5458 7085
236 3316 3079 9742 4397 9312 7622 2412 2295 4744 2590 8608 6216 7638 7867 6975 1215 2480 7732 712
9 4004 5386 2486 9014 4134 5095 7419 6555 6101 5335 3707 6674 4857 4660 8683 304 933 9805 1397 4126 3508 2857 7790 4226 732 55 8352 8495 2304
386 5758 412 7142 782 6737 5304 8431 3005 6048 1533 8387 8698 6598 5251 8552 5088 8084 8456 2270 5492 1232 8266 8924 4333 7653 2615
109 2735 2239 3374 5286 2858 5787 7027 1745 1601 592 5962 4793 4538 9310 4991 5561 9965 7458 7699
443 4326 4463 1206 2424 1085 8068 9404 7153 447 7207 4358 583 1451 7490 2325 8759 5885 1065 6259 8121 1947 7366 872 6836 6613 979 1343
331 2589 9299 8814 7618 780 272 1534 1185 7044 8938 3638 8761 9507 6210 2210 4168 3277 2728 6498 7153 8841 76
172 9256 3865 6074 2690 4400 9939 761 4478 7240 8421 5954 6740 5891 717 2494 7084 321 1668
469 5772 898 2806 5768 8270 2164 5849 9133 2483 6528 3758 9643 2115 7593 1093 1263 2809 2999 8207 2932 9443 5253 1083 1774
352 6903 5097 1542 9586 1004 2278 8723 5206 8696 7105 3087 233 9284 3877 2969 4988 7517 5255 6270 6263 6671 5440 2615 2790 9968
139 2810 9043 977 929 5748 3870 8888 7948 3391 1986 4388 3894 1199 7352 8101 6857 1496 2768 3360 4199 5445
284 4377 4385 2910 650 550 8090 9385 6198 6260 7499 4532 8067 925 8807 2511 6736 2963 9213 2415 1822 7788 5219
3 5507 7296 2247 5867 3363 9327 450 6237 523 1323 3541 4623 664 3826 7216 8032 9828 4967 5340
408 5155 6099 3670 2784 1343 9007 6592 1924 4439 9568 1616 9678 3678 3774 1194 9869 6074
354 7001 1524 9637 5756 2630 5434 9990 1042 1984 6161 43 3193 6373 9881 1092 5873 1925 1162 5926 826
1 6547 2652 9115 6170 6867 5373 548 2747 7564 7845 9153 9060 4010 6774 6209 3264 1375 3728 3575 4107 9197 1710 1058
53 1145 4308 5149 4107 3080 603 111 1623 3356 8310 5553 8936 9883 6363 216 3042 5595 2538 3163 6262 2052 6613
317 6438 3932 9940 4923 2865 494 9235 8687 3270 25 4489 2725 6238 5581 2757 8811 7133 9406
446 3074 8836 2537 8134 9013 6519 6388 5466 4389 4929 3580 6258 7136 5458 2194 1536 6603 2350 3635 9198 1534 2565 675
6 6332 4352 7511 5948 3811 4788 3747 4526 3012 28 2049 6035 7382 6565 4412 8895 2555 4783
156 8958 8183 238 8298 3835 5437 5215 3832 6688 9005 2614 7201 5229 5158 7615 4606 847
23 5654 6451 8754 2771 7153 5409 4836 2616 2240 5101 2451 5715 4155 670 9386 8438 6325 1276 2
277 9169 7922 8685 9764 5645 1668 2183 2422 8087 5218 3222 9186 4974 1979 9051 5998 3141 2041 1253 7172 3388 7917 7883
343 5636 4253 3555 101 8151 8671 5514 4542 720 9000 4772 5265 6676 8543 9007 6134 1328
214 4091 6827 9265 7318 450 8555 1782 2179 7381 4949 9129 3050 9319 6286 7180 6125 7857 1942 4020 3545 9259 6855 3885
456 3320 2630 7856 9253 5928 2449 504 9270 4224 8176 1028 6580 2626 8950 3438
358 5755 9316 8029 5379 503 9731 2790 780 8757 5634 2840 2304 8000 3194 2574 3144
470 4728 9271 3831 4771 1682 4664 4129 53 9309 5783 1668 4557 6036 782 1477 8041 6119 4734 2666 3362 1900 1711 7652 5962 4527 7736
490 3505 5400 625 6170 4442 7127 3976 1113 7722 6872 7567 2678 5319 4578
204 8134 3637 6610 9722 9885 6849 2117 7333 3345 7383 8204 3408 7583 2246 5250 1799 492 6664 3106
111 4507 9993 1932 1860 4886 5897 2879 2002 4679 8499 9606 4950 5890 2644 9167 8062 6825 9739 6908 4907 4766
232 46 6635 2526 3672 771 4819 5064 2795 3568 2842 8122 6574 2353 7298 2705 5537 2340 1353
66 1898 4692 4995 9920 6258 3326 4799 412 6414 696 3625 7269 4745 1403 1250 2232 6082
369 1762 7779 7815 546 6211 1724 6906 8420 1437 9754 9290
197 2064 5775 1555 6334 9903 6327 5793 6412 7582 2559 7989 3432 8526 6348 5162 1564 8786 6912 5964 6467
34 2932 5690 6324 2077 7153 133 9997 5259 4625 4180 7590 2834 6026 4754 5663 9768 3073 3316
238 7751 5348 5082 752 169 8376 7174 9603 3133 4646 7587 3883 399 7126
125 1429 9991 5052 1192 8486 9414 7239 3704 2199 2870 2240 6875 2889 3028 9637 1152 7740 5422 2548 552
313 7 6698 1042 1916 1566 8856 6544 1106 900 6979 5369 2555 776 773 1622 6573 9245 8009 3792 6134 1020 8104 2437 5848
75 1734 8932 3072 1297 6938 7169 1841 7356 3819 5468 684 9096 9323 3612 4045 6541 1395 2329 5346 6331 9995 1079
428 9533 4661 7180 1846 6889 3923 4828 3653 279 2962 9646 3616 8803 6205 1934 7736 3485 2237 2531 3920 8033 6463
29 2422 6137 6139 2543 2600 6986 6744 9066 4522 9200 178 908 6025 2673 6735 2375 4136 8954 6115 5038 79 6101 1763
251 901 9816 3758 9409 2958 1940 6495 6560 3054 3116 4468 7562 6584 3818 2248 5683 7001 7133 2051 1123 3784 7709
355 2781 1686 4178 5178 2911 1255 6566 9691 1743 7632 2233 3490 797 5167 3377
122 4314 6201 7664 7912 4633 7699 1060 6530 4572 3451 7241 9043 8294 5842 9464 1419 7602 6599 7895 5930 6327
366 3827 8124 6458 6891 8077 4437 699 7821 1611 4415 9835 2519 9314 5484 2414 8597 2856 3648 7462
499 9533 7742 7684 6875 6362 1141 4020 2264 4150 5962 215 1668 6738 2271 319 9545 2434 6725 6258 483 6117 7361 5698 935 6672 8068 3064 6099
479 3509 3454 9563 4176 9344 265 6448 5723 5859 6505 922 8206 3395
318 7133 5531 3207 2639 3348 847 6691 2406 8118 4688 5803 2470 9699 1527 7204
269 7429 1343 7673 2413 8484 2607 569 5386 2542 9645 4954 3089 4939 9600 4780 9992 2226 240 1381 9163 9358 7559 7486 9555 9374
114 951 7553 239 8268 6672 7131 6622 6149 2411 1933 6924 1633 1464 326 3437 2860 3468 5399 2803 1161 9713
333 5219 8183 9137 5228 7771 7545 1685 7756 4029 8113 3515 7237 9953 183 8344 705 2488 6003 4687 4472 5064
13 457 6671 6499 910 253 4905 1332 519 9825 891 2650 7226 6886 3161 6776 3012 4199 311 3207
418 108 7481 4517 2595 7320 1749 8618 1658 1429 1373 8247 7034 3494 5417 159 1838 9296 1003 8190 2859
327 7049 3541 7575 8935 6817 8168 9341 5356 3554 5796 7486 5042 6892 4345 4884 1962 2754 5854 8491 6775 5239 5340 3584
73 8352 551 3453 3102 6844 7699 6434 1412 3214 8719 6547 7221 6595 1087 9862 163 3721 2286 6905 427 6101 3232
170 4531 8859 4071 4586 3827 139 979 8724 9013 2204 1453 8241 2816 3012 9597 7915 3299 2 412 569
436 4079 6285 1512 4561 8894 9199 9815 1130 8174 9453 9464 745 2737 1380 514 4021 219 3344 932 1648 3466 5600 942 2902 847 1383 443 6021 9178 1625
257 9933 7610 8832 7200 2653 9187 1303 4039 9244 7379 4801 7951 4852 3990 6064 4665 7850 5163 9480 8593 7762
348 7709 385 3797 2175 4855 8340 8022 2465 2099 7340 452 2242 3182 6726 6820
192 3006 8130 1040 9930 3220 5302 1657 5939 7727 6938 1342 3760 7128 2567 9734 6067
387 2583 5295 3023 8470 5740 7278 9968 152 4004 3132 7981 5761 7153 2427 9168 1681 4632
322 979 718 8928 5840 4300 6473 7281 3991 3038 935 8315 6811 1210 9526 183 1670 9160
175 1328 7429 6898 168 7788 6677 8092 220 3077 8358 8031 5911 8103 325 3155 3677 1539 6938 7295 7360 4328 3379 7856
8 2986 3144 1504 7696 820 1642 1019 5251 1195 6103 9254 1205 7574 1452 7746 5915 3828 3949 6481 3103
231 4501 3726 2798 2240 4782 7159 9082 8767 64 8323 3389 2972 4027 3757
138 3823 199 4252 647 8193 6636 7851 4686 7718 4343 9068 2103 8551 9293 5372 2687 8089 1916 7153
113 1153 3023 2147 2444 9063 4946 1695 1788 3606 9822 5509 1111 3115 3964 2340 4035 4531 7183 7890 547 6962 5467 6020
487 4624 1773 477 5880 7426 8275 6440 1697 1195 351 3091 7478 6585 9342 4001 730 8406 1256 7709
153 5112 9777 5067 8427 4624 9178 6827 2365 5929 5554 9374 7413 3208 4901 3907 4653 7270 856 2340 9453 3543 9533 4340
174 238 9621 8450 4797 1026 9861 1972 2036 6054 8367 893 7836 702 2852 3075 6101 4024 200 456 4531
234 574 3700 5247 7659 3540 9407 7350 4020 650 420 8419 2799 6758 6981 6468 8498 935 6687 8284 1442 1308 6396 2267 1668 4661
429 3163 8649 5307 4913 9480 7998 9829 2978 9075 2228 7633 1247 9534 5972 9701 1048 905 6522 79 6044
272 6503 935 2685 6084 3006 1923 4749 5677 4693 79 1129 713 5269 2322 4013 777 3288 8845 649 5005 3586 9001
493 9354 1984 1657 8145 745 5986 3755 5415 5623 1226 1341 9622 1817 7840 9062 5997 8531 2475 7456 8043
115 5359 5996 8870 3817 4491 3303 3178 6685 1631 4087 6367 2868 9703 637 5226 3031 477 7992 3363 2555
150 6470 2704 7919 7044 6778 6482 4567 5351 3121 9904 1628 5343 6633 9990 5682 8823 6341 2195 2290 4900 8062
338 3363 1134 6354 9717 3023 4033 1746 7663 6133 9859 9179 4886 986 5364 3364 5871 3158
226 9608 2760 9852 7787 1439 850 6417 6899 4813 3129 5293 2820 6124 8186 1347 4795 1821 5219 574 6465
492 7053 1799 7842 6377 3837 3486 541 6454 4026 3744 5830 4934 2138 201 7427 6922 6899
326 9600 2304 5846 7888 2466 6997 1552 1289 9368 5559 7362 5055 2605 7132 8647 4360 5245 1833
67 5053 1889 6011 7762 2750 2923 1470 2797 9848 4925 5903 6034 8264 8539 5762 9535 5194 381 6917 4172
311 4179 9357 4878 9202 8279 1459 3852 2289 6310 229 5073 7699 9276 4527 5838 3074
440 133 691 9795 3835 3088 437 3497 4314 7075 8491 4084 4242 1055 6613 5350 3069 3783 7805 6380 7617 1430 523 6687
74 8812 4486 8753 4786 6955 8710 6021 1083 7137 5134 8898 7800 2124 2065 5745 9931 8690
379 4068 6244 7652 2962 330 8594 816 3771 3096 3366 9891 4502 6471 4594 5775 4314
481 2485 3125 205 3602 5659 3795 1607 3081 1912 2342 5307 4730 1939 8027 1132 4382 2240 7432 1366 1670 6919 7482 5704 2685 4289 9217 3543 3584 435 9959 8183
78 443 477 8125 8986 487 8571 6731 7762 8711 1678 3904 9557 440 7512 251 262 3833 9842 8894 7751 5053
42 3936 9652 8251 8125 8644 2423 505 8905 6193 9443 7504 1177 7337 1790 7693 5282 677 1560 984 1343 8055 148 4586 3261 1105 8284
240 2192 9465 4407 207 3364 4824 6022 5418 218 2182 9295 9071 4481 4416 7575 4873 3461 7921 3969 6472 4723 545 577 4199 4957 7883 7517 6778
345 6827 7438 7597 6812 1478 8098 2437 8655 9591 446 8468 812 4736 558 7568 4592 3877 4909 1625 188
44 1216 4354 8794 5895 703 183 5658 7141 9968 9090 3894 4147 2510 5395 5781 4975 9926 1590 4035
441 4970 1593 7253 8345 6888 7422 7469 6837 8751 8921 2714 8130 740 2001 8235 8830
41 3249 4399 6534 8396 2340 1375 569 4909 2570 7949 6507 7930 4464 2697 9292 9968 574 823 7730 7810 1499 8678 9632 3102 9533
224 9461 8579 7260 9903 5045 5834 4277 4963 5647 2324 8720 8674 6667 5050 6279 2673
402 767 4011 285 2746 2 1711 3877 3371 9529 4035 2024 1984 2719 659 1291 3532 5788 9903
47 7755 5869 2 6010 6630 1146 7962 4052 1718 1946 7544 3592
415 7586 4527 4985 8185 8784 7154 88 3145 2059 4666 1541 5685 6534 2779 8830 8559 2978 132 6141 1117 7438 5326 5333 5006 3023
422 4591 5580 8445 3706 759 9834 3100 9528 6698 1765 5450 6583 9366 9847 8372 3304 9976 2652
48 2212 3553 5437 6370 8361 5384 1356 1309 9367 3857 768 6135 4330 1037
312 6465 1763 130 6336 8238 6938 5583 4174 3796 7474 8316 4718 6008 8772 3123 3704 7254
245 7607 2773 2318 3521 9164 5099 5322 6170 9884 2753 7983 1202 7756 1346 9237 9639 3608 7410 5895 7622 5643 6938
392 7474 9181 9576 4311 8734 5869 6715 6540 7242 8883 9601 401 3419 5332 6359 6486 9349 2175
424 7751 9114 9908 3821 7280 4743 7883 7721 1394 5692 6030 4892 9944 9683 9270 4248 184 8259
11 6692 9023 3188 6850 4710 6818 3550 7750 3119 1431 7152 308 4181 6311 199
43 3528 5072 7179 9892 8462 6283 2058 4816 8977 1793 5038 8179 5102 3931 6013 1938 3529 9144 8910 2630 8498
381 8816 6970 5166 8899 4302 9918 4548 6085 7929 5688 4413 267 1216 1053 8235 3885 9973 887 6109 1355
496 8345 8797 2139 5860 8157 8581 9384 9430 6941 8336 3869 3110 9794 535 2417 9930 1440 5242 1774 8667 6939 8450 6281 802
376 2030 5507 5477 2341 2234 3710 5934 3659 1482 8662 4588 924 2501 205 6354 8491 2136 9842
126 8145 9443 8055 9089 2643 8287 9745 1290 7204 5317 2052 5002 5978 8105 6901 688 6767 750 2864 7049 647 6258
186 4345 9425 857 7762 6669 9961 2343 744 7880 7467 8688 6631 3830 4060 5406 2595 4613 9818 7709 3902 9977 4678 9238 3664 4314 2555 8043 1149
437 5607 3506 2683 8429 235 725 1190 524 21 5130 2508 3519
21 9036 1580 5794 4294 6502 9463 2029 6962 5910 1287 1835 742 1583 6896 400 3496 8057 2121 5041 2602 2207 8293 9957 955 4234
36 6428 8506 3158 798 8319 5696 4327 683 1556 571 6993 1271 5491 19 7577 9705 2171 5400 3243
57 6453 6465 5677 5248 1091 1159 4865 3578 7816 4956 2087 1725 9177 5610 1557 8994
198 6547 1510 8134 6778 3377 4222 9493 9842 3146 4361 2544 794 6770 3897 793 4928 4156 4786 3425 8254 7677 5 671 1892 7434 1067 6940 5716 2128 1979 8687
270 3172 2892 7852 6485 3415 7393 1160 640 2238 4767 8366 7022 5657 8621 6608 79 4494
330 3507 1121 22 2884 3111 5064 2288 7120 5479 6869 1273 7065 3298 7415 1042 9349 8199 3500 6075 8835 3877
309 321 5726 2615 4352 8789 2699 915 8474 4487 5340 5283 5160 8916 7292 3779 3669 3342 6833 5477 5869 8105
184 1560 1505 3820 8284 1680 3631 482 8530 8910 1814 5593 71 8741 1260 6951 7225 9003 7048 1103 3316
211 3061 6054 7845 8994 5771 8140 7349 1154 7110 9303 608 4080 4619 698 17 4097 4976 8069 5653 8470 6196
334 2666 6020 6044 3012 6705 3981 6584 9540 3752 8880 7435 2617 7829 2597 3066 3099 4307 4559 1715 5009 9387 4459 1270 3675
92 638 3597 2 3158 2744 3106 4372 2136 4680 7831 7789 140 8442 7596 947 9578 6082 3279 4096 4971 901 1105
455 3117 971 5401 3894 8431 9719 8722 6323 6408 7484 4935 7591 1429 979 4579 7157 5236 2599 508 3567
107 8830 5483 9633 8883 9968 9070 1007 9858 8431 7862 8391 2907 6101 1 4290 1815 582 5412 6534 6296 7736
250 6254 412 1256 170 2177 5754 3034 5900 7925 8222 8669 9837 1383 8116
228 1305 6539 8235 5917 1931 9031 3634 2018 1463 5311 6839 9797 2521 3440 190 2485 6938
465 1329 5980 7431 6827 552 5044 7055 4733 6123 1969 355 526 1647 6357 8045 56 3807 8561 8844 5710 437
217 6049 1775 6619 3447 2127 7409 4971 3847 9392 1134 9559 8491 2657 7275 9209 791 7026 3316 7641
264 4884 3164 3982 2186 5715 748 2315 5835 2564 9589 6455 4896 741 1336 9757 7874 9968
417 1979 4343 8069 4151 6082 4232 4606 3561 4780 8231 4531 4984 5271 1747 4368 7249 4484 7130 1603 9806 8185 3684 1956 2013
488 5982 6482 4811 7061 2962 3992 8173 7748 2941 1626 3401
468 745 8644 7290 3262 349 6189 9750 1301 8793 6462 9669 9036 6136 4315 8965 9155 2252 1791 8406
459 8387 7438 9757 5660 7709 1121 6945 6196 6281 7448 6042 8762 3910 9369 4293 7566 3109 7309 7029 8961 1778 9007 221 7151 3505 3074 7699
96 1289 3963 2052 9416 1426 3681 5176 5247 9304 2934 9462 4480 9075 3469 1243 4824 3074
489 4959 6613 3743 4027 6790 5326 485 7519 7041 8014 9388 4616 6333 2717 3394 2490 9937 9289 5879
283 4531 4176 5030 4907 7 912 6306 7413 1259 1299 1282 5189 610 8987 3533 3047 3741 726 2418 4915 1690 8979 7196 6669 8210 5501
407 5245 3533 761 188 4765 6511 1619 1535 1377 882 9510 1960 5953 1988 8564 9466 1879 5310 8991 9199 321
460 1289 6129 4651 1262 7438 9149 8148 3183 4027 7651 6620 2457 74 6228
133 4628 2414 925 1905 3365 5868 6537 283 4034 1903 2331 3002 9146 4490 6564 762 979
51 3104 8309 6675 3305 6437 5993 4966 6479 6303 1319 6728 5388 4574 7579 139 7508 1287 6992 3144 5199 4127 8941 9027 5365
444 712 155 1728 1571 8548 2870 2118 193 5956 3735 3781 3083 6890 8645 8858 1354 2698
141 2818 2017 9007 5637 5068 2800 6947 5472 8923 9948 1274 8386 6859 9483 2288
448 2 1763 3434 2003 1169 167 8478 3074 3053 214 779 4166 5573 7797 8881 4552 8441 3728 7285
194 9957 7302 3290 5180 9594 307 2579 7976 8644 992 785 2419 8897 9811 3163 2182
319 5219 9837 310 1036 9094 8549 8095 2391 8296 1625 1233 9045 8864 3509 8843 8025 7697 3547 4079 7438
451 88 1248 5639 5141 1515 5651 8350 4462 5751 8017 1330 7560 9872 597 1979 9044 9129 3379 7636 4668 4901 7964 105 2666
108 3468 6250 871 1364 7179 529 427 9955 3732 1971 8490 8999 1832 7531 2379 9685 6986
261 183 8106 1613 4055 8146 3064 4614 9130 3154 6054 8071 1888 9527 202 8685 5631 1808 5202 9924 3043
337 4667 8109 412 3830 4040 5105 5412 24 5093 7695 453 4638 4806 8335 5141 1601
491 5643 3905 8392 6743 9252 7095 3084 3411 9347 1120 4994 6000 6394 7283 3543 6770 8157
260 3783 8601 6922 4314 9211 7968 7517 7296 9583 8700 8716 3319 7967 4180 8535 4175 1413 9028 6347 9141 9793 1466 8050 8618 4760 3135 1731
77 6771 2876 1721 9697 1472 2474 8529 1292 8671 301 7713 7884 2815 9984 8327 8658 8314 7455 8644 3758 8722
363 5005 8439 8925 5492 6030 5053 6834 7054 1121 3312 1717 5435 5193 8324 2822 8449 3978 4655 4558 8994
159 2846 3876 5735 5280 3460 26 7033 1600 2981 1742 8579 5731 3601
414 399 352 6681 6525 8487 8224 4569 1149 9710 6773 134 1118 447 4832 7232 1952 7192 4558 6730 7123 2184 3607
148 475 7085 838 5885 9398 4352 4855 9804 4707 6484 8663 2215 2339 4053 6918 1363 5330 8390 2731 778 654 100 9903 2288 2340 3964
209 6469 2871 7219 9091 5869 4958 701 6020 6181 2491 7886 7933 3838 2146 7931 4936 1456 8484 3285 447 1134
131 2458 4450 8140 2088 2926 8718 6349 4143 2397 4897 6796 7122 7481 8008
106 3135 5096 1357 1507 4124 5650 7666 7014 3927 3885 569 6635
256 8841 8782 4282 4100 2185 439 8465 7193 5578 7173 3620 7671 9852 2589 7087 3127 8671 3512 8411 1117 6547 9025 6467
453 575 8533 6680 259 6141 3377 2767 722 1548 2438 7442 3804 602 3756 7687 9968 27 4506
182 6178 5132 9008 8223 8028 9917 1105 9740 6954 174 5260 2640 9716 3752 9139 3523 203 6145 1119 757 9968 3434 4222 3665 9040 7806
340 2513 9208 76 1790 4619 8259 2326 3889 8172 6059 686 1105 6176 2308 5444 1843 6852 7773 2718 7968 1581 2340 7266
384 3465 4644 1627 1878 9244 8198 6466 9519 6113 5135 7097 8896 4751 5054 1242 2422
216 9836 2171 116 1877 5839 6320 7762 8748 2245 5888 6318 9634 1968 5445 7988 9098
431 7688 843 7950 5821 4755 9449 3149 7652 499 2355 2160 2655 4216 8728 2985 9007 5905 8012 9355 2992 7733 1668
299 4717 3379 5064 6980 4107 7759 1401 4347 3314 1175 2898 2421 316 2627 6469 8906 9915 6094 7306 6240 8958
323 9138 2383 5211 6652 2462 7806 3522 8312 9232 5355 1224 4747 1921 8002 3783 6712 2240
38 2475 8841 7162 678 3936 1457 2149 1411 5321 8661 7552 4482 2356 3310 9425 2763
280 1534 4054 8605 1850 9485 729 8939 8410 4821 4858 5187 8878 7553 3750 2935 1488 5715 6458 4341
406 9467 8386 4893 6739 8134 7822 5962 4442 3098 3395 54 9848 5155 6019 3950 8250 7020 1473 5490 4846 3787 6613 7997
372 9688 643 8532 4324 895 6808 5587 1400 9336 3537 9207 9301 6933 7762 2227 4914 2384 4505 8150
201 56 4948 7517 9580 2611 952 7023 4544 2298 8973 873 5597 3883 9069 9075 2373 4533 4332 1927 5772 9868 9205
292 3113 420 8910 676 1524 3679 9351 7630 244 6296 4180 5743 4938 8732 733 6556 2722 6007 9151 2222 6170 8580
158 2426 7883 9132 478 5989 1454 246 6752 1049 488 3840 6648 8158 1468 8740 3467 7629 9848 3783
165 1137 3376 7698 8069 8556 9460 8964 7716 3563 1236 1683 4206 491 4246 9397 2404 6324 7845 1125 7949
169 9931 5572 6920 2676 8599 1868 9206 2986 2288 1213 668 2446 4213 5223 5367 8351 5004 5163 8492 5958 4536 6381 1557 5677 5099 1763 8406
60 7569 8733 7068 3275 6853 3683 6999 9798 646 1267 8523 7024 3696 7874 7992 2214 1595 1304 5848 6549 9301 3146
64 3905 7974 4604 9547 3759 9587 2858 7963 3854 1283 8106 9989 9842
147 8507 1963 9791 7438 1644 3186 1387 7228 3416 8167 431 7551 7699 3753 7498 9706 359 3192 6054 2109 691
426 6280 2184 4193 5023 593 1370 7209 2456 8860 9503 8253 4119
308 7899 9898 5702 8058 2464 3607 8217 6662 5795 2962 8387 697 2266 9741 6153 6178 626 3661 5110 32 1083 1125 1880 518 8850 260 2422 9227 843 1476 1353
268 3092 8218 3 8770 796 4341 155 2986 7732 9075 1985 321 128 3693 5636 6957 5968 1861 3070 8809 2175 3113
305 5898 141 6087 6635 8624 5535 8083 1222 4112 1597 8010 2693 7944
54 3731 640 9510 1323 9711 1978 6516 3652 9014 4624 3371 8705 1667 8354 1257 8866 9553 9834 6842 9139
364 6712 1157 4537 81 7252 8037 51 2034 766 259 7503 4145 4225 8697 4965 4311 1750
59 1260 780 296 2966 1044 7413 8573 953 6897 8263 2359 9545 2760 8463 6879 8828 3824 7762 2847 1216 625
181 3537 4176 3665 673 267 8900 9689 8462 8862 9649 4709 5446 6287 4714 7777 4198 6460 6058 8110 393 8952 1187 2555
276 2005 9436 2608 7459 6744 7513 7653 6102 5555 2873 4627 6274 1552 3789 2674 311 9846 9431 8448 1182 9403 5241 884 9032 2139 3006
427 2666 1731 2537 545 8015 243 4047 6534 2872 3376 8462 1503 5393 6570 6249 7118 1958 9911 449 8406 3203 7806
286 6390 3012 3877 8652 7933 6188 8302 4295 4583 5560 412 8907 5326 4396 7096 3643 7311 3733 5090 8431
271 8043 9453 1348 1950 7361 4823 6398 9442 5703 5656 8396 9543 928 5567 4173 6330 122 1252 4812 9628 3250 2962 3081 2345 7419 5248 5014 7012
342 7204 7379 4341 1031 3174 8612 9822 1567 6428 9656 8191 6226 6732 2555 3887 6577 3676 7392 8532 1607 1401
143 4624 4705 9224 5111 5338 8670 4702 9097 3913 4906 2121 5300 1279 3011 8476 3269 2774 9004 4728
219 8848 2650 2146 3240 6833 273 9015 5655 6537 157 5817 1904 7185 9182 2468 9494 5309 1994 8075 5749 8503 427
413 2904 675 9955 6001 6786 4444 3958 4684 9521 1833 1581 5566 2265 4333 554 6302 2313 1368 916 7059 352 9753 3961 9573 4340 4909 8788 4531 4527
403 813 7864 5433 842 8289 553 4411 5557 8346 7188 447 3489 2566 5287 7091 5880 1058
246 518 9476 5869 6403 7099 4493 2518 8214 1849 6065 9457 1492 9877 6739 1645 4386 3309 2106 5397 8043 4660
294 7367 9979 9040 557 5349 1095 6861 139 6175 1353 2416 4342 6401 6126 6267 3254 9041 309 8839 1582 5985 4890
439 6611 8344 5826 1219 4286 5687 18 8403 6045 250 5622 3862 8129 2735 4967 247 9049 9459 1828 2962
388 1934 1354 8150 3981 8227 6214 9119 931 9896 6982 2240 162 7359 3667 9666 6474 7940 6534
302 6492 2437 993 3230 8248 8842 6724 8829 8400 1414 149 2033 7533 2909 996 303 8484 5437 8605 2513 46 9533
259 3757 792 3229 511 2898 7749 3219 9376 1277 5334 7688 7407 29 9708 3361 6227 4590 5286 6778
135 4340 2155 1375 1299 3074 7968 5816 1176 4566 7786 9042 2377 5877 1080 6052 7153 6233 650 1840 9086 7166 7903 9970 4199
86 8062 6153 6797 6859 2321 5838 3728 6675 8744 2240 8360 6110 9933 2892 5020 5230 8467 3435 7783 3024 2790 7698
82 3723 227 6650 7694 3308 8528 444 7961 7013 8313 1534 9659 5164 8889 7675 3543 5601 6916 382 1698 8643 1137 9114 647 4901 4501
410 6269 2741 8949 8451 6883 4123 8920 3948 474 896 4920 8689 6503 3960 1668 4153 6451 673 9467
225 1831 8927 1796 5848 6547 6356 3967 1866 631 7609 4740 7288 2028 3065 9560 5730 8387 9224 7234
17 8838 5907 6057 9083 3371 1335 8604 4121 849 2243 9673 2430 4530 6744 6082 7001 867 6134
163 2345 7202 3022 9199 6491 2857 1299 4069 6369 9565 1731 257 3241 8220 8439 8746 7813 1391 6187 5089 3716 1409 9401 5993 8912 4520 3830 321
218 4901 1125 6810 7123 3956 860 9605 176 5061 8338 5628 8673 331 9484 2996 9654 2515 9073 1429 4362 4801 9444
137 6385 7426 5866 5429 3113 5762 5630 4414 1752 3894 3025 2167 5783 8680 8513 5353 723 4931 38
104 5122 9659 6061 4170 3909 5933 6053 9144 8844 3255 1941 9780 2844 6021 1521 9964 8822 3538 2998 297 7996 1058 6847 2962
281 1164 5780 6251 1276 1281 7737 8722 4162 7707 1656 6038 6765 7543 6826 6769 9364 1728
39 9470 2158 6842 7456 9874 6699 9707 7980 9674 5584 2883 8357 496 9584 1248 3660 7182 2074 6153 8053 2643
310 269 6734 2736 5848 1174 8054 6298 5728 2156 5596 4284 914 4763 8840 2628 7741 7289 7440 2128 8193
498 7521 7880 148 4399 44 1209 4281 190 3032 5109 8019 4551 5031 3642 1740 830 945 5153 6968 665 8663 9848 8417 6467
255 9107 6938 5069 8377 3965 1776 6425 9190 2137 4746 9778 5507 8005 9545 1998 6368 4443 1353 443
473 8104 2150 5962 4377 8116 896 1668 3352 4565 6436 3417 5902 5534 388 7993 7235 4189 3572 5936 3630 7296 8600 8445 3521
87 1495 5925 2817 8306 5318 1310 8203 8736 8480 4635 7868 8021 6623 1806 7875 52 4453 9669 1505 843 8716 6360 7438
12 259 2577 7423 7948 8060 2109 2288 7970 4891 9474 6203 580 8432 4500 6272 7916 4129
93 5902 321 560 3146 921 9255 3376 9270 7971 2890 8765 104 2900 6393 2818 6005 6524 1321 9088 5739 2125
208 1149 660 4418 1528 1058 3543 625 2292 2580 5125 8618 9942 6936 8481 2937 9104 9935 5307 9175 269 4928 7669
166 3261 1665 7725 5505 5677 323 5029 3926 2390 4853 1240 3565 6309 4978 1474 6470
200 5964 1358 6141 2191 7683 4541 7669 7177 1901 973 979 1650 8211 6710 7524 5383 7487 3742 1803 9249
435 5099 2203 1025 1937 4133 4043 5170 5360 9784 223 4869 781 6734 4943 8599 5869
263 6445 1343 9704 3513 1079 9545 5862 3261 9615 3493 2382 6913 4948 1056 7183 9820 1034 5788 3336 3846 1197 9275 5678 9426 9247 5833 3700 7088 5003
145 3877 6060 5014 3567 7101 7949 4719 4699 2095 2892 8260 14 7708 9268 4647 3880 6862 5973 8477 2968 6184 5049 3060 1642 5783 9265 5413 5645 4286
189 6464 6376 622 8282 7191 7438 7680 7652 2335 4271 6151 4547 4781 5841 6162 9381 5822 8212
19 7234 4337 4855 5889 4822 7259 6880 7762 3705 9239 2987 9842 2452 2663 2933 7230 5611 1640 7153 9604
118 527 6226 9013 7987 5003 1479 1315 5797 2586 2062 4840 4051 1769 6543 9661 2061 8987 9832 7438 2057 254
320 3926 9261 1852 1365 8887 2512 4973 601 3095 5482 5679 5054 7090 9688 8592 3942 455 5849 2344 8853 2986 2433 9244 2169 117 5594 9453
279 8209 1339 4783 7811 7652 8709 3525 1045 644 380 980 657 8446 8013 5823 3012 3586 6986 9199
31 8756 5880 4912 3684 1737 6458 6421 1110 786 7072 1980 532 9982 3873 621 4810 6646 4134 5916 148 7883 5156 1934
377 7355 1223 6851 834 6551 3727 5592 7545 5906 1000 6386 560 7317 1504 1823 7646 3281 850 6672
291 3408 3610 8628 172 8570 476 685 1859 175 6236 5536 8599 451 1874 3313 6694 1750 4089 3918 6537 9565 9615
28 4965 3914 1498 937 8531 5341 8702 3089 5278 9205 6729 4785 2037 9538 8205 1694 3687 9636 3984 789 8228 9770 2600 6049 977 9615
301 295 7050 6311 7069 9533 964 2989 1102 362 9421 5547 3994 2205 1979 7277 7902 9010
450 9444 8896 5872 6613 8711 5801 5214 6946 7108 6225 4704 9279 4985 2327 5949 4161 9532 7461 8364 7147 3077 3074 3190
65 5445 5752 1962 4104 8728 6144 8111 4110 1615 2013 34 8848 1873 1389 5207 7307 7782 563 7321 5853 8892 7
350 3964 3751 3936 8598 5800 4805 5770 4549 410 1246 1358 206 2947 3997 6382 9031 4940 4334 3269 9478 4326
497 1557 9930 7874 5884 9903 8209 6327 3987 1311 9834 4752 6018 9412 1890 5328 4421 3471 3350 527 7709 7347 2005 6611
179 4539 6015 2302 3581 7561 5863 360 6706 719 4074 8434 8666 8169 7429 7575 6514 3111
99 367 8498 5062 734 1072 5777 9029 7781 188 1434 7114 6641 3375 6185 6780 9191 5446 9907 7296
445 1779 2349 5880 6130 4035 7400 690 3784 4379 7500 2150 8488 8307 5120 5276 3993 5028 9788 3252 9023 1812
100 9970 5390 7669 3012 6809 9615 9749 4851 7759 4690 6831 5917 191 9500 5639 8827 6488 2212 6785 7433
267 8269 917 3190 7167 3714 182 6075 7285 7972 5708 4972 8249 6670 7654 7883 305 5169 7686 6196 3541 7049 3032
409 5097 5193 695 4056 2569 639 8089 6030 1959 2533 6640 1360 4622 7117 4474 5359 8147 3397 4728 7997 2903 113 2429 6327 8908 395
63 8830 9518 5257 7077 1907 2965 9809 7679 7043 8951 5951 3138 7385 8505
121 76 3316 58 7568 4720 4844 8154 3717 8102 9197 3027 2645 9991 6360 1984 2571 2309 4137 7950 4357 9988
288 2643 6978 397 9865 3656 2 5456 6266 9197 3043 6805 1666 9549 5876 8882 8428 8208 3273 4639 7267 2569 5390 9892
262 5234 3232 6134 3491 6391 8331 5171 6717 8582 9657 8920 3871 8284 4513 5569 2668 7395 1785 5458 9866 7828 511 4011 4662 4717 3104 7120
344 8220 6863 6836 2260 232 8854 9332 9301 7979 4511 8677 4057 9544 8672 2536 7338 5608 1654 9008 9476 1454
339 9337 2060 3885 9555 7754 5813 150 4475 2790 6986 3017 4562 6871 5013 1561 5864 9197
335 4230 8212 7254 9982 6222 2951 590 8320 6978 4304 2440 8819 6515 2623 4876 6748 6187 1686 9107
400 6281 1256 5387 5525 5912 9380 3159 3808 4349 3562 7859 5664 815 7406 8699 5441 5790 5219 3799 3195 5880
4 5548 3982 4313 2085 300 4607 5898 7643 5113 136 7363 2669 9125 4434 1973 8387 3385 7460 9993
124 6621 2647 1348 8044 2546 5064 1294 196 1999 4512 6033 8489 8725 4647
33 200 405 447 6054 3008 7885 8373 5342 9537 2426 5882 179 4618 4128 7640 2741
2 5674 4664 5742 8663 1471 2275 5258 4092 4777 828 5272 6644 2229 8590 8650 5609 8601 6797 7949
258 79 6486 6416 3343 3839 1807 2539 5836 4908 3925 2067 6700 5513 3085 1560 5448
237 2058 4234 2409 1140 5131 2545 83 5652 4835 6983 7299 1524 3548 1420 6073 3963 1790 6060
461 79 9085 2569 6789 4917 9050 3292 8701 4818 897 7443 2723 1167 166 9885 638 444 1289
472 8423 5700 2038 732 9311 9124 3586 6608 8056 517 1625 6476 8252 328 988 7206 5705 7294 2048 3111 2659 6030 3584
419 1050 1917 8195 3238 2057 276 2125 5962 8242 6567 7656 8085 366 8764 8022 3158 5298 4979 1950 2583
27 4070 4356 4457 7055 3380 1986 9593 3603 5875 9602 9800 6406 6230 9047 3575 1016 165 641 6990 728 6150 2340 3795 4765 3184
349 1091 9273 7012 1953 9370 2358 8440 3428 8646 7558 7824 4871 434 4435 5437 4985 8470 5783
173 5997 5810 9347 3050 2603 3545 8414 4962 8125 1534 8716 5552 8167 3549 4924 6627 225 7991 2682 7826 4266 6819 1230 8668 79 979 3457 7949
128 2962 2895 8068 8912 4691 8994 7210 874 6618 2604 7949 5106 3966 2258 9280 129 7557 6153 5429 7932
80 7057 1956 1750 9723 7364 6192 4831 7965 7621 4654 3983 581 6716 5947 7954 9889 7545 3914 5869
146 105 9545 8078 1476 5156 6617 4575 6800 5887 5732 7342 1168 6480 5304 6489 2439 5144 93 4129
485 4801 3052 1736 2121 413 6400 496 9806 552 3074 8614 8726 1293 8227 7451 2116 2713 5481 1798 4573 3035 1234 3584 8821 5117
177 1956 5913 7536 2327 6709 7351 5264 462 4802 8155 4140 510 7565 3725 2951 5341 84
50 3784 2651 2613 6594 8708 4774 5145 2946 6478 3836 7347 1272 6899 5275 7530 5347 5432 1117 6677 2629 7213
5 8030 8812 934 2990 9325 7736 3278 6321 7732 9671 2176 8212 4245 7834 3233 4610 7753 7902 5244 2729 7652 9379 9197 3022 1562 5607 8152 1345 3164
353 1839 2711 6991 9968 3697 9283 7728 956 3259 6554 5501 5632 9971 6799 1522 9743 300 4856 1652
449 7055 3882 148 9114 3079 2389 3337 9335 1966 1107 9087 7227 2961 5461 9393 2447 8014 8907 9138
101 8307 7439 425 7285 7550 9681 867 1408 7325 8622 3318 1407 9301 3875 6934 724 4346 6959 73 7880 1289
112 6360 6014 4367 8600 3153 210 8693 3053 6952 8008 9667 8473 8515 7997 3495 4898 8469 6164 4750 2368 321 1534
324 9007 1265 5504 6082 7238 3327 7062 256 9972 9890 2916 2695 1495 4159
304 847 541 652 7641 7007 3586 4842 8743 1942 4086 9615 2681 1542 2279 1383 2679 6449 935 3836 3445 7767 4809 8349 6332 721
452 7861 4626 1125 6327 9302 5467 966 4815 4735 2102 2202 9541 6686 2617 9187 5224 3782 1797 352 4286
351 8904 1610 7210 9731 4212 8405 489 1675 5558 868 925 9219 6586 8591 4577 8957 3184 1662 2058 8258 6374 979
374 5090 4752 7752 7720 5224 2885 7572 3776 8269 9867 6628 131 8138 1919 5341 5421 7576 4705 2555 9086
97 2693 8267 8248 3830 286 8491 883 5368 5078 4286 8750 486 7161 6242 6900 7005 1761 6717 5715
81 9027 3393 4081 5060 6625 4494 7329 9839 195 9055 8792 7839 1693 1954 1090 7153 8716
474 9901 5329 1997 268 3392 965 7949 8431 7125 406 1128 5252 8846 6650 5880 9013
241 5277 2113 8815 8554 6604 9299 374 4612 2943 3134 3729 2960 7860 6742 1432 1410 9845 8212 6528 7519
35 2752 1647 2962 6134 8137 1075 6731 7251 8511 6966 6561 3423 1164 2835 7614 5339
61 5992 5869 5043 9056 5112 211 1826 7262 3263 2576 6418 9530 7835 8007 369 1490 1429 1145
187 9483 7039 583 3521 2677 4855 2505 507 6616 9021 8230 4071 6187 2594 9306 2314 2134 927
476 7314 8512 8498 4310 3403 3376 8470 4798 7243 4134 4989 3932 9595 8534 6581 5048 727 1995 3649 939 8887 1572 9404
395 1981 7296 1238 7321 9965 3048 278 7293 5519 9712 8589 9830 5086 948 7042 2850 7710 6753 4553 774 2003 4561 8470
206 6054 6762 2533 7896 9684 3703 758 8495 105 4419 8159 1818 1510 4194 4789 4663 8763 1752 6613 1979
438 1227 1822 5661 8632 5442 726 4037 4148 9886 7000 2293 3291 6926 3574 2532 90 3703 4626 3113 5313 4463 4457
275 9191 438 5292 6526 4828 9285 469 2782 236 3952 8560 1497 2372 2264 4077 8883
110 2439 3504 7413 1112 4326 8423 2066 2887 9411 5638 8471 4220 1002 4109 3045 6989 2527 863 8794 4340 2052
483 2902 3251 2847 4402 4429 8371 7563 8885 8464 3943 3825 6949 8413 4628 1634 9625 4232
454 6537 8043 2240 5662 1557 6429 7030 9677 7743 6395 9127 1802 8088 320 9968
183 1043 7630 7064 9947 332 5340 1066 3498 4269 7692 7739 7978 1051 4375 2807 7601 6337 4448 9057 2 1117 3329 8841
76 2554 9848 9515 7447 7476 7657 5186 7018 1428 2445 2796 2155 9223 9747 9067 8587 9720 412 8920 2555
365 6063 7088 3012 7952 6588 7713 4629 666 8729 2894 6772 6787 1179 2630 3691 8773 5263 6938 6497 8527 3049 6139
227 8893 2136 1465 1134 3801 4314 5719 3830 9359 8495 4824 5445 3866 3719 8389 3280 8402 1280 1074 6827 2555 8209 6161
45 6482 6631 5643 4784 6100 5362 2858 3901 1719 1186 9738 4926 415 854 6329 7608 8384 3023 6212 9199
144 9579 9374 6798 3476 8711 7477 2294 3176 2206 7956 6602 8447 1544 4032 7246 2533 2019 8812
222 6046 6545 9735 8634 2016 3699 616 3316 7949 3573 6076 3213 2092 8295 3130 472 1484 7001
188 1791 3234 9086 2240 838 3032 123 7920 9138 4526 1127 7079 878 921 663 630 1909 943 9413 5532
397 935 2685 3651 955 8441 7647 4449 1538 9348 4367 716 8715 3320 522 674 9318 9781 3888 9043
119 987 4168 3629 1133 2255 1756 3211 3998 1340 1422 5094 9378 3376 3108
341 5504 9160 1383 2070 2764 804 3813 8970 208 1402 9668 6049 2472 8144 8277 8433 2839 1139 5149 1752 7519
447 79 9003 8406 6387 447 3331 8081 1058 7775 39 9194 2431 2111 8297 3680 1398 8175 958 8498 5748 3982 4269 6391 4528
457 3243 7634 6673 4176 8337 1710 8304 7063 7819 2319 6258 7747 7397 4849 9577 4116 1193 457 625 3837 9843
242 3842 8831 6338 1295 5412 7880 365 8133 4020 6223 7429 6956 5161 9039 312 4046 8382 1343 9449 8900
425 6166 8116 5412 5526 9787 3046 4151 7473 4983 6089 2701 9945 2043 3593 2413 5943 991 1465 952 9903 7055 4624
314 6374 300 4658 1425 4280 6815 6538 2863 8234 952 6550 5219 4320 2925 5680 4045 9305 2201 2837 3536 6290 5072 30 8994 5896 8293 9265
494 3395 3877 6095 2264 6101 1306 6767 9408 6937 7987 6190 4244 7949 9611 450 6088 1555 9016 7077 8675 3242
56 7410 9758 3074 6961 3745 4787 4951 3736 9487 7092 8516 7485 5520 1955 4944 8968 1241 9438 4739 1896 910 3579 937 9533
103 1429 4203 9677 4007 1430 5150 3386 765 3354 2307 969 2988 3431 5074 3293 4986 4796 114 9270 2444 8830 7659 8848
55 1383 5138 476 8681 467 835 8107 7955 2930 7700 9588 198 9429 9139
370 1246 5788 7026 9330 3783 1238 1481 6104 7324 1876 1754 7945 9224 2296 5527 2825 2876 1710 1343 8644 4527
