500
428 25 776 4060 7153 1536 9600 9104 2990 8684 9262 1368 9184 1826 9008 8193 6286 6560 2653 8450
208 2798 5150 3325 8816 1439 4093 6945 3662 8690 7101 358 6710 3104 4034 4235 645 100
211 365 7889 1355 9483 979 5298 3592 7393 6969 6684 2327 3777
124 8712 5007 1933 4115 4774 8551 1958 5347 7317 313 540
190 3510 6812 6470 4956 2934 6010 1425 7362 9870 4879 1505 8289 7341 5401 1538
481 4537 5816 6150 6359 4362 9636 4459 4107 5639 585 3683 4708 2900 3393 1694 791 9398 7418 7179 7068 3869 1607 5397 412 5340
97 7775 6519 2842 6192 5193 2437 9874 7183 8290 1052 6746 3853 3876 8147 5289
258 6250 2852 6627 4597 4727 2599 2047 6647 7383 5077 5602 789
57 6709 2917 7350 4613 7111 6408 8287 2254 7868 1557 3322 613 9320 155 5677 1092 8880
165 9460 6410 7233 4433 1683 3920 2754 2129 9835 9270 6881 1047 5216 6021
424 802 6133 4965 3897 978 6358 5511 3383 5993 6803 556 2023 6713 6408 7751
336 7165 3889 2398 9195 4148 1349 1227 3749 2425 9667 5288 1241 9982 6616 3720 7004 2413 7120
393 4717 2783 8180 3742 2432 7012 1494 644 3661 7682 4890 5097 7504 1578 1069 6797 7193 9682 7120 3232 3753
342 8122 7563 7316 8338 1174 7732 368 4846 1034 6041 1401 465 835 6577 4995
292 4180 3590 8141 2091 1004 676 9811 4088 216 9670 6007 8345
149 2960 7599 276 8498 9050 7722 229 495 1324 4204 1386
17 53 5308 2661 8982 4418 9590 6022 9546 5498 6180 1228 1504 4399 876
199 7485 9535 3485 3697 7962 3190 4220 3304 6839 180 5389 5687 9154 8382 447 7788
487 8358 9374 6453 8949 1738 3977 8788 1215 2162 8809 4001 8029 262 7949 5152 6099 7162 9224
116 7797 1290 6154 3733 279 7348 9343 768 2752 4344 707 1134 4404 6770 1454 4129
150 1810 1271 1056 6523 7457 782 2904 2718 4266 8962 6697 7796 9222 6750 949 6170 979
119 5441 4591 505 5284 4758 563 4901 8080 236 6646 2673
230 600 592 6287 6040 7219 9271 2495 7488 7162 3794 8725 2269 9228 3165 1479 6049
343 6141 2049 3311 5926 5018 4542 992 4650
225 8935 5433 7 140 6513 6728 4368 2830 7236 8308 2609 9027 5044
1 8049 2887 8235 7716 4421 2816 2349 5171 6427 2370 5494 2018 795 7545 1710 205 2197 8987 3547 7521 6170
227 5141 7241 4171 5948 2486 8831 8022 1323 3495 3313 9802 1181 8040 8626 1553 298 8484
64 2144 7143 6940 1784 3822 8016 4359 9547 6227 2632
191 8215 5601 5731 5495 2367 124 1844
224 6077 5564 2274 5764 1538 4778 42 8893 2847 9828 1405 7650 7932 7274 4431 4689
180 678 7679 137 8130 6213 8505 5075 4574 6722 5724 7352 4407 5784 3633 3535 8599 6423 6778 7575
118 5515 8239 5608 4999 7761 230 7021 492 3117 5484 8027
4 5615 5567 3982 8102 6327 6020 6860 3987 5110 8668 4646 2411 8920 4604 6426 7009 9357 1986 1421 2543 7438
385 9867 2552 269 7614 3286 4150 7983 5339 1884 2417 9969 1305 3836 3997 4340 6186 2577 1724 9406 8512
232 6880 477 8137 4859 5352 9612 7880 744 2500 5330 4663 9916 255 2112 9086 2986
3 550 6124 5956 9293 5827 4541 2760 9207 1098 4230 1358 1465 8178 4335 79 2175 6221 719 925
357 3 3089 1728 4635 7310 3945 9296 2416 2687 5873 129 5047 2560 3567 8220
203 2546 3792 3509 5865 8089 175 8268 9310 4973 5016 4878 1539 4908 9919 9965 9837 6539 9453
71 2345 4596 4805 5040 7732 8711 6935 1698 4156 5801 1083 9018 919 9917 5887 792 3664 3682 183 6073 732 9979 5525
115 3817 2856 5280 4079 8677 8517 9287 9725 1088 9575 2821 130 8716
499 1557 2634 7769 9584 771 9215 6621 9643 2139 1472 7167 5550 3065 3190 3681 9442 3225 4626 5510 1852 9573
418 8037 991 3014 8121 7060 8510 6231 5783 6758 6137 8190 9974 2052 6520 2897
368 324 2774 5103 3872 6724 4299 8571 7031 5787 3990 8106 3242 1751 839 2892
387 28 2893 8601 1073 2427 9773 579 6468 5394 256
82 7095 3398 2210 5442 9495 4170 2850 2624 7887 2604 4631 1555 7756 9178
22 7126 8284 3049 8186 9280 1554 3714 9232 8845 751 6995 8398 205 7240
458 7123 2883 7997 1625 4450 5166 6476 7048 5375 8579 5527 7813 7772 2875 7977 8906 1176 5489 8320 4356 2158 5948 1293 6082 1572 935
47 3349 4705 20 317 9999 6582 4558 6232 6285 7828 9801 8852
350 8456 8980 7783 8357 1335 9642 7581 5062 4809 9214 9637 7732 5150 5775
348 56 1942 3797 6640 6979 6273 6929 6663 204 9845 8938 2158 6731 9979
69 9124 1330 5053 1873 794 9433 4174 5590 3680 3956 8547 294 1430 9900 7545
466 2982 955 9526 4600 9537 3149 4169 5126 7989 4643 1150 5524 9279 960 9829 8922 238
42 9592 3403 3936 3731 7313 7654 7234 4208 227 1123 8593 3891 2523 9927 3880
415 9904 4527 7930 6952 5028 393 4167 5952 9026 9248 7865 4565 5451 2057 8770 9968 7949 321
114 8463 823 4314 257 1246 1616 7837 4693 3950 4251 3914 3199 4365 9167 5384 7379 6285 5862 5780 4985 259 1289
11 5925 7141 1340 8561 293 3153 1898 9699 1446 1157 8412 9317 6345 951 7537 979
318 6691 271 7602 541 9654 5145 4688 1996 6956 3225 154 5487 4096 6188 569
10 851 5393 2708 1778 8163 5981 7486 641 6762 7287 1870 5692 9224 6615 1026
322 7732 5711 8767 2095 6313 9724 297 3000 9539 6624
140 2828 1314 9040 8532 2038 5573 3400 9113 2459 2786 3280 9678 1365 7131 7740
373 9558 3240 2101 3318 456 4130 5158 2066 925 5992 7998 4424 6776 168 46 9453
102 9120 7511 4672 2803 2290 486 7206 843 5453 7818 2907 6308 4678 8663
346 3432 551 5503 3801 738 8248 8491 1614 1640 3873 6853 7567 8274 4497 8043 7743 2738 4156 1852
109 4210 4223 309 1790 5910 5276 4712 9698 5041 668 9959 3539 8431 5313 3226 8279 9520 3597 6549 8506
99 3747 3666 7033 1658 8614 3208 4418 3261 1742 7915 1569 5614 9099 2201 4341 2794 5434 6458 2114
323 76 6636 3607 603 6176 5287 569 5390 4900 3835 3524 8481 6720 8247 8512 2809 6946 8856
204 952 4923 5771 3141 3568 8272 1843 240 9285 9728 8848 3995 1510 8778 9807 5095 4974
146 6482 3084 5846 6480 1963 305 6550 9110 2439 1211 2768 5566 2318 5649 3087 7811 6355 7219 828 9255 5445
441 1365 7971 1667 8183 660 7440 1717 9258 1203 1375 1286 7751 2054 9025
161 6076 7001 9030 9656 4357 2152 7323 1516 5814 3268 9940 2216 6057
372 5029 8790 8632 2962 7309 6742 1682 8520 7840 1159 4324 8882 5271 6748 1091 7120
496 2404 5283 867 382 8336 29 5102 7710 2614 6354 6095 8421 5051 9903 8054
488 13 3967 2396 3352 1595 190 6083 8709 3703 6050 4332 3739 4845 149 186 6102 712 7880
314 3657 212 3380 3457 3764 5389 7522 5336 7530 1914 6069 3743
480 7852 8528 9308 8174 8794 1207 6209 1223 2376 6177 4894 3713 2173 5161 5400 3521
335 4092 4664 7254 135 1102 3320 4178 2904 3779 8299 4119 8135 8892 1763 8485 7754 3021 5553
397 6543 2612 5214 7747 8296 4511 1049 3563 5267 3404 249 1484 9979 7152 1238 56 6545 9197
67 780 5708 9023 4154 2492 6531 5832 6961 8266 7698 3640 5789 3853 7361
332 8748 2650 7210 1123 5705 8125 9497 1012 4782 7339 9928 7498 6827 8295 876
144 1834 7714 3476 6618 1463 2966 3116 4296 1725 3663 7461 8585 2
26 8874 4359 6002 6331 2239 4215 3689 9508 2595 3056 98 8089 2455 8146 1025
50 5783 2613 3721 3108 2168 4493 4313 2837 9282 4076 1496 6594 337 4685 3681 9600 3111 2615
44 9926 9688 6354 833 4483 3042 8425 6466 3545 692 8396 1853
309 6331 684 7734 9164 6837 4415 818 2419 2630 5694 1727
233 946 639 246 7347 2521 7327 437 7443 4027 6566 7817 4361 7431 4507 4 468 1668 6652 1375 4728 1731
37 8340 8387 3262 7406 7744 2402 2565 4538 4928 3698 9453 1000 899 8071 4245
103 1781 2808 555 2790 4196 1411 3448 2263 7589 9439 3386 9891 9990
298 7895 8441 6251 8996 6266 3374 8885 4475 3335 3303 5340 8663 714 7903 5371 4561 4805
249 4123 9583 3883 2332 2273 5482 4523 9181 7509 7894 7368 9337 1572 1992 4333 145 4437 9199
485 7 1736 8052 5821 3596 8478 2858 6375 2790 4510 657 3827 939 8345 1829 9436 1991 1798 2156
198 5 5520 1277 3827 4828 8953 762 1779 101 1028 9842 6379 7526 6333 4222 2005 1954
106 559 3505 4784 8142 3097 543 2913 3102 9514 7399 5516 7167 2726 340 9230
407 5468 7855 1695 3537 1130 737 4310 2460 6058 3135 9466 1449 141 6327 3533 761 6723 8931 321 2526 7713
251 9939 4249 9300 5416 65 9942 7955 7776 2024 5609 4195 8362 2790 9971 9533
100 34 2016 6456 4050 9500 4553 2193 4453 9998 886 1498 4037 5583 3043
266 5223 9344 8198 8554 4042 5844 6774 3017 8460 8952 2870 4313 2696 4923
33 9742 8097 6731 6157 4086 3550 5587 4539 3807 2291 5112 6655 9134 1979 9026 412
411 4572 5194 399 9192 3297 3064 3364 6918 155 480 9424 9489 6692 7190 3029 133 1915 139
362 3167 3998 1668 6244 3975 9915 201 947 3405 5878 3789 7259 8175 5104 9901 5997
43 4819 6148 5098 5506 4217 6082 3923 2930 4816 7965 6143 3626 5228 6667
132 6641 8368 780 476 7027 6863 2373 9719 8652 1857 6264 8749 9782 7013 5784
18 4487 1422 3128 269 1261 9914 4763 4013 5471 130 153 8332 995 6502 4326 7733 6528 6699
91 2932 9771 7639 6973 8907 9751 8144 1585 8243 3545 9180 9266 9754 8586 9331 4151 2437
126 6388 2696 9859 4616 5560 7161 9284 8708 1255 7534 366 6117 9149 7204 9607
439 18 7423 7647 4771 1311 9830 3766 2618 2693 450 8293 8998 1562 6611 4806 3863 3723 4536 4836 8600 174 5632 4843 8223 7709
209 4160 4402 8686 1806 421 9209 2991 4064 2516 5204 8920 6369 6938
308 6615 5185 8948 4341 3147 8068 6849 8542 1586 6428 6526 9596 4142 518 8115 9465 7120 1216 3103
83 3465 1780 3249 7435 7709 8900 6251 6197 1744 6240 3022 4852 4653 2656 9363
237 5541 1276 9432 7613 5885 3184 1478 2903 8803 2509 2384 2588 8727 6306
53 8594 9178 917 8566 8168 1911 1537 706 2208 6614 1936 3898 8881
301 6836 8931 1456 3927 7970 6065 3850 2442 9109 5118 1543 2205
168 3525 7391 4557 2085 1934 6727 8992 6567 6140 2445 7616 3641 6254 730 512 1070 1839 7845 6306 8431 8209
219 4912 8300 157 4078 5817 7554 1092 6621 4291 8111 6760 8183 9079 9634 2146 7429 6547
409 2746 5710 6551 7281 1522 2866 7151 3152 7927 1377 5517 6607 7575 260 8908
130 8969 2538 1888 1190 9664 2019 8452 6564 6859 2936 3133 2246
380 9055 3653 7426 1387 8364 8376 1397 9544 1395 536 5902 3053 9087 7082 3763 9785 4497 1141 8251 5349 2155
490 2747 4969 425 3905 697 3484 5742 4948 6170 2879 6875 414 5854 3402 7221 6499
450 7108 9048 5553 9646 3708 2858 3784 4824 6433 8513 4798 4614 850 8110 5941 4273 8155 6608
379 5237 406 1039 3100 115 4502 9851 312 438 8820 8930 1402 5547 1066 1557 8711
402 7888 1127 3480 5011 7487 7849 2901 905 4356 2294 9659 76 6584 7997 4901
304 7725 3479 652 3337 519 9236 6467 8455 9013 5175 2799 4776 2251 5470 7987 5412 3636 4738 1542 3783
434 5998 8298 369 2529 8539 3543 5297 1453 7765 3674 2973 9197 8501 8149 4342 3870 7193 8005
281 5656 1876 3757 5611 6118 661 7506 6422 5181 8472 4966 7751
66 7606 3074 8136 6394 7758 696 3408 7911 7447 620 9459 4790 139
429 1332 9800 9480 9534 6029 5167 7633 7702 4036 9823 9268 4786 4967 8177 1090 4070 1489 6521 6292 4913 6909
175 5157 4087 9388 7077 6005 4556 4151 8130 7311 7980 8100 9529 9230 9404
178 4378 805 4323 2189 4011 1869 9832 1960 9203 2935 4584 8834 4203 5958 6134
412 2475 5439 6967 3679 9034 6162 6131 5500 4305 4435 5850 4349 3541 9341 1702 1585 5962 8375 1058
311 5752 7547 4971 1310 3156 9908 2570 7442 7940 3859 3659 6149 9932 1534 8847 1780 7549 369
72 6289 9622 3418 4278 5874 1625 7275 6278 5853 1066 9723 311
45 5894 5738 4821 7956 9049 7884 924 503 5250 9392 4429 4492 790 5964
369 4607 7202 861 2237 8248 7560 5718 1440 6235 3246
377 1940 8342 3943 4645 4974 2283 8824 1272 1710 9212 2851 6100 1003 3204 6851 875 9569 8830
27 6676 3852 8473 7155 3122 8158 8425 6001 7314 6164 4662 8071 5736 9461 8233 6549
85 824 9665 2303 1599 4184 1842 1659 7861 8546
32 3705 6404 8515 8337 5108 7777 6900 2823 2770 1431 4252 8197 7700 4457 9199
259 548 5536 4213 8743 3932 1380 6623 3059 4505 9408 7278 3799 8560 8480 6778 6692 2732 4071 5821 5507 6827
420 4468 865 7386 2548 5825 1529 9798 778 2590 6793 1275 7304 7151 1750
469 6941 5578 5241 637 2263 9152 1959 8910 4402 8644 5253 4304 1239 2716 286 2426 9510 304
171 4948 3230 9871 1064 5477 6092 9784 9227 3497 8814 8423 9965 2119 4303 6861 8012 9273 3163 1353
430 1564 8140 912 6204 7902 4422 7213 3980 3559 6179 6372 8359 5821
184 5799 1632 3146 1831 854 2663 4054 7039 8584 4466 391 1339 2212 4027 7429
289 9681 3397 7157 2183 2060 9256 7399 2771 4770 5698 95 6974 7020 5543 937 9219
315 7172 6472 4907 2817 3528 4814 1115 3646 9618 8404 3994
463 5969 120 9661 1557 6110 2538 4742 3274 2100 4960 2351 8817 1251 8907
399 745 6048 2542 7836 2526 1906 6397 3433 3515 7982 2769 3543 9355 1615 951 6467
234 9521 1784 9291 7659 3255 9407 2335 5797 1500 4717 4161 9692 6396 500 5247 6547 7756 5580 1358 9968
217 880 5607 666 6257 5559 9319 4551 5282 4840 4563 2657 1613 9559 6161
169 75 6712 5035 7807 6842 9015 9791 6477 5367 5358 2470 1944 1441 166 3244 2885 8242 6983 1981 9178
269 7355 8573 5557 2149 2407 5554 8042 4240 2070 6373 6034 6743 6377 2235 9075 6601 4909 1948 1731
30 4901 9505 625 8138 8633 8713 8275 4498 1174 9135 3962 178 9794
456 30 7961 3684 8518 1362 2915 5867 4804 5811 4959 340 427 179 228 2266 1812 9354 4527
394 5605 2353 6922 5082 2452 8522 3942 2768 3541 614 2693 7751 5003 7193 7877 367 8689 7448 6546 7542 9029
194 2358 3275 5180 9841 3860 7681 5666 5423 6160 1419 785 5490 6139 1611
176 996 2010 2403 4132 1611 7251 5226 5353 5133 5656 4027 8334 1079 2892 2676 7048 5340 84
20 7203 6694 4348 6063 9393 787 7625 8787 2107 928 8007 7699 7076 823 2866 4034 8920
187 1917 1044 7347 2292 866 162 3750 3304 7806 4258 8172 2594 6338 4911 2827 7950 1007 3512 4962 9199 8043
367 5466 7525 4619 8003 3949 8483 7556 9690 1392 4267 8245 6216 9669
378 4192 9185 8502 5659 410 353 4566 1792 7810 7805 17 6604 1043 7751 9197
0 8775 9551 9021 3518 9130 8806 7452 9905 2221 1956 2900 6894
495 5880 4033 6045 6879 1080 2489 8894 8166 8578 2742 7970 2922 7842 2513 7988 5003 7553 732 6744
284 3509 8450 7909 6962 2856 876 2374 5232 7499 1197 7074 3408 7630 8406 1894 5205 6359 4045 5504 7120
12 667 9362 5509 1766 389 2005 7146 2970 237 3196 2550 4640 7618 9931 4108 5677
88 3726 9019 2212 473 3616 6645 7213 4434 8563 7790 3862
386 5117 9635 8967 1962 8564 9032 7929 2566 4469 2463 6211 160 6368 9625 475 5848
87 84 8736 9995 7790 8090 7740 8493 6581 4934 8212 4100 5871 6496 7875 2224 4514 7626 5497 9253
427 571 1956 4362 2361 5385 779 9734 3969 9512 9325 1813 213 8981 9403 3276 7629
414 7425 6482 9710 2994 8119 9047 1964 6530 7495 7379 3006 4944 2439 7064 106 176 6024 1946 735 352
477 5762 2238 9261 3707 3963 4420 3837 5127 7237 2580 8000 9202 8851 1629 8062 2325 3936 1763
340 8293 5770 4558 9218 3086 7396 9992 9027 5923 8927 3717 4549 4530 8464 6479 3647 8711 3241 5090 7615 4170 3363
212 1154 4372 6625 4854 7673 3687 8671 1528 3377 2359 1101 9923 6226 9950 5190 4379 1366
111 1233 1880 4954 7228 6670 9146 9071 2472 3336 3523 478 8111 1665 9993 5412
206 6198 4651 5391 8498 9684 4182 9147 5960 2364 5444 4075 6555 7247 2458
34 5417 2000 362 3986 4755 3584 3354 6718 7590 8439 4143 8065 322 1325 5259 4611
29 9 1369 5772 6438 5800 1301 5448 4342 7001 873 4136 5472 125 4612 9948 1601 7933
215 8263 6237 4815 658 3376 8189 348 9081 9800 7224 7517 5332 6957 1353 139
179 4021 6899 6262 4387 350 3013 6730 9085 8669 9112 8557 6656 3664 9199 1408 5748 199
228 7786 8200 6330 6151 5660 267 6644 1704 8867 3148 6507 6249 7169 3700 3833 4232
25 2496 3203 1145 624 698 8558 9260 5273 338 5428 2584 3913 8707 4967 1647
236 5161 3456 7032 1754 1457 2295 3305 4869 5203 7905 3191 6355
28 2218 685 8085 5911 2886 9970 6071 9586 8228 7974 2600 4486 6790 439 2034 4385 5063 2192 8043
257 8329 2692 9538 3909 8467 6064 3806 4940 9683 1830 4440 6320 7369 4783 5504 2583
446 9994 9758 7336 238 483 2633 136 7235 4661 323 4990 8025 4856 4271 1121 971 6141
207 9264 3003 3110 2182 1892 1093 6964 9353 3716 1617 9638 8758 8121 7742 6584 9720 9483
436 9961 3900 3119 7129 5965 3552 3549 4626 7890 4665 2181 1794 4385 745
364 8053 4683 3984 8374 2166 1298 5652 2853 9706 6712 7396 3665 9990 7120
137 7205 9200 5866 423 8587 7301 2810 9911 5406 1995 4855 4228 1972 1383 6954 9731 3356 4180 8406
302 767 993 5014 5856 2454 5081 3178 1943 5829 2710 8288 420 6492 6479 477 7153
366 6653 9621 8345 8630 6963 5227 4902 5774 6749 4585 6144 5266 2554 3146 1343
223 8151 3254 7174 6550 7802 2434 7568 4336 4426 7289 2053 9417 6106 4728
170 3989 1693 397 2592 8660 2522 8353 484 3809 6626 5981 4352
464 3054 8569 8461 1657 2280 7869 3836 4506 9850 2202 7659 3615 1663 8352 622 4728
242 8964 7601 9040 9847 8043 7489 7285 2974 8133 2797 8229 9250 1295 9381 4073 3753
438 901 9153 8123 36 8506 8017 3074 726 4749 520 8536 3838 5146 8814 450 5251 5326
352 7484 7770 7219 7006 7715 2568 2449 7349 8423 5859 9211 7938 2779 6542 1097 3869 3163 369
9 8170 4803 1296 2136 933 9677 2057 5933 7414 9309 5917 3102 2102 1346 4895 7922 5896 5732 8495 8946 6054
447 1874 5668 1398 788 2052 9606 8402 4269 5209 4528 3437 970 8322 5902 6019 7864 5095
388 2540 7200 4438 3855 48 5288 8830 6431 7112 9414 678 721 8661 2412
125 3260 9187 1740 695 1552 736 3352 1825 2534 2011 783 4159 1789 5067 2889 9349
455 2488 9239 2933 1867 2474 6380 5043 8024 1765 2528 3069 3981 4352 6331 4539 6785
183 937 7604 6503 8793 4797 9060 9484 5583 9041 9857 7966 9975 5548 3211 9936 7630
107 7618 159 2214 9070 5755 5459 2186 2179 8812 3103 1437 5451 4139 8577 7429 752 4317 1358
498 6324 2986 1216 5031 5302 3675 9705 1508 6872 6524 7531 9943 6263 1328 1858 5054 135
461 8069 1119 6752 6518 9765 1079 6830 6544 8216 8936 9982 381 2843 836 3612 4909 4801
173 2682 3050 3005 8942 7053 5478 7312 8811 1559 4939 8203 5429 8640 3762
473 6701 8116 3754 1081 7582 3323 3417 3961 3745 6346 9490 5294 1005 9902 7883 30 6889 6134 896 8462
320 4260 6534 4145 8555 9379 2554 9384 9527 9435 2093 2627 6389 4924 4170 9159 7260 9102 9688 3958 6945 9930
484 1741 4808 5362 2422 4942 6321 1162 1303 2873 7445 2341 1584 6280 7107 8687 9669 4639
326 8043 279 4548 4801 3916 9707 4517 3158 2923 8827 6017 8073 4491 7878 1120 6775 9014
21 4795 5917 7455 6233 3202 2569 5919 2531 1524 8715 2517 9582 2804 9265 1583 3004 3113 753 7782 450
200 9764 7859 8821 126 9903 2513 4327 3462 4264 6267 7510 7038 9679 4004 7683 6438 6187 420 9848
195 3839 3395 3064 9530 5596 4070 6729 2939 1427 5025 5196 7394 8688 8556
95 1710 6203 2668 3530 3781 2429 1796 5270 5869 7871 2309 7298 4725 3083 545
440 4692 5199 1690 9770 8846 687 206 3795 1587 2721 5890 5900 8009 4199 5132 4780 8994
356 5721 2999 7302 5635 5163 816 9933 7273 7986 826 8732 2871 1138 8592 3376 8910 4027
413 9332 1619 9412 3446 4831 2667 879 5612 1194 5295 6937
288 4962 2036 9357 1859 6121 9140 4966 5620 2330 5359 4158 9652 1354 2569 1557
337 8022 4409 722 6747 4779 8397 5064 6442 3791 2040 9718 6545
381 3819 9918 5810 6445 356 3983 2491 8608 9513 8492 2479 4190 3520 2675 2327
94 5109 5662 9292 5833 1428 5268 4197 3946 7902 2481 6792 5647 1470 5433 594 4056 5030 5307 4728
89 6802 9818 8373 3105 1031 7707 547 8 6108 9117 3308 4034 5674
38 3877 1401 5386 425 5056 2372 2352 7180 7322 9210 3828 3863 5368
406 8259 3757 6873 4234 1304 1982 4081 432 86 1033 1760 7436 1868 5966 7790
123 71 80 4531 4474 6418 3792 3565 9788 883 615 1956 7483 2334 842 7395 9299 3753
2 4045 2195 9886 8769 4163 4583 7548 5272 1827 5674 4552
416 239 5338 243 3567 9008 7150 5263 133 8093 1895 9885 3785 4752 8160 6170 3728 1105
196 1084 9723 6369 7607 9896 9175 8231 2158 8837 7217 7061 5824 7807 653 6927 1680 7992
238 7473 5026 4481 4399 7932 3279 2072 4358 3126 8934 4567 1709 9731 4842 4009 9686 8896
421 9697 5826 5234 4737 1560 3048 1496 6212 2677 5067 8685 9506 834 4328 3504 2099 9020 8868 6790 1238 9903 5251
77 39 2650 8589 4679 4121 7848 5929 4891 1722 3602 2430 4168 4432 7373 1017 4098 7517 3079 4377 7133 7153
253 2986 6549 3753 2014 1524 4399 4272 1625 5163 6764 5050 9519 510 2698 1662 3874 1343 135 1848 5129
453 1292 4352 2438 9233 9869 3031 4155 9037 1111 7209 7122 5320 2958 9837
121 7737 7030 2704 227 9192 3351 671 7376 9542 5769 532
297 4015 8556 847 786 9632 5709 2767 333 7439 5563 8039 8796
273 2342 6219 1389 2603 8131 9524 1433 6988 3020 5886 6319 6787
491 61 6448 8880 5864 8889 1168 9031 4177 6809 7306 6298 558 5793 9178 4524
60 4783 437 462 5994 9510 5535 7024 9892 5681 4827 3886
141 1407 2191 2050 9861 7542 2491 4967 5346 7114 7045 5076 8273 4636 8017 2652
96 132 7023 1336 8150 4107 5392 404 5980 7196 7145 8540 3776 9573 3963 1706
472 1761 9806 7291 8315 3856 2711 8011 5505 3810 8686 6175 6833 5648 8028 4066
448 2 3982 6920 4166 3120 9022 8519 2727 3175 93 6288 4259 5149 4020 3783
279 860 9336 4870 8928 3345 7742 454 654 5823 6920 8718 3953 8832 7656 4187 3124 9089
349 2575 7637 9376 3907 8223 1520 3803 1608 2819 2227 683 6811 2773 8049 5677
432 5054 5101 4660 1743 5088 9936 6804 8014 3214 2630 6801 1435 8956 9883 9290 8687
6 82 33 5189 2640 6052 9023 6412 8720 117 9089 4744 4350 5713 9854 5650 8881 5838 2555 4069 9040 7669
79 3416 6303 2409 2466 2077 2781 5218 840 2515 9050 6650 5768 2462 8753 1 6821 4822 5930 8487
321 7454 8363 3025 4664 776 7771 3227 8257 2069 2345 3816 4048 7289 7943 1905 5889 8125 1978
151 3991 2209 6122 8333 7668 633 7570 938 5372 5169 4730 2175 5974 3826
247 7405 3392 5034 9372 9091 7881 8678 3632 5206 2410 4480 447 8205
218 3362 7779 557 6938 8069 6174 1527 9831 1461 7896 921 9421 1480 2002 455 5322 9790 8185 5676 3505 2112 412
105 63 4938 7670 205 1877 2724 3379 4309 468 6191 2628 4180 435 5610 6889 2959 2537 3630 2414 7864
52 969 1354 1153 6570 3582 5322 8414 9156 9611 2569 2756 8130 7195 690 1241 7036 2714 4356 6955
474 4728 4811 2906 2842 2902 1226 8067 4838 2600 1316 2820 3792 5977 8926 4306 7720 9731
299 6000 2414 6094 2884 3540 7118 2730 2437 838 2293 1394 6767 5700 5653 2225 3016 7992 6698 3914
375 321 2571 4800 1591 5060 3206 6838 3127 2265 4702 4654 7071 1979
68 1297 6032 8615 6599 8881 7561 1406 4225 3473 8804 2670 3383 310 8958
255 6425 5457 3270 8526 2669 3771 6407 3729 5852 6243 6938 4095 1546 7048 3043
254 90 311 7207 3901 5331 7321 990 3377 218 4858 3273 7543 7782 5224 3426 9420 5970 3023
358 8104 1956 4802 9731 5115 2404 9199 3194 4352 49 3101 8622 7223 3258
197 2559 9616 285 9585 3155 8117 9108 1400 4671 6334 300 4209 3356 6815 5775 3586
186 4559 205 2616 1610 6829 9615 9145 8603 9333 9281 7363 5319 4314 7460 4053 3140 9652 2340
396 1036 8977 8810 3677 9173 9912 5370 2958 9011 141 802 5547 9252 7244 4517 4850 8698
467 26 9555 5895 6706 7188 8253 7382 1601 8646 2390 3410 2098 9224 1086 2121
235 6928 1181 9812 8509 8745 7063 2505 9662 2394 5436 8015
75 9096 6759 2926 4531 450 5777 3784 5989 5580 6817 5147 7585 8888 7086 4062 7584 2456 5784 2892 9404
341 44 8205 1969 3192 6046 5421 3516 7705 4339 7571 8490 6049
478 2595 4416 3296 5834 1923 4334 6606 4412 8625 9176 2178 4063 8533 6046 3885
398 4457 812 5355 2729 6471 4128 4055 2932 9483 2556 9441 7568 3452 4726 5457 6296 4314
371 1852 3371 3081 889 1317 3704 2597 4490 9588 669 2520 9123 9183
317 1299 6323 1180 3073 6702 4766 1729 1731 1454 9595 9053 4970 4302 9486 4888 2346 5294 1353 9990
272 7325 8961 9075 9101 7256 1702 7975 2406 4074 5706 8021 4919 1027 8257
162 2740 5767 472 200 6152 62 797 9278 1526 1220 6627 4385
110 1436 1121 7939 1581 745 7924 6468 2753 6200 4109 5248 6885 9863 273 8157 6129 6712 5053 427 7438
444 9029 7834 9391 4022 8620 2857 1802 7381 9637 8645 9052 2573 2652
16 4242 438 2773 7808 9991 2881 3622 2510 1793 9837 2818 9637 6587 6470 2861 1589 6413 1496 6672
250 4117 997 3172 920 4793 1451 2969 9329 4703 7066
333 9609 7353 5383 5645 5311 4280 1772 7995 7092 4214 5015 9953 5207 4675 2858 5512
163 1878 2150 1263 1930 4069 5848 1750 8179 4029 9114 2947 1299 998 8161 3098 1517 2320 3924 3146 7669
492 7320 1129 5373 2898 6693 3804 5707 4325 2041 4183 6490 3665 1318 6585 541
153 2116 760 1445 8386 1160 6796 7852 6815 1606 1121 173 8244 5836 983 3808
401 5317 6457 3281 7798 9743 3775 4772 6082 3645 7064 2027 6187
479 7669 5024 7791 3579 6371 7326 1511 8099 5795 6911 3961 847
177 4788 8829 9685 5739 3218 7864 3655 2356 8088 8004 6672 7335 8605 3758
214 1145 2648 474 2734 408 225 4930 2630 6857 9501 8787 9521 6167 4429 4162 8008 5445
76 5583 9367 1602 9848 6807 625 193 5558 3671 609 9470 7193 1075 8341 7069 5397 4609 5621 7419 6635
483 6458 1745 2440 2731 1199 8841 5462 967 7583 5057 344 7942 6672 7029 2013
285 9834 7459 9349 777 3493 7262 9649 3600 3530 4876 9159 9356 6023 608 3509
391 6129 4686 1680 7742 9881 849 1252 8297 6685 2329 3075 577 8525 9821 2739
451 9094 716 1794 4478 8220 8078 910 7902 2365 2725 4951 203 2336 2264 9193 647 9396 9740 8189 2666 1534
359 8387 5342 9448 9827 3328 5269 3370 3569 986 3851 2064 5775
442 2062 3077 863 6654 8265 6925 1932 7163 3790 4910 5187 1823 877 1374 557 6802 412 4400
274 3864 1216 6362 3935 3642 3491 3772 1473 4605 5514 1432 67 2073 9702 9872 6073 3837 8284
160 5896 441 9517 1567 9757 6053 4320 195 9014 5303 9330 4060 8476 7427 327 5448 2938 3521
192 2323 7476 7759 8294 4257 456 7265 7627 7635 1750 3854 9541 5065 7409 3839
307 2486 4110 1072 8057 4507 9655 6049 7331 602 3752 5064 3656 8925 1385 9111 172 9088 9937 9443 1149 4967
129 1218 3812 9694 385 6934 8220 1222 2988 2105 8999 7249 8840 5260 6576
158 6789 1188 8346 8830 182 9007 1938 3637 4743 6439 4696 8156 7413 8183
423 6 3748 6473 850 6908 6661 2723 2407 158 3074 9005 7216 8343 3451 8624 3695 9141
275 4941 4354 1719 7703 1458 5849 3079 7944 5698 6344 8631 1919 5885 5889 1864 6959 5531 5895
282 215 7821 6635 7631 187 9492 4694 6708 4582 8903 6280 5163
117 9862 9368 9759 1994 9557 3046 123 5962 5643 4731 87 8915 4341 6843 935
410 7972 799 5445 2307 9511 5839 597 1641 5122 5349 2468 5193 7380 1278 3420 116
482 8174 5395 5211 5785 725 524 5828 5151 1158 9631 2322 6852
8 5052 6103 9833 640 6295 9671 6452 2433 7267 4125 4519 6441 6201 7147 3113 9709 3111 9138
15 730 5600 7829 7804 9241 6766 3385 9142 3948 3436
280 51 8947 3101 1708 5934 9843 9260 7115 9920 5671 5870 2143 342 3879 2807 7426
277 3144 111 5772 5907 8471 64 4398 2565 5079 6483 2981 8087 6326 1634 1979 6768
383 46 2902 6855 7559 758 5643 7216 3623 8731 586 9878 1984 3787 3940 4784 9846 2465 5715 2673 5962 4377
361 41 3023 7739 731 904 301 9400 2924 4293 6597 8458 6119
278 3670 1710 1515 7852 6084 616 1231 7177 7142 8932 8792 3554 3835 7812 3773 5022 1307 4079 8910
65 7147 8365 6539 7212 5135 6343 2839 8388 6003 1341 4522 8061 2484 9793 4400
49 5068 5399 7026 9666 9733 528 8457 7364 9600 1679 9589 6363 9758 4317 9473 5354 1246 2598 3113 2100 9007 4020
159 4890 4928 4031 5909 3750 2446 6460 9016 5038 8771 7315 99 9488 5633
155 7335 4367 2389 966 250 9474 6283 8924 7610 9418 6481 1486 7830 3361 4353 1083 1752
382 3454 2164 5796 4390 3959 1786 2524 3170 989 4764 9456
265 6677 4068 6216 6673 1979 1193 8270 6617 2415 5719 3795 3022 2477 2397 3701 2032 3167 8780 6351 2904 6054
23 2685 1665 5409 1948 6280 1973 4295 670 960 9411 3184 7029 1063 2451 6325 2775 7641 9666 1670 8343
245 7513 9738 5928 246 1609 5455 1758 6612 6829 3216 7973 4684 9299
104 1327 5304 1941 8822 4706 7693 3267 4400 6210 4561 9676 7007 8221 8705 6677 987 7293 2343 838 9903
475 770 5584 2553 5356 9219 2085 8528 2979 310 3329 1885 3865 47 5464 3499
325 6226 8934 202 4347 6370 915 977 5876 475 7816 8130 862 8552 5188 4214 3996 982
354 43 2182 931 4216 8693 958 2355 8312 9678 3584 3609 3010 7781 85 9757 4972 2409
51 83 8842 4127 1356 6975 7156 1787 4849 6494 8838 1287 7269 8378 2147 7992
291 9565 3104 5215 110 3034 5544 4937 4373 8026 7384 9035 4289 9868
122 4314 5245 3151 2375 9206 1831 9693 2671 3461 8143 7766
404 1903 3732 8256 254 208 469 8733 988 1344 5857 4111 219 5219 2248 4406 4239 9753 7874 8830 6731
300 66 7686 283 8140 4988 6112 6487 8234 487 4687 2918 9825 2680 6079 7042 8333
443 2424 7997 2321 4752 2097 4045 7370 1206 1723 6525 6255 7872 7378 9768 8759 9244 1383 1025 1238
286 1912 84 496 6158 2082 1883 632 4905 4547 9151 1554 4562 2892
471 691 5164 3808 8236 8798 8258 3129 5019 9177 1416 5855 6841 4729 3621 1256
470 9507 6036 7976 2713 1258 2328 2071 7767 1046 4455 9178
460 6968 9198 5131 7340 1651 76 339 6748 9346 3464 5377
338 1746 5593 5781 9345 5899 4482 3483 9624 5576 7201 4705 1833 887 1535 2962
252 4627 9865 5780 6401 7135 8230 5329 1546 8041 9259 4200 9080 7831 8086 8672 6429 6939 7675 3261
56 3566 8033 1262 4106 1927 3308 8862 2943 1855 5431 7549 2984 5790 7110 3543 8702 4783 8910
417 1523 3593 6390 4733 4520 7600 9008 3605 1382 8488 7997 3297 2379 5339 130 8581 6967
389 8789 5908 5194 4728 3870 8937 8217 5961 3939 1116 870 9579 6835 2878 3210 5103 9444 2858
319 7754 3195 376 1838 5096 6739 3338 984 3882 9952 4920 8917 9255 1103 7068
468 296 9254 2272 5334 5255 4129 5513 2892 9237 8221 6297 820 9498 7759
435 4730 9465 5728 3690 6735 7824 9842 1700 1361 913 4906 7994 5069 2128
54 9836 3376 8966 5090 2844 5177 1577 5909 5305 3756 7463 2672 2698 2696 3355 1096 3863
376 6499 8859 7901 6462 7949 139 6572 1645 8805 5156 1590 9305 7952 4077 8753 2297 2155 427 1668
156 7566 8581 3629 488 5685 491 9744 4061 7886
174 755 1711 1026 6214 5063 9968 5528 8762 200 1568 852 4265 1268 3189
48 2289 9580 2785 1850 4781 3233 6484 5457 8309 2946 533 8241 4193 8379 3752 6327 8130
172 270 6740 9274 9302 5940 2363 6639 8384 2814 7665 1330
403 1220 1205 3015 9795 2752 7365 3434 7864 7036 9549 6716 5309 7408 4411 6862 4232 6465 2377 5446 2683 5504 2605 755
188 1510 4674 3327 2029 8714 9270 5462 3536 3937 5546 663 7232 7727 6186 9829
433 1624 9374 6014 7087 9957 5508 4039 7181 450 109 259 9150 2313 6142 2029 6486 7
462 2422 882 2739 3243 3132 9129 4386 4799 642 4198 9968 2220 704 1253 6950 6015 6258 2607 828 3914 6134 9374
39 3428 1219 8864 7162 1953 476 1622 8597 2791 8434 5427 7266 5862 6072 9745 6676
392 250 3288 3077 4917 975 5903 534 6548 9242 1856 7151 4855 6170
248 5033 1865 3606 8401 8933 5845 9197 4754 23 789 7001 6901 1504 4340 5840 7038 4282
287 7333 4907 1309 8062 2401 9840 3500 1890 646 3079 9298 8799 4118 6526 9852 7517 6778 4531
339 6765 7969 321 1593 7996 7044 9962 3720 930 7507 9352 6958 4107 6320 6591 4194 3883
136 2961 1010 7093 1775 9928 5107 4977 9680 1550 9389 8601 3751 2123 5523
193 6193 4633 1279 3774 5561 9653 7385 8101 5481 7449 7788 1058
7 4668 6460 5680 8305 9205 5795 5499 2626 7771 6225 8979 8495 8006 8431 2555 8284
90 4847 1169 5072 150 84 1308 2562 9063 8895 605 1808 8060 6522 1074 784 9968 3877 8922 2407
13 253 4051 4337 6867 196 5365 3932 4984 6011 3725 436 4936 6078 9713 6197 2650 8212
310 4624 2339 4389 4284 134 9809 8941 2872 2333 2937 7000 3088 2319 1820 3602 3173 8125
374 2176 3612 9366 6825 4681 2447 5278 4380 1189 9061
497 24 9313 9013 7664 5350 8514 3638 7354 7374 370 7914 5328 1546 7057 5384
216 7606 9086 4124 1048 9318 4099 4450 3212 2822 1170 6726 7794 3409 7474 5053
55 1807 9168 2518 8700 4165 3755 6247 7471 9502 9663 4180 1851 3937
425 7759 893 5318 9787 7833 830 5526 3669 6733 7862 6042 745 3624 3709 9307 1979 9903
290 857 2124 7285 4801 1630 4886 5838 793 769 1371 5720 5661 2508 782 6986 133 574
202 7981 3842 1541 5594 9701 964 1639 9312 7979 3076 5645 6414 9007 4172 7910 952 8498 3371
138 7490 4211 6222 2125 5461 8056 8391 3823 8621 2572 2100 1384 2148 731 4107 647
112 4972 1328 446 5474 7127 5253 7501 2331 4144 5233 9434 629 2278 7683 9224
384 32 6970 5843 921 1627 8782 4024 5749 6300 7503 7624 4978 2764 6400 7790 4026 300
261 10 6434 5149 4369 4649 8559 6056 1773 9444 7730 59 6914 3737 1358 2643 2
303 5479 3146 8914 135 4152 6659 549 8058 576 3651 9455 4311 8385 1784
489 9215 8854 9820 2079 2198 1173 3292 2207 1399 3475 4825 5713 753 1167
164 78 4159 728 9476 8508 4664 2583 8050 8698 8898 4757 1929 9122 2527 7410 1393 7704 1871
457 7819 9577 4381 343 9954 898 9351 7202 3412 7070 9399 8185 8683 6285 9834
93 5239 6558 8126 6187 517 131 7494 8737 9797 5591 122 8169 9720
363 319 5951 6385 4488 9340 2174 9723 5435 3332 2949 2274 9764 3121 5966
5 5086 1183 7753 9984 8812 5880 7967 9248 7096 2175 4007 8719 4751 1439 2636 1487 155
327 77 1414 9761 6892 3694 9689 5072 7005 1465 2544 6824 3051 8044 4231 8403 5239 6130 1562 6635
131 5005 6282 1106 4044 1147 7920 2458 2598 1785 2121 9619 6349 5030 4700 5256 2659
133 2177 3365 4179 272 7105 5737 3368 2555 7292 4321 6051 2471 2109 2874 6980 7400 1085 1770 9848 420 1299
201 2643 626 8973 4170 5597 8036 9450 7597 1442 4489 9077 197 1132 9218 3875 6486 5053
256 7075 858 4282 6642 2058 8152 9935 8883 8002 4550 3798 6416 7640 5793
205 6999 6603 4935 8794 3471 8431 518 3331 5364 583 8899 8507 318 7012 649 7511 1029 2240
143 2431 541 2782 5743 5533 6398 3011 5111 7215 8335 5673 1460 1596 2740 9607 1979 2615
135 4513 8248 1893 780 1934 949 8148 1313 7321 9461 4889 1322 502 6336 177 1176 9215 8661 3074 8491 4527
181 6421 8658 8254 9348 9591 463 4709 7131 7657 8389 2497 8836 4043 3537 6444 5773 8217
306 3114 9772 2591 2109 9913 4982 6843 2948 8839 4527 7741
330 1273 4079 2629 709 4884 1497 6786 5401 6098 9617 7257 8208
167 6464 2299 7519 4983 6875 2126 6250 3974 6845 1333 4105 906 2005 9463 6359 9933 4020
148 9438 1383 4567 9576 3727 6126 1363 6942 8710 2428 4149 2051 9522 9246
113 374 4777 4290 3145 208 6794 7587 1071 7514 8188 4396 4734 5962 6327
80 451 7795 3781 1319 7166 1674 2695 5348 8202 581 3027 853 7919
312 7037 5534 7072 3277 4647 6336 4718 2277 2476 1379 8422 3231 3123 7238
353 1426 3481 2699 6844 6780 2998 3811 6658 593 4397 4873 6799 5469 9470 4957 3377
445 8307 3557 9270 5105 8863 7023 6217 749 4949 328 3182 9126 815 7889 2698
262 6393 8109 5630 5448 7192 1288 116 1583 9395 5763 1483 2983 6817 7485 7880 7218 1481
220 14 578 8670 9805 2252 954 5465 8531 1921 7017 7342 4219 1401 9374 1216
422 7041 415 8348 3950 184 3954 6199 4660 2296 3649 2888 6270 4400 7429
263 6984 6826 6913 3111 4191 5609 5696 2805 2705 9162 1059 5881 4071 1357 3331 7598 3976 4948 8539 3836
41 9602 7459 4704 5548 6753 5251 7474 6487 3339 1721 5643 4464 9304 7117 8562 9712 9370 9430 3096 2666 5186 4314
294 7018 6540 5740 6770 6105 5695 8326 5257 7367 1236 6828 746 8984
128 3631 8911 6104 9208 6020 1179 1282 8066 5261 6454 3060 5246 199 1016 9586 7845 5953
84 55 5069 9491 4710 7621 7796 5884 2310 9144 1747 5116 3077 7954 9493 9817 4695 7 5397
35 6993 8477 3469 2256 5818 116 2882 1872 7392 6561 7649 9000 4632 4765 7456 7653
264 6990 8468 5066 9382 6514 741 1146 4896 6834
355 9632 8989 8438 7921 3137 3761 7513 1692 281 4082 2317 9858 4081 8431
305 6454 8466 9834 6285 9645 3496 6173 7677 7857 6365 619 3966 6449 5447 6923 6336 269 3050
24 8252 3961 7748 9161 7469 1329 4352 6889 6310 1613 1185 9425 3300 9543 5456
73 168 4577 3573 1137 336 761 6600 7415 5968 1087 5001 6898 1501 4056 6889
134 1860 5569 7951 8139 2978 6500 7243 1157 9426 6883 6633 923 7908 5715 1875 2288
46 8990 9746 8623 9786 8995 4915 4071 1490 9118 5008 5376
329 1496 634 981 405 4512 1390 5401 5083 2302 7538 440 4716 1817 8883 2439
405 3498 2660 4315 300 6541 8610 9003 354 4173 6737 6991 6966 6101 1035 1957 6474 7304 2774
246 4857 2549 7545 4104 7043 7558 5756 7268 2081 1150 9002 8075 5475 9178
243 69 9235 7696 5822 7527 2457 1552 2921 6390 1345 3091 6260 4060 538
154 22 1562 7355 2147 7453 7564 8414 6218 3848 1191 1637 2977 9795 4532
459 8896 8470 6997 2002 3261 3910 4222 7277 27 7025 1019 7643 5641 9187 1976 7055 2396 4786 2121
324 863 553 5863 9007 1925 6699 2067 4590 8988 1293 4500 9700 513 4268 687
449 3818 2586 8264 4535 7444 8366 9964 1782 2615 194 5270 3386 4244 4645 7759
360 8360 9188 674 8800 1113 7596 7134 6178 5803 74 8171 9078 9973 7709 9244
408 6592 6139 8529 8427 6946 6712 7221 3222 4147 1748 2229 7462 8786 3350 647 7659 6447
270 5265 2895 5657 604 2443 9322 6315 4822 40 2080
351 58 8405 2701 4903 315 2132 3760 6339 4188 3391 5509 5862 8863
19 8681 6461 6089 2231 1133 3884 8013 1443 5005 4326 7206 7493 5229 7740 6223 308 9836
244 8195 9369 5972 8600 3526 5258 8132 3538 7429 8680 9603 6081 4912 3074 6342 1956
240 72 6302 4989 554 5369 5501 3119 6595 2802 8314 9171 6271 5419 1429 1383 1477 7575 1542
347 3562 9225 1454 8098 5841 1178 1777 9844 6917 5387 1062 5645 8462
328 4648 1633 4955 2551 3052 7653 9374 5734 1085 7847 427 2891 7128 7642 8053 9533
40 81 3429 1367 7191 9306 1966 3553 7666 7245 7544 302 9972 2392
260 8699 5942 6871 6458 8757 1652 8813 5893 9475 7359 7403 6687 7579
239 4494 2996 3964 9046 2255 2349 2240 2170 2257 4574 8469 9051
419 7261 2271 952 8444 5172 1512 8194 8489 8416 670 3419 4472 1020 1571 6467
108 6731 3441 9172 8855 9708 3278 7179 2795 529 1971 8496 3045 843 8823 2357 4246 7699 1625
152 5628 8015 2879 6469 663 8118 6910 255 7407 3575 6944 9405 7472 7016 264 9036 3728
127 7419 284 5413 5623 6145 9073 278 7270 7159 181 8105 9615 6261 611 3993
70 1198 9747 2111 6406 9001 3169 3058 7451 5901 5592 8887 6067 5688 7820
283 7713 8598 1358 1112 8871 7234 4871 6236 1347 708 8535 3198 1821 6854 3514 8830 5383 9248 8406
313 2929 895 535 6114 4739 2412 1628 7296 88 1791 9903 1555 4000 4701 4108 2464 5450 5830 6491 2120 6608 4367
157 819 926 4224 9716 9581 6025 1013 7044 92 6800 4221 6428 7180 2613 5105
452 5917 9945 9191 3077 3236 1370 2539 105 847 3644 5366 8494 2719 4226 8153 7438 1360 2343 7759 9573
86 8306 2322 9944 7388 6356 6013 8127 9649 2895 3789 3209 2378 1907
63 1186 8390 8233 6447 5538 244 4752 9238 6915 8612 6769 6369 2965 258 3800 9090 2346
31 7072 9245 3824 3093 7947 1897 766 4877 507 9780 199 6485
437 235 8286 5434 6555 7634 3028 8429 1117 7248 4496 6091 4279 9230 6827 7463
271 9668 7280 8609 3290 7899 4801 1464 7687 3577 4340 1245 5137 2169 3460 1195 1809 3043 4664
14 88 2992 1579 8548 9042 9892 8549 1607 806 107 9303 5121 252 4004 3254
426 169 3072 2979 449 9640 9442 2859 3466 7180 551 1343 5023 6090 3239 6664 6134
142 9988 601 6387 199 5138 734 7121 9515 6896 3154 4865 3219 1604 1670 3601 5078 4534 3220 1736
400 2052 3586 4658 5802 5316 9428 3458 4349 3243 2750 3293 4573 3401 6409 3319 3831 4898 9402 7413 6584 9688 719 1799
81 2857 6311 8724 5440 7708 8164 499 2304 817 1488 2137 2165 5572 9293 3741 9351 7856 7026
120 2226 6155 4462 5251 4377 265 5310 8076 9342 8596 3245 6848 3326 2340
92 112 8784 3529 4317 705 718 2697 6628 6239 4093 9265 4153 4670 5737 582
344 4302 976 7746 1521 4057 1588 8077 9301 1654 2301 9778 7194 8963 1174
226 9989 2275 8084 3186 8145 9138 4886 9259 8105 2638 8380 490 2264 1847 8018 6813 369 3651 1740 8343 6547
231 5054 102 7369 3423 3256 3440 5967 1312 2127 292 6011 3623
98 4319 4882 2736 2952 7164 7691 7791 4129 4745 3936 868 8395 4307
493 3307 1846 713 1557 2475 8411 8157 5094 3032 7250 5174 4288 5293 8722 2608 4722 1763
221 742 7680 5080 7255 8919 8113 4623 5454 5430 8351 5420 2190 9281 9248
213 2305 1696 3555 2792 3899 5638 6202 9024 289 9269 4568
139 7628 1531 5345 360 1491 9097 6326 4137 4275 5959 5197
331 3999 8448 4812 1429 4089 1691 5085 8761 7749 2589 8921 3793 9755 4276 6465
316 6955 104 4286 5715 2787 1730 1252 3271 694 1107 2259 3745 6440 359 4414
59 7851 3696 3610 4107 1801 3830 5985 4753 6378 8307 4470 8939 7852 6902 5405 3425 1134
166 4916 1770 935 837 7854 152 8128 2094 1240 8072 2942 957
431 9453 5162 2985 686 5523 3004 4403 8726 6921 9425 1739 5004 3620 2744 3235 127 5325 7349 329 9968
476 7710 4945 4677 8534 7284 6417 191 1503 1321 8910 2685 4868 247 5664 4641 9003 1149
222 4923 985 5589 871 3660 3581 2622 429 5144 6085
268 7057 7170 9741 1985 1455 8410 7850 1530 710 1396 7450 8651 6779 3186 8487
334 8224 5129 5996 3699 6511 2233 4300 5522 3066 7764 4294 6307 7052 881 6584 5104 8193
345 7591 6478 7842 810 7486 2055 2473 4261 1204 2436 6588 679 2855
365 6196 7562 950 7239 6486 6455 8723 8523 5947 7372 1114 8974 2737
189 54 6028 5906 7653 1988 2533 5882 6352 9338 726 1409 395 4037 1981 10 7885 3389 8212 3240
454 177 6038 9039 7721 3825 7630 6205 7433 2426 3706 4638 8420 8697 9086 6073 7252 2240
370 2773 7324 5438 1182 1152 5704 233 843 9120 5168 5892 2308 948 4832 3163
61 4721 5396 4419 4212 7225 871 6184 4707 8653 8387 2021 7835 511 108 5457
36 2858 5912 944 3215 214 6598 4874 5957 2007 1496 3759 19 8371 3158 564 5307
229 2185 7500 8074 1202 9179 4002 3320 1705 8644 6738 5565 9532 4322 1955 8982 8455
145 1749 2393 1924 9714 4719 3411 4237 5936 968 3375 3360 9201 1145 176 1134
147 2968 1287 804 4594 5275 357 7173 5020 5631 2896 1963 5916 527 1697 4108 9990
494 4834 5379 4639 4012 3520 6355 147 1889 3564 1383 3877 1945 6190 1703 6275
78 6786 2264 5762 3578 8752 4027 2765 5251 7948 2400 9387 9267 9131 4355 8503 541
210 8666 7034 1410 1997 8249 6296 5744 3312 900 5877 1250 8729 501 4341 4690 1299 9496 8487 9036 7296 7153 7285 4326
486 96 8031 345 1270 9826 5154 5950 2485 7090 5473 6305 2757 330 8734 4104 2875
62 4546 8830 4047 6381 7636 496 5835 7097 1551 5274 1057 7115 2643
465 7728 4504 5982 355 2138 3885 828 6926 8354 765 5572 4761 7104 5178 9940 9655 8925 3074
390 6785 7206 5198 2904 2194 1267 2920 6230 8746 9478 7482 9657 5973 4233 5751
74 7893 1937 3585 2065 6831 6299 1471 1009 5898 8701 7651 8683 2222 6189 1560 6327 8711
182 8277 2030 3652 9416 9358 5921 1038 1242 9068 97 4206 3240 7053 5201 7820
241 79 52 4695 1247 2228 8815 9273 9540 1582 4996 8181 4618 5872 4071 9464
296 2192 3035 6573 4281 4431 223 412 2532 9481 5537 1320 6994 6820 3672 921
101 916 1237 4025 9977 3871 1492 2670 7945 1136 8191 266 9709
58 6337 7949 4140 9730 1565 2344 756 1533 9610 9186 6265 9684 8251 5099 8058 6986
267 7663 1201 8671 815 2954 6459 2383 3414 9628 5153 6329 6648 5027 5730 6262
295 4254 2863 5995 3188 7552 5061 2501 3018 6565 2046 5546 7012 1739 1669 6063
185 3008 1142 662 4625 9567 6947 7186 4669 2880 7941 3319 9451 307 7652 8728
276 6924 3157 9907 4049 5555 6306 6933 9880 6545 9966 3067
395 8649 2059 3024 7998 2483 4449 9350 9615 1993 7081 3614 2702 5240 1256
293 6953 5988 1841 4844 7481 7926 1352 4063 3931 1285 4102 2766 9516 1081
