100
29 442 329 290 139 236 650 331 727 27 880 1697 274 496 393 1000 34 881 270 223 510 1803 360 762 3082 594 807 793 170 526 349 490 2000 137 4632 417 337 281 1607 1537 113 215 321 3201 984 1491 977 686
47 138 3106 5990 583 2264 3514 5182 54 2208 6930 1495 4336 129 3483 995 1200 484 1171 9054 43 1799 0 6684 27 7 90 517 85 39 3142 1967 3621 3448 614 1434 2685 339 480 1702 383 8 2768 84 9768 1073 5910 8933 1843 9732 228 9 778 1 225 146 625 2291 2 992 233 25 2902 188 737 69 344 244 3139
87 152 909 371 22 62 679 82 1073 2334 331 6915 7 7013 949 130 6045 2045 92 2978 281 5136 1558 1541 1884 1702 2509 552 717 2288 882 1847 3069 1041 615 70 475 4048 179 6134 2428 364 99 327 5561 150 598 39 177 3652 935 1583
73 3774 69 3706 867 2244 3826 2857 3818 6188 776 126 1307 1611 112 1128 703 2703 8156 7218 131 574 149 52 4320 1562 1232 1195 250 1122 7798 320 1114 1386 619 1494 1558 6735 3824 4726 8438 2869 1571 3403 1106 1251 333 4524 66 5627 41 1472 6589 267 9794 1484 515 597 98 156 3357 1277 79 6327 952
66 6656 1413 524 7325 3142 49 309 3477 1951 187 114 119 8 101 457 1686 2509 0 885 1128 684 5902 2922 136 3676 6131 1988 45 2852 132 8688 2653 4482 7162 976 138 307 485 2491 5834 27 2 636 288 1793 1979 4040 1087 947 1564 3257 1042 1156 236 9 7674
61 121 468 63 193 566 2976 815 131 7672 444 408 5751 342 69 221 89 20 362 213 625 1137 105 266 374 385 1227 135 1546 215 79 351 1754 2114 323 2592 7433 9294 230 6467 984 2649 26 211 55 75 3624 478 236 1604
28 621 148 968 1917 1583 914 44 899 17 612 11 61 19 114 2 6 12 552 253 82 4 1506 9 35 51 132 1352 144 60 10 198 67 164 31 137 41 53 7708 3458 1031 64 110 2048 824 78 70 258 264 58 93 1000 8492 482
96 2818 131 4 2 63 229 2003 737 249 28 11 10 609 74 184 12 65 19 2240 18 224 58 715 57 45 145 542 2088 149 596 31 140 56 1339 24 455 108 271 1001 70 152 1361 219 201 155 504 123 267 189 310 391 308 163 1429 1862 1575 2614
72 1384 2433 948 6082 2859 5038 477 1558 2094 9359 785 1215 1758 53 2262 9613 475 8184 1566 388 3016 7797 8629 313 515 261 98 7589 750 1190 2313 8 1509 1478 543 1360 1353 6094 4630 9478 755 4838 1621 2029 5 3231 1218
2 27 0 28 17 6 4 8 16 2 9 1 14 148 7 62 485 65 35 44 2264 22 940 11 24 3244 21 69 18 3 45 751 329 120 252 58 32 15 155 102 70 1756 103 33 132 23 54 96 5659 637 1495 1524 1352 4063 78 3199 139 346 178 1604 390 4859 46 2741 92 8528
50 1482 2513 919 859 148 69 303 2292 817 2941 485 1599 126 46 233 4995 76 216 1891 4619 240 6762 2787 228 5 70 71 6755 3443 1269 2688 2453 6 734 445 1275 125 1232 3869 3 36 885 8438 206 159 1376 154 133 210 444 8643 735 4532 1372
98 3097 6 2 139 1 62 120 11 2148 4 9 410 236 72 8 0 121 229 28 19 915 14 12 5394 65 797 20 44 2039 69 63 16 2478 58 15 7347 18 38 10 41 82 26 927 329 6201 1736 17 7753 55 7173 23 27 5 5350 52 30 157 7 3 249 285 24 56 224 114 198 4157 303
75 583 14 120 69 28 147 356 8734 63 23 1671 679 5 1482 257 58 170 98 60 112 6165 159 587 392 100 29 1841 325 873 489 174 155 165 64 849 442 401 222 101 66 454 977 9464 590 323 209 4725 2177 8271
44 708 1070 7594 1651 7959 880 789 485 595 2293 742 5936 2823 7869 498 120 187 2563 339 1476 1379 1204 1401 75 2577 901 2196 4589 750 4089 171 8739 4817 716 8541 50 152 9459 410 6169 1002 2721 1017 3913 1413 712 1236 587 1033 3246 2853 1878 327 653 272 3240 378 415 2079 1871 132 2762 604 7211 3065 1077 3604
9 468 6729 4390 176 442 5200 56 126 2170 873 2955 1554 58 16 2 69 62 432 199 9 8 1 0 138 145 72 27 38 252 3 45 7 2735 6718 5 24 33 510 4421 19 7401 53 14 70 650 715 115 5349 552 1312 163 232 155 28 6234 46 120 2562 8034 60 1388 4 231 395 6 727 2616 2726 6304 574 7147 4962
23 252 3700 671 482 56 1412 152 42 2198 1429 58 572 70 138 86 3839 1981 95 172 253 1506 66 4864 343 4350 243 122 67 3284 195 536 1959 275 881 126 1351 8138 264 6335 361 273 160 9888 8 1385 1972 426 310 228 5 2692 1450 462 702 230 345 746 7607 414 3066 207 4171
43 1876 1128 1988 77 158 1274 75 168 42 412 234 878 2526 87 2169 6045 502 6258 124 1068 257 664 4021 8512 237 2844 2171 4373 2507 631 1333 4837 1056 1931 2419 347 4568 2480 2067 5381
22 1310 1290 9517 7624 859 583 1173 468 2818 977 63 442 224 72 148 126 69 2402 193 236 356 138 6 114 7 303 28 2045 253 3379 3211 155 74 2 355 166 15 9 26 389 650 299 6379 19 4 161 198 57 157 404 1 30 97 8 5 21 41 61 184 342 731 62 280 207 0 14 6035 3424 197 1437 22 164 8955 60 843 331 240 40 1132 4226 10 1930 121 2304 12 73 117 243 27 49 501 554
60 229 123 107 15 3 25 1131 1799 235 1513 122 310 106 4413 88 110 836 84 2573 238 95 5616 43 3455 216 3319 409 40 1927 219 39 101 297 111 3839 3126 85 130 951 6848 142 5661 4247
24 2060 725 977 708 236 6698 900 8450 426 74 82 1334 621 6138 27 7086 3706 6347 5333 3483 2168 6238 16 940 3046 1930 542 1151 184 7373 80 3 8139 2444 8 84 2136 679 1195 139 104 9335 73 42 1119 285 1152 103 204 1321 53 67 451 1584 382 5643 56 769 948 91 271 128 231 175 1629 1174 1793 3563 0 873 1284 1184 612 871 388 138 108 3447 78 305 3455 2187 115
58 850 720 6379 5838 4417 1612 1334 1284 7279 1521 7 89 666 4133 6756 3516 1627 3131 8076 1768 1228 520 1149 289 1534 254 8430 550 128 396 3773 97 5312 513 4667 1132 7460 434 144 468 909 91 760 2300 95 244 1813 4493 294 4390 4596 126 1723 1122
18 355 879 37 389 4102 267 204 9 229 7984 161 138 8703 1222 48 1052 647 3410 3158 3983 157 273 245 546 339 910 4089 3053 598 1292 613 421 6756 123 2416 1298 615 66 836 231 803 6058 40 742 3121 119 609 189 365 6787 162 720 57 1226 253 1019 77 7557 43 1256 7593 1001 97
76 867 3849 900 2060 869 3992 6402 155 63 8095 126 28 148 404 6 549 121 166 4 7 0 1 2 16 3182 22 24 184 19 14 65 30 3279 236 9 4364 5 199 145 8 372 27 3408 17 5313 11 3 62 157 114 107 15 112 21 6288 999 2168 3379 164 13 332 88 1344 37 389 371 131 35 12 681 10 23 47 104 152 61 659 957
84 1737 4347 621 155 6049 28 176 102 62 57 65 229 15 12 5276 24 21 9047 117 86 22 34 38 1256 13 4291 3222 3412 74 4266 2701 487 5725 123 51 140 914 776 45 29 1 2126 44 204 940 3008 78 1236 390 7908 33 171 83 1745 54 168 64 455 132 2849 145 289
80 1572 2060 316 197 686 6337 145 148 3923 6057 8454 2198 2 309 426 3708 95 1256 5209 137 28 2614 1065 5 971 659 3166 4 81 14 496 7 919 1173 782 726 9947 252 5124 1911 1862 9 15 1012 8 2063 4241 101 641 88 287 990 1 147 1626 1454 1386 3281 94 181 8040 37 0 3089 2812 4950 280
38 51 853 3478 3455 3205 698 1765 8295 451 3444 507 906 8704 231 1530 8342 175 1135 6329 3034 3926 298 419 3359 1991 7486 1314 2593 3622 4032 1124 2078 360 182 4394
31 16 5 549 554 197 199 253 4 2 1065 3 8 58 102 27 14 268 1106 11 20 96 9 301 56 37 653 73 26 2504 1734 17 3676 0 19 70 6 4397 881 3008 1 1052 7454 12 280 55 915 1783 6141 735 4487 42 105 211 273 74 125 2360 408 18 13 138 1989 2185 8707 621 867
70 176 253 410 2973 545 73 487 44 90 59 762 54 75 240 1113 42 666 298 577 48 248 367 626 840 4942 378 5580 79 7303 147 459 2090 36 226 162 384 203 83 2609
93 1951 549 915 750 2285 2205 597 122 1736 866 1948 6137 164 871 3586 5041 85 4070 1098 4219 128 555 327 185 9040 201 108 276 1010 632 1103 616 60 106 353 2739 31 3535
53 1077 1434 1495 74 6126 679 7712 70 5150 3102 110 1408 38 6035 1296 927 8660 243 73 6092 873 1894 1704 4525 1171 118 382 1571 1958 3358 6051 325 9551 138 9225 92 999 231 4478 7862 3054 800 62 246 171 1721 216 5205 8309 195 4977 3395 2538 1294 3038 7291 151 289 7986 534 154 71 43 3215 7791 6655 225 1985 1866 398 2218 1483 933 3243 803 1762 9542 176 968 948
0 155 236 120 27 720 1137 288 54 146 36 104 96 756 91 122 383 8549 186 398 32 742 2849 110 5046 1227 1494 4738 116 137 2268 1368 3045 7707 422 1808 382 2556 397 5469 51 4479 425 2020 115 869
90 184 2899 5 63 14 1384 138 2371 3457 331 28 655 686 155 9054 120 72 135 27 23 55 19 4551 20 88 679 157 42 158 3977 330 4829 32 638 90 646 4329 38 210 424 139 1189 6160 896 372 3299 907 118 92 49 1110 83 218 33 48 25 1260 1052 300 425 2322 201 449 198 1704 255 1016 8381 716
65 1679 432 69 166 410 1385 72 97 73 9572 2431 59 4978 4403 2296 117 1491 38 604 1017 178 1628 841 135 20 46 103 3582 429 1476 390 3689 157 6913 3378 8901 1336 646 34 734 343 552 941 41 434 1623 277 42 132 2200 13 1732 764 1004 1921 4791 2180 187 206 5720 568 2818 355 3410
97 69 6102 6 5276 4142 2889 5381 65 138 329 914 290 84 9691 4301 2 78 1395 0 4 121 7 8 1 22 426 120 126 12 4266 28 671 9 21 1434 9630 1200 6379 19 72 815 15 90 197 103 14 510 63 10 285 29 2653 36 879 3441 62 5 86 13 100 148 624 114 30 1881 1868 375 27 18 249 44 56 11 50 61
91 3244 2492 663 2685 5659 1691 2972 455 5850 2020 825 9127 1119 4370 647 3003 4581 644 211 1227 4289 4148 4962 97 184 193 1091 421 7607 5275 339 14 2033 962 414 948 680 919 4081 7167 374 5664 869 3229 1746 1070 6795 148 654 113 998 473 6405 1166 9167 1437 85 902 670
14 224 708 9559 2205 5850 3591 7 185 4594 6979 3398 3239 1 3182 196 1097 709 5721 245 825 0 49 1104 143 291 450 2126 102 362 1807 482 680 22 7155 1324 343 734 1902 104 456 186 749 7147 3046 1035 992 153 8168 4801 742 3759 404 252 69 148 138
4 993 3654 2706 7287 8518 3056 2143 91 1257 1956 4157 908 5196 891 7313 641 862 308 433 2413 3751 8401 9290 670 2195 2460 9493 3860 3646 488 3404 44
52 1153 2175 1805 1186 1417 1012 6514 1950 1088 33 42 3999 2275 6376 4025 5175 861 162 6180 593 255 67 868 786 384 296 4611 4834 418 6228 47 703 536 1270 1096 239 6539 89 619 4096 534
62 7624 155 138 9502 919 236 120 117 6379 2616 69 16 2521 1826 3428 2076 583 8 28 27 4413 2 662 3270 5 7966 7454 495 5887 245 9 1122 309 4982 382 2106 1881 14 3052 5876 0 2298 2858 348 1591 3363 5626 5634 17 45 1283 195 2698 5395 1012 1117 197 3561 2116 56 3870 982 157 111 404 3858 31 672 33 34 79 87 74 1187 2423 3044 3927 118 5773
34 6604 2153 2713 9894 16 4 2 121 58 14 63 10 11 3 17 4977 18 8 268 9 27 178 1575 138 1809 3441 4895 19 26 35 5 20 15 52 391 0 23 224 164 73 1106 681 9346 120 1077 429 6523 305 4104 1665 96 137 1446 77 1921 8044 2707 2248 653 3768 2955 333 55 926 2593 1524 3514 621
25 120 6 8 20 72 6115 3880 850 1554 18 1667 44 3398 3262 1888 342 7382 161 8243 164 2106 301 4397 13 35 131 57 3196 1524 425 4724 1222 140 166 1174 147 9677 101 31 1645 3747 32 3251 542 64 45 40 50 8360 602 112 47 7354 1478 36 4100 54 1184 594 267 1307 2175
77 9710 1593 6745 2258 330 135 720 90 144 2533 8733 3603 31 1258 305 3293 1577 533 8332 7792 271 2657 1393 3981 1087 235 2265 82 1300 254 50 403 5817 1883 203 244 1228 2582 2942 4959 1251 1352 75 651 343 599 1599
89 1495 867 5350 9514 268 1896 348 2019 8978 545 6087 726 1757 3137 4618 596 110 41 1601 424 636 161 50 139 625 4537 3526 17 79 48 1134 157 646 233 594 36 240 841 53 436 26 245 4962 210 2377 218 40 2120 943 88 532 914 7548 8790 1172 9657 4122 1008 583 272 3024 189 2941 74 330 61
63 900 8402 3248 4364 971 138 2371 0 2359 2158 2683 5448 968 1054 8 9 3642 119 4336 1303 6481 1223 976 2 4880 5779 5 7 285 660 557 8947 131 267 3423 1123 155 506 8543 4605 1 3025 1104 1779 445 1283 1554 3349 169 3100 205 436 31 102 370 4801 1869 173 1678
56 948 3756 5276 8402 211 8702 707 825 90 2943 3057 1697 196 325 1194 39 7499 1840 805 789 370 1287 2810 2451 880 342 5566 3006 203 9915 4452 1600 3014 3796 375 100 181 274 249 481 5472 2858 142 1457 2044 1690 146 160 3631 8114 3698 2746 223 1184 179 214 1581 1890 2264 1183 1502
71 2591 15 355 252 3684 1384 4656 1671 36 3424 655 728 290 6018 2 4881 439 2212 9 1721 0 120 1 7 8 69 2684 5447 815 2304 27 8019 4221 204 8334 523 1090 6 143 1272 5329 6668 903 2477 534 4044 75 4131 7600 5195 859 67 4 2513 9906 399 89 131 68 446 546
36 751 1783 7069 301 120 4662 5329 1936 2298 149 3718 434 9521 585 9562 403 252 1528 733 712 4919 967 5 163 280 2180 469 137 4984 1702 406 9246 3996 1351 396 134 59 2979 1151 1966 1508 3003 697 549 1404 377 1481 27 422 998 3730 2114 2097 3406 1117
37 968 252 1089 3097 176 5862 166 19 30 126 1737 7 120 155 184 410 371 6 0 356 524 114 1 681 41 54 2073 61 158 395 56 5 48 859 82 332 25 2430 2612 2444 32 60 236 198 50 42 4864 152 6577 40 31 88 49 1482 1343 2 8702 8 647 69 2147 175 1027 594 587 146 28 5084
30 2076 1610 625 2385 1132 187 4801 256 275 234 184 687 610 1933 162 1026 537 8427 150 1904 4797 294 602 1596 2091 432 465 1674 435 3149 756 6450 8480 154 3970 8740 2166 5210 2014 128 5914 80 2733 2841 155
35 1186 6962 277 8030 4710 26 444 5552 1607 1494 2576 675 653 1150 3011 344 4410 3983 594 350 975 190 128 738 65 9391 259 7304 1883 108 103 419 3303 413 471 385 1074
46 1502 4148 15 329 14 102 88 1324 138 7408 8 3 0 9 1692 2 485 183 983 25 1298 901 884 289 93 651 1 172 23 16 824 4372 634 1161 4985 836 1903 489 66 205 218 47 2120 8654 106 7 346 268 7854 1168 27 2950 2533 2325 2088 583 6986
95 5442 742 7081 5390 2670 3995 929 1863 5516 2138 8243 402 2668 395 200 6951 2820 7173 813 652 1112 321 594 2894 258 1161 240 217 119 9271 75 2437 2436 3946 1113 277 6205 1582 90 136 626 660 5269
82 155 126 494 252 3457 426 7677 2282 1734 841 999 339 52 2967 484 73 2717 271 1937 1300 1606 125 247 7253 2047 137 3471 60 112 235 146 163 161 496 6656 3493 7975 128 3097 8643 42 1665 4018 5472 6029 1628 516 1274 341 978 2739 43 40 5882 536 134 360 1671 731 725
94 857 5483 1008 5626 830 1344 4425 3428 2576 6785 178 7590 7971 1001 557 4625 697 206 402 572 5909 5447 1223 2965 171 189 4857 946 218 77 170 2882 272 812 374 225 414 975 2329 2601 1150 133 725 123 686 524 1790 2707
3 3097 907 725 54 1549 32 1456 7924 2840 447 4361 77 2696 1772 2992 2191 459 809 256 249 896 2738 4009 5519 899 768 5582 225 293 5803 78 1362 3659 141 3160 551 1370 35 6702 5848 4630 6284 4507
1 3198 1572 176 404 1089 869 7 126 199 485 61 6 19 65 4 5367 63 15 0 37 8734 1 14 17 2 9 549 26 88 252 30 110 159 5 4589 28 1388 2572 1597 180 1679 8 253 22 120 57 123 72 52 940 1440 74 4040 377 2902 7292 596 946 1468 1632 684 85 55 280 27 21 41 251 3 815 13 9030 164 121 1290
12 554 1502 5 731 1591 121 1310 1077 2 14 6 9 120 2371 155 62 7 26 632 16 4 13 624 135 22 595 1 0 29 878 139 8 19 28 11 32 126 138 56 20 224 69 35 3483 88 65 12 3 23 15 21 4514 27 42 10 114 4500 1263 7929 4977 5634 117 2177 175 992 290 18 1401 2757 252 2153 867
32 797 709 5921 968 3110 138 4364 197 2486 176 2841 10 184 5051 20 2402 11 2 12 1200 74 2076 25 1315 13 34 60 83 5448 84 9 3160 38 56 426 2825 3053 339 632 3398 624 1412 231 1597 2819 120 31 782 8 35 119 21 2526 3489 663 43 162 23 4157 18 728 619 69 2659 995 1 8993 0 321 625 1725 1780 4460 2700 900 3470 859 1604 554 3849
86 7 5 4 0 3 2 404 38 72 16 9 1 28 13 1591 193 10 27 14 37 19 15 199 23 126 17 11 303 6 152 12 44 20 58 18 25 164 21 145 252 26 35 131 102 62 30 96 211 60 968 277 7584 178 1468 1734 5773 267
41 554 2076 1173 900 1679 4142 121 389 28 197 665 382 97 6 3884 7 0 1 37 268 4364 549 152 625 117 476 3135 1408 329 229 205 516 9039 371 253 44 4728 2147 442 25 12 5724 166 50 156 2820 1168 1877 1723 1756 214 104 204 737 2140 1321 299 1497 7878 4858 9678 1262 64 3790 2504 910 1287 611 2214 6565
27 1954 2780 164 176 17 28 5 184 16 482 20 57 8761 15 139 37 107 11 5295 14 3 24 6668 899 443 299 552 849 40 45 23 35 82 679 4510 53 25 389 27 1365 1412 119 7753 331 47 524 300 34 1522 228 4962 22 1221 151 122 0 1117 395 77 909 739 32 138
51 2818 9365 0 725 1 7 2 8 5501 9 5 27 28 977 121 4 3 3046 14 3923 197 11 6 2826 21 15 5659 63 2148 5603 35 6877 20 30 12 102 1692 78 5031 371 1989 16 1159 13 58 41 268 1387 19 1225 1826 1745 2500 18 329 4606 7694 178 1602 44 196 117 22 23 1224 82 3826 4946 61 231 2420 146 74 3586
59 2956 1011 857 535 1745 167 933 2231 762 1805 216 6134 8146 2980 1480 1566 1277 6246 1966 2104 8969 434 1187 2948 3908 2043 203 4646 902 32 24 185 5459 226 194 279 2783 1100 4184 1728
19 764 800 1762 309 1689 88 134 2391 9081 300 480 1548 1612 536 545 2079 981 61 1896 34 746 1529 5497 1128 861 168 599 2403 250 1587 83 86 980 2492 849 149 4430 1244 2872 9053 122 985 245 4317 70 3203 3498 812 48 110 77 5108 81 358
33 3097 482 1917 120 63 5150 9933 69 1954 138 1384 3600 8751 961 2274 432 9896 2291 2521 4820 1114 3514 4953 299 5754 92 1583 22 1572 2848 995 9572 599 681 158 609 2214 3248 6539 57 598 4172 32 8 3053 8488 7387 3119 3639 31 2717 659 5395 2116 1011 1376 2374 46 503 107 298 55 7437 2348 973 80 54 0 9 47 596 1365 33 1667 87 8853 180 990 176 2425 51 284 1900 7 395 554 6656 686
78 1502 2282 1597 7658 2579 1714 4994 611 443 7895 1643 87 1310 391 9832 285 48 859 8116 2142 1613 5336 1591 183 8802 2523 961 2162 168 909 4421 6644 261 5558 1801 680 2818 7307 4130 454 59 2981 171 3706 1601 210 245 117 3525 5616 587 186 6744 37 292 1913 396 105 352 154 845 318 300 9946 19 850
57 5 19 404 3975 968 126 197 37 20 268 135 3831 30 26 82 224 1506 114 6979 110 3613 2700 38 480 53 484 52 375 158 3807 2683 50 7918 429 6616 4618 708 422 218 40 2134 2348 335 212 7546 32 196 1442 5801 448 8672 2759 309 962 77 4099 118 76 55 9311 8272 21 3661 41 176 1334 27 28
40 907 482 538 777 388 972 53 265 566 151 73 9 183 143 2 4849 160 1465 168 2442 8955 2164 2190 6001 365 253 859 284 4277 5931 545 7 1 159 231 1880 248 439 197 1153 51 5507 539 5326 994 441 175 98
21 7242 797 1482 176 2264 37 3158 74 5985 69 5482 5554 19 494 2 15 4 63 1089 389 1152 103 199 10 1350 28 17 325 16 96 14 21 27 2848 11 236 138 38 41 5 737 83 3600 12 34 9 1 249 22 107 252 79 3 33 0 84 26 71 1610 82 7 23
55 900 1263 1502 6887 3774 3244 155 1495 126 8 1737 909 485 1184 57 45 867 161 117 1270 869 24 11 28 65 107 6 2112 37 747 662 2 80 14 176 146 609 15 1151 88 468 63 725 7 33 9 404 199 19 348 121 410 115 17 4 13 1 21 316 166 1434 152 637 55 0 187 4148 957 650 5 30 3008 16 1587 681 1089 7293 27 10 193 443 3 20 5603 2651 145 8094 583 4650 252 138 3477
13 393 567 595 1271 29 240 2049 3041 3572 1438 3096 1445 93 875 6480 1828 3648 503 124 358 6558 2464 3943 5446 1105 1540 7316 1402 1370 1407
16 288 1754 167 1590 1207 3500 611 2268 848 6031 6630 5791 1100 4974 191 3715 7367 2767 1136 3689 207 1313 461 242 385 634 6565 2857 77 5222 1477 177 1748 722 1278 418 3950 27
42 1263 9517 708 1656 1643 5973 8 6 935 0 1 5860 138 74 252 126 7 123 6092 2 18 285 56 1522 5 27 62 1495 487 155 9 3 843 6362 2659 39 1184 2047 561 1369 482 3286 5514 1789 1768 224 665 37 4408 3533 170 4568 1027 14 7360 1771 19 112 11 69 2150 60 4 332 15 30 121 211 43 8364 132 2862 63 41 1019 4288 1611 2076 1387 356 2816 3585 968
99 3110 199 138 15 482 1334 2478 62 139 583 63 686 166 69 7234 61 637 252 1756 22 29 28 84 5851 39 119 32 175 56 4258 7 117 135 103 4869 9 503 168 3057 1023 609 1352 0 81 1541 9447 36 160 599 454 173 195 8 155 511 4818 1320 6385 7218 1093 1793 406 8270 303 370 68 10 79 65 249 1954 6402 3849
5 1173 2614 549 1958 97 36 285 3849 6698 650 41 240 158 869 249 1184 245 1183 1263 510 611 149 70 29 621 90 500 94 76 4089 93 125 1153 255 8215 2627 98 60 7915 747 4554 40 422 4885 8044 0 61 50 161 1702 1437 977 631 7033 64 933 2785 1274 155 8
45 8 0 138 9 2 554 1 10 6 23 14 37 5661 193 15 4 7055 121 19 17 114 22 12 18 309 1122 243 7 11 6459 28 6698 65 69 21 55 655 5 135 1954 120 30 82 29 20 26 155 31 52 13 2513 184 899 164 131 1387 330 158 1482 355 5990 3158 32 1510 7850 332 1881 78 290 103 35
69 356 4342 62 243 6452 3520 63 139 501 1119 107 671 3204 19 20 83 117 3853 2616 335 907 1294 4834 54 9665 659 4436 42 2919 2448 1593 572 32 1757 2100 7042 3369 1877 486 15 84 2085 5876 185 361 7337 9548 286 807 145 4301 778 2744 4276 824 971 599 751 426 211 3561 10 43 142 249 1628 5605 3242 2112 55 1883 1408
54 62 7 69 57 16 243 9 193 0 451 164 1 61 13 3 23 468 29 2612 161 115 35 624 22 1001 45 178 180 1489 126 81 636 96 288 928 52 80 24 663 1568 2316 954 273 566 482 3141 119 509 4088 393 628 830
85 1756 139 138 187 166 524 355 1106 1412 5605 636 3024 7876 1398 782 1757 1137 299 249 3569 5641 1344 516 74 615 2652 938 403 2397 10 201 422 1393 4606 970 2730 2432 2052 417 1001 78 183 5225 9030 544 113 1292 3224 2065 121 3180 3456 330 158 6135 656 585 123 1170 193 2651 65
67 155 37 65 3389 1290 57 0 2700 4 6 3767 10 2 126 7 152 1 9 19 11 1387 18 28 38 1434 78 12 13 2148 29 4023 554 36 157 1225 229 1881 21 9886 69 61 468 31 7537 35 671 15 88 184 8 3467 118 52 1506 71 138 14 30 356 979 1521 120 23 316 5 519 22 8080 487 574 193 1263 3975 708 1495
83 2780 3244 4178 70 155 2 49 267 106 549 7687 235 7315 0 140 501 8 7 2654 227 105 2132 1 3420 6005 179 968 387 3293 365 2791 900 86 19 7275 9 3033 3769 116 6147 3348 970 4704 319 1065 3692 11 1332 589 779 3175 669
81 355 63 138 5091 4281 7234 1627 300 95 253 554 662 727 156 829 8094 432 764 59 173 1750 25 3631 282 79 36 363 147 1017 1564 85 861 31 803 167 978 3441 76 325 19 113 259 209 68 9039 67
49 1671 8450 7 37 4613 3923 1604 22 69 13 29 316 21 1122 131 5895 96 9957 7709 1065 61 566 1440 166 3332 1452 74 9713 199 4164 7718 212 80 763 519 33 138 2238 5221 301 110 7970 102 3190 1325 186 6059 6644 272 641 7537 94 2148 969 59 18 5158 92 8 6137 829 375 8315 454 388 994
39 1671 5381 968 728 4768 5921 686 1171 797 74 1930 1395 979 17 2383 439 102 7104 9611 583 176 977 280 2889 301 1251 2138 747 4302 55 9 2688 79 33 34 166 2523 38 27 0 1369 107 8 3182 5895 148 60 138 50 2 3 8334 118 4388 6234 2503 393 46 158 207 390 5546 7048 896 25 84 646 750 1 51 7 1546 335 468 5391
10 1737 2848 5926 3477 468 199 20 37 6 138 4 11 2 23 17 8 0 14 9 131 2871 27 482 13 5 7 3 16 18 1667 28 332 513 3071 1707 32 4978 35 19 4432 824 72 120 9086 624 1826 681 139 2905 1506 1131 850 410 638 5031 47 4210 135 10 82 859 36 4609 65 290 1524 1 80 42 196 957 256 915
11 236 13 139 72 41 372 356 371 117 653 112 54 55 206 1122 3457 79 6656 48 494 51 34 114 650 2261 442 46 7559 121 125 301 60 585 136 1183 111 8992 123 39 1 64 142 0 1155 8 83 327 2 91 9
15 120 1263 1495 8 5482 2291 22 404 309 1766 199 135 72 126 138 6 42 280 54 62 147 1597 513 9957 92 84 468 709 21 979 206 17 51 968 87 83 68 1027 561 44 0 9 14 112 1 330 4288 1270 146 301 7 43 6459 48 5 1734 231 3266 6222 5313 1401 63 4 107 33 3774 7151 2 27 5429 9365 7585
92 1958 57 1714 356 316 9138 1583 45 166 3097 16 121 107 1799 74 24 1434 97 595 41 132 2067 659 106 7776 715 3 8801 1862 299 161 206 49 3299 144 451 1673 210 1334 789 611 71 346 235 81 255 6166 7373 2572 142 7977 304 47 8948 80 46 108 549 216 2385 2298 176 442 583
26 16 131 5959 24 17 25 907 3 187 84 161 6577 1656 299 4090 1388 342 27 797 45 102 485 1850 33 624 890 144 1420 193 329 2052 210 80 9542 66 138 409 3110 47 183 1019 1967 3194 162 9927 132 778 4807 805 526 1584 67 554 2 446 126 0 4497 9017 1077 415 2296 6369 4813
20 1290 2153 5526 2591 709 3198 4 148 1052 176 2 3497 8 11 4171 199 3172 37 15 7347 22 35 6 107 12 8454 1638 2659 3441 9 3483 7048 26 20 2930 13 249 10 7 14 62 4225 36 0 1 9519 119 19 4688 21 57 206 595 1771 75 18 7081 125 6373 1168 4067 907 41 1412 632 1225 3 24 102 44 140 859
74 2848 199 5526 9543 2 28 2274 6097 9 4 21 19 14 8938 5 65 11 15 3759 1332 37 5011 3502 10 13 1447 38 4597 12 621 8 4429 243 316 4609 2735 102 7774 268 8365 54 443 96 145 1979 149 446 1807 83 1210 2296 201 30 2427 109 8875 377 126 66 880 9246 968 5621 5484 3943 1038 501 7518 747 121 2700 869
6 859 176 1334 13 37 1184 0 19 6 1310 30 7 72 1 20 12 41 17 145 112 1476 65 442 78 40 21 10 18 280 44 31 38 25 50 82 585 1122 110 83 172 164 86 34 137 95 332 122 2196 684 2431
48 3684 1384 2955 404 1554 6 164 968 583 0 7 1283 4247 751 252 30 120 4799 148 9 13 20 1 356 184 4497 285 1510 8 1809 2825 211 330 1344 300 48 8334 665 5843 110 1312 545 55 25 348 1575 4157 398 990 914 1593 841 176 146 42 2905 39 7569 8355 335 198 227 147 72 3692 3 134 65 2920 114 2249 1601 878 274 745 4672 138 2120
64 9305 1005 1283 6 9 2 0 3032 8 7 4 126 542 157 27 6769 784 3317 962 1737 2705 166 9584 6767 1384 265 120 7837 296 90 3 63 72 3211 238 17 152 671 1930 310 240 1 465 399 219 969 505 181 348 11 58 224 2145 408 6290 356 69 23 5253 107 5 46 2238 621
17 6049 3923 731 4607 665 1554 6378 4343 879 2296 8015 0 3977 8 5404 2145 1270 7 356 4167 9 583 5893 4335 9470 5 5278 28 2 1 1420 199 3306 3912 2342 238 2232 435 2033 5218 9351 561 4 8152 107 1030 1743 2809 3540 763 694 49 1185 14 3243 1498 948 4443 1330 461 252 7488 5108 3532 3274 3021
8 484 158 1287 11 290 12 58 178 5515 56 4703 3517 2608 3692 38 5247 2140 4864 216 10 54 2158 2960 135 7269 3302 1735 411 3747 436 6837 4525 35 8819 901 343 3179 735 1189 5011 2171 187 62 268 1581 9356 2430 23 212 75 18 24 5311 261 83 1134 275 240 102 301
88 554 869 7117 4171 4841 4500 5546 7727 957 9593 5668 1263 5778 2316 2 1571 30 6831 9 8 7777 928 1 0 1223 7 15 250 22 1583 2552 290 3879 4 2212 660 480 1958 238 3 7481 7734 510 273 2372 497 278 124 3704 345 2475 9208 1275 9710 6 9358 8465 5296 2143 3400 1161 1080 27 3345 2073 751
79 485 57 121 8 372 140 0 119 1 87 97 782 52 206 98 238 16 476 156 2983 1959 112 538 51 71 256 410 45 115 24 81 5069 159 76 66 34 500 484 146 89 130 4281
7 2 1315 355 0 63 184 3 6 303 4 23 21 4371 145 15 139 102 229 9 7 1452 1 12 17 5429 8 14 16 11 13 65 253 28 35 58 4023 20 57 131 158 197 107 55 78 10 18 37 316 725 44 24 47 46 659 410 36 4848 45 309 2744 2169
68 62 1888 2112 468 1428 4266 2216 372 2487 517 424 7584 1395 5667 112 4226 170 4919 84 76 1320 40 604 5350 279 63 79 612 509 2169 194 715 3591 4347 647 6163 1078 324 8241 156 1436 461 250 0 397 426 8466 25 887 1669 8911 2152 9360 2837 314 4724 100 5286
