100
42 1263 935 9517 1643 5860 1522 708 5973 1656 2659 6092 843 1789 487 1771 4568 1495 2862 1184 284 7360 1019 1611 1369 1027 4288 132 294 665 9749 285 7854 9701 331 356 8911 814 1387 8654 274 172 4537 2374 224 332 34 2325 252 6 1778 9557 1393 43 914 1729 95 74 91 800 90 2141 5522 9338 88 2313 62 197 2076 178 3624 7217 669 3585 9824
83 235 7315 319 365 2780 267 2654 549 106 4178 970 105 589 227 3244 501 59 6005 28 2132 31 140 3033 3175 1736 70 3769 669 8901 21 4791 7687 84 998 941 9710 6913 86 1843 862 6137 2073 670 871 185 1595 97 4273 900 552 554 155
85 187 166 355 139 524 836 1398 5605 516 3224 193 1344 938 2397 2052 2432 422 6135 3024 2730 3180 970 1412 229 1393 1137 4565 544 656 42 2065 4606 18 1001 429 1135 3456 9030 66 25 30 384 5225 1292 1158 17 274 2144 253 1112 1295 184 176
6 2431 137 40 50 1334 112 122 391 19 41 98 12 143 280 172 30 1184 95 75 13 684 1600 585 100 2196 1476 364 1122 78 44 72 859 170 145 90 789 176 108 86 1310 38 346 632 46 60 20 442 954 120 65
81 1627 95 300 355 8243 7234 829 764 167 4281 1750 3631 8094 5091 209 3441 861 282 63 196 156 345 5516 662 520 2820 165 451 402 994 211 120 131 2965 1135 147 9039 178 49 803 28 259 74 2138 277 166 7081 432 316 85 812 114 2217 231 17 727 359 51 6951 7173 554 138
22 224 207 3211 1173 1310 6404 4609 356 9517 513 2045 7624 277 2818 2304 240 342 977 1423 9425 161 3379 5110 703 6035 3424 243 1896 280 1770 2000 133 583 6379 859 8955 114 442 3543 751 480 1805 501 7508 299 157 73 8677 843 148 1307 339 301 1290 684 331 197 92 28 60 800 198 1251 5600 4099 389 105 4226 8226 144 658 687 880 6288 455 173 408 78 7798 2503 282 7293 309 1930 6747 193 267 9081 68 4510 2402 138
43 1876 1988 1128 1274 18 412 6045 1068 755 9424 6094 67 1931 51 12 4838 1443 347 98 631 4929 2029 87 1503 114 2480 257 9271 93 83 2135 1912 472 2025 65 655 121 2067
46 7408 4148 1324 1502 983 1692 289 884 346 4372 1903 387 485 634 651 183 145 2950 3890 7 2167 88 517 15 75 5463 72 106 1298 123 181 545 58 31 873 503 2688 102 205 5 376 1155 207 3 1766 152 574 240 35 777 27 323 1530 33 9592 199 2757 2112 268 583
65 1679 1385 32 410 1491 2431 568 432 1628 166 390 1718 429 73 764 8518 107 343 511 49 434 2143 1257 5196 2791 967 1004 1956 259 97 13 3654 357 7313 14 5720 4610 1623 329 1702 256 1721 1161 1168 84 396 2508 46 157 12 277 482 4157 468
69 5 2359 6452 356 3520 243 4152 7827 9 107 1522 1499 72 3853 117 512 6290 2448 4008 32 3846 15 56 8 216 466 3500 6692 335 203 42 1 2085 807 308 151 58 9010 824 11 4127 166 3299 778 121 171 218 49 35 30 3242 3392 5253
70 2973 410 487 253 1113 176 73 577 840 666 298 367 49 23 56 75 90 378 545 231 7971 40 74 315 228 5999 629 31 984 54 248 595 459 2961 154 122 2609 2837 1388
27 5295 4403 1117 164 8761 2780 443 1522 6668 4510 4978 849 53 909 122 552 1221 5 739 7753 300 1365 395 47 4962 2116 151 901 899 299 679 1954 34 331 172 228 17 8438 40 221 1412 524 604 57 919 2200 2889 2171 1476 411 66 4 23 1732 855 626 1434 1921 409 523 3582 2231 22 8819 647 6837 211 377 1734 2180 176
84 1256 4347 4291 3222 455 86 487 1737 621 7908 2701 776 3412 4432 1236 390 289 6049 1275 1745 9047 204 914 5276 58 57 127 155 2126 5031 140 1131 12 34 321 129 136 13 102 65 3008 3140 1232 280 28 20 229 117 38 5268 178 132 5725 915 42 599 146 3281 118 440 515 64 171 240 125 176 138
12 878 4514 1401 2757 5 632 731 7929 2371 29 2177 1502 3483 624 1591 32 118 421 1613 290 1077 2148 3379 595 613 224 2153 10 910 26 390 5634 715 273 805 22 9 1226 803 647 782 1850 4977 245 42 14 58 1310 8707 37 34 43 143 16 221 2902 88 62 168 339 3887 8 427 66 2159 4500 3818 554 1263
60 1131 235 1799 238 122 3319 20 1927 355 1756 219 106 297 38 53 409 3839 2573 951 120 101 85 72 3126 65 747 58 216 6848 1161 758 344 113 12 130 1607 350 52 363 4373 2526 4021 1280 4837
78 1502 1981 4994 1597 2282 443 7658 1643 909 5558 9832 4864 7307 1482 6644 572 3284 2818 587 3525 1801 2981 2523 597 9888 1913 1591 352 2142 2922 292 87 680 9946 6744 5616 5902 210 5336 102 18 2190 3676 230 4277 115 7162 21 763 70 2491 307 8955 6001 183 269 1260 850 48 261 4672 411 2164 966 859 8802 968 155
87 909 1073 371 2334 22 949 130 679 2428 2526 882 1041 5448 2288 552 2849 1847 32 4048 2978 6134 179 4738 2268 397 1884 177 279 5046 1227 327 538 1 459 598 475 92 9 66 3045 419 62 3652 4 207 329 2509 176
59 8146 933 6134 1745 535 536 6246 5459 1187 8969 216 2231 4646 914 2104 3908 34 4913 1805 2980 1966 2043 2758 828 226 8601 11 2948 26 1728 274 1277 17 6527 479 3002 121 19 70 475 28 163
53 1434 927 118 216 70 5150 6035 7862 7712 74 1704 1408 1894 9551 1495 2538 289 3215 6126 4478 243 800 92 1077 1866 1296 679 3102 38 3358 873 8309 7986 6092 1985 3395 1171 534 4525 4848 73 17 1571 3038 1721 58 9225 2218 785 382 5773 6051 151 100 1590 71 2094 1097 246 8660 1313 1546 7291 110 898 7433 933 6655 2268 399 9613 4977
57 19 53 196 4618 197 3831 126 5 422 2348 1506 2134 480 7546 114 7918 375 6616 218 5801 404 268 2759 224 6979 26 484 20 2683 3975 1442 118 8672 50 82 3613 3807 429 1017 962 968 17 335 9311 2147 2700 43 38 296 30 8272 1877 1 116 448 402 4099 1336 3661 102 1334 797 708
89 3137 726 1495 5350 867 424 636 3526 1734 3024 1134 545 9514 2120 5773 178 4962 240 436 943 1008 267 6087 4537 2377 8790 1480 2941 1020 161 7548 1847 9657 1172 210 841 4048 857 1121 35 1431 1340 8244 5241 2886 3470 268 164 2480 4971 127 303 5175 594 66 333 646 733 866 279 16 1823 484 14 355 1981 1954 583 155
5 285 500 1173 3849 240 97 549 2614 611 195 650 149 2627 510 98 621 94 422 249 28 303 1153 2785 1184 36 93 4089 158 933 135 76 439 1183 694 272 496 96 90 171 1277 32 286 255 5160 125 37 716 329 459 207 1743 869 3179 8044 1958 147 3900 6698 1263 797 859
51 9365 5501 2818 3046 977 725 197 3923 2148 2826 1989 268 11 5 121 3708 1692 27 1225 665 13 64 21 117 1387 45 5031 9 33 1491 196 146 70 231 8 5603 12 2425 2633 1602 519 426 6 2420 597 8783 616 55 3734 727 34 51 7140 4946 19 9127 15 2500 1305 7694 102 4433 159 20 61 2756
64 9305 1005 542 784 3032 6769 2705 962 9584 3211 7837 296 6767 1930 1737 1283 671 505 219 969 75 157 408 379 181 1384 37 2238 90 5055 805 373 168 224 45 46 4342 193 170 356 336 63 1541 100 254 724 458 3828 5355 358 5253 145 5091 252 27 2433
47 5182 4336 995 3621 3514 5990 517 129 9054 2208 6930 1200 138 229 3483 3106 54 1967 1171 1495 3448 9732 1073 2685 85 2264 1799 8933 2391 778 9768 6684 244 344 3 484 480 861 583 3139 1689 110 91 45 188 192 11 228 981 5497 83 358 79 90 130 2413 740 545 300 1005 4291 1184 485
45 8 0 9 2 1 14 6 11 19 55 655 138 243 2487 5661 10 114 1881 7055 2136 43 899 123 330 12 26 69 22 1195 332 59 6459 225 171 82 255 424 325 21 7584 1510 32 29 7850 4130 194 397 108 2216 1714 2090 1862 4421 2162 7895 5990 1122 2513 1310
3 3097 907 447 21 3478 54 1370 5803 5519 8295 6284 725 4361 3160 853 18 9710 3455 906 1593 1362 42 698 121 5848 1765 24 1314 768 2258 2593 9607 809 4630 3034 3884 2078 9574 3444 3622 7486
13 393 1271 567 4162 93 7474 3648 1979 875 645 23 186 600 240 1686 7027 595 16 5446 5120 3041 503 29 174 1402 2590 3494 10 1300 1540 3747
21 3158 5985 1152 325 797 5482 389 134 7242 71 5554 598 1482 850 1610 3262 6115 207 977 96 233 3880 737 103 403 37 494 2264 469 5 2285 878 632 249 74 3455 2848 1554 3398 13 77 1098 398 1089 79 34 33 99 7382 594 4413 845 749 1513 160 176 27 461 5616 1350 1888 342 310 386 515 47 2106 496 8243 1128
34 6604 4895 9894 2153 391 171 1809 333 4977 32 3441 2713 1106 1665 2955 1575 268 4417 1521 926 3514 3516 27 1077 1324 2707 7279 305 73 429 8076 4133 3869 2300 8643 8702 175 653 3773 1891 412 680 2196 6762 25 2453 8044 198 6755 2688 1534 885 734 1233 224 442 154 444 666 4619 168 0 396
2 27 6 1524 44 346 11 3199 1497 5659 62 2741 9 35 0 24 22 4859 14 32 28 59 214 2145 8 245 221 536 8528 2 132 1437 1352 4063 390 45 637 4 33 325 454 17 148 96 69 179 264 178 867 16 54 7 370 2264 70 751 65 3818 3244 1604
50 1482 2513 919 817 2292 2941 69 148 1599 859 4995 71 68 485 18 1 133 9467 273 159 1376 62 216 672 1091 363 3443 1391 201 4242 5597 866 74 121 45 1942 85 627 320 233 3069 365 322 340 1524 4623 2433 8
8 1287 596 158 252 484 485 3302 1134 240 1292 50 290 8149 415 216 72 385 1581 1 9356 2491 4152 7269 1590 65 4517 3543 3961 2226 63 1327 1463 3996 6628 537 41 594 831 5311 110 2061 111 2308 2158 62 52 546 5186 268 142 147 13 14 1783 8076 139 27 199
7 659 1332 303 55 139 2 109 4371 40 12 2169 195 78 6 21 46 1447 2768 1315 316 4023 184 0 89 3500 611 2205 1762 35 3600 49 992 201 1452 3054 275 999 47 2744 1754 9 32 66 355 250 459 1959 158 124 57 8 5429 145 63 468
15 92 2291 5482 513 280 1495 42 9365 561 54 22 120 1597 1401 301 9957 8 979 265 68 709 1027 4288 5429 3774 2 1263 308 182 660 108 361 6459 11 9572 309 21 178 6222 3141 3082 1270 43 19 7151 16 391 1735 143 87 206 3517 3378 212 8614 113 2330 83 189 2818 404 3198 7585 725
94 857 5447 2329 7590 4625 946 7971 151 4850 1788 2601 686 544 7040 4271 2968 4657 960 318 421 6424 9793 1096 4299 931 842 103 590 38 1142 1942 173 5207 980 355 65 725 554
54 451 243 2612 57 180 62 1489 158 161 115 636 928 193 663 110 9 489 10 2816 330 48 624 1001 104 29 137 4742 1378 0 2316 8219 628 429 830 5020 39 156 273 78 80 40 36 76 81 3564 69
25 1667 3196 4397 1222 425 1174 140 50 3964 252 9677 161 301 72 17 1478 393 4100 8360 602 390 22 3251 131 2587 12 112 383 4724 7 107 147 73 157 280 54 5 21 44 86 20 267 2709 2582 309 1524 409 6 1307 82 2000 952 1048 8 1645 769 0 3079 468 236
82 126 7677 2282 494 841 1937 999 3142 339 2717 2967 7253 1606 1734 96 2047 225 271 496 155 3471 8643 125 247 73 1300 6656 484 426 252 7975 1665 1303 4018 536 6467 99 1983 3097 113 263 3493 508 3457 161 1274 1628 565 3323 578 949 1996 564 516 2739 1759 135 1671 725
41 4142 382 1408 1679 3135 1321 3884 549 1173 1723 9039 2076 205 516 1168 1262 4728 611 389 625 650 1287 52 3866 2492 9678 665 900 156 4858 3790 2504 197 6265 940 1626 2214 123 476 5431 2270 627 910 2533 1756 181 5580 979 253 6565 716 268 5277 204 166 50 207 5982 4364 329 7013 300 4308 309 209 31 554 1706 5724 4525 97 1174 2140 126
95 5442 1387 5390 200 929 1863 2668 652 3995 2670 395 813 594 119 321 111 2852 1017 1112 713 1528 154 2195 2436 6270 818 117 9290 5564 488 334 4238 6 2017 7842 23 2098 3860 4106 849 5101
10 5926 3477 2871 3071 1707 1737 4978 513 2848 9086 850 1667 824 123 2905 32 1826 681 1506 1447 7959 1327 4210 957 303 4266 47 1132 382 2872 290 50 4985 626 3424 34 739 849 43 468 1483 235 1725 75 14 940 185 1369 10 145 638 17 168 0 26 4430 327 80 624 245 53 94 7042 2088 410 859
36 1783 751 1936 301 434 406 1528 4984 1702 1966 1404 2180 1508 9246 733 2979 3996 5329 998 17 3003 2810 1797 2097 1096 1481 943 164 163 41 3604 410 114 48 396 353 496 43 1212 324 747 1532 616 5001 339 61 2492 797 859
66 1413 7325 6656 524 59 356 684 457 3477 65 187 132 2852 136 1951 6131 14 7674 119 636 2653 39 5834 3096 8688 1988 549 1793 2509 947 426 1156 293 976 6558 3572 414 288 1087 6480 2311 7316 31 3659 110 15 316
61 444 7672 815 566 5751 408 63 2976 105 362 1227 2014 131 266 1754 468 103 662 9542 9294 351 2649 215 2592 349 1137 121 6029 2114 342 2769 795 1218 254 119 323 107 89 112 984 213 208 530 2552 625 404 583
88 6831 7777 957 7727 4171 5778 869 7117 2372 2552 928 1571 2316 5668 4500 9593 1223 410 2475 7734 2143 2212 278 5296 1263 1080 554 5931 3400 1583 7481 2739 3915 5546 9358 1275 3879 290 5326 2423 3704 3044 9208 4841 1161 130 38 282 147 714 545 510 2674 672 5507 146 164 796 4219 3345 30 3201 7707 1958 120
1 3198 180 4589 5247 377 4040 2572 1468 1572 946 5 5367 549 159 684 61 2140 9030 8734 1440 1632 4703 251 1679 5515 281 4525 815 2902 238 1089 869 396 85 123 280 184 1597 3912 436 231 426 176 5011 126 25 186 940 12 425 257 7292 30 742 199 234 88 74 1290 1189 3747 735 2908 178 38 404 4864 615 41 253 485
48 8334 5843 285 1384 2955 751 1312 1809 990 300 2825 356 4799 1344 7384 164 4247 1510 4497 8355 1554 3684 1601 3426 211 252 274 2905 583 7569 3692 4672 1283 2249 4157 404 1593 841 6 2593 2041 2325 5728 148 1104 619 227 330 2920 9 6227 104 703 3561 745 2372 1272 119 4618 19 665 1078 68 53 1260 146 2901 968 10 48 914 3359 75 1023 1575 2148 176
28 1917 144 2048 914 148 258 899 621 612 2576 1583 64 552 1506 137 44 67 272 3768 60 4104 132 383 478 836 264 164 1352 170 234 1001 975 1150 93 782 968 114 3428 253 8993 121 1494 232 5909 830 1387 1344 31 128 42 107 1627
37 371 5862 356 968 2430 594 2444 4864 6577 252 2612 395 332 1343 54 681 1446 410 3097 60 19 2147 1089 126 5 587 2073 647 10 1222 6523 1027 5084 176 1080 30 48 235 166 524 1482 41 2248 1921 114 712 184 16 102 77 137 228 50 385 26 4347 1177 1372 31 95 14 1269 22 2787 9346 585 303 1737 859 725
91 2492 3244 663 5659 1691 4581 4289 3003 9127 2685 4148 7607 4370 4962 2972 5275 962 445 8088 421 339 869 1070 1437 2152 1262 7167 948 859 2033 833 83 246 5242 6405 330 680 425 25 43 2873 2452 5644 57 3229 63 76 902 8307 113 218 152 795 193 184 199
30 1610 1132 2076 2385 625 4801 187 1904 610 687 146 150 602 1933 537 8740 110 435 27 56 432 4 1906 3970 1026 1963 132 3895 54 2733 70 131 4325 223 55 13 340 5210 3618 163 3604 332 8739 1236 1583
90 9054 3977 638 3457 4551 2899 2371 55 686 4829 331 4329 5 655 184 123 424 1384 210 3299 1704 679 907 17 1110 37 1016 646 896 229 63 27 6160 157 1260 449 1189 1052 5905 118 425 111 28 7 2322 751 14 97 8461 716 4 310 3 382 22 90 1 102 218 1008 238 18 1242 140 8381 138 4479 2736 817 15 4266
18 204 7984 3410 879 4102 267 8703 355 609 1298 3158 389 158 161 189 1052 720 6787 7557 1604 2657 3751 231 79 3813 157 4098 108 3623 175 393 77 450 122 2416 1973 454 701 377 615 135 546 417 18 12 123 55 40 524 1 6058 229 2651 120 138
98 1736 927 2039 5394 2148 434 5350 915 2008 6628 7753 3097 7173 1090 6201 410 5084 2478 7347 707 32 797 38 1161 641 62 12 11 8 4157 2246 137 157 139 285 229 9 1450 9155 253 235 7691 249 341 1207 3065 3517 224 198 77 9782 210 40 114 87 5130 291 8349 20 377 27 1275 44 5 219 374 7022 1006 6932 256
62 2521 7624 9502 4413 6379 5876 495 1826 5887 3270 4982 2616 1881 3428 3363 7454 155 2076 2698 919 5634 662 1122 7966 2106 382 1591 700 703 5395 4532 1187 982 1503 1674 3927 454 5284 3870 160 5406 212 5773 107 2858 2787 118 26 245 327 484 4606 14 402 117 47 8480 747 2298 498 1753 1283 64 3561 9459 404 2091 1153 9009 436 9634 503 528 356 138
68 517 1428 324 4919 6163 604 4347 3158 1888 5667 62 8241 2112 309 279 6698 372 76 5350 1395 509 1078 8466 1320 2169 4266 899 612 647 9360 264 4226 2152 461 3591 134 5286 2262 887 1491 8911 112 1436 1669 156 410 1537 5582 314 15 57 1509 384 47 357 302 465 475 426 404 554 155
55 161 909 3774 6887 80 5603 115 978 126 1502 1151 146 189 374 1495 867 443 7293 880 218 1587 4148 900 957 183 45 33 8 180 193 637 57 1263 1270 316 370 8094 1184 599 5664 3008 134 414 681 13 2112 91 1691 572 3244 410 55 23 129 145 49 88 609 4650 869 860 747 1223 20 9765 460 1209 30 2337 1070 155 1737 3477
0 720 1137 756 91 16 8549 309 155 110 954 1273 4313 11 1368 194 422 4366 43 2556 358 198 1541 568 6052 9299 3580 288 3022 120 398 2020 2207 8353 7301 31 4227 330 2108 80 107 236 5469
35 4358 49 1186 4710 32 5158 81 198 25 738 4435 9391 35 594 444 259 71 359 108 9 5305 39 8973 343 45 2516 4615 8612 471 89 3303 6077 1151 1395 69 482
56 5276 9915 825 707 1840 948 196 1697 154 8402 4452 1194 8702 2810 2943 3057 2451 160 1287 7499 3756 5566 211 3014 1457 3006 2044 3631 177 181 1690 485 5472 274 103 1184 3796 5707 3698 1 398 804 3 1581 36 2746 342 375 51 481 868 8114 207 1566 2264 1936 3416 1502 1334
44 1070 1651 7594 7959 1132 2293 3849 2563 7869 901 5936 2823 750 1401 370 4589 1204 1476 1379 595 6169 708 410 485 4817 355 187 8541 789 176 211 303 0 742 4096 157 4089 1878 135 1933 3913 348 3065 1413 5299 74 1002 79 536 51 2721 48 35 3246 9 13 1033 15 415 8390 2114 65 5014 371 30 2577 152 1884 62 127 6539 653 1270 3182 5860
86 7 5 277 961 7584 538 38 1896 348 2175 1017 245 4618 100 1757 27 1702 8978 1294 596 71 50 72 53 9 1468 1591 2019 598 0 60 1601 230 211 154 25 12 89 146 67 285 18 34 4 10 879 126
74 6097 2274 3759 4429 3502 5011 9543 4597 2848 8938 5526 2735 2427 1979 199 1807 443 1210 243 256 149 880 8365 621 5484 1038 8875 7774 9246 3943 377 169 102 147 431 316 268 4797 6450 242 41 446 501 38 142 1596 3149 2356 8427 203 2166 168 80 660 19 2169 9118 7 65 1434 1604 5661 4247
4 779 3751 3404 9493 3946 908 2460 2706 3646 2894 3056 7287 2445 514 8401 1113 2232 1582 133 3227 135 239 1377 641 5774 136 7122 3624 8 1387
58 850 325 720 254 1284 335 1768 1228 8430 859 6756 144 434 4667 1065 909 5312 1007 1132 2873 4539 545 1742 3131 245 655 244 6082 604 880 3125 785 459 2319 94 4390 2975 608 343 2177 157 381 79 43 69 2985 2619 3764
76 3849 6402 867 3992 3182 6288 549 5313 2168 8095 659 2060 3279 869 542 2844 900 3408 2700 207 371 325 255 3069 71 148 166 1344 1160 4364 184 372 455 104 140 155 2717 957 495 681 145 404 1604 2504 126 517 3060 63 97 552 2291 112 50 382 484 1836 185 8635 4741 157 1327 73 30 968 2708 204 4221 203 22 3222 5615 6392 8988 35 12 7559 598 662 6178 646 880 3635 943 307 47 86 2684 2941 2208 176
29 880 1697 650 496 881 290 331 442 274 270 1000 329 526 223 1803 393 360 337 490 34 793 1149 550 18 349 7 229 27 762 179 35 236 281 231 4 5 727 139 147 417 510 594 41 760 84 2726 44 1387 184
17 6378 4607 6049 5893 3923 9470 3977 8015 4343 1554 5404 1420 731 4167 2296 665 1030 879 6369 356 5218 2232 1270 485 3243 1185 3540 461 4813 5278 2072 3532 2809 5108 561 1077 3021 3904 948 247 3025 1498 3306 84 2419 64 2033 291 2844 1667 2342 996 3735 3274 1971 20 797 4493 678 4568 92 8152 3889 1330 602 4156 494 2889 583 2614
32 5051 2819 4157 83 797 1780 709 34 3053 3458 60 1200 4460 5921 339 632 3398 3489 1031 4364 3470 3160 995 7708 122 18 663 162 2659 2486 728 645 2882 2841 104 1597 1725 49 2825 1315 47 619 6915 2402 197 10 321 138 6785 935 135 999 717 4425 824 1558 2614 5838 8492 2045 1771 624 1000 435 5483 1702 7013 2076 1008 6379 78 119 1412 5136 5561 6045 3069 625 331 3110 869
75 6165 8734 587 583 489 356 325 165 1482 1671 1841 392 977 679 257 401 590 253 147 304 9464 34 993 2177 174 323 409 209 217 14 1337 562 4725 43 236 112 873 103 69 170 10 298 62 2707 1434
67 78 118 3389 3767 1119 4885 671 157 3142 37 519 71 3467 631 487 212 155 29 7537 3266 7915 57 387 7033 1881 126 8215 2960 77 0 10 12 3348 160 8080 6147 2148 258 1506 65 38 5313 4023 2700 3420 3293 18 1521 9886 3692 9 36 2430 7275 2608 149 343 574 308 3689 1564 746 195 681 152 1225 614 4554 3975 1290
16 167 288 3243 6031 7791 418 1136 461 191 3689 5791 6565 1100 2767 3950 1477 722 20 5222 107 6630 1278 5430 848 634 6281 4974 819 1579 338 129 2751 90 7676 9441 120
92 1714 356 8801 9138 1583 316 1799 1673 57 106 659 1862 210 7776 235 6166 3299 45 7373 789 3097 2067 715 4221 71 8948 144 7977 17 97 2572 2840 611 132 169 2385 161 451 2298 815 549 2191 1334 299 205 9906 2696 293 15 3 190 7924 137 216 142 166 107 551 193 1958 152 583
71 2591 523 6018 4044 728 655 252 3424 439 1272 8334 2684 1384 4881 49 1721 2212 7600 1671 6668 2477 5447 2304 446 4656 4632 290 903 355 8019 1568 534 2513 225 0 101 1607 2251 150 4131 5329 1099 1772 2992 3684 119 1495 5195 2000 2020 350 36 1227 2738 5850 825 3025 204 199 306 6702 8704 1766
26 4090 5959 144 890 342 6577 25 1656 1967 161 210 1850 526 907 1019 4335 9927 27 797 313 299 3194 183 187 778 409 131 47 9542 162 2052 1420 415 3317 158 4 4497 4704 1584 80 7 132 16 5041 4807 33 370 120 24 446 23 66 624 9017 1333 3406 222 3110
49 8450 1065 3332 316 4613 5895 1452 29 1122 212 763 1671 1440 7709 3923 9957 1604 7718 9713 519 5221 1959 4164 7537 6059 969 6644 566 829 2238 3190 6137 158 7970 8315 6962 301 1325 454 2148 2120 80 8030 186 996 94 16 70 277 0 78 6986 473 3011 1883 653 309 839 6 8342 5472 19 375 5552 388 1857 102 2371
31 881 1106 549 1065 6141 1734 301 1549 653 7454 5 1783 2504 557 3008 4818 27 8707 408 915 58 105 399 197 1793 4487 6385 77 31 37 96 273 280 2185 7218 1320 73 735 1911 1989 1093 2360 3676 8 125 256 1914 16 694 424 1052 268 70 4397 621 68 159 867 1456 5626 776 162 697 117 445 554 3543 309 7 1088 25 102 797 900
96 249 2088 2003 1339 542 2818 131 609 201 715 737 149 455 127 2240 28 442 596 224 219 1361 504 1429 140 1417 1001 17 329 33 365 271 31 63 20 824 4914 105 593 6376 267 74 1575 193 109 37 1867 1465 4088 778 381 2099 408 303
79 98 476 5069 140 2983 206 256 782 3983 87 291 300 28 156 500 131 238 485 119 130 115 997 57 13 372 11 96 227 410 93 351 68 4122 23 532 159 257 76 2533 170 498 897 1861 1207 8 4281 199 948
73 3774 2244 3826 1495 2857 3706 1611 103 1756 8156 1114 776 1307 1106 1195 3824 6188 320 1494 1128 1122 7218 6589 5627 11 1562 218 1484 1558 250 39 515 2869 0 348 1442 156 6359 1055 6327 3403 545 397 2201 1472 74 1971 48 1386 3357 7 79 4524 1845 102 9478 485
80 6337 316 1572 5209 6057 8454 2614 1012 1256 95 137 496 2060 1065 726 184 782 5124 197 101 971 641 686 3923 145 2063 4320 990 108 50 3166 4950 553 747 2198 1454 148 309 426 1232 3598 115 1217 30 3708 1034 400 287 3089 9947 534 94 9794 1386 5797 7575 6735 4726 497 1180 252 6126 176
14 224 4594 185 5721 3398 3182 9559 650 825 6979 5850 709 196 450 45 1902 2126 143 7155 97 456 120 56 992 475 52 3410 706 9843 3715 749 279 7367 1811 362 506 3070 186 1748 8486 5404 1035 102 708 7147 2614
24 5333 977 426 6238 3046 7086 3483 7373 725 6138 542 3563 6347 1584 8450 1151 9335 5643 2060 104 769 31 1793 2168 3455 1011 1629 1321 91 871 3447 1174 621 948 3706 8139 290 271 1572 2444 73 80 1334 185 451 612 1972 203 388 167 204 128 105 644 599 188 2692 979 1911 1385 27 1184 93 1152 74 1930 5 1173 414 2214 23 654 184 382 305 120 6698 900 708 554
33 2274 1917 5150 9933 3600 9896 3097 5754 1114 2291 3514 1384 4953 8751 9572 609 2521 995 3248 303 180 2848 979 4172 4820 503 679 1583 7387 6539 2717 1284 681 2374 299 3119 2849 7437 229 940 92 404 480 1376 432 482 14 2425 28 659 267 298 2348 3053 8853 990 231 8488 44 1667 252 1387 1224 3639 1529 4676 175 222 4040 812 377 2555 1954 228 32 16 1900 5395 63 87 102 300 47 73 17 554 1427 193 2088 51
63 3248 2371 1054 2683 900 255 4336 8402 2359 971 3642 5779 1303 2158 4880 6481 5448 3349 74 372 3423 4364 660 506 1554 1283 147 135 976 929 2811 1869 436 227 6 267 4801 26 1779 1349 4100 8947 99 1495 1123 4540 8543 3100 709 1847 0 110 1218 9347 182 92 45 285
93 549 915 1951 107 750 122 197 36 150 276 1948 44 85 866 1010 128 9040 327 152 606 97 3730 555 1859 3586 4156 258 8465 1370 3535 106 449 1180 4070 72 882 2114 1862 9351 199
52 1153 868 1088 4834 1096 476 2512 296 753 3335 56 467 36 191 2702 175 786 1249 202 1316 2720 418 39 117 534 5175 5555 61 42 835 24 2585 2852 1734 37 2112
9 2170 873 6718 2955 468 4390 5349 2258 2735 5200 715 2616 2820 8034 6729 290 7518 7147 232 6304 395 574 1554 7401 510 158 552 95 442 2079 4962 2562 1312 784 7876 2721 28 432 7878 3569 2700 1757 142 636 1106 403 762 5641 2726 6234 289 78 5621 115 782 808 240 109 249 35 2652 727 626 145 329 417 70 587 201 475 163 4 637 340 299 3346 5862 869 1790
20 2930 3172 2849 1052 4067 2153 709 3198 3483 8454 2659 4171 7347 7081 3441 5526 249 9521 49 4688 1771 1638 148 6373 907 4408 9519 7048 2150 1168 1768 3497 125 7069 2047 561 6362 1117 3052 8 149 119 5514 1290 3286 32 4225 140 3533 2591 2298 849 1351 3718 8364 159 1169 1225 280 35 491 206 967 4662 1121 1678 11 31 12 146 1151 99 57 4605 42 4919 442 299 232 9562 1223 1412 549 372 120 176
97 69 4142 4301 9630 2889 9691 1395 426 375 1478 59 6379 734 671 1738 285 6102 90 1868 1200 1881 273 1095 178 815 290 510 3441 5276 1807 914 78 2492 6062 735 329 267 841 86 2653 32 100 5951 3858 497 168 707 6 6082 4266 140 80 363 132 480 65 158 3397 334 1558 173 624 8 29 2 1 21 335 6361 5381 148 138
38 581 3359 5165 3659 67 3926 360 1124 1266 546 735 128 141 8516 8444 2417 23 2805 7733 112 3205 398 7 248 29 11 81 146 1064 129 4507 72
39 4768 9611 2383 2889 1930 5921 2138 728 979 439 1251 301 4302 8334 1546 1395 977 1171 3182 280 1671 207 797 4388 6234 7104 2523 896 4089 750 747 3983 2503 686 1369 7048 6756 5381 742 3053 598 5895 356 365 50 86 33 166 836 2688 1292 346 3121 2207 38 129 1019 5480 162 17 102 9076 1481 99 335 119 97 1520 5546 68 74 13 1001 6256 583 646 968 3389
23 671 2579 1429 252 172 1412 881 4350 3700 250 58 95 56 8116 2198 361 345 1506 131 66 42 243 245 462 1351 1450 8138 3839 253 343 52 86 7607 3706 2187 3066 1119 2956 1407 46 67 6335 1445 101 135 53 885 318 273 702 873 7 554 494 114 482 4171
72 2433 1384 948 2859 5038 1215 404 1190 9359 84 8629 7797 1758 3016 515 2507 798 1353 6258 1360 7589 4630 124 803 261 9478 1958 750 237 760 543 1852 174 428 11 8184 2313 502 664 388 120
99 7234 5851 119 3110 9447 1541 4258 454 686 62 4869 39 173 1023 3304 138 637 29 2478 1274 81 539 1612 1334 178 503 597 1437 168 6402 139 3057 1966 69 2918 101 742 8270 406 482 95 583 609 199 238 891 14 68 2 153 22 785 275 310 409 15 166 739 253 252 1352 1954
77 249 17 11 2533 8733 97 103 90 33 1 83 82 1228 22 2 1258 0 84 5435 330 1638 1333 254 19 50 7342 123 913 2517 6024 208 236 9355 14 1352 2942 9 4 26 2265 403 184 4430 69
19 764 1548 2079 134 236 1244 625 253 1 972 131 1612 2403 985 1212 5910 86 122 4317 54 775 1524 11 88 21 351 22 1587 929 98 1445 3498 52 82 78 27 110 1788 376 707 3635 333 973 904 615 211 8 107 5167 826 20 539 4090 2492 442
11 7559 371 1155 356 41 136 653 54 55 64 206 1183 762 46 8992 2261 1483 91 72 477 301 139 48 1122 372 79 39 60 5205 659 125 3457 240 112 142 13 123 3239 37 103 3591 272 327 265 117 189 111 236 2205 4241 6656 585 1566
40 388 777 907 972 2442 265 151 4849 1880 135 566 73 595 96 248 58 183 498 1012 6514 112 4314 383 1114 538 53 197 306 3999 1332 7195 2886 880 2275 1053 194 1186 4025 4974 2005 204 86 396 16 1805 23 155 482
