100
25 8 6 120 20 72 82 3880 1667 18 1554 44 3398 3262 342 7382 161 8243 164 301 4397 2106 1524 35 131 13 57 3196 425 140 1222 4724 1174 166 147 31 9677 32 101 1645 3747 3251 64 542 50 112 40 36 8360 3964 47 45 602 7354 4100 54 1478 390 1184 56
98 3097 2 0 8 1 9 120 27 6 11 5 14 19 4 69 121 7 139 28 229 2148 236 410 62 15 72 12 3 65 20 63 5394 16 915 18 44 797 2039 38 927 58 2478 7347 10 41 26 17 23 82 329 7753 55 6201 1736 5350 7173 30 52 157 249 198 32 285 56 224 114 303 355
21 2264 176 5 19 27 2 138 1482 797 0 7242 69 3 14 9 15 74 37 1 4 3158 7 5482 5554 5985 21 28 494 63 199 11 1152 16 1089 389 103 17 10 1350 2848 325 22 236 96 38 8 252 737 41 249 12 34 83 3600 79 107 84 33 26 71 23 110 1610 6115 850 1888 4247
92 1958 1583 57 1714 356 121 316 9138 107 3097 45 166 16 24 1799 74 1434 97 595 41 659 132 2067 106 7776 715 1862 8801 299 49 161 206 3299 122 144 451 210 1334 1673 789 611 71 255 346 7373 235 81 6166 2572 142 7977 304 47 108 80 8948 815 549 216 2385 75 92 176 442
70 176 253 410 2973 545 73 44 90 59 762 54 240 1113 42 298 666 46 577 48 367 248 626 840 984 1491 378 162 79 2090 7303 459 5580 36 147 226 384 83 203 7607 3293 404
6 176 1310 0 1 1334 19 7 859 6 13 37 20 1184 21 30 12 72 145 65 41 17 38 442 78 10 112 18 1476 40 280 44 31 585 50 82 25 1122 110 83 172 164 86 137 46 95 34 332 197 4171
37 968 3097 176 0 5 7 1 19 120 126 252 1089 30 6 1737 166 5862 184 356 155 410 371 41 114 524 54 8 681 158 859 2073 56 61 82 395 2612 332 48 2430 25 60 2444 236 6577 50 42 198 152 31 4864 88 40 2 49 1343 1482 8702 69 594 175 2147 647 1027 5084 146 587 137 27 154 2248
46 1502 14 4148 15 329 8 102 88 138 1324 0 7408 27 93 9 1692 2 485 25 183 1298 983 901 884 289 1 651 23 172 634 16 4372 824 4985 1161 2816 205 836 489 8654 1903 106 218 7854 1168 47 7 2950 268 346 28 156 583 31 2533 1019 2325 6986 873 69 968
44 708 1070 7594 1954 1651 880 789 7959 6402 485 2293 595 742 5936 120 498 7869 187 2563 339 1476 1204 1379 1401 2577 716 901 750 4589 4089 171 5210 4817 8541 1002 152 587 2721 9459 6169 3913 410 1878 1017 1413 712 3065 327 2238 1753 1236 1033 2841 3246 1077 653 272 378 415 2853 3240 1395 170 2050 1871 2079 5555 175 3131 702 3604
42 1263 708 9517 8 0 7 1 138 27 1656 1643 6 5973 935 5860 5 252 74 126 2 3 123 6092 285 56 18 1522 62 9 1495 487 155 843 1184 6362 1369 2659 2047 39 561 4408 482 5514 3286 1789 1768 170 224 665 37 3533 4568 1027 7360 11 19 14 1771 112 69 15 2150 20 30 43 4 60 332 121 1611 41 211 574 284 8364
23 252 3700 671 482 56 152 1412 42 2198 138 1429 7658 2579 4994 58 2169 611 32 572 3839 70 86 1981 95 172 4864 253 66 8116 343 4350 243 3284 67 2142 8 195 5336 881 264 8802 536 275 1959 909 126 1351 6644 8138 6335 273 361 160 1385 9888 5 3706 426 1972 310 3525 230 345 2692 228 462 1450 746 1745
14 224 708 9559 2205 5850 7 185 4594 6979 3398 3239 3182 196 1097 5721 245 0 825 49 143 1104 291 8 450 102 362 2126 1807 22 680 482 7155 1902 104 1324 343 456 734 186 1035 749 153 8168 992 742 7147 4801 3046 1477 5222
69 107 2371 356 4342 15 2112 63 139 3520 501 751 243 20 671 3204 12 19 83 6452 82 84 3299 30 145 572 907 778 117 3853 41 2359 73 3266 4834 62 1119 1757 54 216 659 4436 42 2919 2616 1522 335 4301 388 1446 4276 55 4035 1294 9665 2085 2100 7827 824 10 599 3369 68 2744 7042 43 516 142 5876 185 249 3499 211 1408
86 5 3 0 7 2 1 27 4 9 14 28 19 11 15 303 21 404 16 6 72 37 199 13 23 1591 126 38 20 17 193 10 152 35 12 18 44 30 145 58 131 25 252 26 164 102 60 96 62 211 277 968 178 1734 510 7584 5773 1468 285 9514 8978
30 2076 1610 625 2385 1132 187 4801 256 275 234 184 610 687 150 1933 162 1026 1904 537 8427 154 602 8740 4797 1596 294 4532 6450 1674 465 8480 2091 432 3149 435 3970 756 2014 75 183 49 8739
41 554 0 7 900 1173 2076 121 1 1679 4142 28 389 197 6 665 382 97 3884 37 268 4364 625 549 152 117 476 3135 1408 329 44 516 229 205 9039 371 253 4728 2147 25 12 166 5724 50 104 156 204 1723 2140 1321 1168 2820 1877 1756 299 214 1497 4858 9678 7878 64 4308 1262 41 1287 3790 611 2504 2136 5862 725 797
79 485 8 0 1 121 57 140 372 782 87 119 97 52 206 98 238 476 16 156 2983 1959 112 410 538 71 51 256 115 24 45 5069 81 159 76 66 484 500 80 34 130 146 157 300 948
81 138 355 63 5091 4281 7234 1627 95 300 253 554 727 662 829 156 684 8094 2185 764 432 25 59 1750 173 3631 282 1017 79 36 363 31 147 1564 85 861 167 803 978 76 3441 19 5 345 68 67 113 9039 46 325 7081 273 686
61 121 63 468 193 566 815 2976 131 7672 444 408 5751 69 221 362 213 105 625 1137 266 1227 342 79 135 374 1546 385 215 6467 230 351 984 1754 89 2114 323 2592 9294 7433 26 2649 211 4942 55 3624 208 349 236 27
35 8030 1186 26 1506 6962 388 277 4710 3011 1883 444 675 1607 3983 5552 344 2576 4410 1494 1150 4358 653 8973 65 108 350 975 594 4435 9391 190 128 2239 3662 89 738 6012 385 419 503 482 2371
80 1572 2060 316 197 686 6337 145 148 3923 2 8454 6057 309 2198 95 426 3708 5209 137 1256 28 1065 5 2614 659 971 81 3166 4 14 3 919 9947 8 496 782 1862 726 5124 9 1911 75 15 1012 61 101 641 4241 2063 88 3281 287 1 6565 990 1626 1454 147 1386 94 181 8040 37 280
67 155 1290 0 2 1 7 9 4 65 8 19 28 37 126 6 5 3389 11 57 3767 10 152 69 2700 138 78 21 3 38 18 12 1434 1387 15 13 14 2148 36 35 229 4023 554 29 27 157 1225 9886 61 1881 468 31 7537 671 30 88 184 309 52 3467 118 23 71 1506 22 979 120
52 1153 2175 1805 1417 1186 6376 1012 1088 6514 1096 1950 3999 42 244 2275 67 33 868 476 4025 5175 861 1469 162 6180 2886 593 255 786 384 1862 239 296 1853 5034 106 4611 2029 418 2512 198
13 393 567 595 1271 29 240 60 3096 1438 358 414 3572 6558 1445 6480 93 1407 2464 1828 3648 875 503 5446 3659 1105 1540 2590 7316 3943 4162 3066 7474
51 0 2818 9365 8 725 7 1 2 5501 5 9 27 28 977 121 3 3046 4 14 11 197 3923 6 2826 21 15 5659 2148 63 5603 117 78 35 1387 5031 45 6877 371 13 20 17 18 30 19 1225 665 22 1989 10 16 1745 12 2420 268 329 187 23 2500 1826 41 910 72 198 1224 24 74 3708 82 4606
75 583 120 14 69 28 5 356 147 8734 23 63 1671 1482 679 257 58 170 60 98 112 6165 159 587 2431 392 100 1841 29 873 325 489 49 174 155 101 401 165 454 977 64 849 222 402 9464 590 323 4725 224 2448 2177 6290 8271
9 6729 468 8 27 0 4390 176 126 442 5200 9 2170 138 58 873 56 1554 2955 2 1 78 69 62 16 432 199 145 38 3 72 7 5 6718 1312 110 45 24 2735 33 53 715 4421 115 510 19 14 650 232 70 7401 552 155 5349 32 120 2562 163 28 6234 4 8034 1388 60 231 4962 727 289 2726 395 2616 737 7147 574 6304 554
8 484 158 1287 290 12 58 7033 121 178 56 5247 4703 3692 2608 3517 38 2140 2158 4864 2960 216 10 135 54 7269 3302 1735 411 3747 50 436 8819 6837 35 4525 901 735 261 3179 1189 2171 62 5011 187 268 23 83 1581 2430 9356 212 24 1134 75 18 96 240 102 8149 3961 5311 1292
90 138 5 27 14 28 184 1384 63 2371 2899 19 23 655 3457 331 120 686 9054 155 72 135 55 4551 20 88 679 157 42 158 330 3977 638 4829 90 646 38 4329 210 372 896 1189 424 139 6160 907 1110 3299 92 118 83 218 49 25 33 48 1052 2169 1260 425 1016 2322 519 1704 449 255 288 201 198 31
33 3097 120 138 482 1917 5150 63 69 9933 1384 1954 3600 8751 961 2274 432 1114 2521 9896 3514 2291 4820 4953 299 5754 92 1583 9572 22 2848 995 32 158 609 599 2214 107 57 6539 3248 4172 2 598 267 8 8488 193 3053 3119 7387 5395 3639 31 2717 659 2116 1376 3774 503 2374 298 7437 596 55 54 2348 973 131 176 80 87 2849 0 9 1667 47 289 1365 8853 1019 4 33 2425 180 990 377 1900 9365 4676 554 6656 7585
40 907 482 777 538 388 972 53 265 566 8 151 73 9 183 143 160 2 259 4849 32 168 1465 9946 2442 2164 8955 253 2190 51 6001 5931 545 7 4277 1 1880 859 159 231 248 439 539 5326 5507 1153 9203 98
16 288 1754 167 933 1207 1590 3500 611 2268 6031 848 6630 5791 1100 3243 4974 191 1136 1313 3715 418 634 7367 6565 2767 93 3689 207 3950 461 215 385 722 242 2857 506 1278 2169 290
85 138 1756 139 187 166 524 355 1106 1412 5605 636 3024 1757 7876 1398 782 20 5641 299 3569 249 1137 1344 516 2652 74 615 2730 403 938 2397 201 970 422 1393 417 10 4606 2432 158 183 1292 3224 2052 1001 2065 5225 113 9030 544 121 274 6 3180 6135 656 2017 3456
77 9710 1593 3884 6745 135 2258 2533 720 31 103 330 8733 144 5872 2942 1638 2378 1258 183 513 3603 1251 1352 6961 2265 3293 235 289 82 4098 75 4959 1577 254 651 8332 7342 52 1300 533 92 59 81 7792 403 271 2657 343 1393 3981 1122
74 2848 5526 199 2 9 5 9543 4 19 14 28 2274 21 6097 65 8938 11 15 37 3759 1332 5011 3502 13 10 1447 12 621 4597 1401 4429 243 316 2735 102 4609 7774 268 8365 38 96 1979 443 1807 145 149 446 83 342 1210 8875 2296 201 2427 66 377 880 9246 968 5621 109 501 314 126 5484 3943 7518 121 2169 2700 878 869
66 6656 1413 524 7325 3142 49 3477 1951 187 114 119 8 24 101 457 0 132 1128 136 3676 2922 1988 6131 78 2852 45 2653 976 8688 7162 4482 2491 138 307 1087 5834 636 1793 1979 947 4040 485 3041 3257 2 7674 395 1042 574 1564 2049 1156 236 549 404
11 13 236 139 356 72 41 117 372 371 653 54 0 8 112 55 3457 1122 79 48 206 494 6656 51 34 114 2261 7559 650 46 442 121 585 136 301 1 125 1183 111 60 8992 83 123 9 2 39 64 91 142 327 1155 3591 709
55 900 6887 3244 8 1263 1502 155 126 0 9 5 2 7 1737 3774 27 1 1495 14 909 107 28 57 869 15 19 3 24 6 485 4 1184 161 45 1270 65 867 117 725 11 2112 37 176 80 146 1151 88 747 662 609 21 468 63 17 33 13 348 55 152 404 166 121 199 410 115 316 1434 187 30 637 957 4148 650 16 3008 1587 681 193 1089 7293 10 443 5603 145 20 2651 583 342
91 3244 2492 663 2685 1691 5659 2972 455 5850 2020 825 9127 1119 647 4370 1227 4581 3003 4289 644 4962 211 97 4148 184 7167 14 7607 27 2033 3066 374 339 1091 5275 421 948 962 1070 680 414 120 3229 5664 869 1746 919 4081 654 6795 148 7913 113 670 998 1437 6405 833 85 338 9
64 9305 8 0 7 9 2 1005 1283 6 3032 27 126 542 157 4 784 6769 962 3317 6767 2298 1737 9584 2705 265 166 296 1384 120 7837 671 72 63 3211 17 100 238 152 1930 11 310 240 3 465 1 399 28 219 969 58 32 46 505 181 1117 2145
60 107 229 123 15 25 1131 1799 235 1513 106 84 310 122 4413 88 836 238 2573 5616 95 43 3319 3455 216 409 1927 40 39 219 3839 101 297 111 75 3126 85 130 951 747 6848 142 2526 5661 583 404
73 69 8528 867 2244 3826 2857 3818 6188 776 1307 112 1611 703 2703 1128 8156 7218 131 149 52 4320 1562 1114 1195 1122 1232 250 7798 1386 320 619 2201 3824 333 6735 1106 1558 4726 1494 6589 1311 4524 8438 2869 1571 597 66 5627 156 9794 1251 98 1472 3403 1484 515 3357 6518 1442 57
28 621 148 968 2 19 1917 9 1583 44 914 17 4 11 6 899 612 114 61 12 253 35 552 82 51 132 1352 60 144 10 198 67 164 31 32 8993 137 41 7708 3458 2048 53 1031 110 78 64 824 258 264 70 58 54 1000 900 2076
26 27 3 16 131 5959 17 24 187 84 1656 25 907 6577 4090 299 161 797 1388 342 45 485 102 1850 138 624 33 890 144 1420 193 329 210 80 2052 9542 47 66 409 3110 183 1019 67 1967 9927 3194 4807 132 162 778 1584 526 44 0 805 126 4497 554 2 446 2296 1077 9017 8 5 1951 5381
94 857 8492 5483 1008 1344 830 4425 3428 2576 321 6785 178 1001 7590 557 7971 697 4625 77 2965 206 5447 572 5909 402 1223 189 171 374 4857 946 170 218 272 812 2882 225 414 975 2329 757 2601 91
18 355 879 37 389 9 267 4102 204 161 229 7984 138 8703 1222 1052 647 3410 3158 245 3983 3053 273 4089 157 339 910 546 3121 1292 231 6756 598 1298 613 365 421 123 2416 615 119 6058 66 803 57 742 836 524 253 609 1019 6787 43 189 77 162 720 1226 335 97 1256 1001 7593 7557 1604 129 2207
93 1951 549 915 122 750 2285 90 2205 597 1736 866 1948 207 2073 871 3586 164 6137 5041 85 4219 4070 128 1098 108 555 616 185 327 276 150 1103 353 244 9040 201 1010 3535 632 2739
78 1502 1597 2282 1714 443 7895 1643 87 859 391 48 9832 1613 961 2162 183 168 1591 261 2523 680 4421 2818 5558 1801 59 7307 210 1601 4130 2981 454 171 245 5616 117 587 186 37 6744 845 292 154 1913 1686 396 352 105 2509 318 654 300 885 5902 850 138
87 22 152 909 371 62 679 82 995 1073 625 2334 4460 1725 331 6915 7013 130 949 2045 6045 281 2978 1702 5136 1541 2509 1558 1884 251 717 882 552 1847 2288 1041 615 70 3069 4048 5561 6134 134 475 179 2428 364 99 327 177 598 742 935 3652 869
68 62 1888 468 2112 1428 372 4266 2487 517 424 7584 1395 5667 112 4226 170 4919 1320 84 604 40 76 487 612 5350 279 79 715 4347 63 6163 509 2298 3591 194 1078 324 647 1436 461 8241 426 156 8466 887 250 0 397 1669 8911 25 2152 9360 90 134 98 4724 243
7 0 2 8 1 3 9 7 1315 4 6 15 14 28 63 11 21 303 139 184 355 107 12 4371 23 17 13 102 1452 229 35 5429 16 145 65 57 58 10 20 253 4023 18 37 78 131 725 158 55 316 197 24 44 30 47 410 46 659 45 36 4848 176
38 3455 4630 853 8704 231 8342 3444 3205 698 1765 451 906 507 3926 1530 2805 298 175 1314 6329 360 3359 1135 1991 2078 3034 2593 419 7486 4032 3323 3622 8516 949 4394
45 8 0 138 9 2 554 1 14 6 7 69 120 19 15 4 7055 5 11 28 121 23 37 3 21 17 12 20 5661 10 114 309 1122 6698 243 155 193 22 65 6459 18 30 135 13 55 1954 655 26 2513 82 35 29 184 355 1881 158 1482 31 332 131 52 103 164 899 5990 1387 330 1510 3158 1506 290 7850 252 2216 1310 1502
15 8 120 1263 138 0 1495 22 5482 199 7 9 6 2291 126 309 1766 135 404 1 280 72 21 42 54 5 147 62 1597 513 92 3 84 9957 468 17 14 709 87 979 44 561 51 206 968 83 1027 330 68 112 301 43 8080 4288 1734 1270 146 6459 231 48 6222 3266 2196 33 32 63
71 2591 15 252 1384 355 4656 3684 36 1671 0 2 8 3424 7 290 728 655 6018 9 4881 439 2212 1721 2684 1 120 69 2304 5447 8334 27 143 1272 8019 523 903 5329 204 6668 4 1090 4221 6 77 534 399 4044 2477 66 4131 5195 859 2513 546 9906 7600 67 68 89 4632
4 7287 3654 3056 993 2143 8518 2706 7313 1257 908 1956 4157 3946 2413 641 9290 891 5196 862 568 308 3751 9493 433 3860 670 8401 3646 3404 2894 2460 313 1113 1204 404
31 5 27 8 2 3 554 9 0 14 549 16 4 1 197 199 253 11 58 19 102 268 1065 1106 20 37 96 1734 653 301 6 56 73 26 138 2504 17 70 3676 4397 881 1052 55 18 12 3008 7454 280 1783 42 735 6141 915 125 105 4487 273 316 13 211 408 2360 74 356 5626 126 621 867 797
43 1876 1128 1988 126 77 158 1274 168 42 755 502 257 1068 412 6045 6258 87 234 4373 664 1333 3532 4021 1161 124 2507 8512 4837 631 237 2480 2844 2171 9424 174 1862 347
63 900 8402 3248 138 4364 971 0 2371 2359 8 2158 2683 5448 9 968 1054 4336 3642 119 6481 1303 976 1223 2 4880 5779 5 155 7 660 285 557 1123 1 267 8543 131 8947 3423 169 506 1104 1283 1779 1554 4605 3100 3349 445 205 436 102 370 1495 1869 4672 4801 173 7492 929 65 1349 184 468 583
27 28 5 1954 3 2780 27 15 14 176 17 164 184 20 23 107 16 37 482 8761 11 57 139 24 6668 5295 552 899 443 35 299 849 45 40 82 4510 8 679 0 25 53 1365 1412 389 331 119 7753 47 487 34 524 574 300 228 122 1522 151 1221 4962 22 5313 1117 739 395 157 343 2296 909 4403 4978 646
56 3756 5276 948 8402 211 8702 2431 707 825 3057 2943 1697 196 325 1194 39 7499 1840 805 789 370 2810 880 1287 2451 203 3006 9915 4452 1600 100 3014 3796 5566 274 375 181 249 481 5472 2858 1457 142 160 2044 146 1690 3631 1184 223 8114 2746 3698 868 1581 4612 179 1936 2264 1183 1502 2371
3 3097 907 725 54 1549 1456 447 2840 7924 2191 4361 1772 2696 2992 256 459 2738 5286 896 4009 809 249 5582 5519 5803 225 899 293 768 3659 141 1362 3478 35 1370 3160 551 51 6284 6702 8295 150 5848 3025 583
65 1679 69 166 432 410 1385 72 97 7151 73 5429 9572 59 38 1491 117 1017 604 20 1628 178 841 135 41 103 429 3582 46 1476 6913 390 3378 3689 734 8901 1336 552 34 277 56 941 42 13 2200 44 434 1623 132 4791 2180 1921 1732 1004 217 764 187 5720 206 2818 355 8761
36 751 1783 301 7069 4662 5329 1936 149 434 3718 403 1702 712 585 1528 252 9521 733 967 4919 163 9562 2180 280 469 9246 396 1351 4984 406 59 3996 1151 1966 1508 2979 1404 3003 998 697 408 549 1481 106 1797 2097 422 3730 2810 94 1096 2492 410 797
88 554 869 7117 4171 4841 8 4500 5546 0 7727 957 2 9 5668 9593 1263 5778 2316 7 1571 7777 6831 1 928 1223 250 4 15 22 1583 2552 290 3879 2212 660 1958 238 7734 480 7481 54 3 2372 510 497 209 278 1275 9208 124 2475 3704 3561 9358 9710 8465 6 1401 5296 1080 3400 1161 155
1 176 0 7 5 3198 1 1572 8 6 9 2 14 126 869 19 199 485 4 15 61 404 1089 5367 65 37 63 17 27 8734 30 3 110 26 88 549 159 28 1388 2572 4589 180 1597 1679 22 253 120 57 123 377 252 72 52 940 1440 74 4040 2902 684 596 946 1632 55 7292 11 1468 41 280 85 815 21 13 9030 164 288 5515 1290
62 7624 155 138 919 9502 27 8 236 120 117 2616 69 6379 16 1826 2521 3428 2076 583 5 662 28 2 4413 3270 7966 495 7454 245 9 5887 1122 4982 61 382 309 1881 2106 0 14 3052 5876 2298 1591 2858 348 3363 17 5634 45 1283 1117 5395 195 2143 2698 1012 2116 111 56 3345 404 982 3858 3870 33 672 31 34 79 1187 74 87 3927 118 2423 3044 356 1173 176 1310
22 1310 1290 9517 7624 138 583 7 8 859 9 69 5 2 2818 1173 63 0 468 977 126 224 6 193 2402 28 1 442 72 148 356 236 114 253 15 19 27 303 2045 155 74 3211 166 3379 4 389 355 78 14 26 650 161 6379 299 198 157 404 57 61 97 3 21 184 41 731 342 62 280 6035 207 3424 30 197 1437 22 240 8955 164 60 1132 843 1930 40 331 4226 2304 121 12 10 73 501 107 6404
50 69 2513 1482 859 919 148 303 2292 817 485 1599 2941 126 233 4995 926 240 76 216 46 6755 2787 1891 5 4619 228 6762 3443 70 1269 71 2688 445 2453 159 1275 125 3869 734 6 1232 8438 133 36 206 885 1376 444 8643 3 1233 210 735 63 120
10 2848 5926 138 8 0 1737 27 2 9 7 4 5 3 3477 14 468 37 11 199 6 20 23 17 13 2871 482 131 18 16 1667 28 332 513 1707 3071 4978 193 19 35 824 72 1826 120 9086 624 139 681 850 410 2905 5031 1506 638 47 4210 859 135 4609 243 1 10 82 36 290 65 42 196 1524 30 957 915 75 78 2138 442
29 27 329 442 236 290 139 650 331 727 880 1697 496 274 393 34 1000 270 881 223 510 1803 90 360 762 793 526 170 2837 417 807 3082 349 594 490 137 2000 337 113 281 1607 1537 446 109 3141 391 977 126 252 1495
57 3975 19 5 968 126 404 197 20 37 30 268 3831 26 135 82 224 114 1506 38 6979 110 3613 484 2700 480 53 52 158 375 50 3807 2683 7918 6616 429 2348 4618 708 422 40 2134 218 335 962 196 7546 212 1442 5801 448 55 8672 118 76 2759 77 3661 321 4099 9311 8272 21 116 176 1334 138
5 1173 2614 1958 549 97 285 36 3849 41 6698 650 158 249 240 869 1184 245 1183 611 1263 149 70 500 621 29 90 4089 46 255 76 94 93 125 1153 8215 2627 0 60 98 7915 747 422 77 40 4554 2785 1702 4885 8044 977 1437 161 64 631 132 155 968
82 126 155 494 252 3457 426 7677 2282 1734 999 841 339 52 2967 73 484 2717 125 1937 271 247 1300 1606 7253 80 2047 235 60 3471 112 146 128 163 6656 161 42 496 137 7975 3493 3097 8643 5472 1274 1628 40 1665 4018 6029 5882 536 77 516 341 978 2739 43 158 1303
17 6049 3923 4607 731 665 1554 6378 879 4343 8 0 510 2296 8015 5404 3977 1270 2145 7 9 356 5893 4167 6369 583 9470 4813 4335 5278 28 1 199 2 1420 3306 3912 5218 2342 2232 238 435 2033 9351 5 4 561 8152 2809 1030 1185 3540 1743 49 763 694 1429 3243 19 4443 14 1498 1330 418 948 252 3021 11
84 1737 155 621 4347 28 15 6049 176 65 229 21 102 62 1 12 57 24 5276 9047 32 13 38 117 22 1256 86 4291 34 74 3222 3412 4266 2701 487 5725 123 51 140 914 776 45 29 2126 44 204 940 1745 1236 3008 390 83 7908 33 171 54 455 50 168 64 145 4432 1131
47 138 3106 5990 583 2264 3514 5182 0 1495 6930 54 4336 2208 129 1521 3483 995 1200 484 1171 9054 43 8 27 1799 517 7 6684 39 85 3142 1967 614 3621 5910 3448 2685 1434 339 1702 480 383 2768 84 9768 1073 8933 1 225 146 9732 228 9 778 992 288 2902 800 625 233 2 2291 109 25 737 69 188 1762 344 290 3139
39 1671 5381 968 728 4768 5921 686 797 1171 74 1930 17 1395 979 2383 102 439 8 7104 9611 0 583 176 977 2889 280 301 1251 2138 747 4302 9 138 55 33 34 2688 79 1369 2523 166 3182 148 107 5895 50 60 8334 2 118 158 4388 2503 6234 46 207 393 1 390 84 5546 646 896 7048 48 25 5 51 750 40 1546 356 193
96 2818 2 4 131 28 11 229 63 2003 737 249 10 609 19 18 74 12 184 224 65 2240 715 58 57 145 45 2088 542 56 149 107 596 31 140 455 70 24 1339 108 41 271 1001 267 152 1361 155 201 219 504 123 189 310 163 308 365 303
72 1384 2433 948 6082 2859 5038 803 477 2094 1215 251 1558 9359 785 2262 1758 53 8184 9613 261 388 8629 475 1566 1478 3016 313 7797 515 7589 1190 750 543 2313 1360 1509 1353 6094 4630 1621 9478 2029 3231 4838 415 5 138
59 2956 646 857 762 535 167 933 2231 1805 6134 1480 8146 216 2980 702 6246 1566 1966 8969 1277 4646 2104 2948 1187 434 902 3908 203 2043 5459 1096 24 2783 1100 225 226 414 3101 8601 194
99 3110 138 15 69 199 482 1334 62 7 2478 139 583 686 7234 166 63 61 22 252 28 637 1756 8 0 29 119 32 84 5851 39 175 9 4258 56 103 503 117 135 168 4869 3057 36 1023 1352 609 6385 8707 8270 1320 81 454 1541 173 9447 160 599 195 1093 155 511 4818 1793 303 68 7218 1989 406 370 79 65 91 3849
83 3244 2780 0 8 4178 2 70 155 49 267 106 7687 549 501 235 7315 7 140 2654 227 105 3420 2132 9 6147 519 86 6005 1 179 968 900 3293 365 387 2791 19 7275 3769 3033 319 4704 3348 589 3975 970 3692 779 1065 3175 11 1332 669 1843 3406
95 5442 742 5390 2670 3995 8243 929 1863 1575 5516 200 2820 2668 6951 395 652 7173 813 487 1112 321 594 240 2195 488 2437 258 3227 119 9271 277 2436 1582 4238 6205 6270 626 1431 5774 1635 53 2017 686 3198
0 155 27 120 236 309 720 1137 32 146 36 104 96 756 91 383 8549 186 398 2849 110 751 5046 1227 4738 1494 8381 1808 137 2268 51 7707 1368 422 5469 3045 39 8461 478 382 4479 2556 116 397 3022 2020 1447 1583
2 2264 8 0 9 2 1 27 28 14 4 7 69 6 3 11 15 17 3774 62 21 16 148 120 485 65 35 23 22 44 18 940 24 252 3244 45 751 329 103 102 1756 58 155 32 70 637 33 1495 132 1524 54 5659 96 1352 4063 3199 3706 139 1604 346 178 390 92 122 2741 4859 90
12 5 554 8 9 2 1502 138 7 0 1 121 14 27 120 3 1310 6 4 19 1591 731 1077 2371 155 62 22 26 28 632 23 16 135 11 13 595 624 35 29 878 126 139 21 20 69 224 32 56 42 3483 65 88 12 4514 10 114 5634 18 15 4500 7929 1263 4977 117 992 38 175 2177
19 764 1689 88 480 545 9081 134 2391 1548 2079 300 536 309 1612 34 746 168 250 1128 61 981 1529 861 83 66 1896 5497 1244 2872 149 110 599 1587 51 2403 86 245 849 2492 9053 4430 3741 985 980 358 4317 333 5108 812 70 3498 1985 929 409 228 972 2577 708
89 1495 867 5350 268 2019 1896 348 6087 726 545 3137 1757 4618 596 110 267 41 636 1601 50 424 161 17 139 625 3526 79 4537 48 1134 240 233 594 53 36 841 436 4962 26 245 210 2377 8790 218 40 2120 4281 88 914 943 4122 532 3024 7548 1172 9657 583 1008 2941 189 74 272 1340 330 303
97 69 138 8 0 6 1 5381 9 7 2 6102 5276 4142 5 4 2889 65 19 14 121 4301 78 126 914 329 21 3 290 27 84 9691 1395 28 120 15 22 426 1434 72 9630 4266 12 671 1200 6379 103 90 197 63 815 10 62 285 29 86 2653 13 36 879 18 3441 100 624 148 30 114 267 1868 1881 375 50 20 249
76 2060 0 155 867 3849 7 900 8 3992 1 869 5 6402 27 2 9 28 126 4 6 14 63 8095 121 404 19 148 3 166 549 16 22 3182 30 24 184 3279 65 236 4364 372 199 145 11 17 3408 157 62 5313 114 107 112 1780 3470 6288 21 15 2168 1604 999 389 164 3379 1344 332 13 88 37 371 50 131 12 35 10 152 681 47 542 957 495 61
58 850 720 2659 6379 859 2593 5838 4417 1334 1284 1521 7279 666 3514 6756 1228 3131 4133 3516 1627 8076 1768 520 4672 1149 396 3773 8430 254 550 128 1534 144 513 5312 468 909 434 4667 95 1132 7460 2300 760 4493 244 294 4596 1007 1813 655 4390 2986 101
54 7 0 9 1 69 3 62 57 16 243 193 451 164 13 61 23 468 29 2612 161 115 35 624 22 1001 45 1401 178 180 1489 81 636 928 24 96 80 52 1568 663 2316 954 482 566 273 119 509 144 5982 4088 132 393 3887 3953 869
24 2060 708 27 8 725 977 236 6698 900 74 8450 426 621 1334 82 6138 6238 16 6347 3483 3706 5333 7086 2168 3046 940 542 7373 184 1930 1151 8139 2444 80 84 2136 679 9335 139 1195 0 73 104 1321 1119 42 53 1152 1584 103 204 67 451 56 948 382 91 1793 5643 271 769 612 1629 3563 175 1174 231 128 138 388 1284 871 1184 873 78 3455 3447 108 115 2187 305 7 185 1011 1572 1173 681 554
20 1290 2153 5526 8 2 2591 4 9 0 7 15 11 709 148 3198 1 176 1052 14 3497 4171 35 107 37 199 6 3172 7347 3 1638 22 8454 12 3483 3441 2659 26 13 2930 249 7048 20 10 62 36 4225 19 9519 57 119 4688 21 1771 206 595 125 75 18 7081 6373 41 1168 907 4067 24 1412 102 140 1225 632 2849 442 120 27 859
53 1077 1434 74 1495 38 6126 7712 679 70 110 3102 1408 5150 6035 927 138 1296 8660 2744 243 1171 873 6092 1894 73 4525 118 1704 382 1958 3358 1571 325 999 6051 9225 92 9551 4478 800 231 7862 3054 171 32 216 246 62 1721 8309 5205 195 4977 3395 7291 289 151 3038 1294 2538 3215 7986 534 398 1985 71 43 7791 225 6655 89 2218 9542 1866 1483 1762 176 8 968
49 1671 7 8450 37 3 69 3923 4613 1604 21 13 22 29 316 1122 131 5895 9957 96 1065 7709 566 61 1440 166 3332 1452 74 9713 199 4164 7718 212 138 763 33 309 2238 5221 301 102 110 6059 7970 641 1325 3190 186 272 259 6644 94 7537 18 5158 2148 92 969 59 8 6137 375 8315 454 829 2120 583
34 6604 8 2 27 3 14 9 121 2153 4 2713 9894 16 58 10 63 18 11 138 5 17 4977 268 178 1575 1809 0 3441 4895 19 35 26 20 52 15 23 391 73 120 1106 224 164 6523 681 9346 1077 305 4104 429 1665 77 96 1 1446 1921 442 8044 653 2707 3768 1263 1524 2955 55 333 1612 2823 3248
48 3684 0 1 8 7 1384 9 6 120 2955 968 404 252 583 164 1554 4247 30 751 4799 1283 13 20 148 356 4497 285 184 1510 211 1809 2825 1344 330 300 48 8334 5843 665 1312 545 55 25 1575 348 4157 398 914 990 146 1593 841 176 8355 2905 39 198 42 7569 335 147 227 65 134 3692 72 1601 2920 114 878 2249 274 97 745 233 54 19 138
32 5921 138 797 709 8 9 2 968 3110 184 11 3 4364 197 2402 2486 10 176 20 74 5051 2841 12 0 2076 13 1200 60 83 34 1315 25 3160 5448 7 78 18 56 426 84 38 21 120 3053 2825 339 231 782 35 632 1597 624 3398 119 1412 2819 31 3489 43 2526 663 1 23 162 728 4157 619 69 2700 554
