100
74 5011 2848 9543 6097 3502 5526 2274 7774 199 2735 4597 8938 3759 1807 8365 443 4429 342 446 621 316 880 8875 110 1210 3943 501 149 1596 203 1038 268 582 109 468 29 715 8427 224 147 344 280 5484 1087 243 9246 2296 4021 2427 3149 5 660 322 80 38 22 3139 968 41 2166 1912 30 5434 148 410 869
56 8402 8702 5276 2943 1194 211 5566 948 1697 825 707 3057 3756 196 1840 9915 4452 154 3006 3796 1457 1600 5472 7499 2810 2044 160 370 46 1690 2451 4612 5707 223 349 82 6 3014 113 242 3416 8114 103 9742 6854 8 804 4 142 3631 2858 1936 1184 1581 2264 3698 1502 1334
38 179 360 1314 298 1765 150 1772 6 67 9607 99 4630 10 6037 323 2173 65 62 8295 6064 74 1325 9574 4032 3622 799 30 5165 1178 9
23 56 3700 3839 2198 1429 252 2579 671 482 1412 1351 4994 172 86 230 881 8116 3284 2142 46 95 3525 3706 885 343 9888 35 462 361 122 66 228 3066 42 1407 273 245 4350 250 678 32 11 645 243 7607 3 866 19 933 2509
81 300 4281 7234 829 8094 764 1627 5091 861 3631 727 662 282 95 803 1750 7081 355 259 147 167 209 345 3441 9039 812 133 451 432 8243 231 196 2820 253 267 2882 757 128 402 2138 49 1135 6951 47 2668 527 110 102 1738 168 271 277 375 549 554 155
92 1673 356 1714 316 1862 3299 7373 7977 97 551 1583 106 2298 8948 2067 789 45 57 595 2572 8801 142 166 7776 9138 451 9906 327 1958 459 6166 161 715 210 4221 144 1123 216 169 1541 1799 205 5329 1434 3097 3478 190 2385 2738 293 4361 25 304 659 81 17 121 1334
78 5558 1597 7658 4864 2282 572 443 5336 1981 7307 261 1801 2523 9832 1591 1502 8802 5616 391 859 352 1643 587 1686 1913 763 654 909 850 6644 307 6744 183 168 3676 4421 53 1601 9946 8955 87 4130 67 2852 59 1482 188 2922 822 1128 4672 6001 5902 1465 868 2175 2653 45 713 3999 1871 2818 102 355 426
8 1287 484 158 252 594 2158 178 1292 4525 1189 50 735 290 9356 3961 105 2308 8149 4517 270 41 2061 106 187 4320 4152 9903 95 5313 5011 1327 2491 323 7250 54 1463 147 65 231 1783 58 5812 546 3302 1754 60 7597 13 268 240 5 96 74 8076 199 468
72 1384 2433 5038 2859 948 1215 1758 785 1958 8629 1353 8184 7797 3016 404 9613 236 1571 6094 7589 4630 515 67 79 388 9478 1190 543 2152 4838 341 174 6258 1852 3231 8512 9424 1333 428 32 664 2313 1509 187 389 176
25 1667 3398 1524 393 1610 2106 131 3196 4397 161 425 3747 50 64 4100 301 82 1645 9677 4724 166 1478 101 3964 252 199 1222 35 236 7354 18 54 409 88 2582 2175 542 206 952 1307 267 107 2709 8360 1048 6534 2191 1174 602 5 164 14 45 26 5532 46 15 56 17 70 3319 157 69
94 4625 4857 6785 7971 946 4850 645 2329 1150 978 931 686 4299 262 4657 544 151 1140 960 4271 2601 860 8103 1096 980 524 5909 291 7062 78 1544 1142 421 420 725 107 28 554
15 7151 120 42 9957 2291 1597 3082 4288 660 1766 513 9572 1734 280 113 1495 147 1027 43 5482 54 709 309 1263 0 68 6459 9365 1270 142 979 1401 1161 561 545 5429 87 6222 361 92 83 301 3378 1 89 772 982 672 308 143 8 163 164 2608 112 4554 70 3774 968 2818 3198
98 5394 2478 2148 7753 3097 7173 434 6201 2039 641 915 2008 1161 927 229 5350 1090 7347 51 2246 139 26 106 1006 1450 329 5084 175 341 6628 707 291 120 58 1736 38 157 43 5130 1275 137 303 374 7022 32 40 1207 377 44 9155 198 3564 12 4040 72 56 146 80 5 41 1319 82 797
24 3483 9947 7373 9335 7086 426 1321 3706 3046 1930 6238 80 621 542 2168 1793 5333 769 1284 8139 6138 6698 1584 1174 3563 104 204 6347 3447 1572 8450 2060 873 128 451 725 91 900 3455 1184 8138 1151 73 388 2187 6335 535 598 5643 203 977 680 269 764 2692 871 3210 2214 702 8488 940 1629 644 175 2444 167 1972 414 88 1911 2956 375 902 31 185 948 1011 979 184 1385 494 1173 708 236 1334
91 3244 663 2492 1691 2685 5850 2972 97 3003 4962 647 1119 9127 825 612 7607 4289 1227 5275 8334 7167 4581 1091 210 5664 253 421 948 1070 8088 1166 7913 1688 7258 4370 339 5659 692 1746 962 1437 1221 4081 2033 473 654 1012 6795 202 619 172 4952 6405 417 6422 61 869 598 164 549 148 4171
63 8402 971 3248 900 2371 255 5448 2158 2359 4336 6481 3642 976 1303 1054 4364 4880 206 2683 1869 8543 1779 506 660 3100 370 5779 968 131 1495 267 5063 7492 9347 1349 1283 907 173 3423 227 1223 2 929 3025 285 4605 63 117 135 4 1554 115 3349 43 31 1288 507 59 184 155
27 8761 1365 5295 4403 443 2780 849 348 1522 8438 4962 1117 6668 4978 17 899 300 151 164 28 604 482 901 119 47 4510 1954 122 389 395 53 40 2171 552 1221 3582 299 524 1732 228 409 1412 855 646 184 7753 4885 34 1004 176 8819 919 909 2231 2430 39 739 35 764 343 4610 2960 66 429 1137 14 331 139 3179 6837 2889 110 107 19 679
21 5554 5985 7242 389 1350 2848 403 1152 325 737 3158 2264 83 3880 797 3262 2285 233 1089 598 119 74 4413 594 124 5482 96 494 398 77 79 310 342 6115 850 207 71 39 99 134 253 1513 469 567 5616 1554 845 515 1260 176 1888 1482 34 747 103 878 632 1988 249 8243 33 7382 146 977
68 5667 2112 1428 604 1888 509 3158 1320 517 397 372 1122 4347 424 4919 8241 2169 6163 8911 2262 8466 62 5990 647 7850 899 887 264 357 134 9360 3591 279 310 314 2090 98 21 5350 2216 1669 71 3293 1537 4724 112 393 1395 5286 40 1491 1450 384 76 896 786 324 183 2837 5848 3160 554
83 162 501 235 4178 105 365 6005 227 3244 2780 106 7315 2654 970 779 900 140 267 6913 2791 589 11 1843 2132 3175 1932 3689 86 871 8901 2 319 21 2073 670 102 6 1623 4070 637 59 3 1736 4273 1595 1065 6137 72 968 554
84 4291 86 487 4347 776 1256 3222 621 5276 2126 3412 9047 2701 6049 1737 204 155 1826 1275 229 330 5725 1232 1745 4266 3008 140 50 515 455 4432 440 7908 34 289 321 240 32 106 1236 363 64 1131 127 117 940 914 125 102 136 348 3140 28 599 280 3424 83 129 53 168 3281 19 4210 1327 74 5 176
90 3977 9054 686 4829 2371 638 2899 184 3457 4551 4329 896 655 1110 1260 218 158 300 1189 6160 331 210 28 646 449 1016 5 1052 1808 14 310 3299 2322 110 1384 8461 372 42 425 88 8381 55 330 83 424 1242 1 691 4479 111 716 23 25 7707 3022 5905 3 6 2074 60 238 139 1008 138 9 751 4266 155 120
2 27 1352 17 62 24 4063 0 7 3199 28 2264 2741 14 2296 346 1604 70 214 264 65 35 16 44 3774 245 8528 940 1524 5659 9 18 1437 32 3661 33 2244 148 64 2981 1262 805 96 485 536 178 1 282 329 94 2145 342 362 90 181 325 58 3244
11 136 356 371 372 650 477 7559 1183 117 6656 111 1155 3457 327 75 3591 64 585 2261 54 301 142 8992 139 82 653 93 206 240 41 34 1483 39 60 103 125 272 13 5205 762 55 1122 112 4241 1566 72 48 709 475 3239 121 442
33 9933 8751 482 2521 4820 3600 1917 5150 5754 3514 3248 2274 4953 9572 3097 2848 2291 6539 9896 4172 158 1114 1954 609 7437 995 3639 979 3119 82 503 7387 231 2116 2717 74 1667 681 382 44 2348 1384 1376 3053 42 1900 4040 193 2849 432 8853 180 222 30 990 2492 1529 3741 298 973 83 812 299 395 2547 18 102 5395 131 1224 659 1583 229 92 54 2425 47 333 5167 404 980 4676 46 39 252 120 7585
67 160 118 1387 37 3767 157 3769 78 1225 3142 155 7537 9886 65 7687 212 3420 343 3389 1119 487 1290 3467 2148 574 614 38 79 308 152 217 519 57 3692 6147 1881 18 8080 1204 7275 1564 2700 4023 3266 51 671 511 77 387 3293 3348 746 1386 1434 7915 7033 195 1073 3517 52 29 8215 1521 71 10 681 631 30 3975 126 554 708 1263
55 662 146 189 374 900 115 88 80 370 6887 609 24 2651 7293 1184 747 909 880 161 1587 4650 414 1270 957 183 3008 681 572 443 737 18 867 3244 225 348 1263 1495 1151 869 4148 8147 218 5603 6809 342 459 1089 1223 460 1209 23 33 49 53 5664 129 2337 4507 725 316 19 650 363 10 94 155 8094 1737 3477 1502
89 5350 1495 867 1134 3137 726 545 636 5773 943 240 233 1601 596 1757 2120 218 7548 1172 2941 1008 1340 436 2377 189 268 164 4048 1847 4618 5175 53 161 914 8790 625 3024 83 857 1121 9657 127 424 1954 210 275 694 15 841 553 333 1480 8244 968 125 1020 2503 1431 142 66
46 1324 4148 7408 329 1692 884 485 983 183 1298 42 387 145 4372 205 346 74 824 1168 78 289 1502 1 178 503 30 181 873 15 83 224 101 1019 376 309 5463 134 2167 21 50 36 4819 67 517 6 58 206 75 468 236 41 398
16 167 848 2268 6031 659 4974 6630 1100 1136 6565 634 3689 7367 1000 1477 177 249 481 2746 722 418 506 214 143 5791 5430 5617 2857 417 898 6281 28 350 1116 3950 126
60 1131 123 297 106 1756 1799 1927 238 229 53 235 122 3319 130 3455 52 2573 78 3839 1161 2526 84 101 409 6848 54 49 80 38 2169 66 107 758 43 344 108 128 363 198 219 299 5661 4247
87 2334 1073 909 949 130 18 882 371 598 717 1702 2509 1884 1847 6045 4048 1041 152 995 1227 5561 552 299 177 679 475 1273 2849 6134 4738 1370 24 3652 197 611 1368 14 4313 128 353 774 3 108 1180 3730 138 442
50 1482 2292 2513 817 1599 303 4995 233 148 859 919 2941 485 201 24 55 133 4096 76 1376 1391 1414 2787 5490 4623 10 1942 322 82 627 3443 51 0 33 8311 445 49 251 273 6354 69
13 1271 595 1445 240 2049 40 4319 341 875 117 6558 2464 3572 186 5834 3648 1042 135 5446 386 3324 3659 2590 1540 1156 503 98 7316 2185 7 4001 1828 1541 57
99 7234 3110 15 2478 503 9447 686 61 3057 1541 175 119 1023 4869 482 62 8270 5851 454 4258 166 199 173 1437 39 891 406 609 3109 742 168 1648 2163 310 81 1352 139 5160 1966 91 101 32 409 362 539 2918 113 6402 238 138 84 1274 143 303 12 1954 3849 867 485 708
4 514 1956 3033 641 941 2143 4238 3946 552 8401 908 112 1431 3751 3404 2445 1257 2195 192 488 1113 3646 258 8428 433 7313 963 1853 6205 2460 6270 37
61 815 444 193 131 5751 2976 7672 566 468 213 408 266 275 230 2592 1546 221 1227 916 6467 625 536 2649 146 9294 63 3624 2114 2769 215 5882 1171 984 456 7433 738 2014 385 795 351 121 2552 11 1506 369 4674 6029 968
52 1153 1012 6376 2585 1469 4834 1096 4025 6180 56 123 418 52 951 2512 6161 541 6228 24 2702 1078 536 447 8532 296 163 5299 252 2327 5625 9081 498 676 319 286 397 2232 228 19 3182
82 494 7677 1734 2282 999 3457 2967 339 1606 841 1937 126 247 2717 7253 3142 2047 125 4018 96 6656 1274 426 54 107 578 496 1665 73 5472 3471 3493 8342 7975 155 1628 13 2739 3097 1759 1983 1530 263 484 194 360 9722 20 199 9 1996 1303 7064 36 252 52 2908 958 978 404 138 583 1671
6 684 585 1184 50 30 145 137 2431 1310 86 75 1476 170 146 143 859 78 98 83 122 2196 12 172 108 176 112 1287 789 38 346 442 100 280 364 40 19 225 13 95 44 41 66 20 954 22 65 1334 1173
19 2079 2403 9081 1612 2391 139 134 659 1702 1244 8429 32 612 1128 1548 3498 1414 679 56 21 454 228 596 277 67 4188 358 293 972 985 5108 61 5497 1427 40 370 122 775 168 9430 929 384 3797 2193 107 58 4090 78 236 8761 3410
34 9894 4895 6604 1106 4977 1665 178 1575 58 429 1077 2955 1809 2153 268 2713 3441 1524 1324 2707 1768 171 666 1521 333 2453 73 2300 8044 25 391 16 885 2823 1233 1612 3514 680 3869 14 412 7279 57 4417 6756 3516 168 8430 866 39 4133 154 95 38 71 734 216 926 735 8541 4310 909
57 4618 968 1506 114 9311 962 2348 3975 6979 268 480 429 3807 19 110 1442 30 53 5 7918 422 5801 3613 375 335 8272 2134 26 3831 158 218 448 484 50 2683 126 2759 4099 38 196 404 2700 1336 20 5724 7546 6616 200 2147 1017 224 4859 101 349 1877 358 229 296 118 197 402 9 977 1572 708
18 204 4102 879 267 7984 389 8703 3410 355 7557 3158 229 1052 609 161 910 231 720 189 139 66 8360 257 678 628 62 335 1799 1226 114 2990 1350 102 168 2207 2222 6787 1001 2657 157 1082 233 2077 34 1590 982 103 4558 253 95 469 286 701 1744 6 1604 2651 356 138
59 231 6134 646 4646 2231 1745 8146 1805 253 58 8969 305 434 2043 2980 4913 2948 536 123 2783 1187 5459 16 2866 1277 27 178 216 2104 2295 5 2485 149 8601 116 1477 828 8226 70 194 6676 6527 225 2758
96 737 2818 131 609 2240 249 2003 2088 229 149 201 542 1429 1361 1339 455 58 127 715 1001 504 199 106 219 231 1862 212 391 365 189 25 4914 11 2205 1575 33 778 71 593 1088 140 3 91 12 1950 63 2164 4277 424 138 69
88 869 5668 5778 4500 6831 7727 4171 9593 7777 928 5546 957 2552 2316 4841 1263 7117 3879 1223 510 7734 554 1275 2423 2372 2475 3400 9208 278 2212 1571 2143 1080 611 9358 5296 7481 130 194 19 3704 5326 539 290 9203 3345 3044 26 796 1958 235 67 3586 4219 3915 6025 9040 3561 8465 914 1583 155
40 388 972 482 777 4849 538 265 151 183 96 1880 306 292 4807 64 1417 521 160 907 994 1805 4314 23 405 1114 1186 5507 476 155 1332 53 6514 7447 2442 239 486 2275 349 31 34
53 679 6051 7712 110 1894 4525 6035 70 8660 1434 927 74 1408 1077 1296 243 6126 7862 246 4478 3358 873 800 5150 9551 3395 2538 6092 2218 807 1035 325 3243 38 3102 7291 289 73 1495 216 3215 1228 254 7986 382 534 398 1313 1510 1704 1721 803 3500 9542 118 3038 4977 7791 1590 5773 151 8309 6655 2094 1315 100 9359 231 43 1207 92
47 2208 3621 3106 2264 5990 3514 4336 6684 6930 3448 3483 129 383 5182 1967 517 54 43 5910 484 995 1799 1495 9732 778 228 82 244 1434 8933 2413 2685 57 70 545 9768 9054 109 3041 85 36 138 110 800 188 146 309 130 84 93 861 1171 1200 48 2190 1689 31 22 625 981 583 1587 1184 404
26 9542 890 5959 131 907 409 6577 24 9927 4090 1850 446 25 342 1420 210 3110 1656 299 1388 2052 183 80 1584 84 161 66 1019 415 9017 4807 144 1967 4704 313 16 6369 4497 797 46 526 9710 624 187 1077 778 23 181 234 5041 805 669 3406 3194 434 3317 329 3540 47 485 1330 7 5381
14 9559 5721 5850 4594 6979 3182 224 1097 3398 825 196 45 708 362 450 1866 1 185 2126 152 128 153 4801 20 9 482 742 261 7155 1902 6087 380 1021 97 749 7147 3046 1811 706 670 207 215 8168 1621 3204 992 410
76 869 867 3408 900 6402 3849 8095 1344 3992 4364 3182 2168 3279 6288 166 511 2844 8635 332 5615 2700 999 104 5313 2060 2717 3069 372 3060 255 145 957 389 1315 371 495 203 549 112 681 157 728 552 39 2614 30 382 1388 1476 86 88 4221 131 148 1836 517 66 50 5 176 24 267 1160 6178 8988 155 97 114 563 455 4741 184 2504 47 459 290 2275 151 63 1327 146 480 484 1194 35 2708 600 126
58 850 720 6379 1284 3131 5838 114 8076 3773 859 5312 434 166 1007 244 4667 144 1132 90 604 1534 78 89 2986 0 1813 245 785 2619 2975 2985 860 880 1742 1729 157 7460 2873 1198 4390 665 4885 57 978 381 3643 6462 6082 3
7 139 250 2768 158 184 49 288 21 145 195 1447 47 4023 2169 1332 933 15 2744 611 4371 12 1985 78 131 35 5429 4848 66 303 17 102 198 2205 3054 393 1754 3600 1959 999 90 51 1762 275 461 65 1452 229 201 58 30 18 0 459 2 316 157 1979 597 992 725 55 63
65 1679 432 1385 1491 2431 1628 117 1921 1718 568 88 1476 434 2296 103 8518 4791 97 6756 2200 7287 3056 5720 2837 9290 2706 3654 49 1903 357 172 166 523 203 1301 9493 1529 2894 5196 1635 156 5412 4157 3860 4 993
30 2076 2385 1610 4801 625 1132 332 187 1933 610 1904 256 128 1026 756 687 537 150 8740 465 435 330 31 3927 124 157 431 23 2356 4797 7 6450 4325 27 54 4930 70 102 1188 492 3870 252
5 1173 97 650 285 1183 149 195 2614 2627 240 611 1184 621 4089 422 3849 158 500 98 25 1958 6698 1283 2785 1153 933 716 255 549 261 390 125 747 249 21 694 3304 291 93 1263 1277 1756 1590 8044 637 20 411 180 1735 41 6 439 4908 1743 496 36 314 829 145 566 1334 869
77 1593 3884 197 2258 236 404 299 331 715 2533 18 403 84 70 30 6 9 3603 4 44 113 0 90 7 97 12 78 1352 11 2 2517 15 7792 1393 33 10 5872 13 63 82 2265 8332 179 35 203 512 7342
36 1783 733 751 1936 301 712 1528 406 2979 1702 3003 1508 2810 88 1404 2180 4919 1797 1155 102 164 4984 94 943 48 153 61 9 3405 697 3996 41 1966 9246 1795 998 4804 5005 4156 1098 2114 716 2330 1481 10 85
49 7709 4613 1604 8450 9957 5895 3332 3923 1671 566 316 9713 1452 763 131 1440 7718 1122 1065 2238 519 212 4164 5221 6059 8315 1959 3190 7537 6644 186 7970 94 2148 114 68 996 225 829 70 3011 118 63 166 1883 2120 29 994 6137 4710 839 21 6962 1186 5552 165 301 8643 2371 3205 8030 454 5158 444 18 482 176 1334
80 1572 6337 1256 5209 782 686 316 3708 6057 3166 8454 726 2198 137 1012 496 95 553 971 1862 5124 145 2063 3923 2614 81 108 2060 4950 3089 1065 426 309 4320 287 7575 641 284 990 1232 3598 148 534 147 1386 1454 3017 6677 5942 3038 23 8040 197 762 37 1034 6735 400 154 115 2869 224 1364 103 4923 6126 176 968
66 6656 1951 1413 7325 524 457 3477 14 309 187 1 8688 1087 4482 2491 6131 7162 293 947 1793 976 161 1438 684 356 485 23 136 414 1105 3096 2664 1402 16 8 636 4162 1677 24 87 3257
22 9517 1310 193 114 1290 703 7624 224 3424 6035 3379 6404 1930 442 4609 342 2304 2402 8226 476 3543 389 9425 356 2818 6379 650 240 513 1173 859 2045 3211 161 243 480 4099 303 339 843 166 1307 207 253 1423 277 1132 5110 216 4510 2163 2577 1770 408 7508 280 731 6747 144 133 148 68 2000 307 111 2503 880 5600 805 8677 173 2198 7293 8955 7798 72 455 26 977 149 429 267 103 2190 501 583 23 1251 1215 1896 684 468 155 138
9 6729 4390 2170 873 2955 510 1554 5200 2562 468 2820 7401 442 2735 7147 6234 395 737 163 1312 5349 1388 4962 1122 6304 7878 56 1106 432 4421 1510 650 6718 574 2140 403 2726 8034 727 5621 552 4308 201 715 762 142 2616 176 5641 119 615 784 1757 636 145 2079 35 5605 231 20 5862 1137 115 2721 2652 3024 204 2024 2730 475 289 58 2700 587 7518 103 3569 340 249 7876 970 183 95 1790 1077
79 5069 782 98 476 87 2983 119 140 485 159 238 291 3983 227 115 199 897 89 96 277 2533 4122 594 500 355 97 4281 206 71 443 538 532 81 484 170 11 58 25 39 372 351 57 997 93 13 256 19 2767
64 9305 1283 784 1005 3032 6769 9584 2705 6767 962 671 3211 90 7837 1737 296 1930 310 157 1384 465 408 399 5055 163 379 166 244 4 731 2177 299 170 120 2238 336 969 542 4342 760 32 219 1177 118 156 750 6820 248 373 458 679 5727 859
20 9519 4688 3497 2659 4225 8454 1052 3483 1771 7048 1290 2591 4171 5526 3172 7347 3441 1225 7081 1638 119 2930 709 6373 49 3052 2153 3533 2298 6362 148 3198 35 2047 1168 159 249 7069 2150 595 1117 125 4662 1768 5514 1169 140 632 5329 2849 1351 176 561 149 3718 3286 280 75 15 1412 9562 1121 442 39 1678 8364 99 232 967 11 4067 849 9521 175 422 57 436 199 33 4408 1027 1151 619 27
45 8 0 9 2 1 14 6 2162 26 7055 51 79 193 6459 29 1387 12 114 243 171 162 290 1000 15 899 132 1360 309 4266 1881 4226 232 194 2136 1714 158 30 2487 55 7895 554 5661 138 17 65 10 1344 131 7584 1152 6698 255 18 91 69 11 42 332 22 1195 2513 120 1310
41 476 2076 1679 389 3884 382 900 665 1173 1321 205 3135 4364 1408 4728 9039 4142 1168 2504 329 625 1723 627 516 4942 156 634 9678 1497 91 2492 371 6565 5580 979 1626 2961 3790 97 4858 6265 132 5277 910 4 8672 253 716 59 164 3866 4525 2740 2214 268 638 52 109 117 5038 2836 4255 82 2258 4850 3248 554 442
35 350 907 969 72 1607 8973 15 4410 388 3126 103 1150 190 1151 157 1653 4472 9391 31 385 1494 51 1074 503 675 1363 3555 45 4435 12 16 1909 257 7 6012 770 27 1395 69
69 3520 9 3299 531 5 224 6986 62 243 80 501 216 88 7827 2616 410 240 4436 107 6452 264 3853 9010 132 48 245 150 824 3204 13 34 2367 37 3 308 25 390 199 33 61 2448 249 1988 59 171 361 4834 1499 7366 5241
97 6082 6102 290 4301 5276 6379 4266 65 69 86 815 273 3441 1200 78 1095 329 426 1478 1868 59 2889 1395 363 9630 914 375 1881 2653 12 4142 734 6062 497 173 1807 3858 277 5951 5381 84 879 1258 9691 158 671 21 841 6 178 1558 98 1434 191 735 140 80 559 335 5712 624 3231 124 3397 334 22 103 396 15 145
10 2848 1667 3477 3071 9086 1737 2871 482 5926 513 824 850 4978 332 1707 638 1524 131 624 5031 957 309 5268 1541 2905 193 681 290 1447 1483 7959 15 2950 39 739 80 2872 595 30 9053 4317 468 4430 42 382 495 256 47 2088 38 4985 123 114 59 389 383 2169 81 7042 442 3395 301 327 915 1369 139 841 222 40 346 381 43 3635 1927 859 303 708
32 4364 5051 4157 3053 7708 2841 60 2526 2486 2825 3160 3110 782 5483 6915 1200 49 619 2402 1597 2978 5921 119 663 632 4460 709 184 83 34 3470 797 1031 3458 7013 1008 43 8993 52 968 2819 3428 3489 2965 1725 2659 56 231 1604 318 339 116 857 655 3398 2045 625 1771 5448 1780 104 1558 900 520 624 824 5046 321 38 2288 323 325 84 5136 3069 615 74 2076
51 9365 5501 3046 2818 725 977 3923 2826 5 5603 1159 28 1343 58 7 102 9 41 910 371 44 268 1225 45 1339 15 146 17 288 2420 21 1 6877 125 23 1692 198 4 18 9234 644 63 117 24 2148 78 11 6 27 13 2613 64 373 50 280 213 19 30 304 22 665 966 4606
39 1369 1930 6234 9611 2383 5895 686 4768 439 4302 5921 7104 2688 2523 5381 747 3182 979 2889 280 301 2503 4089 4388 968 896 728 797 598 5546 1292 750 162 1671 2138 546 1171 1395 7048 615 1251 365 1546 3983 119 977 6756 646 524 56 836 8334 3053 79 60 86 3121 608 74 346 5480 742 1520 1667 33 97 2416 6058 1973 613 339 3493 118 3751 184 176 1019 3623 108 1723 583 155
44 1070 1651 7594 5936 7959 498 595 2293 7869 789 708 1379 1401 187 901 404 2563 6169 2196 742 4589 1413 15 4089 1002 2721 4817 410 712 1871 229 3240 60 67 2853 275 750 3246 587 21 415 45 3065 171 18 214 603 48 327 102 320 175 92 378
42 1263 1789 5860 5973 9517 1522 6092 1656 1643 482 843 4568 1369 665 2659 332 935 1771 119 487 708 294 1495 7360 1184 284 274 2862 9749 9701 2076 2688 441 8654 4537 162 1387 118 123 1256 800 814 1729 285 43 7854 817 1330 4288 2374 908 32 1611 170 2604 669 5522 76 166 299 1449 250 1365 56 9338 574 3585 198
62 7624 2521 3428 1826 6379 4413 7966 5876 3270 2858 1881 155 495 4982 919 2616 1187 2106 1591 2698 2076 5634 1122 703 117 1012 9502 382 662 5887 7454 3363 700 402 2116 5284 1674 4532 111 2091 5773 79 1503 5210 9634 5432 8480 4606 245 3970 87 9459 197 2787 5931 5406 8739 2500 221 2298 195 6044 118 770 1020 1610 3429 3913 2448 1753 484 907 3027 333 679 138
75 257 8734 147 6165 14 587 165 583 873 392 401 1841 69 64 489 120 0 1 222 1671 309 9464 209 325 89 60 977 174 4725 194 170 445 6290 351 1337 8 54 98 1506 1482 45 409 28 356 155
43 1128 1876 1988 1274 168 1436 412 1068 50 213 2135 52 7112 158 2029 502 15 257 2473 2507 755 2480 472 267 4448 631 474 3828 4929 1993 9271 1732 6045 2 1931
0 1137 720 309 756 8549 91 1494 39 122 954 137 2268 11 82 6052 358 1704 7245 935 3293 32 568 146 331 2428 3045 5278 155 4227 3580 96 1040 2108 2977 160 8949 176 2340 538 255 16 1009 107 1412 8 236
12 624 4514 595 4500 7929 2371 731 632 803 1298 5634 175 2757 1591 42 26 1077 1401 4977 2177 50 3483 163 421 3379 2902 393 1263 16 2148 377 647 1850 39 2291 5 878 737 2159 14 273 245 221 8707 274 2153 390 51 158 782 105 32 3818 1 348 77 3887 1613 213 554 99 117 1310 1502
70 176 253 410 2973 545 487 73 90 59 1113 666 248 49 298 577 25 367 5 378 226 75 1436 5999 254 23 1506 7303 113 31 216 1078 51 135 2609 984 6359 659
28 836 968 621 914 170 148 899 258 64 4104 44 121 1917 137 272 1352 234 1506 3768 1788 144 383 264 164 1001 253 60 67 61 8492 7590 2048 4425 1412 35 478 975 830 552 2576 1627 791 173 93 1583 59 5447 4596 612 8 155
3 3097 907 447 1549 235 1456 101 42 725 4009 46 2992 3659 5582 3444 419 698 9710 249 5803 426 768 3359 3455 853 6702 6745 5519 906 3034 809 92 71 141 6329 2805 6284 60
73 3706 3826 6188 3818 2857 867 1495 776 1611 8156 2703 1128 596 3824 7218 5627 1494 97 3403 1195 751 2201 1484 515 131 1756 6361 1106 4524 1114 320 1558 98 6518 9794 6589 250 137 597 36 6352 293 31 1571 156 574 1311 1442 1122 1307 1562 1733 99 952 63 637 756 69 1472 197 252
95 5390 929 1863 3995 5516 2670 5442 813 344 395 116 7173 594 652 1112 4106 626 331 58 3397 2852 200 152 55 76 311 1528 321 42 1017 5774 4373 136 1582 3227 550 457 180 818 8 120
86 7 5 27 1896 2019 510 193 1734 733 599 211 90 156 1702 7584 1294 2886 60 9514 154 348 38 28 50 146 1591 267 68 178 245 4537 3 285 1300 131 35 16 4962 1017 961 271 4 14 303 152 51 1468 72 105 2374 6087 100 76 3526 480 300 8978 126
85 524 187 1398 938 139 355 184 330 516 2052 240 2397 782 166 836 1412 1393 2432 1158 3400 9030 28 2144 656 9723 3456 626 2035 33 422 1756 1001 417 88 2667 274 6135 5225 3224 2013 3180 2065 293 676 4565 2017 158 1449 1170
54 243 451 1489 193 161 2612 636 115 90 2316 62 624 482 663 178 288 180 621 17 1001 21 104 509 10 830 18 61 105 2816 125 5982 628 14 928 4837 81 40 6572 2251 3953 80 234 1005 392 273 489 5020 139 7306 9763 5033 797
37 2073 968 2430 4864 356 1089 5862 166 30 6523 681 410 158 594 371 8702 175 6577 1343 395 1222 50 114 3097 176 60 2147 524 1269 2248 9346 252 5084 54 647 2612 1446 1080 1921 653 587 26 6755 198 332 859 56 2444 41 327 585 137 77 40 1256 159 1 126 184 14 228 146 4347 1027 42 141 2688 4619 9225 1891 6762 1737 1482
48 1554 4799 4497 2955 2825 3684 300 8334 211 1384 1344 8355 1283 1809 30 285 4247 968 1312 545 164 2920 7569 4157 68 227 348 1510 2905 1104 1593 274 665 2593 4672 3561 703 330 990 7384 751 914 1601 162 745 2372 2041 513 4618 3426 2325 1023 5515 461 148 3825 749 404 5843 841 104 3692 198 51 1575 5 6227 21 252 388 335 2740 147 42 110 619 2249 55 583 184 120 356
29 650 290 727 329 156 274 880 442 496 1697 270 330 1803 510 881 793 1149 223 762 360 594 331 139 1378 48 321 130 281 3148 3201 107 44 137 41 760 52 550 490 108 77 3564 191 236 2726 184
71 4656 3424 2591 6018 3684 1721 290 4881 523 2477 5447 6668 2304 2684 49 5195 15 1272 2513 534 903 7600 2212 204 4088 4131 4044 546 446 350 84 7924 1671 2840 728 252 439 182 1099 399 2000 8019 4632 651 1607 1384 2191 3141 634 4148 2020 1867 1568 2696 1362 306 36 355 815 859 1495
1 4040 61 4589 3747 684 869 159 180 2572 1597 1089 2902 946 8734 1388 288 5367 1440 1679 3198 1632 1572 5515 9030 396 199 251 1468 176 377 485 7292 281 2140 30 435 238 425 4703 742 110 4864 5247 461 436 596 940 280 186 7269 426 815 5311 22 1581 5 398 1134 26 3543 2908 237 88 505 253 123 549 3912 404 1290 126 583
31 6385 7454 4397 697 2504 4487 1793 1734 735 2185 1783 5626 16 549 273 7218 3008 1052 1106 776 1093 590 105 159 408 58 301 96 1320 1989 73 4818 253 6141 56 68 8707 881 653 2360 21 1065 3676 178 77 5 280 37 199 1349 596 531 211 125 1911 557 156 268 26 162 27 1914 316 119 2919 915 135 117 694 31
93 1951 549 750 107 193 915 1948 555 122 152 5 44 160 370 606 2739 128 276 37 2296 714 1010 705 616 150 3535 95 52 882 13 185 2492 36 1333 1186 6 18 1896 69
17 4607 3923 510 4343 6049 1554 665 5404 879 8015 3977 4167 5893 731 6378 1270 9470 5278 3306 2342 8152 2033 4813 1420 5218 1185 751 494 5108 561 4335 3900 345 4493 948 9351 3904 1498 1667 1030 7488 2809 1093 3021 171 3532 162 547 4040 418 78 3243 1951 4568 454 210 2889 247 996 2419 4278 161 85 622 2067 655 940
