100
2 27 3774 9 33 4063 44 536 35 24 1756 1524 85 94 264 2264 1352 148 62 4859 3199 2145 22 637 64 5659 346 351 370 751 28 8 65 2857 69 32 1437 92 2741 940 6 238 132 1604 11 156 2981 2138 485 3706 90 16 1591 59 929 168 102 14 96 325 46 329 252 3244 554
96 131 249 737 609 2003 2088 224 2818 2240 542 229 455 1361 1339 442 163 138 28 504 231 63 715 126 149 212 1862 189 127 6376 201 365 824 0 206 4914 74 1417 105 2000 140 1621 593 56 2251 55 106 4277 145 3397 31 850 1 296 1805 1429 155
49 7709 1604 8450 3332 1671 9957 4613 1452 519 1440 5895 3923 7718 566 1065 212 22 96 9713 29 7970 5221 1122 7537 3190 186 4164 2148 6059 5158 6137 316 763 49 199 375 125 6644 2238 132 171 61 272 83 8030 2371 1325 94 1186 454 8315 994 6962 32 425 473 3323 969 4710 1883 5 301
69 2112 16 1468 751 54 4 20 3204 6169 249 516 4301 139 3249 356 28 117 6543 84 1757 109 1266 4388 245 3520 7042 102 3 3369 218 9548 6 367 4035 4152 13 671 504 15 522 92 9010 762 3201 1061 6775 142 2662 2919 82 756
53 110 4478 6092 1296 7712 800 3102 8660 1704 70 1571 7986 74 5150 9551 6051 1077 1434 1171 6035 7862 2094 3215 1408 7291 2538 92 3038 4525 1721 927 216 3395 6126 325 6655 1495 3358 534 7791 73 679 1313 1590 1958 873 3243 8309 803 382 9359 1866 1035 3500 231 8629 100 3698 289 43 38 151 785 118 1097 7589 9613 807 9542 23 1546 4977 184
74 6097 5526 199 9543 8938 3759 5011 2848 4597 3502 2274 1807 2735 7774 1447 4429 268 443 8365 621 256 9246 1210 37 8427 1038 1596 8875 2427 201 501 5484 715 446 243 169 5914 2733 2014 8034 431 1 242 83 410 3943 149 2296 880 322 869 80 1434 4797 344 1304 6450 1184 1583
59 646 2231 6134 8969 8146 933 4646 6246 2104 1187 3908 231 243 2980 536 434 1966 83 52 114 34 8226 4913 11 1277 3843 225 194 16 216 7 3 5459 828 2295 1100 2948 28 2866 657 8601
15 120 513 4288 280 9957 5482 42 1597 6222 1766 1027 7151 2291 9572 22 92 2707 113 8 1270 147 709 87 33 1734 1495 3082 2114 561 361 219 11 1161 54 164 660 6459 309 3774 1401 265 68 772 3517 5429 43 2330 1263 308 199 391 2960 48 83 143 16 2608 301 183 9365 686 1225 69 404 7585
70 2973 176 410 298 1113 253 577 73 487 69 545 240 206 378 23 147 75 248 2609 367 8911 315 48 40 669 7303 90 462 49 122 840 3903 7971 5431 190 526 384 984 6359
19 764 131 1548 800 56 358 625 1587 1612 134 2391 2403 300 5497 1244 61 1128 22 2785 37 139 122 5108 775 545 40 972 1702 8066 149 1873 981 55 245 52 2552 70 3797 8225 1072 13 42 269 589 338 345 243
48 8334 1384 4799 5843 4247 1809 300 4497 1344 1283 990 7569 751 2955 1554 285 164 2825 3684 1312 2905 2920 1575 227 252 1593 404 48 274 7384 1601 4672 147 8355 211 2325 1510 330 2249 619 104 120 665 335 3561 1104 348 4157 1023 2041 1228 914 841 356 3825 3692 37 878 4618 583 366 198 2593 461 1272 5515 1260 745 218 1729 968 513 16 15 9 162 403 19 2372 63 176
24 725 2168 2060 3483 2692 9335 426 5333 977 1321 104 2444 621 769 8450 6347 1151 2136 1930 6238 6698 388 6138 3706 128 80 5643 3455 9947 542 1629 3447 2187 91 3563 6335 31 612 8139 1385 203 105 940 236 2214 1334 285 451 7373 2956 1572 871 1584 185 414 74 873 3046 1195 382 188 175 535 8138 45 73 305 1173 708 494 5395 1454 115 702 1284 387 1011 7387 948 53 7086 27 1468 1972 1184 900 554
11 48 7559 371 2261 585 123 64 372 356 41 55 142 1155 327 3457 236 1183 93 653 82 46 54 51 139 117 13 136 103 6656 72 5205 8992 1483 762 39 3591 112 75 40 3661 81 1566 1122 301 477 825 374 475 120
66 1413 6656 524 7325 1951 3477 65 59 136 457 976 684 6131 1988 356 4482 1793 1087 2922 3041 1156 875 0 1042 316 3572 1424 2049 8 909 3989 426 7674 947 1407 502 309 31 6480 1677 414 14 1564 126
64 9305 1005 1283 962 784 9584 6769 3032 1737 542 157 6767 296 3211 7837 168 1384 265 152 2705 379 170 90 240 5055 5253 32 671 399 57 458 2238 969 3 348 1732 731 21 17 72 4342 533 244 63 126 3164 1598 1397 2315 2649 1930 58 45 2135 356 140 120 1155 621 2616
30 2385 1132 1610 625 2076 4801 610 1933 687 150 67 1026 1904 8740 435 330 184 126 110 41 383 132 2356 1122 1274 96 3149 1087 327 756 35 1906 1283 3443 11 3309 1236 65 4325 2522 6991 3870 602 2330 1608 24
78 3700 4994 1597 2198 572 1502 7307 7055 2579 2282 2523 9832 183 1310 3525 443 2162 1482 87 4421 1643 1801 5558 6644 6744 5616 352 1465 261 300 211 9946 4864 1959 587 680 8955 285 307 2509 3676 2818 245 6001 1913 859 292 2852 7162 1128 119 2190 210 81 645 2164 184 1260 4130 954 1395 549 654 2491 1936 8688 178 763
79 782 87 238 98 5069 2983 140 476 485 372 159 115 1959 13 28 532 81 351 157 2533 291 11 3983 256 594 500 344 4122 498 52 300 484 37 277 80 76 121 35 1861 997 131 6031 97 669 195 89 112 4281 410 224 6565
93 1951 915 549 122 750 1948 36 150 866 197 555 1103 29 1010 185 705 327 1795 4219 38 411 1421 3730 37 3406 3535 88 72 10 4568 5361 4156 3201 4804 118 12 606
18 4102 879 7984 389 355 3410 267 1052 204 8703 3158 231 6787 1604 720 257 157 3623 546 742 189 1481 123 122 417 37 1973 51 62 2077 339 108 3751 6256 998 450 469 2651 233 7557 454 9 245 524 66 161 628 2657 159 6037 701 114 1001 158
80 1572 6057 95 3708 2198 971 686 3166 6337 2060 726 8454 3923 316 426 108 5209 2614 990 197 145 5124 1256 4241 1862 641 287 574 2063 1012 782 147 659 496 1174 1065 553 50 1911 1217 3089 30 534 8040 137 309 81 1034 2812 154 239 6735 1232 3598 7575 3017 400 148 589 4923 869
0 720 1137 756 146 38 8549 16 236 309 3652 155 5046 422 32 1227 2108 2428 13 742 3045 52 5278 91 331 789 92 80 4366 4479 8 48 82 0 9358 39 36 55 30 4313 6052 287 2268 2074 7671 4266
63 971 3248 2683 2359 1303 8402 5448 4336 1054 4880 6481 3423 4364 2158 900 2371 8947 5779 976 4605 3642 285 206 1967 1779 1869 506 1218 1495 660 145 2378 0 4801 261 2811 110 1678 3025 65 74 29 5063 929 8969 80 102 1 1554 248 1349 182 139 44 1640 3883 3412 205 1283 135 709 8543
54 451 1489 636 193 115 2612 180 243 61 288 80 81 40 57 624 62 928 663 954 178 482 29 10 36 77 69 76 489 161 84 273 2816 2316 9 90 628 214 1867 793 158 4742 509 1001 830 78 204 763 797 126
20 1638 5526 1771 3483 7347 7081 2659 2930 2591 9519 1052 7069 249 7048 4171 3172 709 4225 595 2153 6373 3441 849 907 49 4067 4688 26 159 1290 8454 3198 1412 6362 3052 2047 5514 4408 4662 1169 199 1168 3718 2298 3286 107 1121 44 442 22 561 1117 125 75 2180 3533 43 15 436 87 2849 31 2150 1768 35 3996 11 1351 100 9562 967 8364 148 232 1225 59 175 4919 176 3497 797
25 1667 8243 3196 1524 393 342 2106 9677 1174 1222 22 3964 4100 69 140 425 301 72 252 44 147 120 131 101 8360 2175 36 1645 4724 107 3319 64 38 3747 409 7354 161 2587 1112 82 63 47 86 2191 40 164 1126 158 4 49 166 469 1478 1442 18 9205 2420 139 5874 468 485
60 1131 235 3319 1799 106 122 355 3839 107 1927 43 297 878 3126 113 2526 951 65 229 409 6848 219 20 30 158 54 280 194 38 2169 350 5269 16 4021 3 103 212 4373 198 1017 108 1161 118 1909 2025 19 69 9271
67 155 574 387 1387 519 10 57 152 71 3142 37 2700 79 511 1119 631 160 7033 65 7537 6147 7687 3293 4885 36 7915 746 1506 3975 323 3467 1434 88 157 9886 3692 78 3389 7275 29 4554 5313 3769 1137 3767 8080 8215 487 4023 38 77 3420 3302 3266 9 1881 212 344 146 671 118 18 61 6913 126 2791 614 546 2148 1521 1290 554 1263
44 1070 7594 187 708 5936 1651 7959 211 2563 2293 595 1401 2196 7869 4589 2721 750 789 339 1002 1379 8541 712 901 587 880 4089 485 331 15 5299 370 2298 56 272 1871 78 702 410 465 152 2575 4844 1395 176 2948 6228 4817 1413 7211 3240 496 51 214 12 60 69 320 4881 23 1376 74 7085 1445
5 285 1173 149 255 249 97 3849 611 747 4089 650 6698 2785 303 25 869 2614 1183 36 1958 76 28 2627 933 621 422 500 93 21 1184 1277 240 98 29 566 1274 1590 135 439 4908 537 716 125 23 261 3109 269 694 8819 6837 157 3304 2171 0 1 1263 252 968
6 1334 585 1184 280 859 122 95 170 632 172 2196 1310 40 143 2431 37 13 75 145 86 442 332 684 346 112 20 83 1476 137 176 46 391 108 3 364 50 146 110 30 19 100 1600 3131 498 18 48 72 2076
87 152 22 1073 371 679 2978 2334 2509 1041 2045 717 949 1273 6134 1558 177 1368 138 909 5561 4048 538 3053 1884 935 2849 1702 71 698 5469 179 1370 475 108 4738 234 25 115 353 279 302 2556 397 2076 184 1583 355
32 2402 2841 797 5448 1200 339 60 34 8993 2819 1031 5921 2526 3398 7013 632 2659 3489 995 197 2486 619 5051 782 709 3470 4364 7708 162 8492 104 10 4157 3458 321 5483 2700 3160 663 83 43 1725 1412 49 1315 824 4460 6045 435 5136 882 426 1387 1597 1000 2825 56 1847 624 1780 318 74 1604 214 6915 231 2288 4425 128 122 2965 625 2717 3110 1334 869
47 3514 5182 4336 129 995 3448 6930 3106 2208 2685 517 82 6684 138 5990 3621 2264 1171 3483 9054 43 1495 484 5910 8933 1799 9768 9732 1073 778 228 188 1200 3139 54 1967 480 2413 11 861 339 244 3624 1689 30 433 192 93 514 48 55 659 1005 109 117 286 985 24 583
35 3011 829 5552 388 675 310 4358 385 27 70 6012 2516 1607 8973 7304 190 413 9391 996 58 343 503 90 128 1363 791 1506 1504 738 3303 653 2681 84 4 9897 1061 658 119 8 9 1395
98 2148 7173 5394 2039 915 6628 7753 7347 1161 434 3097 1090 6201 157 2478 927 139 410 40 285 224 26 1736 249 1006 229 1450 11 198 5350 120 87 2008 121 9155 44 80 641 707 377 3065 4040 7022 43 1275 4157 72 797 341 114 52 329 5084 1207 236 58 106 303 92 175 56 291 55 256 37 147 62 9 137 333 41 69 6932 8
37 2444 2430 5862 48 681 524 332 1343 2147 2612 585 252 198 1737 1222 166 371 2073 2248 6577 1089 395 1027 410 3097 647 175 146 4864 1446 594 653 31 968 56 61 54 228 4347 114 356 1269 8702 4619 126 587 8044 2787 385 9346 129 176 30 6762 120 5084 1256 1921 1891 2513 211 6755 77 60 1177 40 1207 1 41 18 50 303 859 1482 8 9467 155
28 148 621 1917 44 64 1352 1583 914 552 612 4104 264 170 1494 164 258 51 61 137 1150 478 2576 1008 114 975 93 1344 2048 836 899 3428 253 234 830 6785 53 30 3768 23 143 60 156 7590 7971 31 144 968 572 1627 432
62 9502 919 2616 2521 495 7454 2858 7624 6379 4413 7966 3363 5887 3428 155 5634 1881 1826 1591 382 3270 662 4982 2106 117 5876 1503 5395 1012 1187 3970 439 402 4532 1000 703 236 138 3927 195 8480 484 3429 4606 5158 111 982 50 79 5406 2091 5210 1674 1753 1610 5773 700 8739 112 3044 90 2787 5284 3915 9634 3346 61 527 9009 1020 1153 789 197 309 2841 8734 1310
68 1428 517 5667 324 1888 1669 372 7850 2513 5990 279 3158 4347 8466 6163 604 1078 1122 612 6459 309 76 250 7584 1881 314 2169 468 3591 4226 62 108 9360 887 357 1509 2112 8241 112 255 313 191 183 219 264 426 3160 509 2262 393 5286 194 134 5350 98 4724 647 2837 1491 1450 899
56 948 9915 7499 1697 2810 2943 8702 8402 707 3756 3057 3006 1840 154 5276 825 196 3014 2451 4452 3631 481 181 4 223 1287 375 1690 177 7 117 1457 2746 142 5566 5472 3796 274 1194 0 302 1566 214 82 36 179 2044 537 2858 350 2264 1184 1502 468 303
38 3926 323 5165 1314 7486 10 2593 298 7733 9574 66 1991 2805 1288 8704 3622 2173 6329 8444 735 6 4809 507 27 8131 799 9607 74 166 332 253 1131
88 957 5778 7117 7727 1571 5668 5546 9593 4500 4171 6831 1223 7777 4841 554 869 290 1468 928 1583 2316 250 1958 7481 2212 2552 3879 410 1275 2475 3704 9208 76 2674 3345 672 2143 7734 278 1080 5296 5931 3561 1263 51 282 2372 2423 9710 5507 6137 5326 144 510 3400 871 8461 190 37 329 238 9299 6025 1859 2492 155
41 3884 389 268 1173 382 1679 476 3135 516 4142 665 1408 2214 650 2076 554 371 4728 1262 9678 1756 1321 1168 2759 4525 910 118 97 1723 2504 5724 9039 4942 2492 1287 4364 625 627 2836 1626 2634 205 181 638 1497 300 2147 6265 121 900 38 1932 155 156 7013 5982 123 109 979 207 1602 5580 117 82 40 5797 814 3866
61 266 444 2976 5751 7672 121 468 566 63 193 815 408 131 362 221 105 795 215 254 103 2114 6467 3624 536 9294 1227 2014 179 2592 213 208 26 349 42 984 8614 1754 7433 84 397 1706 2552 625 583
36 751 1783 979 1528 406 469 733 403 712 1508 1702 301 149 1151 1404 998 4889 1966 2979 396 7 280 1080 94 9521 2097 1797 137 5001 1096 943 697 5329 3405 448 716 549 4984 208 23 106 714 1212 70 634 114
81 95 764 300 259 355 829 5091 3631 1627 7234 727 282 8094 209 63 167 7081 211 803 432 861 325 1017 147 1750 196 1564 662 1135 85 345 520 451 5516 8243 131 231 271 4281 267 1575 25 7 2820 2 757 165 272 2668 2217 6951 7173 19 232 1 114
10 2871 3477 1737 3071 5926 1707 9086 4978 332 2848 824 638 1667 2905 1524 482 199 290 123 468 193 850 739 957 4432 513 15 268 2872 80 34 1483 681 1541 265 9053 1506 595 624 4985 4090 5268 859 36 1369 2950 849 20 243 245 789 197 26 318 43 2169 211 256 148 348 1725 16 626 3 131 1771 81 59 346 3268 327 3635 1436 382 78 138 277 7042 38 841 708
9 5200 6718 6729 2170 432 4390 468 5349 1312 4421 2735 6304 1881 1388 442 2955 873 574 1757 1412 2726 2820 1122 395 6234 2136 232 115 552 7518 784 7147 1554 1106 7878 163 1137 56 4962 2140 2700 2562 95 4308 2616 5621 5605 53 2079 231 516 2258 142 403 762 715 5862 183 637 737 44 289 249 727 267 2652 510 5225 2397 3024 417 28 58 81 199 166 808 340 164 309 7401 2721 329 9382 2730 725
46 1324 4148 7408 329 88 1692 1298 983 4372 884 102 289 346 1903 97 873 468 18 218 1502 205 2167 1187 777 634 376 123 207 429 517 74 75 6986 485 107 275 1902 5463 2141 178 3890 72 7 63 1778 61 240 2688 12 1168 35 27 10 42 503 165 1005 5011
82 494 7677 2717 841 126 339 1734 2967 999 1300 2282 426 1937 1606 247 3457 7253 484 225 155 3471 2047 7975 16 8643 3142 252 496 1628 138 52 5472 73 4018 54 235 6656 3493 13 28 3097 360 5882 8342 1665 36 335 578 516 1218 1983 146 2739 342 565 3205 2908 5853 564 113 4507 404 355
75 8734 583 147 587 1841 6165 257 1671 174 489 120 165 217 401 144 1482 977 69 34 325 454 873 173 9464 13 679 170 129 862 8 70 99 356 409 258 64 28 103 993 392 2177 562 4725 6290 277 355 155
23 1429 252 56 1412 3839 1981 172 95 482 671 8116 1351 4350 2142 5336 35 7658 8802 152 3706 361 42 343 47 1387 3284 881 273 230 66 17 9888 32 7918 857 67 70 1119 1805 1445 226 86 228 817 1686 204 4 979 1804 131 885 195 5902 1745 58 2653 253 138
42 1643 9517 708 6092 1263 5860 935 1656 285 2659 2862 7360 487 482 4568 332 1495 224 665 1789 4288 1771 1611 56 1369 119 5973 1027 1522 7918 1184 1019 274 441 8654 9338 1387 843 294 2325 9749 284 908 4537 162 1330 8911 197 393 170 353 574 3790 417 250 914 118 32 9701 172 800 5434 252 1729 3686 198 2 3585 46 1393 14 27 2076 126
83 4178 105 7315 235 2654 106 589 501 365 2780 31 319 140 227 59 779 267 3033 2132 3175 28 3586 4791 1843 1 2 0 669 3689 76 4070 111 1736 8465 1307 7287 3348 8901 970 4273 9040 21 2296 3244 303
85 187 1756 524 355 1398 330 836 1393 1344 636 7876 9030 938 2052 1292 4606 2017 274 31 1170 626 782 656 2013 2065 2432 3569 139 2144 130 33 5641 475 24 9442 6135 25 544 229 101 609 363 39 970 138
43 1128 1988 1876 111 71 1274 4 2473 347 5 18 174 755 4929 2507 4448 724 132 1931 152 4837 144 75 87 213 2171 1443 412 1068 2844 237 158
12 7929 1591 624 5634 731 2757 2177 613 3483 632 163 175 595 4500 377 224 1077 3379 26 290 1310 554 42 1298 4514 1613 1401 421 878 22 393 121 29 39 803 88 647 273 4977 390 221 139 805 99 910 79 14 43 1850 32 109 2159 120 300 8707 427 118 34 2371 56 3887 2148 3818 2153 1263 303 1502
58 720 850 5838 6379 7279 1149 5312 859 3773 254 1065 1534 7460 4667 1132 434 1284 2986 4133 6005 245 4493 2726 4474 18 4390 3764 760 35 549 244 5 41 2319 4596 936 56 2985 716 1723 1813 309 1007 252 2975 38 144 2847 7384 7064
29 650 727 442 270 1697 290 880 274 1803 329 1000 881 330 156 331 139 223 360 236 762 526 44 496 34 594 281 71 153 321 215 1378 349 249 3148 4632 417 5999 490 85 510 4088 550 1537 69 1077
1 159 1440 180 1572 61 3198 251 9030 5367 8734 377 281 2902 7269 869 4589 684 4703 3912 1089 1388 1632 288 5247 199 1679 110 1597 2572 88 7292 123 26 396 940 425 176 1468 186 1581 2140 4525 735 4040 436 946 461 485 116 126 9356 615 3747 505 1189 454 404 18 257 6628 815 2308 15 234 1290 178
77 6745 720 8733 3 3884 33 5817 715 11 144 533 2378 20 18 3603 7509 244 81 90 3045 392 2258 82 2 53 17 151 2533 50 15 913 14 103 44 631 2398 2582 651 1228 8 184
57 375 197 6616 268 962 6979 1506 26 224 2683 484 114 20 3975 404 2700 52 429 126 196 1336 2348 5 3807 53 3831 335 422 2134 8272 8672 1442 5801 110 1877 402 218 480 19 3613 7546 50 37 358 116 4618 4099 6565 7 448 18 4858 1017 4 200 101 9311 968 1334 135 797 2120 708 1572
65 432 1679 1385 2431 1628 1491 410 117 941 229 1921 1623 1476 568 86 979 100 3378 764 132 8055 1718 1956 6756 3582 121 1732 2837 166 2143 434 3056 746 2180 4610 73 357 8518 967 2818 5720 396 1257 523 136 3946 3404 15 196 1529 64 2231 256 641 176 4157 138
89 545 726 424 268 1495 2120 636 1134 2377 4962 8978 5350 4537 8790 1601 164 1954 1757 3024 3137 1847 7548 9657 125 4618 867 943 1172 1480 189 1121 48 233 733 1020 4971 50 15 110 111 218 240 1431 93 914 330 1008 43 841 26 2886 694 2480 205 167 443 583 968
34 2713 6604 1575 1809 268 4895 4977 1106 2153 391 1077 171 429 333 9894 4417 1665 121 58 178 926 2955 1524 26 305 2300 3441 49 224 1942 681 1612 152 2823 168 734 735 154 1521 216 412 2453 1768 1324 52 16 444 680 1204 6756 442 8076 6523 3516 3514 29 42 0 3 1372 8430 4310 27 708
72 2433 2859 404 948 1384 1558 1215 5038 2218 515 4630 1360 8184 243 7797 543 1894 246 1758 261 53 388 341 2152 750 3016 2029 3231 1190 6258 2313 8512 83 664 502 1967 1353 9478 428 6094 4838 34 30 65 252
4 308 5196 908 3646 9493 3227 2437 552 3860 6270 313 45 2436 3654 8401 2706 3 497 670 133 180 818 2098 2894 1431 2460 963 3406 2445 7313 1204 1113
3 3097 725 907 447 101 1456 42 4009 2191 6284 6702 5582 5803 853 896 809 419 3659 299 1362 1772 141 906 4032 67 3359 227 8516 1765 5519 3444 9 3455 2840 360 243 9710 60 1593 1530 1395 404
40 388 972 907 777 482 151 160 2442 4849 53 265 239 64 1697 107 1186 1601 248 86 306 182 733 329 197 23 1332 4807 1880 521 16 4314 1088 6514 9203 501 1012 67 224 73 525 411 135 2175 859 797
91 2492 3244 663 2685 5659 5850 7600 9127 211 1227 6005 4370 4289 962 647 4148 1070 549 4962 4581 880 859 1691 339 331 7607 60 3003 1738 2033 7913 1437 654 5664 5275 7167 338 948 4081 139 3066 148 4952 7258 1762 421 1814 3567 869 120 619 2152 2873 1166 996 77 417 3229 5242 6 8585 119 184 69 2371 4171
21 389 325 1152 5554 737 5482 5985 2264 3158 7242 74 1350 2573 1888 134 2285 3880 850 99 797 33 1482 79 3262 83 749 1513 124 5616 3455 146 249 13 39 594 398 110 96 494 845 34 2848 103 1089 632 538 1098 977 6115 1610 26 71 7382 233 595 3398 310 598 6 4413 747 207 199 386 515 1554 176 253 4397 138 5661 4247
51 9365 725 2818 977 5501 3046 197 2826 3923 5659 2148 5603 3 146 4 20 5031 45 7 8783 117 1 17 13 4532 3826 44 14 2420 11 198 1159 510 665 1602 1387 187 124 611 299 3218 102 9 159 3233 95 1989 28 178 122 1224 1225 33 74 58 739 4946 113 727 12 277 121
55 747 7293 1270 115 88 957 146 6887 1587 1151 1184 3008 978 161 80 609 370 8147 1737 637 414 187 5664 909 737 662 33 725 2651 3244 4148 189 5603 107 117 374 460 402 183 13 8094 1263 55 4650 869 94 3774 57 1495 126 134 1209 89 443 342 731 880 218 24 1223 860 1502 180 900 1691 20 459 6809 681 4507 65 155 348 1089 1070 867 485
73 8528 6188 1495 3818 2244 776 596 1611 1128 867 2703 5627 7218 3826 2201 103 3824 1562 250 7798 8156 320 1106 1558 1114 69 197 597 4524 333 6327 4726 1386 1251 1571 9794 515 1311 11 149 1484 58 39 1494 523 57 22 371 98 1122 4320 952 1472 2869 137 131 840 6359 115 7 6361 74 83
26 6577 187 299 4090 25 907 890 210 1019 9542 24 409 131 2052 183 342 3194 778 1388 161 4335 446 33 158 5959 4807 797 162 80 66 1850 27 415 1656 370 526 9927 1951 85 102 3317 6369 1936 4497 47 1077 434 1333 9017 16 624 1420 3110 4704 84 206 2195 222 193 805 4813 1584 948 5381 2073 2889 155
84 3222 4347 9047 1737 455 7908 5725 2126 621 3412 86 3008 102 4266 487 4291 1236 321 1256 140 1131 2701 34 5031 64 4210 940 330 776 5276 32 136 155 1275 168 515 117 599 229 6049 1745 3140 69 65 3281 1826 106 204 914 289 1223 22 440 4 24 7 915 38 28 83 51 118 1327 1447 129 171 125 3424 442
76 3849 5313 6402 3279 867 3408 2060 8095 3182 3992 2168 869 104 6288 2844 332 371 495 372 1344 4364 957 999 5615 166 145 255 3060 484 157 26 542 728 199 900 88 1388 71 63 389 737 4741 517 155 285 6392 267 2504 24 659 112 681 16 2291 121 1771 6174 646 79 549 563 50 305 107 1327 2614 459 1476 1836 4221 164 880 600 39 207 48 22 2902 185 203 277 8988 3635 404 382
14 224 9559 5850 4594 185 3239 196 3182 6979 450 709 650 3398 708 362 2126 749 8168 992 482 398 742 7155 220 121 3046 45 25 246 79 10 3204 148 456 5404 706 5721 343 381 68 4801 1001 186 825 113 303 61 17 501 14 8388 909 621
31 3008 105 2360 58 2504 1320 1989 197 268 1106 273 16 96 915 7454 590 27 1549 102 2185 199 1734 8707 1052 31 881 6141 549 3676 4818 4397 653 5626 554 301 6385 26 159 2919 21 1093 162 531 1065 73 5 1911 1783 1793 56 55 253 280 4487 408 735 776 7218 1349 596 557 697 694 77 125 92 256 6292 98 309 1088 3543 249 621 252 4061
17 665 8015 731 3923 4607 6049 1554 879 6378 5404 1270 4343 5893 2296 4167 3977 5218 9470 2033 4443 5278 1330 510 5108 485 494 2342 1498 9351 561 3243 1030 3306 171 2809 3904 547 8152 1743 1971 4493 3900 3540 587 2067 247 3532 3274 390 2232 7488 345 2419 2072 678 1667 8476 1420 4040 3735 356 1093 1185 199 40 583 797
39 439 1930 7104 1171 4768 2383 747 2688 728 2889 9611 2138 4302 2523 979 686 4388 6234 797 5381 8334 1671 5921 1251 1546 301 977 6058 646 5895 3182 1667 896 4089 5546 1395 2416 74 1520 33 3121 1226 3983 7048 3053 48 6756 346 365 5480 335 280 836 1292 207 750 615 193 129 2503 1723 162 168 102 7593 1019 608 598 50 16 726 55 1369 40 678 2207 166 5391 138 968 468 583 554 3389
8 596 484 290 1287 1735 5515 594 268 8149 280 3543 831 549 275 4517 385 1292 85 2158 2769 1327 5011 147 7250 4864 5311 2226 270 4 7597 3961 106 4152 2430 6649 40 5812 3179 2061 13 41 142 95 72 3996 76 5186 112 1463 2622 120 702 1783 206
90 2899 123 3457 638 4551 4329 3977 331 449 6160 686 424 4829 55 1016 9054 2371 3299 63 1110 1052 907 646 210 372 655 1384 896 2322 184 88 218 201 255 330 1260 3022 679 1704 138 716 120 1 2020 2919 8381 92 111 751 42 1808 26 5905 39 140 1447 25 34 6 1496 57 98 7707 72 7
94 4625 5447 946 4857 2601 2329 178 4299 812 5909 1788 4657 132 1360 2882 645 655 1142 4850 262 133 931 7062 1544 686 1096 524 984 488 9793 421 8103 103 1001 8729 2968 151 28 900
50 2292 919 2513 1599 1482 817 4995 859 233 71 85 2941 159 1232 210 2688 148 240 273 8643 627 137 57 1233 1080 10 88 3869 885 866 44 62 133 672 235 4623 340 1414 1312 1231 1091 363 55 33 2698 3069 206 158 900
7 49 47 229 198 611 3054 58 4023 1754 46 55 2744 2169 3600 66 1332 1762 158 725 1979 992 90 9225 459 63 187 107 57 1315 130 102 9 15 2768 303 5429 145 1452 288 1985 461 89 4848 44 2205 393 275 40 933 139 21 999 2 160 462 355 3 157 78 131 1189 4371
71 2591 6018 439 290 1721 2212 2684 252 6668 4656 4881 4131 523 728 534 446 1671 546 3424 4044 15 903 49 355 2513 2972 8334 8019 1568 38 225 1272 2477 2304 644 5195 1384 5447 36 169 399 651 2738 2099 445 3478 3684 89 3141 150 306 1607 566 350 977 3953
33 9933 1917 482 9896 5150 2291 1954 2521 3097 6539 5754 8751 3514 9572 303 2274 432 995 3248 3639 2717 3600 609 4172 8488 3053 2848 3119 1384 2374 92 193 2348 973 1583 2425 231 990 298 8853 659 18 28 1793 681 503 377 211 2849 82 7437 1900 1667 679 252 126 63 4040 228 39 1529 395 4953 1376 4820 120 284 2313 16 480 277 724 333 2492 812 1019 11 3741 57 180 2555 87 1365 86 299 980 102 131 73 404 554 6656 138
92 356 1958 9138 1799 57 1714 1673 1583 2067 8948 6166 210 106 304 1862 595 235 715 107 8801 255 451 81 316 3299 142 459 1123 551 327 2385 216 166 5329 2572 194 1434 7977 3097 4221 2298 121 130 2696 1334 7776 293 45 9906 1541 7373 132 659 74 97 24 41 7924 2992 161 611 7 442 815 14 120
99 15 503 175 199 5851 3057 9447 482 7234 616 4258 101 3110 62 686 637 138 4869 454 1756 173 168 81 1954 91 2478 1023 275 61 39 166 238 139 742 22 6402 1334 891 8044 69 597 1437 195 32 406 2918 5160 67 1648 1352 2163 1966 172 608 119 1541 8270 609 14 2337 867 3849 583
22 9517 224 7293 2402 442 8955 1770 6404 1310 731 1423 207 3379 3211 5110 6035 7508 1132 114 1173 8226 193 389 4609 161 7624 342 2000 9425 977 8677 3543 513 476 429 26 1290 2045 703 2198 468 2577 583 480 3424 253 1307 859 2818 501 303 356 751 5848 2304 2163 355 1930 1805 6747 408 455 216 277 805 115 1195 4099 4510 72 105 240 650 23 164 61 63 267 101 598 4430 124 133 684 331 68 126 309 41 301 4226 843 6379 69 138 155
95 5442 5390 1863 2670 9039 395 3441 3995 813 652 130 390 321 594 1112 50 58 6205 53 240 5774 1912 200 2852 1268 316 547 4238 1582 7842 1079 72 5564 1209 154 6629 17 331 6086
16 167 659 5791 6630 848 4974 1100 170 2767 6281 24 3689 3715 1477 51 2268 5617 1214 7367 20 1579 207 722 279 3950 8486 2857 819 3417 1278 7676 1136 119 9471 27 65
27 164 4510 1954 6668 739 34 4962 919 1365 552 4978 849 2780 7753 443 901 47 299 1117 8761 377 4403 1412 8438 151 1221 5295 183 482 40 604 300 122 228 389 107 429 395 139 2296 172 411 53 2200 348 646 679 343 89 2020 1522 855 1721 524 70 66 178 415 3 2116 899 52 17 409 2889 815
45 8 0 9 2 1 14 6 332 26 59 123 171 91 4266 55 5661 138 10 15 79 1320 2090 225 114 2487 2216 899 29 121 857 424 1436 12 11 52 37 243 6698 7895 1153 18 1506 67 22 4919 290 1510 554 193 397 120 1714 1152 42
97 2653 6102 9691 4142 2889 9630 4266 290 4301 363 1478 168 69 1868 426 1095 5712 285 6379 79 59 92 375 273 3858 329 1807 5276 914 3231 2492 735 21 86 173 497 46 841 6082 3397 1258 734 1881 1395 22 78 187 334 104 267 480 277 671 1434 1738 519 6 140 6361 2205 80 15 124 585 191
13 567 1271 600 240 2464 5834 6558 237 3096 597 1 186 5446 4319 1828 1438 7316 27 16 269 77 3066 4477 1402 8250 1105 23 28 1541 919
86 7 5 1591 2019 90 1896 267 34 1294 9514 599 47 596 1114 4 510 9 310 7584 27 152 58 156 538 5773 146 879 245 44 227 10 71 60 100 230 1734 193 3526 436 38 961 539 26 348 199 6087 178 271 72 154 96 598 145 1702
52 1950 868 33 383 162 25 36 102 2275 2886 5175 476 70 1249 786 3335 1469 57 384 41 2152 6180 765 1001 354 89 2601 198 65 202 135 4834 1270 269 1179 579 377 2082 1853 3319 120
