100
62 9502 2521 2616 7624 2106 1826 3270 5887 662 155 3428 117 3363 7454 5876 4982 495 919 5634 4413 2858 982 404 1881 1122 3870 439 1674 3927 236 5395 2091 5773 1000 4532 5210 7966 2076 5406 9203 2423 26 4606 138 2787 2698 672 5284 118 476 6379 6025 144 2298 3429 356 1610 2500 1187 445 112 245 796 8739 770 1012 1033 702 700 90 3065 79 583 1310
17 665 6049 1554 6378 4343 8015 510 4607 5404 3977 879 4167 2145 1270 731 5893 346 9470 3923 5278 3540 1420 1584 5218 1077 3306 2342 1971 2809 7488 2072 1743 8152 9351 3274 2232 4443 2033 3532 3021 5108 4493 1185 1330 3900 1667 4568 602 247 494 3243 547 2419 86 178 356 20 797 968 1862 3904 2202 78 948 73 1093 3735 214 1951
73 3826 3774 3706 776 6188 1611 2857 1495 2703 8156 1128 596 1114 69 1756 1558 2201 250 1251 1571 7798 3403 6359 119 9794 1195 72 6518 7218 1562 1307 1311 156 6410 1472 6361 397 11 97 1106 597 515 4726 952 7 197 2869 4976 99 6327 4 5627 57 22 485 293 14 54 112 333 5132
37 2430 2073 410 48 1089 2444 681 4864 5084 5862 9346 371 395 6577 2147 594 137 587 1921 356 968 332 6523 1446 198 176 444 2248 524 0 2612 585 41 1222 36 15 653 228 3097 56 54 647 126 1080 362 146 859 8702 327 4347 175 26 40 25 19 4 385 77 60 166 2787 24 120 8 4619 1737
84 4291 2126 621 4347 86 6049 487 940 1236 2701 155 7908 5725 1256 5276 9047 390 32 776 4266 117 289 1737 914 129 1131 4432 515 1275 1745 5031 1232 3412 140 599 127 1826 363 45 229 4210 3140 34 168 53 102 136 64 440 123 3281 915 321 124 1244 3222 106 20 42 348 7 1223 65 176
44 1070 708 7594 1651 7959 671 1954 595 5936 2293 1379 6402 7869 1204 750 789 1132 4817 4589 187 1002 2563 498 229 201 6169 901 4089 410 56 1401 712 45 1413 587 1853 50 67 6259 742 2114 3240 214 604 5699 389 34 10 1878 5860 4844 294 30 5804 4096 211 8541 5014 370 378 3182
70 410 2973 176 1113 545 253 90 762 59 666 69 298 577 3 626 840 226 240 40 75 367 29 487 594 1491 62 1803 7971 6359 131 3903 8911 459 147 378 340 5431 7607 4 629 3293 19 2116
72 2433 2859 1384 948 1215 1758 2313 803 7589 750 3395 1558 5038 1566 798 261 755 8629 341 168 174 9359 515 6094 3231 1509 9478 2094 4630 6258 1571 13 1190 428 679 2029 1353 388 11 785 8512 29 62 6029 199
41 665 3884 1679 4728 4142 2076 371 1173 389 1168 1408 3135 476 1723 2504 611 516 156 9039 50 3790 214 2492 4364 638 4525 900 5580 1287 6565 118 4942 1626 44 205 2961 554 5797 181 126 5038 4858 2214 1174 1321 40 132 97 204 3866 1210 910 5982 300 268 625 2533 45 2836 4255 738 3248 197 117 5277 7013 155 229 979 442 3591
10 2871 3477 1707 824 1667 2848 1737 3071 5926 2905 9086 624 4985 681 638 850 1506 1524 332 7959 3008 739 290 957 1327 859 482 501 410 4978 513 2872 1447 43 1483 4430 256 468 849 198 2950 372 245 185 595 9053 125 5268 93 442 90 1132 2 62 789 3 626 3395 47 80 455 38 4090 495 1771 5 110 1601 327 1927 519 1369 145 3890 383 61 81 197 1725 3424 138 708
67 36 152 65 160 1521 155 71 574 1225 8080 78 38 10 7687 1387 511 3142 118 212 2148 157 681 1564 4554 88 79 8215 2700 5313 387 1506 18 77 1119 37 3420 3767 31 3389 195 7915 284 3517 52 3266 2132 487 1881 7537 3467 9886 3692 308 3769 1434 3975 614 2608 3 57 216 400 1386 323 126 4023 3348 1290 1263 554
6 1476 112 859 137 280 684 75 585 2431 2196 86 31 122 30 48 176 40 170 391 145 1334 12 172 632 19 442 225 41 83 1600 8 954 108 13 25 401 100 20 332 1871 1184 110 46 95 634 1310 1122 126 1183 1173
18 355 267 879 7984 3410 4102 8703 3158 1052 609 204 910 720 157 245 6787 139 189 221 2651 7557 229 231 168 3813 123 2207 3751 598 417 2128 1481 389 1256 29 469 1973 701 1298 608 211 742 526 34 7593 50 159 2 108 161 6037 4098 1604
36 1783 434 163 751 252 406 1528 712 301 1151 1508 149 2979 1702 3996 4919 697 2097 69 1351 5001 56 14 2180 943 422 396 733 998 148 5005 59 1096 4889 1481 2810 20 88 2492 1896 94 179 29 1155 35
49 1604 8450 3332 1065 1671 566 7709 9957 7718 5895 212 9713 316 1440 1452 4613 763 96 1959 1122 3923 186 6059 7970 2238 84 3190 4164 7537 1325 80 6644 8315 5221 2148 225 1186 3 829 94 0 1506 301 42 969 6137 996 165 994 4710 59 5158 1883 277 4 114 6962 121
45 8 0 9 2 1 14 6 10 18 2216 132 330 79 6698 1153 12 1122 899 857 7850 554 162 4421 22 424 103 1360 138 193 171 135 1000 5990 4226 52 43 82 3158 255 325 4266 7584 23 26 114 121 1152 31 91 3038 2487 243 290 5661 28 332 11 1436 1387 73 1506 120 655 2523 2120 1714 1881 6459
38 1530 256 853 906 179 231 6329 7486 2173 3622 6064 9574 2078 67 199 3323 17 3926 2992 1314 10 470 4032 4394 1178 774 1991 945 14 4507 1131
29 290 442 331 1697 650 496 727 236 329 880 510 270 27 793 274 417 360 223 68 490 41 526 2726 34 109 30 807 139 17 550 153 1149 817 1378 337 9763 281 2090 137 44 28 1099 1384
54 451 243 636 1489 2612 624 663 928 115 2316 90 18 193 40 53 1001 61 180 830 10 69 628 3 198 104 2816 81 96 38 402 80 489 118 5020 773 178 482 4837 144 1607 1 78 6 55 6572 121
75 587 8734 147 392 120 14 583 257 6165 346 165 489 50 69 454 1841 735 174 2 98 4725 9464 28 402 217 977 24 6 873 89 64 2448 409 101 298 66 6290 5 1337 56 325 258 3244 1671
32 797 3160 5448 3398 4157 1725 5051 331 6915 1597 2841 1200 709 7013 83 34 1031 2819 1315 8993 5921 128 339 632 2486 74 5483 4364 60 1771 4850 231 101 25 7708 624 3053 824 2045 830 2526 3489 663 6045 3110 186 975 2402 307 116 3470 1604 321 454 1344 1702 84 1412 426 2700 717 4460 1558 2076 5136 138 3458 31 56 184 104 995 318 3849
52 310 4025 1862 143 2886 1950 2512 868 1249 2585 1012 6180 42 3335 106 6514 5175 4611 57 21 2327 902 1509 2072 72 296 7995 2082 6228 1933 117 786 248 70 62 987 5681 2165 2601 476 6539 6388 1734
63 255 2158 8402 5448 2371 2683 3248 6481 1054 2359 3642 971 900 4336 1303 976 3349 4880 8947 285 1554 8543 1283 3100 506 715 38 4 99 1779 205 4364 3423 1869 1495 4801 3008 1218 660 436 929 7492 2378 54 5063 92 261 1847 5779 29 8673 997 4100 709 51 401 11 329 7892 63 468 968
98 915 7753 2148 5394 1736 797 6201 7173 2039 7347 5084 3097 157 4157 1161 40 5350 410 11 229 434 52 2246 6628 5130 927 249 198 4040 43 707 641 3065 120 2008 236 137 285 55 2 7022 2478 341 1090 139 12 41 374 56 1450 9 106 1207 77 377 1275 58 1006 175 62 27 31 20 1546 45 8349 303 69
30 1610 625 2385 4801 1132 2076 1026 187 1933 150 610 1904 27 687 256 602 435 8740 70 146 432 465 8480 65 1906 327 3943 131 2762 2733 3970 9459 49 3309 2853 3895 1236 340 102 1087 3246 747 1963 2166 3913 24 224 158 1005 2872 731
94 619 7590 1008 4625 4657 2329 4299 7040 946 421 645 524 1150 206 1140 4271 1788 1142 291 180 686 151 232 1942 4857 1861 9793 842 544 6149 488 980 123
51 9365 2818 5501 725 3046 977 3923 2826 2148 5603 28 3 121 7 6877 197 5031 7694 74 11 78 24 2500 14 178 4 12 1692 27 5659 1989 268 1602 2425 187 116 597 82 4532 415 4705 373 202 1224 742 2 36 48 5 23 25 335 182 109 1001 371 727 1159
85 524 187 836 355 139 2432 4606 715 2052 1398 2730 1756 422 516 158 2397 166 33 5605 3400 330 274 9030 1158 1292 3456 475 6135 5371 31 1295 2065 338 45 42 384 110 47 2144 1135 938 526 183 325 2017 30
33 8751 9933 1917 4953 5754 4820 432 1114 482 2291 5150 609 9572 3600 2521 73 2274 9896 6539 2848 7437 3053 3248 598 2849 3097 995 2425 979 1583 299 3639 503 5395 1184 1954 4172 659 1376 298 1900 2374 145 4040 63 973 1128 3514 1365 180 377 44 1667 480 4676 769 812 316 5255 3119 193 1529 395 22 2348 39 5167 2492 2 8853 990 455 2313 250 6656 56 222 2555 946 204 11 5434 55 1384 124 9716 3198 7585
24 8139 104 542 977 6238 725 6698 6335 128 940 6347 7086 708 1930 621 426 236 1011 80 2444 1151 8450 2187 2060 74 3455 612 6138 871 3447 5333 188 3706 27 1385 2136 1174 3483 7373 414 9335 2168 305 203 451 91 1629 680 185 375 1334 3046 1284 1793 2956 7387 3563 1572 1173 5643 681 746 535 2214 105 1321 231 1454 93 167 702 8488 9947 1566 2692 175 764 644 1584 873 900 138 554
65 1679 432 1385 2431 410 1491 1628 5720 73 117 1004 1017 107 626 3378 277 734 1732 434 568 764 7287 1718 233 259 670 1301 8518 5429 11 103 390 3654 1903 172 967 1529 429 1956 112 6756 9290 135 641 1257 4157 97 1635 2837 206 7313 23 196 14 514 468 176
47 5990 129 5182 4336 995 1200 138 1171 9054 2264 6684 2208 3106 6930 3621 3514 1967 3448 484 3483 8933 1702 1799 778 383 29 54 188 344 192 9732 1689 244 480 800 1495 2413 861 48 1073 1587 4 293 288 5910 992 17 9768 1434 1843 2685 2391 3139 625 186 8 45 133 168 59 583 468
79 140 476 256 87 5069 1861 532 485 97 52 206 170 782 115 897 3983 291 2533 156 2983 45 159 300 238 73 98 57 100 119 130 997 81 500 157 131 351 4122 72 498 344 103 484 410 257 6630 2268 2767 199
8 1287 596 485 484 290 178 8819 899 735 1292 1734 5186 415 1189 252 4152 4517 41 5812 3961 56 385 1581 26 5311 253 164 631 1327 261 142 767 65 147 549 9356 286 2960 112 268 123 2226 270 7 436 301 187 50 831 546 709 2308 3543 2255 3996 162 6649 135 139 199
74 2274 9543 4597 2848 8938 3759 7774 5526 3502 6097 5011 4429 8365 621 2735 243 2427 8427 880 1210 8875 443 992 1038 84 242 199 2014 715 501 41 446 3149 316 19 142 5484 869 431 4797 203 43 9246 1807 126 6450 280 537 7354 169 2624 149 322 4021 76 1184 1583
46 4148 7408 1324 1692 1502 88 218 634 983 289 485 25 651 166 4372 884 205 376 329 38 503 181 387 5463 6986 1168 1298 35 60 18 255 4819 178 873 632 168 517 346 2167 2688 134 323 236 2371 1778 545 2141 9557 17 2088 110 41 425 268 152 5591 74
55 80 1270 662 5664 161 1587 5603 45 402 609 88 681 6887 8094 414 725 900 1151 4148 909 747 2112 8147 94 572 189 637 2651 107 978 7293 225 33 193 1502 115 6809 145 117 183 3244 19 129 374 155 18 3774 4650 867 65 1495 55 1209 218 89 1223 370 880 126 4507 20 187 957 208 9 134 1089 410 43 650 404 1184 1737 1263
89 726 1495 424 3137 5350 545 1134 636 2019 867 1734 1757 233 1340 4618 841 2480 2377 9657 914 110 218 4962 436 1020 272 943 3024 2941 48 189 2886 1172 23 83 7548 8244 79 669 1008 769 694 240 5175 4971 4048 2182 1154 187 3470 1954 330 11 6450 34 2 1431 2503 594 968
26 2052 1420 84 187 1656 907 342 25 9542 778 890 3194 1388 4090 526 144 797 415 6577 1967 27 299 1850 47 80 183 5959 45 1019 624 16 33 9927 4807 210 3110 6369 409 669 446 1936 85 4497 805 4335 9017 3317 4704 9710 1 131 222 313 234 370 170 485 4813
61 7672 566 2976 408 444 63 468 5751 266 121 815 213 193 984 105 1754 230 1227 2649 184 351 1137 275 3624 2592 30 6467 2014 2373 342 1706 7433 131 2552 456 72 369 7120 12 215 635 536 574 2430 2769 9294 410 1384
86 7 5 538 68 58 5773 178 1591 38 90 599 47 96 27 4537 211 112 345 7584 348 404 510 267 961 71 277 14 596 8790 1896 275 25 271 303 28 625 6087 285 3526 154 53 227 4281 1300 3 76 1 164 1601 152 10 1468 245 8978 9514 485
4 3404 5196 3946 862 993 6205 2894 55 2436 8401 2460 3751 5774 1113 941 5564 4238 6270 1582 908 818 9493 2232 2706 1204 3646 433 767 3227 2445 224
35 388 4410 675 8030 11 350 419 1150 3011 8973 1151 9391 3662 108 7304 594 359 259 503 1607 444 107 2 10 2516 32 343 4358 1 132 1782 483 1653 35 69 653 1395
27 8761 164 4962 4510 331 6668 47 5295 2780 1365 1117 443 395 901 151 2171 552 228 299 417 2296 4978 909 40 2116 646 855 2020 53 300 4403 45 7753 377 183 739 482 28 849 320 2231 1221 411 348 524 919 343 1522 409 1 3582 4885 122 1476 7033 184 25 1954 8438 221 89 1735 1412 604 2180 523 5 2889
7 107 58 2 21 46 1332 999 145 461 47 303 102 1959 2169 2744 250 6 63 90 933 124 78 725 198 2205 1452 355 393 1805 611 275 1985 3054 12 184 1315 9225 229 4848 89 151 1979 2296 195 1762 1447 139 3 157 11 40 14 659 1189 2768 55 316 201 5429 183 4371 3600 4023
97 9630 290 6102 3441 841 168 84 4142 914 1395 5276 9691 1200 5381 4301 285 103 2889 4266 69 1095 363 1478 6 100 173 426 59 624 375 132 6082 12 1807 5712 815 335 2492 1868 273 21 79 879 480 671 1258 86 3858 80 497 5951 46 249 735 334 559 1738 267 5029 373 191 585 212 329 126
23 1981 3700 1429 252 2579 572 1412 56 8802 4350 42 2198 3839 5336 909 671 4994 250 482 4864 6644 3284 230 172 35 343 243 361 8116 95 264 1351 70 536 55 678 47 3066 53 857 228 881 1686 245 3257 1972 8138 152 345 494 462 979 273 66 646 7 46 426
43 1128 1876 1988 1274 6045 30 3828 213 1068 9424 3164 124 24 2473 4929 67 502 412 17 664 2480 7112 2135 7559 52 724 5689 1889 4448 32 193 126 176
19 126 131 19 134 517 5497 2079 545 981 1896 49 3203 40 122 83 4317 985 158 229 146 8066 48 86 980 228 168 30 12 382 67 1548 3635 18 972 184 3498 2403 1294 1445 32 351 5108 2785 1666 23 356 34 120 236 139
76 8095 6402 867 3992 5313 3279 900 3408 1344 681 6288 2844 4364 371 2060 3849 3182 104 404 155 2168 495 869 552 5615 511 157 255 8635 1388 1780 957 659 2614 164 207 737 542 332 3060 4741 145 63 1327 185 1160 3887 728 236 999 4221 285 1476 943 372 39 103 27 79 968 112 563 203 8988 6392 2504 455 4878 2708 5124 71 126 751 253 484 267 549 1836 3357 9421 6174 3069 117 389 577 22 140 166 4881 28 501 86 1215 4
83 2654 6005 2780 162 501 235 106 7315 970 319 779 4178 70 105 2791 227 3293 267 365 140 3175 1065 589 49 3033 8901 6147 68 102 1736 871 1623 6137 3056 6913 552 519 2073 5041 891 185 1932 21 7275 3689 8465 4791 3244 2143 900
87 909 1073 371 2334 1041 130 475 882 2288 4048 18 152 949 2825 552 2509 22 197 5561 2849 2428 625 1227 1884 3069 3652 538 3045 1273 419 62 166 91 0 323 459 177 4738 2268 4313 7 36 1368 6134 5046 698 123 4219 679
21 5554 398 797 325 3158 1152 74 134 7242 2264 5985 3880 103 71 1610 6115 233 1513 538 3262 99 878 79 249 1350 737 96 389 1554 77 1089 37 845 403 3398 2285 977 632 1482 2573 2848 1260 23 33 594 110 83 850 1888 469 5482 749 27 34 597 7382 176 3455 494 39 595 1948 1098 47 386 4397 236 4247
64 9305 1283 1005 3032 784 6769 6767 962 2705 9584 7837 542 265 157 1930 408 465 90 161 505 158 1737 100 5 3211 63 969 2177 152 66 181 296 379 77 21 2145 671 166 2 5253 1989 3 2238 7 5055 5355 760 12 55 93 1177 399 621
99 686 9447 503 39 3110 637 173 168 101 1023 61 482 15 138 742 5851 81 199 454 4258 3057 608 103 2478 119 1702 1541 8270 1612 84 1334 406 539 7234 5160 616 0 175 3304 1352 116 1274 609 4869 139 8044 362 2918 32 2337 1530 1550 12 1648 3109 228 166 8719 3849
88 5778 928 7727 5668 4841 5546 4500 7734 9593 7777 869 2552 7117 6831 1223 2316 554 4171 3879 957 7481 9208 2212 3704 510 1275 2143 410 2475 1080 2372 5296 130 3400 290 83 5931 1583 161 2739 1571 545 1673 282 3345 238 190 772 714 539 3044 3561 5326 278 9358 51 5507 2674 1114 4070 1263
48 5843 4247 330 1554 2825 665 1593 285 1283 1344 48 4497 164 2905 8334 1384 841 4799 2955 751 2920 404 990 4157 8355 1601 1809 300 1312 2249 3684 914 1575 211 2593 1510 5728 348 745 274 545 3692 335 6 147 968 3 227 218 2901 3561 7384 162 2 104 2372 1023 3426 703 2325 1272 25 3825 4672 198 1228 515 2041 388 1104 6227 120 4618 410 184 356 8 138
20 3441 1771 1052 2591 5526 1290 2930 4067 3172 2659 2153 249 1638 3497 3198 4688 8454 7081 6373 2047 5514 7048 7347 1168 9519 595 1768 2849 4225 3052 6362 3533 2150 2298 3483 5329 561 4662 1117 907 4408 3286 11 1169 4171 75 849 140 1225 709 442 206 62 9562 49 7069 107 3718 125 1412 1611 61 35 159 43 1678 9521 102 31 491 1404 1966 299 1027 4605 9749 36 232 4984 1256 1121 967 280 686 859
34 4977 178 9894 3441 2713 4895 171 1575 2153 1665 73 1524 1809 6604 391 121 2955 429 1077 305 2300 333 6755 7279 1521 1106 6762 1269 1343 8076 2823 4104 2453 95 2688 96 6756 27 666 58 3773 2707 28 91 14 52 71 926 4133 1891 152 8044 4417 1534 2196 154 1372 63 10 734 164 3516 16 8430 396 1414 4310
80 6057 6337 137 316 1256 726 686 1572 3708 496 5209 8454 1862 1065 4241 95 108 287 619 782 3166 1012 2060 990 7575 2198 948 145 184 641 3598 3923 5124 2614 1386 197 1232 426 1195 2063 224 1911 147 4320 6735 154 8040 971 574 497 81 534 50 309 3089 1217 747 248 4950 899 164 2812 239 37 589 382 148
12 595 5634 1591 1401 4514 4977 731 632 2177 4500 624 1613 2757 163 393 88 2148 39 878 42 390 2371 1850 121 421 377 3379 26 0 554 1077 2291 36 43 290 3483 175 2902 613 8707 135 273 9 99 782 117 662 79 77 346 5 213 109 803 647 62 4 2116 339 56 1502 1310 120 3635 2153 138
60 1131 123 355 1799 1756 3319 409 106 25 310 216 20 113 3839 4413 229 238 1017 54 4373 6848 1927 235 5616 130 19 49 219 951 65 3126 122 747 2526 6379 297 2169 68 70 12 101 758 1909 1161 5661 583
69 679 107 145 224 335 3853 778 6543 659 9548 16 356 751 486 3204 43 11 109 4342 199 23 17 1628 139 1119 572 88 971 19 58 907 12 20 390 959 13 5876 140 249 1593 32 35 3561 519 54 15 9665 2367 216 240 62 594 2919 245 369 479 387
25 1667 8243 393 1524 2106 3196 425 1222 342 4724 1645 164 9677 1174 542 4100 301 147 140 101 3251 50 3747 8360 6534 69 40 120 12 45 1478 3964 5 1048 390 157 18 1307 2 14 64 267 161 602 309 4 409 25 757 51 20 11 55 166
59 204 1745 123 2980 8146 2231 4646 1480 1277 5459 6134 253 933 1187 2104 902 434 1477 2043 1805 762 29 4913 28 2783 279 225 1 5173 121 5 6246 26 6676 1100 1728 3908 8601 0 6 684
5 2614 285 500 1183 6698 650 4089 195 36 97 29 1173 611 1958 621 249 933 422 2785 566 62 2627 93 716 439 694 255 496 240 1184 21 3849 1283 291 41 1277 409 149 98 272 269 549 1756 739 60 16 314 1437 1590 171 8149 3302 69 157 4 329 3179 1966 869 797 859
16 1754 167 848 288 6031 1100 6565 4974 20 215 249 3715 1278 1136 3689 76 634 3950 3698 1811 5222 8486 418 112 2058 7676 350 1116 819 7 722 191 3417 2857 948
2 27 6 33 390 65 940 1 2 4859 17 4063 94 2264 18 45 14 1352 3199 805 2296 2741 221 28 24 637 2244 70 5659 1524 362 103 9 8528 0 587 1604 85 16 11 96 32 168 2981 245 3661 1262 22 1591 179 775 751 3818 867
68 2112 279 1428 604 4347 1395 612 1078 1888 5667 8241 397 309 8466 1669 76 314 6163 468 2152 2837 324 393 4919 2169 112 509 887 1320 108 2262 156 9360 4724 647 134 5582 191 5350 98 517 357 1673 3160 2513 410 384 756 302 5286 372 7303 984 426 219 896 554
40 972 388 907 482 4849 151 777 183 2442 284 1880 265 342 1332 239 64 6376 319 160 33 4314 1697 521 145 155 231 105 3915 880 34 3761 4807 50 1263 733 755 1088 405 411 2175 197
77 236 2258 2533 715 1251 11 330 135 720 4098 33 235 57 14 184 3603 8025 635 12 44 0 1228 199 1393 246 9890 1298 151 7342 1352 4959 5 170 60 222 18 533 1267 1439 22 501 103 4363 4430 1122 2265 69
56 825 707 5276 8402 948 2943 8702 2810 3014 1697 1194 1840 325 196 3006 3756 154 370 1690 160 5566 181 3057 211 4452 1287 485 388 274 349 223 2044 35 789 5472 50 2858 868 7499 10 481 2451 804 3631 9742 214 90 4612 342 966 2746 1581 37 9915 2264 1184 69 1502
66 6656 1413 3477 7325 524 457 49 65 1951 187 101 684 32 307 131 136 28 2922 2852 1988 885 636 356 6131 8688 5446 7162 485 87 414 947 309 1438 1424 2049 6558 1540 24 3041 171 2311 112 74 1156 404 3096 117 1541 120
93 1951 915 750 549 50 30 18 1103 3586 253 150 108 9040 3535 237 555 207 866 128 122 1010 160 3406 3201 2114 310 352 5929 10 38 353 258 1859 164
31 58 1783 8707 1065 96 4487 4397 2504 68 105 273 27 408 5626 3676 1052 1989 1911 280 16 7454 73 70 590 1734 159 301 1793 7218 37 557 653 197 1093 6141 1106 2360 6385 399 21 776 915 2919 77 56 2185 128 549 621 4818 3 162 42 1549 697 1320 596 867 694 364 173 1456 424 554 797 583
58 720 850 2659 5838 1334 859 1284 3131 1457 1768 5312 7460 1627 144 869 909 146 3514 6379 56 760 1813 375 4667 513 245 2986 4390 785 244 434 1132 32 4596 1007 9837 381 7170 35 1742 475 157 3764 4474 1723 716 655 549 6612 3643 880 1729 8343 468 79 303
57 4099 6979 2348 197 404 1442 429 53 20 7546 962 3975 375 2683 2134 484 3831 126 218 6616 335 3807 1506 43 19 26 448 5 52 2759 4618 2700 196 480 5801 2147 9311 1877 422 3613 110 158 1336 135 114 8672 7918 968 76 671 268 1497 349 7559 5724 9678 296 8272 82 91 1334 229 7 358 62 243 708 2120
14 9559 5850 3398 4594 3591 3182 708 196 185 325 49 5721 7155 1324 992 749 3070 680 450 8168 1097 4801 456 382 2751 1 1027 8388 706 4188 66 121 220 62 177 482 404 162 1748 5617 224 77 51 82 5 6979 7147 3046 621 303
22 3211 9517 2304 442 8955 2818 1310 207 703 133 977 7624 2045 331 4609 650 859 843 2000 277 468 1930 3424 7508 1437 299 1173 3379 74 7293 480 224 339 114 6404 6035 1770 355 476 9425 8226 164 243 356 880 1290 193 805 1307 111 342 1423 404 2503 5600 96 408 684 389 9081 280 429 15 3543 63 5110 731 2577 8677 6747 73 29 68 26 78 28 2163 309 459 253 4 62 211 536 346 59 964 95 303 2402
1 61 3198 2572 251 1388 180 1632 4040 2902 159 8734 5367 7292 9030 946 1440 1679 377 940 404 4589 5247 281 2140 1089 684 425 4703 396 3912 176 1572 1597 2158 742 1468 461 110 52 7269 435 615 5515 4525 815 4864 288 3 238 280 1333 237 64 126 398 633 869 1134 1290 2908 3747 40 5011 485 6628 199 120
3 3097 725 907 447 125 768 3478 5519 5848 4009 253 3659 121 2805 809 8295 268 1772 4630 3025 144 1370 3034 3591 1362 161 6745 6702 1288 8704 141 1593 1 534 9710 249 1765 175 6284 3455 3205 5165 3444 507 899 3884
15 280 1597 9957 1766 120 6222 42 1495 1027 43 87 561 54 513 2291 1401 0 7151 265 11 206 48 361 308 1270 147 113 3082 9 404 309 330 4288 1161 4 92 4273 660 2 9572 3141 22 6837 2330 219 135 3774 8614 686 84 537 5482 182 301 33 8 9365 979 231 19 6459 2818 138
81 1627 259 355 5091 8094 764 4281 727 300 432 3631 662 95 63 829 861 1750 1017 147 209 7234 3441 85 167 282 757 735 196 451 146 156 2138 271 211 5516 803 133 2965 29 1575 138 166 8243 527 277 1135 520 61 102 2882 359 13 78 316 7081 812 131 193 2668 1958 554 69
53 1077 7712 1408 9551 70 800 6051 4525 1296 6035 74 216 8660 3358 118 1171 6092 3102 1434 110 1495 6126 289 5150 1704 7986 3243 2218 1294 243 4478 1590 7291 246 1721 8309 6655 4977 2538 7862 927 898 1866 1894 231 9613 254 7791 873 92 3215 7064 9542 8184 1207 3500 1000 194 1313 252 7797 1035 1277 2114 534 1510 38 5791 3016 1958 398 1546 869 138 583
9 2170 7401 468 5200 6718 1388 6729 873 1554 432 2955 4390 2735 8034 727 2562 510 2726 1312 232 395 2820 2079 417 442 56 2140 403 636 2616 1757 552 7878 53 574 6304 231 737 784 95 5641 4962 2700 6234 7518 5349 163 725 142 164 3569 7147 2136 5621 1510 1106 587 7876 970 4308 2721 1344 2258 289 2162 782 145 3024 808 5862 48 1137 83 3224 201 1393 5225 299 615 2652 55 249 184
96 609 249 542 2240 2818 737 2088 715 2003 229 131 74 504 1339 442 1429 1361 391 127 201 45 163 189 63 593 145 31 56 318 455 15 83 156 20 824 123 1621 149 365 71 140 2099 1417 12 65 23 587 53 39 329 3953 709 2614
90 4551 2899 686 331 2371 896 6160 3457 184 4329 4829 3977 638 646 655 1384 1016 9054 1110 424 27 1052 23 1260 2322 28 14 218 63 449 8381 1704 2020 3299 138 907 111 425 158 135 288 330 8461 4479 39 1808 171 15 3022 37 1640 309 55 76 1008 88 9299 120 17 1068 716 5552 5 5905 519 110 7 680 372 118 9 90 751 155
39 9611 439 1171 1930 728 2138 4768 5381 2383 2688 4302 1395 797 686 2523 6234 747 5921 74 4388 1292 2503 8334 3121 977 7048 979 2889 5546 1251 1369 280 3053 3182 5895 301 7104 162 1546 1671 4089 750 6058 836 1520 615 207 118 646 6756 546 1019 5480 365 1667 48 40 335 1723 2657 896 6256 14 55 1226 5705 3623 233 524 628 33 68 27 4430 2416 1082 299 566 968 166 356 468 3389 583 155 176
71 4656 2591 1721 355 4881 4131 3424 523 290 164 6018 36 2304 439 8334 5447 3684 1272 2684 2212 4044 903 8019 2477 5195 1867 728 446 881 1568 4088 2000 7600 4632 655 9906 546 143 2840 29 150 4361 445 2696 6668 350 647 4370 2191 2513 5803 204 306 566 252 421 212 5850 1227 1671
11 48 125 2261 372 112 371 1183 477 6656 236 136 206 585 54 39 3457 1155 117 75 653 111 356 41 650 55 327 46 139 2205 142 5205 72 51 659 15 3239 8992 103 825 19 34 64 4 475 301 87 37 1122 40 1483 120
50 1482 1599 919 2941 2292 817 859 303 4995 233 485 2513 76 216 55 1391 69 322 133 4242 6 31 204 1376 240 2433 268 3443 672 148 44 534 365 1233 735 455 273 3869 33 74 63 22 415 885 17 1942 236 8643 8311 412 4623 372 2841 968
0 720 1137 756 8549 155 236 32 96 2978 422 279 4227 27 43 935 39 137 5469 2 5414 4266 954 7707 16 568 10 2556 8949 4 1242 11 19 1422 146 30 287 109 160 679 382
92 1799 45 316 2067 9138 715 8801 7977 2298 7776 1583 1714 356 106 1958 1862 2572 107 451 5329 74 595 97 216 659 611 15 6166 194 142 4221 3299 81 169 235 57 789 327 2385 304 210 299 551 2738 7924 1123 1541 8948 7373 248 815 49 1334 293 71 1434 206 3097 442
28 621 612 1917 914 258 137 272 148 144 1583 170 164 2048 67 29 1352 383 264 234 836 128 15 44 478 4425 3768 2576 1494 64 782 3428 53 93 552 8492 5909 61 968 860 899 7971 881 51 5447 31 253 309 6785 268 900
95 5442 3995 5390 1863 7173 200 395 2820 6951 929 813 30 86 2670 9039 652 268 594 321 1528 550 152 457 264 3430 209 2022 240 1268 46 267 1431 130 8428 3397 344 2437 9128 488 1912 58 6971 148 126
82 841 2282 126 7677 339 2967 3457 494 155 2717 1937 3142 3471 7253 1734 6656 426 496 54 1606 1628 4018 247 3493 999 2739 52 484 1303 16 22 2047 7975 8342 360 8643 113 5472 3097 1983 110 578 1218 5882 1274 9722 235 949 1665 252 2908 1759 1124 564 99 73 23
78 1597 2282 7658 2142 1502 1801 7895 87 261 3525 1643 2162 443 9832 3706 5558 7055 6744 1465 2818 4130 3676 119 2164 9946 7307 859 9888 44 300 6001 850 4277 8955 89 67 2509 1913 1310 292 15 1793 102 3796 1128 763 5902 5616 2653 355 427 2190 269 645 2491 49 976 654 1186 822 5707 713 3999 583
13 567 118 4162 4482 2464 875 109 1087 0 1271 1677 1402 25 276 1445 5834 36 3943 7316 6480 93 1 1828 411 503 57 9
91 3244 2492 663 1691 859 2972 5659 9127 1119 2685 4962 654 97 3229 4581 5664 7167 962 948 2033 6795 4289 1070 1437 210 4081 1746 3003 7913 998 4148 549 473 67 2152 1091 692 1925 66 7607 246 172 338 792 833 83 13 670 119 3909 795 1221
42 1643 708 9517 935 1789 5973 6092 5860 1656 843 2659 1771 665 285 7360 56 1522 1263 123 162 4288 2076 2862 1184 1495 7854 119 487 74 211 4568 1387 175 482 342 1019 8654 274 4537 294 1369 9701 8911 5522 1449 332 250 57 170 2374 3585 2325 795 4 417 29 21 441 47 356 9338 161 814 0 45 486 353 1224 432 1330 2444
