100
44 708 1070 7594 1651 880 789 7959 595 485 2293 5936 498 120 7869 2823 742 2563 187 339 1476 7518 1204 1379 2196 1401 2577 4089 750 869 716 4589 901 171 8739 587 1002 4817 2721 410 3913 1413 3065 9459 6169 1878 1753 152 1033 5210 1236 8541 712 1871 175 2841 2050 702 275 5299 2238 2853 604 1395 3604 214 387 2601 6539 5555 5014
11 236 139 13 117 356 371 372 54 41 653 55 72 112 3457 1122 206 6656 494 48 51 114 7559 2261 650 46 442 136 585 301 111 125 121 1183 60 83 123 91 64 2 1155 8992 39 327 142 67 103 659 3661 7 762 0 3591 5205 8 69 1385
87 152 22 909 371 62 679 82 1073 2334 7013 6915 130 949 2045 1 92 6045 281 2978 5136 1702 0 2509 1558 1541 1884 442 717 882 32 1041 552 1847 70 6 615 101 5561 2288 4048 475 3069 6134 134 9710 99 2428
26 3 27 131 5959 24 187 84 1656 25 17 907 6577 16 4090 299 161 1388 797 342 485 102 45 624 1850 890 144 138 1420 193 329 210 2052 33 66 47 3110 183 9542 409 1019 1967 80 9927 4807 162 132 778 44 3194 526 120 805 1584 1 4497 2296 446 554 126 2 9017 3317 90 1077 6369 4704 1951
51 2818 9365 725 7 1 2 5 0 5501 8 27 28 977 121 9 3 4 3046 14 11 197 3923 6 2826 21 2148 63 45 5603 5031 5659 117 78 6877 371 19 1989 1826 16 146 17 665 18 10 1159 1692 23 15 13 12 1745 2420 268 72 187 2613 3708 102 24 1491 74 7694 611 4433 4532 373 30 2500 82 4946 1343
42 1263 708 9517 138 1656 5973 8 1643 935 5860 252 0 27 7 74 5 126 2 3 123 1 56 18 1522 6 285 6092 1495 487 155 62 843 1184 2659 1369 6362 39 2047 561 482 170 1768 4408 1789 224 665 37 3533 4568 7360 19 11 14 1771 1027 112 15 2150 4 69 9 60 43 332 41 30 121 211 574 1611 2862 28 1019 284
57 19 3975 20 968 126 5 404 197 3831 268 26 135 82 224 1506 37 114 38 110 484 6979 2700 480 3613 53 52 375 30 158 50 3807 2683 429 7918 6616 422 4618 708 40 2348 2134 335 962 196 218 7546 212 1442 8672 118 5801 448 77 55 2759 4099 76 41 8272 116 21 9311
99 138 15 482 62 199 1334 3110 139 69 2478 583 7234 61 686 166 63 22 637 1756 252 29 119 32 84 39 5851 175 28 56 4258 36 7 103 135 503 117 4869 1023 168 1352 609 13 6385 8270 3057 1541 81 173 454 155 160 9447 1320 599 4818 8707 1093 195 303 68 406 1989 7218 370 1793 511 91 101 14 1954 6402 3849
13 393 567 595 1271 29 240 1445 6480 6558 3096 2464 2049 3572 358 414 1407 3648 503 1828 3659 7316 93 3943 1677 1540 1438 875 4162 5446 1105
39 1671 5381 728 4768 968 5921 686 1171 797 1930 74 979 17 1395 2383 7104 439 102 9611 583 176 977 2889 280 1251 301 4302 747 2138 34 55 2688 14 138 33 1369 3182 120 107 148 166 50 5895 2523 8334 79 60 118 158 2 6234 393 46 2503 207 4388 1 390 5546 896 48 25 84 7048 5 175 30 51 750 0 7 9 119 356 554
64 9305 2 1283 1005 3032 27 7 542 4 157 8 784 6769 0 126 962 9 1737 6767 9584 2705 265 1384 296 166 120 7837 671 72 63 17 3211 238 100 1930 310 11 240 465 219 3 58 46 1 28 399 32 224 408 181 348 6290 969 505 2145 379 69 107 2177
15 8 120 1495 5482 1263 2291 22 1766 404 138 199 309 135 280 54 126 21 147 42 62 1597 513 9957 468 84 92 709 979 72 6 561 17 44 206 330 51 968 1027 30 87 83 68 112 43 5 7 0 3 1270 146 4288 301 6459 8080 1734 48 131 3266 231 14 33 6222 1 63 107 5313 7151 1401 3774 5429 9365 977 2818
48 2955 1384 0 3684 583 1554 164 4247 404 751 968 252 6 120 1283 4799 356 4497 20 148 184 1510 7 1 9 13 285 211 1809 2825 8 1344 330 30 300 48 5843 8334 665 1312 55 1575 25 348 398 4157 545 914 841 2905 42 990 8355 1593 39 146 7569 335 176 198 227 134 65 147 3692 2249 114 274 12 1601 2920 72 745 19 97
94 857 1008 5626 1344 4425 830 3428 6785 697 7590 7971 178 557 2965 572 77 5447 1223 4625 5909 206 402 171 374 170 4857 946 812 272 218 2882 414 225 757 2601 133 91 1150 1360 123 232 725 686 524 9301 948
19 764 67 1689 88 480 545 9081 134 2079 61 2391 1612 536 1548 300 168 861 250 5497 309 110 2872 1529 66 599 51 83 980 122 4430 149 4317 3203 1244 70 245 9053 3498 981 1896 3741 929 409 746 2403 849 77 81 5108 812 370 2492
75 583 120 14 69 147 356 8734 23 28 1671 63 5 679 1482 257 170 58 98 112 159 60 587 6165 392 34 29 100 1841 873 325 489 49 155 165 977 64 849 222 401 454 174 9464 402 590 323 445
50 1482 2513 919 859 69 148 303 2292 817 485 1599 1221 2941 126 4995 233 240 926 76 46 216 5 6755 1891 2787 3443 228 70 1269 71 6762 4619 2688 159 734 2453 133 3869 1275 125 1232 444 8438 206 885 445 6 3 1376 201 1233 154
56 948 5276 3756 8402 211 8702 707 825 117 3057 2943 1697 1194 196 39 7499 1840 325 805 789 370 880 2810 203 3006 2451 1287 4452 100 3014 5566 3796 175 274 9915 375 1600 249 181 2858 5472 1457 160 481 2044 201 142 34 1690 3631 1184 223 146 8114 3698 2746 1581 868 2264 236 1502
96 2818 131 2 4 229 737 11 249 2003 63 609 18 10 28 19 74 184 2240 65 224 715 58 12 145 45 2088 542 56 57 149 32 596 31 455 140 1339 24 70 271 267 1361 219 201 108 1001 504 123 152 189 127 391
38 853 1765 8342 3455 8704 150 4630 507 51 3926 3205 1530 2805 231 298 698 1314 906 419 3359 1135 1991 7486 175 3034 3323 8444 7733 2593 3622 8516 360 4394 949
7 1315 107 2 3 21 0 63 7 303 139 355 4 184 4371 17 1452 102 23 229 145 8 28 1 14 15 11 65 253 6 5429 12 35 58 57 78 158 725 13 20 55 4023 9 18 10 131 197 24 16 316 44 47 46 659 37 410 2744 45 4848 157
59 2956 857 535 167 933 1805 1480 1745 2231 8146 6134 2980 216 6246 8969 4646 2104 1187 2948 1566 434 902 1966 34 203 2043 1096 24 2783 3101 226 194 8601 163 279 475 3843 2758
63 900 8402 3248 138 4364 971 2371 2359 2158 2683 5448 4336 968 1054 3642 119 6481 395 1303 8 0 1223 976 2 5779 5 327 727 4880 285 557 9 1123 7 155 660 8947 169 1 255 3423 506 267 131 8543 1283 1104 1779 4605 3349 3100 436 102 370 1554 31 4801 1495 4672 173 1169 1678
43 1876 1128 1988 126 77 158 1274 168 42 257 6258 1068 6045 234 412 1333 664 2169 2507 87 124 4837 8512 4838 2844 2480 2171 3532 4021 347 237 1056 2419 1931 1161 93
67 155 3389 152 3767 0 65 57 1290 4 7 37 2 2700 38 1434 126 10 1 21 78 19 11 6 18 12 36 1387 28 2148 554 9 4023 29 157 35 1225 138 13 15 9886 5 61 468 31 1881 671 69 3 88 229 7537 184 3467 52 118 309 79 23 8 27 1506 71 979 22
46 1502 4148 15 329 14 102 138 88 1324 7408 27 9 93 1692 485 8 2 0 1298 983 901 25 884 183 289 651 23 1 172 634 16 824 4372 4985 1903 8654 1161 2816 489 218 7854 205 7 1168 106 47 2950 28 156 2088 346 517 2688 1778 376 703 6986 583
10 5926 1737 2848 3477 138 468 199 3 11 27 20 23 4 2 17 0 5 37 482 2871 8 14 7 13 1667 18 16 332 28 513 9 3071 1707 193 19 4978 35 824 1826 624 9086 1131 410 120 681 139 2905 850 1506 30 4210 47 638 4609 10 72 859 5031 82 290 131 135 1524 65 196 36 915 75 957 2138 34 256 84 1327 123 7959 841 708
22 1310 9517 7624 859 1173 1290 2818 583 468 977 224 193 2402 442 138 69 63 126 148 356 253 114 236 2045 303 15 3379 74 19 72 166 355 3211 2 28 27 389 161 7 5 26 650 6 299 6379 30 155 61 97 198 57 21 41 731 184 404 342 8 6035 62 9 280 3424 207 3 197 240 843 40 1 1930 331 4 22 60 4226 121 14 12 1132 10 164 0 2304 107 73 117 501 243 459 725
28 621 1583 968 44 148 1917 914 17 19 899 612 61 11 114 1506 12 2 35 552 253 82 51 132 1352 4 131 60 10 67 198 31 144 164 41 137 2048 110 9 824 78 32 64 264 258 70 58 1000 2576 3768 4104 5483 8492 1001 836 383 236 2076
45 8 0 138 9 2 554 1 6 11 23 14 5661 114 1122 69 19 309 18 7 17 6459 4 7055 10 193 243 121 21 20 6698 28 15 120 12 55 22 37 135 3 65 1954 29 2513 26 82 5 155 35 332 31 1482 899 158 1881 164 1387 5990 355 1510 290 103 13 655 184 330 3158 79 52 78 4266 1310 2818 1502
54 62 0 69 3 57 243 193 451 164 61 9 7 13 16 1 23 468 2612 35 29 161 624 115 22 45 180 178 1489 81 636 288 928 24 96 52 80 1001 2316 954 1568 663 482 273 119 175 566 3141 509 4088 144
9 468 6729 4390 126 442 176 5200 2170 56 58 873 2955 27 1554 138 62 30 432 69 2 199 145 16 38 72 252 3 5 0 7 8 1312 6718 1 110 45 6 24 53 715 33 4421 510 2735 115 19 7401 14 232 155 70 650 552 5349 120 163 28 6234 2562 32 4 9 8034 4962 7147 2726 1388 60 737 6304 1106 2820 2616 574 2700 554
85 138 1756 139 187 166 524 355 5605 636 1412 1398 3024 7876 1757 5641 3569 1137 299 249 2652 782 516 1344 615 74 2730 836 938 403 762 201 417 10 3224 1393 4606 422 78 1292 183 2397 9030 2052 5225 2065 113 2432 656 1001 2017 970 158 68 3400 3456 330 585 274
5 2614 1173 1958 549 97 36 41 3849 6698 650 285 249 158 869 1184 245 240 611 1183 1263 149 500 70 90 621 67 4089 46 94 29 255 1153 76 125 93 2627 98 422 7915 40 2785 1702 8044 4885 60 747 161 4554 132 631 1437 64 7033 933 1274 2163 859
29 442 236 329 290 27 139 650 331 880 727 1697 496 274 34 1000 393 270 881 223 510 90 1803 793 526 349 360 170 594 137 807 490 762 417 2000 337 281 113 1607 109 321 215 1537 2726 3953
83 2780 3244 49 70 4178 155 2 7687 549 106 501 235 267 7315 7 2654 140 105 3420 227 519 6005 2132 1 179 968 6147 365 2791 387 86 900 3293 19 0 7275 3033 319 8 589 3975 970 3769 1065 779 3175 11 9 3692 1332 1843 3348 3406 31 552 725
88 554 7117 4171 869 4841 4500 5546 7727 957 5668 9593 1263 5778 2316 2 7777 1571 928 6831 1223 7 8 0 15 1 250 4 9 67 2552 2212 22 3879 290 660 1583 1958 7481 480 3 238 7734 510 278 1275 9208 124 3704 2475 3561 497 669 1080 3400 8465 5296 2372 9358 361 52 120
69 4342 6452 356 3520 501 2371 2112 107 19 84 117 671 2448 335 1593 15 82 83 1522 4301 4276 211 55 7827 599 185 1408 243 20 3204 1119 216 659 4436 4035 3561 10 145 778 3266 9665 2919 426 2744 1446 6543 971 1628 1732 907 54 519 249 1061 2864 75 1988 689 6 68 42 43 4388 387
84 1737 4347 621 155 65 21 62 6049 102 12 15 5276 57 229 28 24 117 9047 32 1256 3412 38 22 34 176 3222 4291 74 131 13 4266 86 2701 140 123 51 914 487 5725 776 45 2126 44 29 204 940 6 78 1 1236 390 1745 83 3008 33 7908 171 455 50 168 145 289 2849 4432 138 5091
16 288 1754 1207 7791 3500 1590 933 167 2268 848 611 6630 5791 1100 6031 191 1313 634 76 7367 3715 3689 6565 418 2767 1136 93 3950 461 4974 722 77 242 506 1278 2169 2857 2768
86 7 5 3 72 27 4 0 1591 2 16 28 404 1 14 38 21 199 193 20 19 23 303 152 10 11 145 13 126 17 44 35 15 12 58 252 9 18 25 37 164 60 26 62 102 277 968 178 131 211 7584 1468 1734 510 34 96 5773
71 2591 15 3684 252 4656 1384 355 36 1671 3424 655 728 6018 290 4881 2 439 2212 1721 2684 120 7 69 1 0 2304 5447 8334 1272 27 143 8 8019 903 5329 204 6668 4 523 6 9 1090 4221 2477 534 4131 4044 399 66 859 5195 2513 546 89 67 68 4632 9906 446 7600 3082 138 28 1495 4148 583 155
40 907 482 777 538 388 53 972 265 977 566 155 151 73 8 9 183 143 5616 4849 160 2 9946 0 1465 308 168 2442 365 2190 2164 6001 253 51 8364 545 159 8955 1880 7 439 1 539 5507 441 1153 2175 231 1805 9749 327 9203 4807 797 2120
25 120 8 6 20 72 1667 9 1554 850 44 3398 3262 12 1888 342 7382 161 164 8243 4397 301 36 2106 1524 35 57 131 13 3196 140 4724 425 1174 166 1222 9677 147 32 1645 3251 64 542 3747 101 8360 40 45 7354 50 3964 47 602 18 54 1478 55 1048 409 393 594
47 138 3106 5990 583 2264 3514 1495 5182 54 6930 2208 129 1521 3483 4336 1200 995 484 9054 43 27 1171 1799 517 6684 7 39 85 3142 614 3621 5910 1967 3448 992 2685 1434 90 0 1702 480 2768 84 9768 1 1073 8933 383 225 146 228 8 9732 778 233 625 2902 2 109 2291 69 737 136 25 188 800 1762 3139 3887
30 1610 2076 2385 625 1132 187 4801 256 275 234 184 610 687 162 150 1026 3943 1933 8427 537 602 1904 294 8740 4797 1596 3149 2296 465 6450 1674 8480 432 2091 2014 154 3970 756 183 128 2298 75 4532 2733 1077
95 5442 742 7081 5390 3995 2670 1575 1863 929 5516 8243 2820 200 2668 395 6951 652 813 7173 487 344 1112 321 594 3646 313 3227 2437 670 240 277 9271 4238 6270 1431 1113 119 1635 631 53 2894 713 963 2852 2232 2017 5269 7585
78 1502 1597 2282 2579 2198 1714 4994 611 443 1643 7895 87 859 391 9832 8116 4350 285 48 168 1613 961 1591 8802 2162 261 183 909 680 2523 4421 1801 5558 59 7307 67 454 9888 3706 117 245 4130 210 171 1601 2981 587 186 37 6744 154 292 105 352 318 1913 396 654 850 355 1951 797
17 6049 3923 4607 731 665 1554 6378 879 4343 510 8015 5404 3977 1270 356 5893 4167 2145 9470 8 583 5 7 4813 4335 5278 9 0 28 2 1420 3306 3912 199 5218 2342 2232 238 9351 561 4 435 107 1030 3540 2033 49 694 2809 763 1429 1185 1743 19 14 4443 3243 1498 3021 948 11 7488 8152 418 1330 461 5108
37 968 176 1089 0 3097 252 5862 126 19 410 356 120 1737 166 155 371 5 41 184 54 114 524 158 681 56 395 30 859 61 1 7 2612 82 2073 332 6 60 48 36 236 2444 6577 2430 25 50 152 42 198 31 40 4864 88 2 49 8702 1343 1482 2147 175 594 69 647 1027 587 146 5084 27
82 126 155 494 3457 252 426 7677 2282 1734 999 841 339 52 54 2967 73 484 2717 30 125 1937 271 247 1300 225 1606 7253 80 2047 235 137 60 3471 112 146 128 6656 163 161 3493 496 7975 3097 8643 1628 5472 536 4018 1665 136 6029 516 978 1274 341 43 158 360 451 2433 1671
72 1384 2433 948 2859 5038 477 2094 1215 9359 1558 785 1 1758 8184 9613 261 475 1566 3016 8629 7797 1190 388 750 2313 7589 8 543 1360 515 1478 1509 1353 6094 4630 9 9478 1621 2029 755 3231 174 502 415
1 3198 176 199 869 485 1089 0 61 404 1572 126 5367 65 5 19 15 17 14 4 7 63 6 8734 37 1 2 30 88 26 252 549 159 110 1388 2572 4589 27 180 1679 1597 28 3 120 22 253 123 377 1440 4040 72 52 684 2902 596 8 940 946 55 11 9 7292 1632 280 815 85 1468 57 41 251 21 9030 74 164
65 1679 432 166 69 410 1385 97 72 73 4403 59 9572 38 2431 1491 4978 117 604 1017 841 1628 135 103 178 46 3582 1476 6913 390 3378 429 20 734 1336 8901 646 3689 941 42 277 13 434 41 56 2200 1623 132 1732 1004 1921 4791 5720 44 2837 217 568 206
35 1186 6137 4710 277 6962 3011 8030 675 3983 1607 4410 1883 653 444 8973 344 4358 108 4435 128 89 594 1494 1150 2239 5552 975 190 6012 103 738 259 54 1074 1378 4615 385 1151 3303 62
62 7624 138 155 919 9502 236 117 2616 120 27 6379 69 1826 3428 2076 16 5 2521 28 583 2 4413 662 7966 3270 495 245 8 1122 7454 4982 5887 61 2106 382 14 1881 3052 309 5876 1591 2858 3363 348 5626 5634 45 1283 17 5395 1117 195 2116 9 1012 2698 2143 1161 3858 3345 3870 209 79 31 982 111 404 56 33 74 87 672 3927 118 3044 2423 5931 700 356 1173 176 1310
74 5526 199 2848 9543 19 2 2274 21 28 5 6097 65 11 8938 15 37 1332 992 5011 3759 4 3502 14 9 12 10 1447 13 621 1401 4597 4429 243 102 2735 4609 316 268 8365 7774 8 38 1979 1807 96 145 443 149 342 446 83 1210 8875 66 377 880 79 2427 968 5621 109 5484 1038 126 0 501 9246
92 1714 1958 57 356 1583 9138 45 107 3097 316 121 166 24 1799 74 1434 97 595 41 132 2067 106 659 7776 715 16 8801 1862 299 49 206 451 210 1334 3299 1673 144 789 611 235 161 71 7373 7977 6166 346 81 2572 142 255 304 47 80 108 216 815 2385 8948 179 75 2298 549 176
80 2060 1572 316 197 145 686 6337 148 3923 8454 2 6057 309 3708 95 426 5209 2198 28 2614 1065 1256 5 137 81 3166 4 971 14 3 496 9947 782 1862 5124 252 1911 726 75 15 61 641 1012 4241 101 2063 88 3281 1454 0 1386 1 990 147 287 94 3089 4942 8 8040 37 280 9 155 27 968 138
60 107 123 15 229 1131 1799 25 122 1513 235 106 84 310 4413 88 238 2573 95 43 3319 3455 409 1927 5616 216 39 219 297 231 111 75 101 3839 3126 85 951 40 747 130 6848 1017 2526 4373 65 4247
20 1290 5526 709 3198 2153 2591 1052 4 3497 2 8 148 11 107 15 3172 199 4171 7347 176 35 1638 8454 22 37 3441 12 3483 2659 26 249 2930 7048 10 62 0 20 6 19 9 7 13 4225 14 119 4688 3 9519 21 1771 206 1 125 595 18 75 6373 36 907 7081 1168 4067 24 102 41 1412 57 140 632 2298 442 1225 3286 5514
49 1671 8450 4613 3923 37 7 21 3 1604 22 13 69 316 29 1122 5895 96 1065 9957 7709 61 1440 566 166 3332 1452 74 9713 199 4164 1334 138 212 763 7718 309 2238 5221 301 102 110 7970 641 6059 94 272 6644 3190 186 7537 2148 1325 5158 92 969 18 59 375 8 454 388 8315 26 350 176 996 2120 829
41 900 1173 554 1679 2076 121 4142 197 389 665 382 97 28 7 3884 37 268 625 4364 549 0 117 1 6 476 3135 329 1408 229 205 9039 516 44 4728 253 2147 371 166 25 5724 50 156 1723 12 104 204 1168 1877 1321 214 7878 4858 1756 2140 1262 9678 299 611 1287 157 4308 3790 2504 6565 1626 910 1497 2258 2079 784 5862 3248 5659
79 485 121 57 8 6 140 0 87 119 372 97 52 206 782 476 98 238 1 2983 156 157 112 538 71 16 1959 410 51 256 5069 24 53 81 159 115 45 66 484 80 500 130 146 36 4281 1762 8271
89 1495 867 5350 9514 268 6087 348 1896 8978 2019 726 545 3137 30 1757 4618 596 14 267 110 50 1601 41 636 424 139 17 4537 3526 48 161 1134 625 233 594 436 841 240 245 646 4962 8790 26 218 79 2377 40 210 2120 914 7548 88 943 3024 583 1008 2941 1172 189 9657 74 4122 330 93 107 532
23 252 671 3700 56 1412 152 482 42 7658 1429 58 2169 138 131 70 572 32 3839 86 1981 1506 253 95 4864 66 343 172 122 3284 2142 243 5336 536 195 881 1959 275 264 126 6644 1351 273 6335 8138 361 160 426 1972 230 2692 462 1450 746 228 1277 702 3525 345 310 7607 1686 207 4171
81 355 138 63 5091 4281 7234 1627 300 253 95 554 662 727 829 156 8094 764 432 1750 59 173 1017 25 3631 363 31 147 282 85 1564 167 861 978 76 803 68 19 345 259 42 5 46 40 9039 131 113 3441 273 325
61 121 63 468 193 566 815 2976 7672 444 408 5751 221 20 69 362 213 105 625 1137 266 1227 374 385 215 6467 342 1546 230 135 984 1754 2114 7433 89 9294 2649 351 26 323 2592 55 211 208 3624 349 795 5882
6 1310 1334 176 859 1184 0 20 19 145 13 37 21 65 12 17 442 78 112 41 1 38 1476 7 10 280 40 18 6 44 31 585 30 50 82 72 1122 25 83 172 164 110 95 137 46 86 332 122 2196 2431 684 197 1070
0 236 155 120 27 309 720 1137 36 288 146 104 54 96 756 91 742 186 122 398 8549 3652 2849 110 935 5046 1227 8381 2268 1494 51 4738 137 1368 3045 8461 7707 422 2556 4479 1808 5469 478 116 397 3022 2020 279
31 16 549 27 3 5 199 554 253 2 58 8 1065 268 197 4 102 1106 96 0 11 1734 653 14 20 26 56 19 73 301 2504 17 9 3676 70 37 4397 881 18 1052 138 7454 280 1783 42 3008 55 915 735 105 125 4487 273 6141 316 6 211 74 2360 12 356 1 54 249 2185 408 126 621 867 797
52 1153 310 4277 1186 6376 6514 1096 1012 1417 3999 1950 4025 5175 1088 2275 244 868 861 162 1469 2886 2585 2327 33 6180 593 255 239 106 4611 300 1862 418 2512 65 765 5804 525 455 2948 6161 7768
73 1495 69 8528 2244 3826 2857 6188 776 1307 112 1611 703 1128 7218 131 149 8156 4320 52 1114 1562 1122 7798 1232 2703 1195 250 320 619 333 1386 1106 4726 1494 1558 6735 8438 66 5627 597 4524 2869 6589 9794 156 98 1472 1571 41 2201 3824 1484 1251 515 1311 3403 3357 6518 1277 103 6327
36 751 1783 7069 301 5329 4662 1936 434 149 403 3718 1702 252 9521 733 585 967 712 9562 5 4919 163 280 1528 469 406 396 1351 4984 2180 59 1151 9246 3996 137 1966 1508 1404 697 2979 998 3003 549 422 27 1481 1117 94 120 2810 2114 2097 1797 4156 2492 410
91 3244 2492 663 2685 5659 1691 2972 8 2020 9127 455 5850 825 1119 210 4370 5 3003 647 1227 4581 644 4289 211 97 4962 7167 184 7607 14 2033 1091 374 5275 421 948 27 869 962 1746 3066 680 3229 654 5664 7913 414 1221 148 113 670 998 338 692 4081 425 1437 833
53 1077 74 1434 1495 679 6126 7712 38 110 70 1408 6035 3102 5150 927 138 8660 1296 1171 6092 1894 73 873 118 4525 1704 3358 999 243 325 92 382 9551 1958 9225 4478 6051 800 1571 3054 231 171 246 216 1721 7862 583 195 4977 151 3038 8309 32 62 3395 1294 2538 289 7986 7291 534 3215 398 89 1985 6655 154 71 2218 1866 9542 43 1483 803 3243 176 968
24 2060 708 977 236 27 725 900 6698 8450 74 426 621 1334 6138 82 5333 6238 7086 6347 3483 3046 3706 2168 940 542 7373 1151 184 30 16 8139 1930 2444 80 84 679 139 2136 9335 1195 73 104 8 42 1321 53 1119 1584 1152 91 285 451 948 271 382 5643 56 204 1793 175 1174 769 128 612 138 231 388 1284 873 1629 1184 3447 115 305 108 78 871 2187 1011 3563 185 7 1572 54 33 339 3455 1173
14 224 708 9559 2205 5850 185 4594 6979 7 3239 1097 3182 196 3398 5721 709 825 245 49 143 291 450 0 102 2126 1104 33 1807 362 680 104 343 482 7155 1902 456 992 385 8168 153 742 186 5222 1477 207 749 7147 1324 3046 404 355
70 176 253 410 2973 545 44 73 90 59 54 240 1113 42 298 666 46 48 577 367 248 840 626 984 1491 378 2090 36 147 7303 459 162 5580 384 83 203 2609 226 2634
34 2153 6604 2713 3 4 27 121 9894 2 58 18 14 16 138 17 10 11 63 4977 268 8 1575 178 1809 4895 9 5 3441 19 35 20 52 26 15 391 23 120 73 224 1106 164 681 1077 6523 305 9346 429 1665 137 96 77 8044 442 2248 653 1446 2707 1263 1921 1524 55 333 2955 79 64 2593 1612
32 709 138 797 5921 2486 4364 2841 5051 2402 10 3110 968 184 74 1200 20 12 60 2 11 197 3 25 2076 1315 34 5448 176 3160 56 18 84 83 38 13 131 3053 426 339 2825 1597 1412 119 9 231 624 21 120 35 632 782 31 8 3489 663 2819 43 23 162 2526 4157 619 2659 3398 728 69 8993 625 331 321 1725 7 2700 4460 1780 7708 3470 3458 900 995 1031 1604 859 1334 554
66 6656 1413 524 7325 3142 49 3477 1951 187 114 36 119 101 457 885 2509 132 8 5902 684 3676 14 1128 0 2922 1988 2653 2852 8688 976 45 4482 2491 7162 138 1087 636 5834 307 1793 6131 1979 4040 947 3041 2 288 574 1156 3257 485 1564 1042 549 7674
21 1482 7242 797 176 74 3158 2264 27 5985 19 5482 5554 5 21 138 494 15 3 37 1089 1152 69 199 103 2 389 11 14 63 10 1350 17 325 236 4 2848 41 249 34 16 96 38 252 22 737 3600 83 79 28 84 107 26 71 110 23 1610 1 0 7 82 18 33 3880 6115 878
68 62 1888 468 2112 1428 2216 7850 372 2487 517 424 7584 1395 5667 4226 112 170 4919 84 604 40 76 1320 487 279 5350 612 4347 63 715 6163 509 3591 194 1078 647 1436 324 461 156 8241 8466 250 426 887 397 25 8911 1669 9360 98 314 2152 2837 2262 4724 134 313 554
97 4142 69 5381 6102 5276 0 2889 138 65 6 290 4301 329 78 914 121 21 9691 8 84 1395 4 126 22 426 2 19 15 4266 120 671 1200 3 9630 90 103 1434 197 1 815 27 12 6379 9 72 7 10 285 14 5 63 29 2653 62 86 879 28 3441 18 79 13 624 148 30 100 1881 267 114 1868 36 50 375 6082 2614
33 3097 482 138 1917 120 5150 9933 63 1954 69 1384 961 3600 6 8751 2274 432 1114 9896 2291 4953 2521 3514 299 5754 4820 92 9572 22 681 995 1583 609 599 2848 2214 57 6539 3248 9 158 4172 2 32 598 267 193 3119 3639 3053 5395 8488 2717 31 2116 7387 1376 659 2374 107 298 8 503 7437 596 2348 973 80 87 176 55 47 1365 1667 8853 377 0 4 2425 48 7 990 24 180 1900 1128 2313
98 3097 0 139 120 236 2 62 2148 8 11 27 410 121 229 1 4 12 19 65 9 18 14 915 6 797 20 15 5394 44 58 2039 927 2478 38 69 63 72 7347 41 10 329 28 23 82 26 7753 5 16 17 6201 1736 3 7173 5350 55 52 7 157 249 198 56 285 224 24 35 114 303 355 725
93 1951 549 915 750 2285 2205 597 845 122 866 1736 1948 164 6137 871 3586 2073 5041 85 4219 185 4070 1098 555 616 108 327 276 128 9040 1010 353 244 201 632 3535 60 1103 2739 3730 4273
58 850 720 1 6379 5838 0 4417 1284 1521 3514 666 6756 3131 7279 1228 4672 1149 1627 1768 8076 4133 520 3516 289 3773 396 1534 128 254 550 8430 5312 434 144 909 95 4667 468 2300 7460 4493 513 1132 294 4596 1813 1007 6
12 5 554 1502 1591 1310 731 121 3 1077 62 2 120 27 138 14 2371 26 22 632 8 9 0 4 19 155 23 35 595 878 135 126 11 29 624 6 139 224 13 88 7 32 56 36 42 20 65 1 3483 16 21 10 114 15 69 5634 7929 4500 28 12 18 1263 4514 4977 38 290 176 2153
90 138 1384 2371 2899 184 5 14 3457 27 331 63 23 9054 686 655 28 19 120 135 4551 155 72 55 20 679 88 42 330 158 3977 638 4829 90 646 38 30 896 210 1189 4329 372 139 424 6160 32 3299 1110 34 83 218 49 25 907 33 48 118 92 2169 300 1016 425 1052 1260 519 2322 449 1704 198 751 1256
2 27 8 0 17 28 2 62 16 7 4 3 2264 14 3774 1 6 21 18 69 11 65 44 940 485 22 35 24 23 148 45 9 3244 15 252 751 120 58 102 103 1756 329 70 33 32 637 5659 132 1524 54 1352 78 96 4063 155 3706 3199 139 1604 346 178 92 390 2741 4859 90 1437 867 2296 152 3818 5661
76 900 3992 3849 867 2060 869 6402 155 8095 404 126 549 121 63 148 19 0 166 3182 27 28 24 6 5 4 184 2 3279 22 7 1 65 236 14 30 145 372 199 3 4364 16 17 2177 11 8 107 21 3408 157 6288 112 5313 15 2168 114 999 164 389 1344 332 3379 13 9 37 62 371 35 10 542 88 12 50 152 957 47 104 138
4 3654 993 3056 2143 8518 7287 2706 7313 908 1257 3946 4157 641 1956 2413 9290 891 4725 862 308 433 5196 3860 3751 8401 2195 258 9493 2460 3404 488
27 1954 164 2780 28 3 17 176 5 107 15 23 184 8761 20 139 11 57 5295 14 6668 552 27 24 16 899 37 34 299 35 482 443 45 82 4510 40 849 53 679 25 1412 1365 389 119 331 487 7753 47 524 300 574 1522 151 122 4962 228 22 1117 77 395 2296 909 157 343 739 8215 2 919 2889 138
77 5848 1593 2258 3884 2533 330 720 31 144 8733 5872 513 2942 3603 103 2378 6961 75 403 95 118 135 4959 1258 82 1577 68 92 4430 5817 631 1883 599 402 1599 90 1638 1352 1300 59 271 305 499 183 52 2657 244
8 484 158 1287 13 290 12 121 58 178 5515 56 4703 2608 3517 3692 5247 38 4864 2158 2140 2960 1290 216 10 54 7269 3302 1735 411 436 3747 135 50 8819 6837 35 901 4525 1189 735 3179 5011 2171 62 261 268 1581 9356 83 23 212 187 2430 32 1134 102 18 96 240 1292 8149 3961
3 3097 907 725 1549 32 1456 447 2840 7924 2191 364 4361 77 1772 2696 2992 256 459 896 809 4009 2738 5286 5582 5803 5519 768 78 3160 1362 3659 3478 141 293 35 1370 899 551 6702 6284 8295 3025 3444 9710
18 355 879 389 4102 37 267 204 229 7984 161 8 138 8703 9 1052 646 1546 1222 3410 647 157 3158 3053 4089 546 3983 245 339 123 910 6756 365 421 273 231 1292 613 615 2416 3121 1298 803 66 57 598 6058 742 836 524 609 253 43 189 6787 40 1019 162 720 335 97 77 122 7557 1604 1256 1001 7593
55 900 1502 1263 126 3774 6887 8 3244 155 909 1495 107 869 485 1737 57 1184 45 24 1270 867 117 161 65 15 11 725 1151 146 80 88 5 747 14 662 6 3 21 468 609 19 2112 27 2 63 33 0 30 17 348 115 404 152 28 199 37 316 1434 176 410 166 121 187 55 957 650 7 637 3008 13 681 7293 9 1089 5603 4148 193 1587 20 10 1 2651 145 53 189 443 342
