100
96 715 737 2003 609 249 2088 1339 2818 131 229 224 455 2240 301 442 149 1862 1361 267 308 199 189 6376 542 504 163 10 126 127 1001 106 22 201 4914 65 15 81 0 56 193 17 391 82 2164 63 1429 11 296 593 58 824 33 19
48 1312 1809 3684 4799 2825 4247 1554 1593 4497 751 211 300 8334 2249 7384 5728 1283 1344 1510 330 5843 227 55 665 8355 7569 1575 2920 4157 990 1384 3692 164 1601 348 4672 252 147 545 274 619 2905 2325 583 48 30 2593 2041 703 2955 198 6227 461 39 19 335 285 68 2372 404 122 841 745 6 968 2740 3359 31 3082 356 146 4618 218 513 114
8 484 1287 126 1735 6837 4554 3179 7250 4517 3747 19 415 3302 5311 252 187 65 41 290 4334 2960 75 546 5011 240 72 2308 594 112 323 1590 261 831 1632 6649 193 385 56 301 212 40 13 4152 1292 7597 2226 32 9903 26 37 1327 216 545 231 2253 1734
57 1506 6979 126 484 19 3975 196 422 375 20 2700 5801 448 335 7546 30 3807 2683 5 3613 6616 4618 2134 53 43 3831 110 197 7918 118 1017 480 268 224 2759 1442 50 2634 968 8672 9311 4099 429 2348 962 135 1497 26 218 114 1336 158 9678 8272 2147 57 349 402 18 404 101 212 671 2120 1334 797 708 1572
23 3839 3700 1429 2198 56 6644 1981 2579 671 86 35 4994 881 252 250 8802 5336 42 172 536 572 1412 67 47 3525 866 70 345 1351 361 462 3066 885 66 230 228 1450 1686 3 2509 4 10 426 645 253 678 84 6238 243 482 121 126
92 45 715 9138 7977 316 1583 2067 3299 8801 7776 8948 1958 1862 1714 255 451 97 304 356 1673 2572 595 1541 235 459 142 24 210 2298 179 216 57 106 6166 169 166 152 206 299 1799 49 144 121 130 7924 161 193 7373 248 698 611 2191 1334 107 1434 293 549 2385 17 815 3097 1387
89 5350 726 424 1495 867 545 7548 2019 1896 4962 4618 1172 1954 436 8978 596 636 233 1134 2120 1757 2377 943 1008 1480 1340 5175 189 272 161 240 2480 267 3526 9657 3024 3137 1734 1020 268 4048 2941 66 218 625 8244 2182 51 145 3470 594 187 3883 53 38 1431 4971 11 110 372 19 5241 230 164 1513 155
66 6656 524 1413 7325 3477 457 1951 49 684 65 6131 1087 2922 5834 2852 976 1407 636 4482 1979 136 1793 307 1156 3041 485 59 2049 146 3572 414 1677 358 3257 42 356 549 3659 1541 110 1424 600 7437 6946 2185 7674
4 862 3946 637 941 5196 1257 3404 3646 3227 993 1582 7313 3860 4157 8401 514 5774 1431 192 9290 239 2437 1268 2460 9493 2436 136 2232 6058 488 180 1204 28 849
56 5276 1840 8702 3057 8402 7499 948 2451 707 4452 1194 196 3014 1697 2943 3756 9915 3006 5566 8114 2810 181 370 325 1287 211 3796 1600 160 880 789 481 154 274 2044 21 825 1936 868 804 2264 1457 223 1871 597 31 82 3698 5472 3631 2858 537 242 7815 2746 1581
13 9 567 240 1438 2464 6558 36 2664 1190 117 3943 6480 93 1540 1988 7474 33 503 341 1123 1828 3648 1370 38 7316 31 3494 8250 2590 1642 28 63 267 120
64 9305 1005 3032 6769 9584 1283 784 962 6767 2705 1737 1930 157 3211 296 542 969 126 100 42 7837 4 255 37 336 465 265 18 170 46 408 32 977 399 168 829 458 5055 505 45 181 2145 379 2238 1108 1177 1989 193 2177 5091 1384 2433 176
60 1131 235 122 1756 52 1799 106 3319 3839 951 3126 219 130 101 65 409 54 229 5616 1927 1161 4373 297 49 22 198 9271 70 350 113 6848 2169 78 758 4021 66 23 39 110 747 212 1607 58 69
7 659 459 102 229 4848 2 2768 4023 303 12 288 46 58 2169 184 35 2744 1447 1189 1762 3600 195 51 124 1452 55 47 139 1985 9225 1315 611 999 316 130 157 145 1754 63 7 6 66 40 15 1805 275 2205 32 1496 992 1 250 198 187 253 5429 410 725
85 187 355 524 1398 1756 88 938 193 2432 1137 3224 139 274 166 656 626 1170 1292 3400 2013 544 29 2397 1344 9723 615 2052 475 836 1052 970 338 2667 211 719 3456 1135 1158 24 68 422 25 28 384 6135
39 1930 2889 439 5381 1251 2523 728 2383 2138 979 1369 646 1395 1671 4302 747 9611 7104 2688 3182 6234 1171 102 5546 4388 8334 7048 280 5921 5895 896 1667 4768 1546 2503 3053 301 3121 546 4089 2416 797 207 1520 119 5480 836 50 162 1019 6058 46 3983 1292 686 88 62 3623 977 335 608 33 6756 1001 40 1481 34 48 750 417 742 6256 566 524 5391 583 968 138
63 3248 2359 2683 5448 2158 900 6481 8402 1054 4364 4336 3642 2371 976 971 8543 1123 4605 1303 3423 15 3349 8947 5779 1283 267 7492 1349 929 2378 660 171 1104 32 285 10 4880 205 4801 709 51 1554 370 1869 3100 5063 6383 102 1397 5 54 4259 1640 506 65 762 80 468 1495
33 8751 3600 9933 5754 5150 4820 1954 9896 3248 3514 4953 2274 299 1917 2848 995 9572 609 4172 432 2521 1583 6539 2291 503 482 102 7387 1667 8853 3097 298 82 598 1184 377 2717 3119 4040 285 92 990 8488 87 69 267 2348 1128 679 145 51 3639 9 180 395 2492 480 32 4676 48 284 3741 812 96 228 1529 2313 187 89 161 333 2849 222 634 4510 18 5395 5434 61 2555 28 1224 86 6656
6 30 859 585 75 112 86 1334 1476 137 50 684 2196 2431 12 1310 40 280 13 401 122 95 1184 31 172 108 100 120 176 145 44 46 498 346 391 78 98 83 38 41 72 632 170 20 442 22 18 19
50 919 1482 2292 817 859 2513 2941 148 69 303 1599 233 485 3443 76 158 31 85 6755 885 33 415 61 6 5490 322 240 28 4659 4995 57 210 1376 3069 4096 251 5597 4242 414 17 83 5 15 1091 0 211 8311 4623 139 900
42 1263 1656 708 5973 1643 6092 5860 1522 935 843 1789 9517 2659 1369 665 7360 4568 224 39 56 285 211 8654 4288 9701 119 1184 441 9749 1281 331 284 487 5522 294 2076 1611 274 1771 669 1729 2325 1449 332 800 1387 4537 3585 5011 118 2141 432 4742 7854 170 41 486 817 0 1330 162 795 204 29 1778 2444 69 23 2688 1384 197 1495
97 2889 4301 1395 69 6379 6082 9691 375 1807 426 1200 86 59 5381 1881 1478 9630 2653 3858 4266 79 2492 1591 363 6102 329 173 5276 12 4142 3397 46 480 5712 735 80 1095 3441 734 6 983 1258 3231 267 1112 78 497 36 178 335 20 7155 7176 671 290 700 43 145 559 1434 132 249 585 624 396 707 168
76 3992 6402 2060 867 900 8095 3182 3279 2844 3849 869 4364 6288 2168 5313 1344 681 3408 549 382 511 552 8635 2717 3470 3398 166 157 2614 3060 145 104 112 86 2504 880 88 3069 737 484 455 495 47 3887 203 207 121 5615 4741 517 236 371 63 50 255 4221 372 6392 1604 1160 155 6174 253 659 148 968 66 389 2708 285 1005 1836 325 114 519 8380 71 1476 4530 79 7559 9317 267 73 4881 199 204 563 9351 117 30 301 542 1771 27 107
58 850 720 6379 1597 859 1284 4133 3773 3131 144 5838 254 510 2076 909 1132 1334 375 128 1228 4596 7460 396 4390 97 785 4667 1813 2955 244 2726 1723 4493 2873 4539 655 245 1007 6571 6082 7 550 2319 56 2986 66 608 4885 17 2619 5312 468 716 604 82
25 1667 161 8243 3398 425 2106 4724 1174 9677 1524 301 3747 3196 82 69 542 3964 101 1645 3251 147 4397 64 2582 280 1048 9 390 164 40 199 4100 8489 594 2587 1478 49 73 733 22 20 18 3319 72 807 107 2790 952 44 8360 55 140 19 1 56 2175 1126 157
37 395 1089 410 968 4864 5862 30 524 2430 2073 681 6577 647 2147 8702 1737 2444 48 594 56 1343 1222 166 587 2612 252 175 60 5084 4310 653 36 8044 2248 228 50 859 2787 1027 6523 198 3097 585 1508 2453 371 41 356 1921 1080 4347 137 235 6762 54 1233 49 114 0 40 1269 146 3869 385 19 4619 88 2688 734 1482 184
51 9365 5501 2818 3046 725 2826 197 5603 121 3923 28 371 6877 5 1387 9 45 2148 1826 21 18 977 12 2 22 0 117 1491 6 61 738 5659 63 51 74 24 198 23 178 72 2425 27 1224 329 8 34 10 910 17 268 1692 9213 749 510 4 7 95 64 6237 623 4946 280
99 175 2478 3110 199 7234 4258 15 686 5851 8270 503 173 39 9447 1541 119 3057 62 454 4869 33 1437 609 1954 1334 69 8044 14 166 1274 38 1023 482 168 1702 2918 1648 539 81 1352 116 3304 139 5160 238 6402 228 1688 275 1612 36 891 61 742 666 101 153 20 138 867 3849 583
41 382 1408 476 1679 516 1173 665 3884 3135 4728 9039 4364 549 1168 97 5724 6565 181 625 3790 554 1287 2504 910 3866 389 104 7013 611 4858 650 205 121 4525 1723 634 2076 6265 2492 1321 52 208 1174 76 1626 4142 1756 5982 638 979 253 82 627 4942 21 10 716 157 229 123 268 2836 5038 296 168 300 329 900 197
32 824 2841 34 5448 6915 7708 3160 632 83 2526 4460 60 2402 5051 1200 709 4364 1031 6045 995 1780 8993 2700 728 231 6785 2819 4157 162 339 56 3053 22 2825 619 1315 1725 426 116 3110 122 7013 52 3489 321 2486 119 5483 2965 1008 5136 797 2045 3458 975 307 830 552 663 782 1558 957 520 184 5921 999 625 186 882 1702 2659 4048 1884 197 624 35 331 1412 857 138
27 443 849 1522 4962 5295 34 8761 7753 1117 2780 299 47 552 2116 348 164 6668 646 122 1954 901 1221 40 53 2171 899 4510 919 228 1476 151 2296 855 119 8438 417 395 411 4978 1365 3582 331 739 300 523 909 524 4403 172 2020 409 377 184 626 1732 5313 679 1718 2200 815 133 1412 2231 2180 35 7033 50 8080 10 2889 121 176
21 5554 398 3880 389 7242 1152 3158 737 6115 2264 233 5985 325 1513 79 310 3262 1350 74 845 5482 1482 134 2848 494 469 96 878 1089 119 749 103 2573 249 4413 850 37 386 1332 342 99 1610 595 207 1888 797 1271 83 71 1859 27 597 393 3455 2285 538 7382 47 598 86 1260 403 236 13 515 0 1098 632 1222 977 1554 176 5661 4247
36 751 1783 1528 406 712 301 396 158 3996 998 9521 163 1151 4919 9246 733 1481 2979 88 1404 94 9562 697 1412 4984 7 1797 3003 2493 2810 324 3405 989 4804 164 3 5001 26 4889 1212 496 5 97 56 716 3053 859
91 2492 3244 5659 1691 663 4370 9127 455 1119 2685 825 4962 3003 4581 7167 647 1227 4289 473 339 97 7607 3229 5275 654 1746 421 9167 1142 164 4575 948 499 6405 193 1221 534 7913 998 338 2152 7135 1762 6795 114 1688 619 2873 74 306 115 833 5664 4148 69
71 4656 3424 2591 3684 2684 728 523 439 2212 1721 36 5195 4881 1272 1671 6018 7600 252 2477 150 1568 4131 5447 4044 2304 8019 8334 546 655 143 327 446 2000 29 445 5329 355 2099 350 1 1607 67 659 2972 9906 2840 4361 5850 6668 66 651 859 4221 2513 2992 1772 903 4632 3141 148
98 7753 915 2148 2478 7347 2039 5350 410 7173 1161 927 6201 434 4040 5394 157 1450 1006 1736 236 55 6628 1090 40 329 62 3097 9 121 229 249 175 2008 707 4157 5130 2246 5084 641 1207 224 43 9155 137 374 341 52 198 3065 303 44 1487 56 7022 38 377 58 797 235 20 1319 1 106 80 9782 285 41 3564 120
2 27 3199 3774 1 24 7 35 45 1437 1524 2 85 940 5659 33 44 94 132 70 264 485 221 14 148 1352 2264 62 4859 362 214 9 238 346 69 28 4063 6 32 8528 102 2296 751 65 390 2981 179 929 17 58 178 156 805 867 454 96 329 90 8 1591 3244 1495 1502
54 451 243 1001 62 1489 2612 928 161 636 2316 40 115 330 180 48 288 193 178 663 509 77 69 624 566 954 61 7 198 2816 489 37 830 793 76 5020 80 4837 1099 204 417 6 6572 90 773 32 34 55 35 393
24 104 725 1629 2060 8450 3706 977 1174 426 3483 940 7086 27 1793 1151 621 5333 6335 769 236 2956 8139 612 1321 1930 3563 9335 2444 871 128 2168 680 2214 6138 80 305 375 542 6347 1011 1385 3447 1334 382 6698 175 105 7373 3046 9947 3455 73 188 269 2692 708 1173 948 2187 1584 5643 1900 644 1972 284 203 91 88 451 764 388 873 1911 4672 1572 231 1454 147 1284 271 8138 681 103 1376 184 290 120 404
87 949 909 679 2334 1073 2509 3069 2288 5561 6134 2428 789 1041 371 177 717 935 2849 3652 1847 5469 353 5046 62 1273 1180 42 207 2978 115 18 31 92 0 2556 364 422 419 99 651 2076 41 234 397 2492
74 9543 2274 3502 8938 6097 4429 3759 2848 1332 5011 199 5526 621 7774 2735 8365 4597 1807 1979 2427 256 443 316 8875 88 203 2296 5484 501 880 1596 201 1038 8427 50 149 19 117 41 169 2014 431 3943 7518 3149 109 1307 582 4797 268 80 1304 342 3309 446 2356 243 2526 1495 1583
67 3389 36 157 2700 8215 3293 118 3767 7687 3266 1119 511 7537 155 65 574 2148 1225 71 9886 78 400 79 3142 1506 670 1387 3348 1881 3420 37 614 7275 152 52 1 4885 1564 1434 22 7915 3975 487 77 160 343 1521 86 3995 6147 4023 681 57 631 3692 979 746 309 387 308 1290 0 31 3 316 258 9
79 2983 485 238 5069 98 3983 119 291 206 476 87 782 256 4281 1959 897 89 97 500 159 80 115 355 81 57 300 96 157 13 121 152 484 532 9 257 4122 170 351 498 997 140 199 79 344 20 410 279 93 78 102 28
30 2385 4801 1132 625 1610 2076 234 610 1933 27 1026 1904 435 65 687 150 8740 110 432 60 5210 2298 9118 2733 332 3 4325 5914 2091 465 4 532 2853 1188 1906 14 1210 49 10 94 389 1236 2841 252
47 6930 129 3106 995 5182 3514 6684 4336 2264 2208 9732 1200 5910 517 3621 3483 9054 2685 484 1967 1702 29 9768 138 1434 383 54 82 1073 102 21 45 1843 3448 3139 625 1799 545 8933 188 39 5990 3624 140 293 16 133 91 217 17 2413 5497 1171 411 344 1689 225 778 7354 583 236 158 468
55 6887 3774 747 900 909 402 5664 8094 4650 662 189 1737 2651 94 1151 7293 146 1263 88 115 1270 55 126 1223 1587 609 1502 485 161 370 867 957 681 80 443 978 23 24 2112 348 374 10 6809 193 187 414 134 9 342 3244 129 337 1691 1209 208 3008 155 1184 316 725 1065 45 57 117 218 5603 860 459 65 173 4507 1070 1089 869
72 2433 5038 2859 948 1215 1558 785 1758 3395 8629 1190 1360 543 8184 404 1353 7797 750 803 798 515 98 6094 755 502 9478 2029 760 237 2507 4630 4929 388 428 21 261 83 124 2313 476 1384 3046 583
73 3706 2703 3818 3826 596 2857 2244 6188 776 1562 1611 7218 250 7798 1756 1114 320 8156 1128 1122 2201 69 6589 1195 1484 1106 5627 149 1558 637 2869 9794 1311 597 1571 6361 6735 137 140 333 1494 515 3824 98 1251 4923 4524 6327 1442 6518 3403 48 103 1386 9478 109 23 124 107 510
75 392 147 587 257 489 1671 583 165 195 1482 8734 222 1841 69 590 6165 475 7 209 13 9464 325 323 4725 298 873 8 173 557 132 56 112 409 1337 6 679 2 34 9301 170 351 49 28 131 4342 6290
77 135 123 6745 20 0 2533 19 28 3 17 6 26 254 12 7 284 755 48 4959 5817 3884 2 44 235 647 1992 183 403 15 2258 52 212 8733 402 3981 63 8 512 1352 1 33 35
35 413 108 4410 3011 8973 653 829 259 51 975 359 385 1653 31 35 594 444 419 343 738 16 4472 1 4 5552 5 2516 85 503 17 1151 62 7304 431 82
93 1951 549 750 915 107 122 1948 90 160 131 197 128 276 3535 152 555 77 370 201 1103 9040 108 310 34 244 1010 5361 67 44 606 109 23 637 1093 4156 1330 199
83 4178 235 501 6005 7315 2780 227 105 970 365 2654 49 106 319 779 3244 267 589 3033 11 70 2132 3689 549 552 3769 2791 3056 519 871 6913 179 3175 9542 4070 3730 51 9710 4791 59 3406 4 3586 229 1932 2073 329 797 2433
40 907 388 265 2442 4849 972 96 777 151 143 183 1880 231 365 42 1186 160 210 4314 1417 319 154 5616 1697 3915 253 4807 3753 197 6025 329 476 4834 155 81 1088 1012 880 539 994 784 230 64 2005 3999 89 501
5 1173 2614 4089 36 611 621 97 2627 1183 1958 255 422 500 549 240 249 3900 93 29 650 3849 291 566 1283 195 285 6698 439 3109 98 41 1966 496 1277 18 637 149 739 70 1263 298 747 314 96 46 12 145 537 299 180 869 48 286 1184 859 583
53 7712 3102 1434 4525 1408 679 70 3358 7862 110 1296 6092 216 6126 927 3215 74 382 118 1571 9551 6655 231 2538 246 5150 6035 1866 7291 1704 1077 7791 6051 2218 8660 52 7986 73 534 2094 243 289 873 398 151 3054 1958 3243 800 1894 325 8309 1510 1207 38 4478 3016 6630 4977 9359 1313 1721 9613 1097 1590 92 807 302 2114 3 4371 9542 9294 138 1495
49 4613 8450 7709 5895 9957 1671 566 1065 3332 316 1440 7718 3923 4164 763 9713 1122 6059 5221 1604 94 1452 5158 2238 212 7537 68 114 1186 3190 186 969 1506 7970 8315 171 454 6137 996 19 2 1325 1883 12 277 32 2148 92 6962 388 4710 165 60 69 7 2371 231 8030 113 675 6644 4018
18 879 4102 267 8703 204 3410 355 3158 161 1604 26 189 609 157 229 231 129 123 6787 7593 615 7984 598 97 365 114 1973 389 454 720 253 66 346 3751 68 245 257 701 1256 982 7557 1 1082 2651 3813 273 628 450 159 221 92 526 139 120
61 7672 2976 5751 566 121 408 444 63 266 81 213 815 1227 105 468 215 103 230 984 351 2769 31 275 6467 2430 2649 7433 2592 625 254 369 1218 199 16 536 342 2552 3624 5853 1171 84 107 2014 530 1754 5882 404
34 6604 9894 4977 2713 1809 1575 4895 58 171 178 1524 121 1665 429 4417 3441 1106 926 391 333 32 1324 224 268 3514 216 1891 2153 35 7279 77 79 8076 1 735 73 680 1263 9346 305 444 91 1627 8430 38 1446 3516 672 2300 1077 1768 18 3140 62 6756 1372 96 2196 1942 190 1521 9467 3248
86 7 5 1861 27 211 1468 9514 310 348 227 34 538 100 178 599 1294 76 67 3 879 112 35 156 68 47 72 90 6087 271 58 510 277 1601 1017 1 2374 4 4537 7584 245 1114 50 345 8790 1153 961 5773 303 900
10 5926 1667 1737 3071 2848 1707 3477 2871 513 4978 9086 1506 123 2905 4317 957 4985 850 859 638 1524 739 410 7959 624 824 1483 135 20 198 495 61 290 2872 125 9053 32 145 4430 5268 2088 80 468 681 841 59 598 3890 2169 4090 68 43 39 34 789 346 4266 47 265 245 1771 37 849 1927 268 101 185 36 2692 914 1005
17 6378 665 6049 1554 879 3923 4607 9470 510 1270 4343 4167 5278 3977 1420 5404 4335 1030 561 731 2232 2145 3306 1498 8015 2033 4807 5893 2809 3540 9351 8152 3021 273 7488 4443 92 3243 948 2342 318 547 210 418 5218 694 2072 3274 247 1077 1743 5558 3735 3904 1971 2067 1185 31 40 1436 3532 797 968 2889
43 1876 1128 1274 1988 16 87 6045 5 2480 1068 7589 108 234 2473 4838 5689 6258 664 174 810 257 9 631 1548 256 6423 2135 152 75 1931 28 2025 3025 1993 2844 472 164 63
94 4857 5909 2329 3398 7971 1360 812 645 4657 1140 151 225 544 103 590 8103 7062 91 757 1942 421 318 4271 180 488 130 1142 4850 3428 980 686 1544 9793 1096 524 1790 2120
14 9559 6979 4594 224 5850 5721 3182 185 362 196 709 650 825 121 1104 708 749 450 104 2126 4801 8 89 992 1902 343 475 456 7147 49 143 45 742 706 90 461 349 152 320 1811 3759 6281 34 8168 5404 1576 2614
82 7677 2282 494 2717 126 2967 339 1300 426 3142 999 841 247 3493 3457 484 155 1606 1734 496 96 3471 6656 7975 1628 128 1665 54 73 161 7253 2047 199 125 3205 360 252 139 1759 5472 1274 1983 578 225 52 1937 6029 516 9722 3323 152 26 1546 2908 158 3097 263 13 8643 958 2739 135 1671
69 356 3561 72 4834 0 107 2616 2359 501 1593 504 83 2864 3059 22 24 309 16 3520 1446 626 751 74 3 166 4828 1119 394 358 211 2919 778 907 55 1 9 1107 5253 127 7816 48 27 199 249 6543 96 73 162 63 519 3369 4436 172
1 5367 3198 4589 2572 4040 1440 4703 7292 485 684 159 2902 3912 1089 7269 251 377 5247 1468 4525 5515 1679 396 398 869 549 288 596 123 940 946 1388 2158 9030 55 61 4864 1572 199 253 180 88 257 280 436 435 615 735 1333 2140 815 178 425 110 9356 85 1134 3961 281 2908 1189 238 1581 135 1290 347 158 8734 742 1597 404 176
0 720 1137 236 756 9 309 104 38 8549 146 128 91 5278 10 4738 82 6052 568 3045 3580 155 8949 1 4227 96 327 1808 4313 137 2268 538 1009 1368 196 1422 1512 2108 2736 30 27
62 9502 919 2616 3428 7624 6379 5887 495 4413 2106 1826 7966 155 7454 2521 5876 382 3270 3363 117 5634 662 2698 236 1122 4982 4606 2858 8480 789 111 982 439 454 2787 4532 1591 9634 1881 107 87 3927 1187 1012 2785 3970 484 5432 445 3870 3429 327 79 5284 1503 138 201 9203 8739 402 6044 157 62 5773 770 2076 245 476 796 503 1610 5406 1674 5395 1173 583
68 5667 1428 5350 517 4347 1888 112 372 2112 5661 62 1122 4266 612 2487 324 279 8911 509 604 1320 6163 3591 2169 7584 8466 887 1669 314 1395 2152 1436 76 264 461 2513 134 23 194 551 313 8241 22 9360 397 2262 1078 1509 426 3293 5286 2837 5999 5582 213 219 4724 468 3160 5990 725
52 1950 2190 2275 162 786 1805 868 198 1469 2702 4611 2345 2327 6180 4025 60 3335 357 24 28 2082 37 2512 2601 5175 418 447 4947 3819 408 2721 901 5299 1179 5034 753 6161 1096 1316 6539 1933 5069 120
44 1070 2293 708 7594 1651 187 7869 2563 7959 1379 595 485 1401 5936 2823 1204 750 789 4589 404 6169 716 742 56 378 653 1033 1591 8423 2079 515 3913 3131 536 95 702 2762 1871 9459 272 3065 587 6259 1853 8390 4817 26 1002 3604 4096 3246 13 712 9 0 4089 6558 27
70 410 253 176 2973 545 1113 666 59 487 577 298 90 73 367 226 378 374 75 2609 6359 315 7607 108 18 282 46 42 131 340 1706 5580 71 40 669 9199 120
45 8 0 9 2 1 14 6 31 424 12 4226 899 2136 1000 309 43 171 11 243 6459 2216 132 6698 114 55 1881 67 1001 79 4421 51 861 32 7850 81 15 554 19 121 1506 1195 4919 20 30 33 3158 135 138 82 7 330 26 123 332 7895 3038 69 1152 655
80 3708 316 2060 1256 6337 6057 1572 5209 1862 2198 1153 8454 137 1065 95 5124 3923 197 2614 726 496 426 145 782 990 3166 1012 2063 4950 4726 2812 280 400 641 309 3089 8040 1034 115 534 659 4320 1232 686 3598 62 37 7575 1386 1262 248 971 574 1217 974 5431 3301 148 553 916 5797 6677 688 6126
19 1548 2079 134 1612 19 2391 40 9081 78 358 980 5108 20 2577 2088 122 300 1873 775 536 61 8066 981 168 1414 946 0 31 44 229 15 1253 9134 83 985 23 27 861 13 8429 1072 707 109 56 252 131 708 120
38 8704 1362 6329 906 5165 3926 3034 799 2593 3 25 141 175 1991 774 102 9607 6037 6064 8342 1530 4394 9574 0 27 1062 2417 553 2173
15 2707 2291 513 9957 561 147 280 113 1597 42 6459 3774 4288 1401 7151 1161 1270 87 5482 9572 120 92 979 21 660 206 6222 1495 43 2330 709 9 1263 3082 361 9365 1027 231 8 309 146 54 89 219 4273 3517 182 68 3467 142 1766 1137 135 178 2114 83 672 2 8614 8819 306 2608
29 496 329 727 881 1697 650 270 236 156 1803 442 331 393 290 417 274 27 223 360 880 526 41 490 3201 321 137 34 249 278 647 215 44 559 1537 3903 4088 594 760 817 2090 139 3148 984 1149 7303 3953
78 2282 7658 1597 443 1502 9832 8116 1643 4350 2523 7307 3284 7055 8955 4864 2162 2818 1714 1959 4130 1482 245 1310 6744 2142 859 352 6001 343 3706 1801 3676 292 59 48 587 4277 1465 654 9946 909 115 1913 7162 87 183 850 171 168 300 285 5902 763 95 8688 52 1128 2175 64 954 1184 1566 355 5707 2653 78 9888 1951
95 5442 2670 1863 395 5390 200 68 813 660 652 1112 64 271 4621 713 334 4238 594 560 1113 8428 12 2098 3751 2195 2927 3397 1912 1079 210 3430 626 457 120 139
81 1627 4281 1750 300 8094 5091 147 7234 355 95 662 282 764 727 167 3631 7173 1135 253 7081 432 196 5516 803 259 63 85 1387 9039 277 209 133 51 8243 38 3441 659 13 2138 211 1575 2668 206 451 22 2820 29 194 2882 1738 138 273 270 61 325 6951 114 1307 527 37 145 554
3 907 3097 725 101 1456 2738 551 290 809 5803 8295 768 2696 899 3478 2078 896 4009 1370 6284 3659 3444 9710 2805 507 1314 3622 9 5519 4630 1765 3025 3455 3359 4032 447 720 271 6702 7733 78 1593 404
65 1385 432 1679 2431 1491 1628 88 3378 5429 410 117 604 429 8901 764 97 8518 390 135 107 1004 1956 2818 1921 103 1702 8055 7287 2706 157 55 5720 4610 73 2837 2143 6756 1721 123 353 32 100 72 3654 190 386 313 1903 841 166 568 2894 203 641 468 1604 155
31 3676 4397 27 102 881 58 7454 73 96 1989 1320 301 6141 549 1093 6385 1793 1549 1065 653 4818 253 2185 105 2504 1106 735 280 915 408 1783 3008 56 55 8707 2360 399 5626 621 197 37 7218 256 178 77 268 5 199 159 4487 68 596 1734 70 125 697 162 128 531 249 424 273 21 81 119 16 172
46 1324 329 102 4148 1502 7408 485 1692 4372 1298 145 983 387 634 289 183 218 205 884 140 517 376 69 112 346 9592 152 3 323 632 6986 156 86 4819 236 1168 372 352 158 503 2167 425 6 70 21 22 1423 545 84 9338 777 9557 12 8168 1530 1187 268 5974 63 27 6452
59 195 535 204 1745 933 646 2231 857 8146 2980 6134 702 6246 167 1805 114 434 8969 2948 82 3908 34 83 61 194 4646 225 163 2104 1477 185 902 1966 2043 8601 8226 914 32 3843 178 1187 4184
26 1656 144 24 5959 4090 1420 2052 907 342 9017 27 6577 778 890 9927 299 1850 25 187 526 1019 84 161 446 183 66 4813 415 409 120 210 1967 85 8465 3317 4497 102 162 80 485 47 5041 3110 805 6369 1388 1936 1623 10 669 6137 327 434 475 1584 2296 4704 3194
90 2322 646 331 638 1110 3457 9054 6160 55 3299 184 4551 4829 123 4329 27 3977 90 424 210 655 896 1016 382 2899 907 1260 310 37 751 88 519 118 686 2371 1704 218 111 135 63 158 201 679 1052 1008 7707 138 301 8381 716 255 5905 425 8461 0 4479 110 330 449 339 72 1678 140 1242 9299 92 2020 229 3 2977 83 372 1256 8 1384 155 4171
12 1401 878 4514 624 632 5634 175 2177 2757 421 4500 3379 2148 731 595 4977 2902 121 7929 2116 55 118 803 1613 42 43 56 79 613 9 3483 5 36 377 393 1310 1591 1502 2159 224 339 1263 1077 1298 163 32 554 39 0 715 647 99 1226 910 3295 16 300 135 9246 3635 37 480 142 390 89 2371 2291 2153 3818
22 9517 3379 843 4609 1310 3211 342 1173 2402 501 6379 859 224 7624 6404 7293 133 207 299 1423 2045 8955 480 161 8677 253 513 1770 2304 2000 1132 2818 3424 240 8226 1290 277 339 1307 4099 216 6747 148 2198 751 5600 442 800 9425 2577 5110 114 303 2190 3543 583 4510 2503 408 236 89 144 111 2741 1930 331 267 356 49 429 280 72 92 173 703 977 684 29 97 7508 6035 687 1896 355 103 18 301 805 197 5848 468 69 138 554
20 2849 1638 7347 1052 2659 3172 4688 2591 3497 3198 1290 709 6362 148 1225 3718 35 5526 3441 4067 4225 75 7048 7081 561 3052 9519 8454 907 595 119 1169 2930 33 1771 2298 249 2150 6373 3483 4408 7069 159 1168 3286 3533 206 4171 1117 4662 36 624 1768 2153 1027 1 2047 797 549 61 5329 442 9 967 232 1351 422 5514 175 436 59 2180 8364 280 199 57 26 125 99 1702 149 8911 299 102 849 176
11 54 136 653 372 7559 142 236 93 39 112 6656 111 41 1155 3239 55 206 1183 139 125 48 2261 75 477 46 8992 117 103 13 762 1483 3591 371 301 1122 2205 4241 356 5205 37 3661 40 585 64 72 123 1566 240 91 3457 494 554 5381
84 5725 1256 9047 3412 86 4291 2126 1737 34 2701 4347 102 621 3222 1745 487 7908 1236 155 5276 1275 940 321 1232 455 64 289 1131 599 5031 3281 117 390 1223 348 136 3008 915 1826 4210 363 65 776 106 42 127 382 131 515 4432 55 129 1327 1244 3424 168 229 50 124 310 204 126 118 140 1447 1541 74 6049 236 554 176 138
28 612 148 621 899 264 1917 4104 137 1352 1150 2576 552 144 1583 258 44 253 3768 478 29 64 67 272 78 836 7590 61 1494 107 1788 170 4425 383 93 572 1344 914 59 42 132 4625 2601 2048 557 434 232 8492 968 131 164 120
9 7878 2170 6729 468 2735 5349 7401 4390 56 1312 5200 873 552 8034 574 1122 4962 432 715 7147 7876 395 4308 2820 6234 1554 2616 2258 1510 442 1106 142 1757 737 249 163 6718 145 289 3024 636 510 403 232 238 119 5225 5621 3569 2140 115 2700 2730 2562 103 1562 1388 158 2652 417 727 808 290 782 231 240 5605 5641 299 2726 329 201 2162 6304 58 587 4606 62 516 2740 2024 164 162 184 199 725 2955 1881 869
16 848 167 1100 6031 3500 933 2268 722 3715 1136 3689 207 107 418 5791 1000 4974 634 5222 7367 8486 1278 332 191 214 6565 3950 112 3417 1748 762 176 177 338 9843 2767 37 2857
88 2316 928 869 7777 5778 1571 7727 7117 1223 4500 5546 957 6831 554 7734 4841 2212 5668 2552 1583 3704 1263 9593 1958 4171 278 1275 2475 7481 9358 9208 3400 461 2423 5296 2372 3879 914 2143 545 5326 19 282 1080 190 5507 4219 714 290 5931 3345 3044 3561 616 510 308 829 772 7671 98 1736 359 16 2674 120
