100
48 2955 3684 1384 9 583 4247 404 968 120 1554 252 751 7 164 4799 1283 0 30 13 148 1 356 184 8 285 1510 20 4497 6 211 1809 2825 1344 330 300 48 8334 665 5843 1312 545 25 55 1575 348 398 914 4157 990 1593 176 2905 42 8355 198 7569 335 146 3 26 134 841 227 39 147 72 65 2249 2920 114 3692 1601 878 274
7 139 2 303 1315 63 0 9 107 8 4 21 4371 11 184 355 23 7 12 102 1452 145 3 13 1 35 58 229 5429 6 14 15 57 17 78 20 4023 253 158 28 316 131 55 197 16 18 725 10 24 65 46 37 44 410 659 36 47 30 45 4848
56 5276 948 3756 8402 211 8702 825 707 1697 2943 3057 196 325 39 1194 7499 805 789 2810 1840 880 1287 370 342 3006 2451 9915 100 4452 1600 3796 5566 3014 375 274 175 249 481 181 5472 2858 1457 34 160 2044 146 142 3631 2746 1690 3698 1184 223 8114 179 214 1581 803 2264 1502 485 869
66 6656 1413 524 7325 3142 49 3477 1951 187 114 119 457 101 5902 0 132 1128 684 8 2922 3676 1988 14 6131 78 45 2653 976 7162 2852 4482 2491 138 8688 5834 288 1979 1087 1793 485 636 4040 3257 1042 2 1156 99 3041 1438 236 947
21 2264 1482 7242 797 176 27 3158 74 5482 5554 5985 69 494 15 5 37 199 138 4 1152 103 1089 9 21 389 63 17 325 19 11 2848 10 1350 236 38 2 28 16 96 249 22 41 34 252 3600 1 12 3 83 14 79 107 737 33 23 1610 84 110 0 71 7 18 82 6115 5661
90 2371 27 138 5 1384 2899 23 655 184 14 63 28 3457 686 120 331 9054 72 155 55 135 4551 20 88 679 19 157 42 158 330 638 26 3977 4829 646 90 38 4329 210 372 896 1189 424 139 34 907 3299 1110 92 6160 83 118 48 33 49 1052 218 25 1016 2169 1260 300 425 1704 2322 198 449 201
79 485 121 8 57 1 372 782 140 119 97 6 98 52 206 0 87 238 476 16 2983 156 1959 112 410 538 71 51 24 5069 115 45 256 159 81 500 76 146 130 484 89 66 80 4281
35 454 8315 1186 8030 6962 277 4710 388 1883 3011 444 3983 1494 4410 1607 8973 344 594 653 675 4435 4358 108 65 975 190 1151 9391 259 7304 103 1150 385 4472 5552 2576 2239 6012 419 1074 1378 343
57 404 5 197 968 126 20 3975 19 30 26 268 37 135 3831 82 224 6979 1506 110 114 3613 2700 484 38 480 375 52 53 50 3807 158 2683 6616 7918 429 2348 4618 708 422 2134 218 962 40 196 335 7546 1442 448 8672 118 5801 212 77 76 4099 2759 21 41 8272 55 9311 116 2147 176 1334 797 2120 1495
69 107 62 3520 501 356 243 84 6986 2112 12 1522 30 6452 751 1468 671 388 4436 7827 10 516 56 4342 117 6 145 3266 4834 9665 68 1446 971 335 2744 4276 55 2100 824 44 762 5876 2448 907 2359 659 426 4035 1961 1061 75 3299 54 211 3561 142 3369 1877 3392 3242 9010 1593 3853 73 1294 43 1408 245
1 3198 1572 176 869 61 199 485 1089 126 7 5367 404 4 9 17 5 1 15 63 8734 37 0 30 65 549 19 88 6 252 159 14 28 26 1388 2572 27 8 1597 180 4589 1679 110 22 253 120 2 57 123 377 52 940 72 1440 3 4040 946 1468 74 684 596 2902 1632 11 85 815 21 280 7292 41 9030 238 288 55
43 1876 1128 1988 77 158 1274 168 42 755 6045 6258 87 502 878 412 4373 4021 664 3532 2507 1333 1068 257 1161 237 234 2171 124 631 248 1313 4837 2844 9424 93 898 3025 2067
38 8295 150 3455 8704 853 8342 451 906 1765 507 1530 231 698 3926 3444 2805 175 298 4630 419 1314 3359 2078 3034 3323 1135 1991 1337 6329 7486 3622 5165 4394
31 27 549 8 199 4 16 253 58 5 554 9 3 197 2 1065 102 1106 20 11 653 1734 56 301 96 268 73 37 14 3676 2504 26 17 0 1 70 138 4397 881 18 55 1052 12 3008 19 7454 42 1783 280 735 915 125 6141 4487 2360 273 211 408 74 13 5626 105 54 2185
3 3097 907 725 1549 32 1456 447 2840 7924 2191 1772 77 2696 2992 4361 256 459 5286 2738 243 249 5582 5519 293 896 4009 809 3478 768 5803 141 1370 225 899 51 3160 551 3659 1362 35 6702 6284 5848 3205
78 1502 1597 2282 1714 2579 7658 443 1643 7895 87 572 1981 1310 859 391 48 285 9832 8116 4350 2142 5336 168 183 961 8802 261 1959 1613 2162 1591 2523 680 4421 2818 1801 59 210 7307 1601 4130 2981 5558 454 171 117 3525 5616 587 845 1913 1686 396 105 352 654 300 885 154 292 2509 307 6744 968
53 1077 1434 74 6126 679 38 7712 1495 70 110 3102 5150 6035 899 1408 927 1296 8660 1171 138 873 243 1894 4525 6092 382 1704 2744 118 73 6051 9225 92 9551 1571 3358 999 1958 325 4478 231 3054 7862 171 32 800 216 246 1721 62 8309 195 4977 3395 3038 2538 1294 151 7291 289 3215 7986 398 534 7791 154 43 1985 71 225 6655 1483 1866 2218 9542 803 1762
58 850 720 6379 859 0 7 5838 4417 1334 1 1284 7279 1521 666 89 1228 4133 3131 1627 6756 520 4672 3516 1768 1149 8076 396 3773 8430 254 550 745 1534 128 144 5312 97 513 909 4667 91 468 95 7460 6 1132 760 2300 4493
82 126 155 494 3457 252 426 7677 2282 1734 999 841 339 52 54 73 2967 484 2717 1937 1300 271 247 125 1606 80 235 2047 3471 60 7253 112 146 163 128 6656 161 137 3097 496 42 3493 1274 8643 7975 1665 4018 5882 1628 516 136 978 5472 43 360 2739 1303 228 158
11 13 236 139 356 371 72 372 653 41 117 54 112 55 206 3457 79 48 6656 494 1122 51 2261 650 7559 46 136 114 442 121 301 585 1183 60 125 111 8992 123 64 39 327 83 91 1155 9 8 0 142 659 103 75 3661 762 5205 3591 7 1951
16 288 1754 933 167 1207 1590 3500 611 6031 848 6630 2268 1100 3243 5791 4974 191 1313 6565 3715 418 7367 1136 2767 3689 634 207 3950 385 77 461 506 215 1278 242 2857 1477
28 148 621 1917 1583 968 44 914 9 61 17 11 612 253 552 899 1506 12 35 114 19 4 82 51 2 132 1352 144 60 198 10 67 164 31 32 53 2048 3458 137 41 824 78 258 1031 110 264 64 70 58 93 1000
25 120 8 6 20 72 3880 1667 850 1554 44 342 3398 3262 7382 161 1888 164 8243 2106 4397 301 1524 35 131 13 57 3196 140 1174 26 1222 425 4724 166 3251 9677 1645 3747 147 101 36 40 64 32 50 112 542 47 45 602 3964 7354 393 54 8360 4100 56 2587 267 1478
5 1173 2614 1958 549 97 36 41 285 3849 650 6698 240 249 869 158 1184 245 1183 1263 149 500 70 611 29 4089 76 621 255 94 93 46 125 2627 1153 60 98 7915 40 747 422 2785 4554 4885 1702 64 977 1437 161 132 7033 631 933 1274 101 186 2608
60 107 123 229 15 25 1799 1131 235 122 106 310 1513 84 88 4413 836 238 2573 3319 5616 95 43 3455 216 1927 409 39 219 111 297 3839 3126 85 747 40 6848 142 130 951 1017 2169 143 2526 417
77 9710 1593 3884 135 6745 2533 2258 720 103 513 8733 144 5872 1352 1300 92 271 343 3981 305 2378 4959 235 82 3293 75 1577 533 4430 5817 402 113 31 8332 7792 2657 95 631 2582 212 3603 1258 6961 4098 254 59 118 1599
27 2780 1954 176 23 17 28 164 5 27 20 184 107 3 482 15 8761 6668 5295 16 552 37 24 443 11 139 299 57 34 35 45 40 849 82 4510 679 14 53 25 389 1365 1412 331 7753 487 300 119 47 524 228 122 151 1221 1117 22 739 395 4962 2296 157 343 77 909 1522 41 8215 4978 919 2116 8
87 22 152 909 371 679 62 82 2334 7013 6915 130 1073 949 2045 92 6045 0 7 2978 281 5136 1702 1884 2509 717 251 1558 882 552 1847 442 2288 1041 70 3069 615 4048 5561 1 6134 6 134 475 364 99 2428 177 1736
89 867 1495 5350 7584 268 2019 348 726 6087 1896 545 26 3137 1757 110 596 4618 14 267 636 1601 424 50 41 17 139 161 3526 4537 48 79 1134 240 625 233 53 157 436 841 646 210 36 4962 594 218 2377 8790 40 2120 88 943 914 1172 9657 583 1008 3024 7548 532 189 4122 2941 74 330 4048 1020 1184
32 709 5921 138 797 968 9 3110 4364 2486 197 10 176 5051 20 2402 2841 184 74 2076 11 12 1200 60 34 25 5448 3160 78 13 83 56 18 1315 426 38 8 2 84 21 2825 339 782 35 632 3053 120 231 1597 3398 119 3 1412 624 2819 31 2526 1387 23 663 3489 43 162 728 4157 2659 69 995 8993 619 625 331 321 4460 1725 2700 7708 3470
14 224 708 9559 2205 5850 185 4594 3398 6979 196 3182 1097 3239 5721 245 0 825 1104 143 291 49 709 101 450 362 2126 1807 680 22 7 482 104 456 7155 734 343 1035 722 8168 1902 992 2169 250 3046 186 153
44 708 1070 7594 1954 880 1651 789 7959 6402 485 2293 595 5936 498 2823 742 120 7869 187 339 2563 1476 1379 2196 3849 1401 2577 716 1204 901 4589 4089 750 171 8739 587 5210 9459 4817 67 2721 712 1413 6169 1376 3913 1878 1002 410 1033 2841 272 3246 653 2079 152 3240 1753 415 170 2050 5555 175 8541 1853 5299 115 2601 1236 1871 604 275
10 5926 1737 2848 3477 138 27 468 9 199 4 20 23 37 11 8 17 482 3 131 2871 0 5 7 14 13 2 18 16 1667 332 28 1707 513 4978 193 35 19 3071 824 4432 120 1826 139 850 72 410 2905 681 5031 1506 9086 624 638 859 10 47 4609 4210 243 36 135 65 82 1524 30 290 196 42 34 957 915 256 78 2138 84 114 123 7959 1327 708
81 355 138 63 5091 4281 7234 300 1627 554 727 95 662 253 829 156 8094 432 764 1750 59 25 173 3631 79 1017 31 282 36 363 147 85 978 861 19 345 3441 76 259 9039 167 113 209 803 5 68 7081 40 686 155
2 27 9 7 0 4 8 14 62 11 17 2264 2 485 35 28 44 1 69 22 148 16 3774 24 3244 23 6 18 21 3 45 65 940 120 15 751 1756 103 329 102 32 252 155 70 54 33 1495 132 58 5659 1524 1352 637 96 4063 3199 90 139 346 1604 178 92 4859 1437 390 2741 2296 867 152 1799 37 355
26 27 131 24 5959 16 25 187 1656 907 3 84 17 299 342 485 1388 6577 4090 161 102 797 45 1850 624 144 890 138 33 193 1420 210 329 2052 66 409 80 183 47 9542 1019 1967 778 3194 3110 4807 132 9927 805 1584 526 67 4497 446 2296 126 554 162 9017 1077 90 2 5 6369 415 4335 948
59 2956 857 1011 933 1745 535 167 2231 6134 2980 1805 216 1480 8146 6246 1277 8969 1966 4646 34 1566 2104 2948 902 3908 2043 5459 1187 1096 434 3101 226 163 279 2758 477 24 8601 475
68 62 2112 1888 468 5990 1428 2216 4266 372 2487 517 424 7584 1881 1395 5667 112 170 4226 4919 1320 40 76 84 604 487 279 5350 612 715 4347 79 509 3591 194 1078 6163 2298 324 1436 461 8241 426 250 156 63 8466 887 397 647 1669 25 8911 2152 9360 98 314 4724 2262 134 554 155 725
74 2848 5526 199 9543 9 4 6097 2274 28 21 8938 2 11 65 19 15 37 3759 5 1332 5011 3502 14 1447 10 4597 13 12 4429 243 621 316 7774 102 4609 8 8365 2735 268 38 96 1807 443 145 0 149 1979 446 83 2427 8875 1210 201 66 126 377 880 968 9246 5621 203 109 501 5484 1038 121 7518 2700 869 1077 4247
37 968 176 252 3097 30 1737 166 120 126 5862 1089 356 371 41 5 155 7 184 410 0 681 524 1 54 859 56 61 2073 19 395 26 332 158 82 114 2612 48 25 2430 60 2444 236 6 6577 50 42 152 31 88 198 4864 40 49 1343 8702 1482 175 2147 1027 8 69 647 594 5084 146 137 587 9346 6523 28 585
8 484 158 1287 13 290 12 58 121 178 5515 56 164 3517 4703 5247 3692 38 2140 4864 2158 2960 216 1290 3302 7269 3747 50 135 1735 8819 6837 411 10 436 54 35 4525 261 3179 901 187 268 1189 62 5011 23 735 2171 212 1581 83 8149 75 240 18 102 1292 301 24 275 6628
19 764 1689 88 480 2391 61 1548 134 9081 536 545 2079 309 1612 1900 250 1128 300 1896 83 1529 149 981 5497 1587 2872 746 110 599 86 861 51 122 3741 5108 66 980 4317 168 812 3203 333 1985 929 985 3498 48 4430 228 77 370 2088
92 1583 1714 1958 57 356 9138 121 316 107 3097 45 166 24 1799 74 1434 97 595 659 2067 132 41 16 1862 7776 715 106 8801 299 206 3299 161 144 49 451 210 1673 789 1334 235 71 346 255 7373 142 304 2572 7977 611 6166 81 8948 47 108 80 815 216 75 179 2385 549 1541 176 583
12 1502 121 9 554 1310 5 731 120 27 1591 2371 22 14 8 4 1077 62 632 138 23 135 624 13 2 35 155 26 595 7 1 28 878 126 29 11 139 6 3 16 0 21 224 42 88 20 19 12 69 65 32 3483 114 4514 10 15 5634 56 18 4500 7929 1263 4977 117 992 38 290 1401 252 2153
70 176 253 410 2973 545 73 44 90 59 54 240 1113 42 666 298 48 577 46 248 101 367 840 626 1491 378 79 2090 228 7303 162 459 5580 36 83 226 147 5999 7607 2836
17 6049 3923 4607 731 665 1554 6378 4343 879 510 8015 5404 3977 2145 9 1270 8 356 4167 0 9470 7 583 4813 5893 28 5278 1420 199 2 3912 1 5218 2232 3306 435 2342 2033 4 107 9351 8152 5 561 3540 1030 1185 763 2809 1743 694 14 1330 49 4443 3021 252 3243 19 7488 418 318 1498 1667
46 1502 4148 15 329 102 88 14 138 1324 7408 1 8 27 9 1692 0 485 25 983 1298 183 901 884 2 651 23 93 172 289 16 824 634 1161 4985 205 2816 4372 8654 836 489 1903 106 236 218 1168 7854 7 2950 47 268 28 346 376 2533 156 9338
51 2818 9365 725 0 5501 7 5 9 2 8 27 1 28 121 977 3 4 14 3046 3923 197 6 11 21 2148 2826 63 78 35 5031 17 371 13 30 18 102 2420 1387 1225 1745 15 5659 5603 45 117 12 10 1159 268 329 1826 1692 187 74 6877 16 24 910 198 1491 3708 26 55 155 510 665 2613 3824 4606 3586
62 7624 155 138 9502 919 236 120 2616 27 117 6379 69 16 2521 1826 2076 3428 583 8 28 5 4413 3270 662 495 9 7454 245 5887 7966 1122 4982 61 309 2106 1881 2 382 3052 5876 14 2858 348 1591 3363 17 5634 1283 45 0 5395 2698 111 1012 195 3345 56 404 3858 33 3870 982 74 31 79 1187 26 118 3927 5931 672 2423 9634 3044 87 5284 5773
41 554 900 1173 2076 1679 4142 121 389 197 665 28 97 382 7 37 3884 268 0 625 4364 6 117 549 476 1 3135 1408 329 516 229 205 9039 253 371 44 4728 25 166 12 50 156 104 204 5724 1877 7147 1723 2820 2140 1321 299 1168 737 1756 1497 4858 1262 4308 214 1287 64 611 3790 7878 9678 2504 6565 910 2136 2214 5862 3248 5621
71 2591 252 355 1384 15 3684 4656 36 1671 3424 655 6018 728 4881 2212 439 1721 9 2684 7 2 120 290 0 69 2304 5447 1272 8334 143 8 6 903 8019 4221 6668 523 1090 27 204 5329 1 2477 4131 4044 534 399 4 66 67 5195 859 9906 2513 546 89 68 131 3082 4632 7600 446 138 977
76 900 3849 3992 869 867 6402 155 2060 126 8095 404 28 148 166 549 121 27 4 63 9 1 7 3182 0 30 22 24 184 3279 6 16 65 4364 5 236 8 372 145 19 199 17 11 14 157 2 3408 2177 5313 3 62 112 107 21 114 6288 1780 15 1604 2168 999 164 3379 88 332 389 13 371 10 37 681 1344 131 47 152 542 35 50 12 23 957 2614
88 4171 869 554 7117 4841 4500 7727 5546 957 5668 1263 5778 2316 9593 9 1468 1571 7777 6831 928 8 1223 2 0 15 250 7 4 1583 2552 3879 290 22 2212 660 7734 1958 480 7481 1 238 2372 510 3 497 1275 9208 124 273 278 2475 9710 9358 8465 3561 3400 3704 5296 2143 1161 52 1080 461 27 1332
29 442 290 329 236 27 650 139 331 727 880 496 1697 274 393 1000 34 270 881 223 510 90 360 762 1803 793 807 349 417 526 490 2837 594 170 2000 137 281 337 1607 113 1537 3201 109 321 984 3953 155
18 355 879 37 267 4102 389 204 9 229 7984 161 8703 138 2 1052 1546 3410 647 273 4089 3983 646 339 3053 157 3158 546 910 1298 3121 123 598 231 613 1222 6756 245 2416 615 803 365 421 66 57 6058 836 1292 119 524 609 253 1019 742 6787 162 43 77 720 97 189 1001 335 7557 7593 1226 1604 1256 121 2651
0 155 27 236 120 309 720 1137 32 54 146 36 96 104 756 91 122 742 2849 398 186 935 3652 110 751 383 8381 8549 5046 1494 1227 1808 51 2268 5469 7707 3045 39 8461 137 422 397 4738 2556 1368 3022 382 425 1447 4266 1583 869
50 1482 2513 859 919 69 148 303 2292 817 485 1599 126 2941 233 4995 240 216 76 6755 1891 228 5 6762 2787 4619 70 3443 2688 445 1275 71 125 734 6 1232 2453 1269 159 133 36 3869 3 206 885 444 8438 154 1233 4 210 866 199 120
33 3097 482 120 1917 5150 138 9933 63 69 1384 1954 8751 3600 961 6 2274 1114 2521 3514 432 4820 2291 9896 4953 1583 5754 299 9572 1468 22 2848 158 995 32 599 681 609 6539 2214 57 3248 2 4172 267 598 8488 5395 92 3639 193 3053 3119 7387 1011 31 2717 1 659 1376 107 298 7437 8 596 503 55 973 80 87 2374 9 0 47 2849 2348 33 176 1667 1365 8853 990 4 377 289 9365 2492 554
99 138 482 199 62 2478 1334 15 686 69 166 3110 583 7234 139 61 22 1756 637 63 28 29 119 32 5851 252 84 175 39 7 4258 56 103 9 503 117 135 168 1352 4869 1023 6 36 609 8707 6385 8270 1320 454 3057 81 173 599 9447 160 1093 1793 511 68 155 1541 195 406 1989 7218 4818 370 303 79 8 10 14
47 138 3106 5990 583 2264 3514 5182 1495 54 4336 6930 2208 3483 129 995 1200 484 1171 43 9054 517 6684 39 3142 27 85 614 0 1967 3621 5910 3448 1434 2685 1702 7 480 339 2768 383 84 1073 8933 146 9768 225 8 9 778 9732 228 90 992 233 2902 800 25 2 2291 625 136 737 344 109 188 69 1762 1307 3139 236 468
75 583 120 14 69 28 147 356 8734 23 1671 63 679 5 1482 257 58 170 98 60 6165 159 587 34 392 112 100 1841 29 873 325 49 489 155 165 101 401 454 977 174 849 64 402 9464 590 222 409 224 8271
84 1737 155 4347 621 6049 28 176 102 12 15 24 62 21 229 9047 57 5276 32 38 117 34 3222 22 4291 3412 1256 65 86 13 2701 487 74 5725 4266 123 140 51 776 914 29 2126 44 45 940 204 6 1745 3008 390 83 1236 33 1 7908 171 455 168 145 50 64 1131 138
63 900 8402 3248 138 4364 971 2371 2359 2158 5448 2683 9 1054 4336 968 0 3642 6481 119 1303 395 8 1223 976 4880 5779 2 5 155 327 285 7 727 660 557 255 1123 267 8543 8947 506 1 1283 1554 1104 3423 3100 3025 1779 169 445 131 3349 205 4605 436 4672 1495 1869 1349 65 370 7492
36 751 301 1783 7069 4662 5329 1936 149 3718 434 403 1702 712 252 1528 163 733 967 9521 4919 280 2180 9562 469 406 396 4984 1351 3996 9246 59 1151 1966 2979 998 697 3003 1404 549 2097 27 1797 1481 2810 94 1508 77 1096 327 2114 422
20 1290 5526 2153 2591 709 4 1052 8 176 148 3198 3497 11 9 35 4171 2 3172 199 15 107 1638 8454 7347 37 22 12 3483 3441 2659 249 7 2930 7048 10 62 4225 20 36 1 4688 13 57 9519 0 6 119 21 206 14 1771 3 125 75 595 18 6373 19 7081 1168 907 1412 24 4067 41 102 632 44 140 1225 2849 442 1117 120 2298
83 3244 2780 4178 70 155 49 106 501 235 267 549 7315 2 2654 140 3420 105 227 6147 0 2132 86 9 6005 968 8 365 900 179 7275 19 387 3033 3293 2791 3769 7 1 970 589 319 3348 3692 3175 779 4704 11 1843 1065 31 3406 669 2073
94 857 8492 5483 1008 1344 830 4425 325 3428 2576 6785 178 1001 7590 4625 7971 206 557 697 5447 2965 572 402 5909 1223 374 145 4857 171 77 170 189 272 218 2882 812 225 414 2329 975 946 757 91 725 123 2601
52 1153 310 1805 1186 6376 1417 1012 1088 1096 3999 33 2275 1950 476 42 244 6514 868 6180 861 162 1469 1862 239 2886 255 384 198 5034 106 4025 786 5175 296 418 2512 6539 89 4947
13 393 567 595 1271 29 240 1445 414 3572 3648 2049 93 6558 6480 2464 1828 3096 1407 503 124 875 3659 2590 201 1677 1402 3943 186 411 5446
15 8 1263 120 5482 22 199 1495 309 2291 1766 138 135 404 280 126 54 147 42 72 9957 21 62 92 1597 513 9 84 468 17 709 979 561 44 51 1027 968 87 6 26 330 68 206 112 1734 7 0 301 4288 83 43 146 6459 1270 231 48 33 5 3 6222 1401 32 3266 63 7151 14 5313 107 3774 7585
73 69 3706 8528 2244 3826 2857 3818 6188 776 574 126 1307 1611 703 1128 112 2703 131 7218 8156 52 1562 1232 1114 149 7798 250 1195 1122 320 2201 333 4320 3824 1494 1106 4726 6589 619 1558 6735 8438 2869 597 4524 5627 1311 1251 156 9794 98 3403 1571 1484 515 1386 1472 4923 46 1277 66 655 63 2700
55 900 1502 6887 1263 8 3244 1737 155 126 3774 107 869 909 161 24 485 57 45 867 1184 9 1495 1270 117 27 2112 725 80 88 11 176 28 146 747 15 468 1151 6 37 662 609 21 7 33 63 152 1 4 17 348 55 410 65 404 166 121 199 115 0 316 1434 187 637 30 5 957 4148 2 14 26 3 1587 13 650 681 3008 1089 7293 193 5603 19 16 10 443 8094 138 3477
65 1679 166 432 69 410 97 1385 72 5429 73 9572 4403 59 38 2431 117 1491 604 1017 20 1628 178 841 103 135 429 3582 46 1476 3689 734 6913 3378 1336 390 646 8901 13 56 42 2200 277 941 434 1623 1004 1921 4791 568 764 206 552 217 187 2837 132 4725 1732 6756 2180 5720 2818 2707 138
40 907 482 777 538 388 972 53 265 32 566 155 8 151 73 0 9 143 160 4849 67 1465 183 2442 2164 253 2 8955 9946 2190 6001 365 51 267 4277 859 545 7 231 248 1 159 1880 5326 5507 98 439 1153 2175 9749 797
4 3654 993 2706 7287 2143 8518 3056 91 7313 1257 908 4157 3946 1956 5196 891 862 308 641 2413 9290 9493 433 3751 3404 3646 2460 258 313 2195 670 1431 404
30 2076 1610 2385 625 1132 187 4801 256 275 234 184 610 687 150 162 1933 1904 3943 537 1026 8427 602 2296 294 8740 1596 4532 3149 465 6450 2091 432 1674 2298 2014 3970 75 8480 435 49 128 2166 1583
39 5381 1671 4768 968 728 5921 686 74 1171 797 1930 17 979 102 1395 2383 439 7104 9611 176 583 2889 977 301 280 2138 1251 4302 747 9 138 55 3 33 34 2688 79 14 166 3182 1369 2523 148 107 60 8334 118 50 4388 207 158 8 393 6234 2503 5895 46 0 84 390 5546 48 51 25 2 7048 896 5 175 40 750
61 121 468 63 193 815 566 2976 131 7672 444 408 5751 342 69 20 221 89 362 213 625 105 266 1227 1137 215 1546 230 79 6467 1754 385 374 351 135 2114 2592 323 984 9294 211 7433 2649 55 349 478 6029 3624 536 795
45 8 0 138 9 2 554 1 14 7055 7 10 11 6 121 12 4 114 309 1122 37 23 6698 120 69 18 22 20 193 5661 26 6459 30 55 135 17 15 21 13 2513 1954 655 82 28 5 355 243 155 35 29 65 1482 19 31 52 103 184 3 131 158 332 164 1510 7850 330 3158
23 252 3700 671 482 56 1412 152 2198 42 1429 4994 2169 138 58 1387 3 32 3839 611 70 86 95 1506 66 4864 253 172 343 3284 195 243 122 67 881 264 536 126 275 909 1351 6644 6335 273 8138 361 160 1385 9888 5 426 3706 1972 310 2692 1450 345 8 230 746 462 702 3066
54 62 9 69 7 57 243 451 193 1 164 61 0 16 3 23 13 29 2612 468 161 115 35 624 22 1001 45 180 1489 178 81 126 621 636 24 928 52 96 288 1568 80 663 954 273 482 566 2316 119 3141 391 175 144 4088
6 1310 176 859 1184 37 30 13 1334 20 12 145 7 41 72 112 38 0 1 442 78 21 18 1476 40 17 31 280 585 19 44 65 82 50 6 10 25 1122 83 164 137 95 172 86 122 332 46 110 2196 2431 684 197 1070
9 6729 468 176 4390 126 442 5200 1881 27 2170 58 873 1554 2955 56 78 62 899 9 138 69 290 432 16 145 8 38 72 199 252 0 2 6718 3 1312 110 5 6 53 33 715 2735 45 115 14 7401 650 19 4421 510 24 232 70 7 5349 32 120 155 163 2562 28 6234 552 1 60 1388 231 8034 4962 2726 2616 4 289
91 3244 2492 663 1691 5659 2972 2685 455 5850 2020 825 9127 1119 647 4370 3003 4581 1227 644 211 4289 97 4962 4148 7607 1091 7167 14 374 184 2033 339 680 414 962 3229 421 120 4081 5664 654 6795 948 7913 1746 148 998 6405 4952 869 670 85 113 9 833 306 473
22 1310 9517 859 7624 2818 468 583 977 1290 224 1173 69 193 72 126 2402 442 138 148 356 253 236 9 303 2045 63 28 7 114 166 355 15 155 3379 3211 389 78 74 4 299 8 27 6379 198 161 5 26 157 404 650 184 61 57 6 97 41 2 21 731 342 62 280 6035 197 19 207 1 0 240 8955 22 164 3424 30 40 60 2304 121 1132 10 843 3 1930 12 14 117 331 501 459 4226
86 7 5 27 4 9 303 0 404 14 1591 38 199 23 2 3 1 28 72 13 193 10 16 11 20 35 152 37 126 44 15 18 58 145 12 21 25 17 131 30 102 60 211 178 968 164 96 62 19 510 277 1734 252 34 5773 90 9514 8978 583
42 1263 708 9517 8 138 1656 5973 1643 5860 935 27 252 0 126 7 1 74 123 5 285 56 18 3 6 6092 62 1522 487 9 1495 155 2 843 2659 1184 1369 6362 2047 39 561 5514 482 4408 170 3286 1768 1789 665 224 3533 7360 1027 37 19 11 14 1771 2150 15 4568 43 4 69 30 112 60 1611 2862 1019 121 211 284 332 8364 63 132 4288 1387 28 356 2076 3585 968
49 1671 8450 37 7 4613 3923 1604 21 22 69 29 13 316 1122 3 131 9957 96 5895 1065 7709 566 61 1440 166 3332 1452 4164 9713 7718 199 74 212 138 33 763 309 519 5221 2238 110 301 7970 6059 641 1325 272 6644 3190 186 7537 18 102 5158 94 2148 969 59 92 375 6137 8 350 829
67 155 37 3767 9 65 4 3389 57 126 10 152 2 7 78 1 11 18 0 38 2700 1387 28 1290 12 36 29 2148 13 4023 21 1434 35 554 6 69 157 9886 1225 229 61 7537 1881 468 19 15 8 88 138 671 31 899 184 3467 52 30 309 5 118 23 1506 22 316 27 71 1521 356 120 979 519 7687 574 8080 1564 3975 1263 708
85 1756 138 139 187 166 524 355 1106 6304 1412 636 3024 5605 7876 1398 1757 299 782 5641 1137 1344 249 516 615 3569 2652 74 574 2730 938 75 762 403 1393 3224 10 4606 2432 158 183 2065 970 201 1001 9030 544 113 6135 656 2052 2397 274 422 1292 3180 330 5225 3400
34 2153 121 6604 27 2713 4 9894 58 18 9 16 2 8 63 17 3 11 14 10 4977 138 268 178 1575 1809 3441 4895 35 5 19 52 15 391 23 1106 120 73 164 224 20 681 1077 429 4104 305 77 1665 1921 2707 653 96 1446 2248 442 46 55 333 8044 1524 2955 3768 2593 926 24 1612 102 45 1324 3514 621 6656
80 1572 316 2060 197 145 6337 686 148 3923 8454 309 6057 95 3708 426 2198 1256 5209 137 1065 28 2614 2 5 971 4 3166 81 496 14 782 9947 1862 252 5124 1173 726 1911 7 61 0 9 15 641 2063 1012 88 3281 4241 287 990 1626 1454 94 1386 147 8 181 37 2812 3089 4942 280 4950 1
24 2060 977 708 725 27 236 6698 900 8450 74 426 621 6138 7086 82 6238 290 6347 5333 3483 3706 2168 1334 3046 940 7373 16 1930 184 8 1151 8139 2444 80 542 139 679 2136 9335 73 84 1195 42 104 1119 1321 1584 53 285 204 451 1152 948 382 91 769 56 1793 3563 612 5643 1629 128 231 175 1174 271 138 1284 388 871 78 873 3455 67 1184 108 2187 54 3447 185 115 245 305 1572 203
95 5442 742 5390 2670 8243 1575 929 5516 3995 1863 200 2820 6951 2668 395 652 7173 813 1112 487 594 321 2894 8401 240 3227 1582 4238 2436 626 53 713 660 488 2437 9271 1113 277 44 5774 323 963 686 3198
72 1384 2433 948 6082 2859 5038 477 2094 1215 9359 2 251 785 1558 1758 53 9613 8629 388 261 1478 8184 475 1566 3016 313 7797 1 1190 515 750 8 543 7589 1353 1509 176 6094 1360 1621 2313 9478 2029 4838 3231
93 1951 549 915 750 2285 2205 597 122 207 866 1948 245 6137 3586 871 5041 85 164 1098 4219 4070 128 108 555 353 244 185 276 616 1010 9040 150 632 60 3535 106 2739 1103 1862 5381
64 9305 1005 1283 9 7 3032 2 126 542 157 4 0 8 784 27 962 6769 1737 3317 6767 2705 166 1384 120 9584 296 265 671 3211 46 72 17 63 100 1930 7837 11 310 240 465 399 1 32 181 505 219 969 3 348 6290 58 2177 23 5055 107 408 5253 255 2238 621
97 6102 69 5381 4142 2889 5276 138 9 329 914 8 6 78 121 65 4 126 290 1395 84 22 0 4301 1 426 1434 21 120 9691 9630 72 1200 7 2 15 12 671 27 4266 103 815 28 10 6379 63 29 285 62 2653 197 3441 18 86 36 5 19 13 879 100 624 3 14 1881 114 375 50 1868 148 44 30 92 168
98 3097 9 120 8 121 27 11 62 2 236 4 2148 229 410 0 1 18 5394 69 139 72 915 28 12 44 797 927 2039 38 6 15 58 2478 7347 63 20 14 10 23 41 16 19 82 329 65 17 7753 26 1736 7 55 5350 30 6201 7173 5 157 249 24 56 198 3 285 52 224 114 4157 303
96 2818 131 4 229 28 249 2003 11 2 737 63 609 18 10 74 224 12 184 2240 65 58 715 57 145 19 45 2088 542 56 149 267 596 31 24 70 140 1339 108 455 271 1001 1361 152 123 504 201 219 155 163 127 189 308 1429 850 404
