100
73 3774 3706 2244 1495 8528 3826 2857 69 3818 6188 776 596 1307 112 2703 1128 1611 7218 252 8156 1122 19 1114 250 149 4320 1386 11 7798 3824 333 1558 4524 1311 320 46 1232 1195 55 1571 6735 2249 5627 14 98 1484 2869 1251 9794 515 1277 6518 4923 3357 1442 156 6361 103 6327 57 5 2201 1494 597 13
3 3097 725 907 42 65 447 4361 2738 2992 2696 459 1772 896 426 5803 809 768 141 1362 1456 8295 551 6284 14 11 5519 4009 8704 5848 6702 3455 3444 137 1765 451 3659 3205 3478 906 17 698 3926 9710 19 3884 176
31 549 16 96 27 199 1734 268 301 5 1065 73 58 1106 4 3 653 2504 253 4397 70 881 280 3676 3008 7 1052 554 6141 56 105 1783 273 2360 37 197 7454 125 102 915 2185 31 178 8 2 249 8707 408 6385 1320 1093 1989 596 159 7218 55 735 4818 211 621 54 1549 399 4487 68 776 557 1911 256 77 132
98 2148 3097 5394 2478 6201 7347 62 927 1736 229 139 7173 120 915 5350 410 7753 2039 44 82 0 797 249 285 157 236 4 224 41 9 329 72 2 11 23 32 58 198 40 1161 69 38 27 52 51 434 20 5084 19 26 1090 1 54 175 56 55 4040 12 6628 117 45 145 8 6 5 4157 1450 707 303 138
80 1572 6337 316 3923 2060 309 6057 2198 95 686 145 197 3708 2614 137 1065 37 5209 8454 148 1256 971 108 3166 496 782 726 5124 101 1012 287 426 3281 1862 24 1454 1386 2063 81 88 641 2812 252 147 61 553 22 65 990 8040 574 4 54 94 154 4950 1217 1034 400 62 8 69 968 3106
68 1888 372 2112 62 517 424 7584 1395 4266 3158 2216 1428 4919 112 1320 468 604 76 5667 26 410 4347 6163 279 5350 509 2169 461 647 324 1078 397 715 8241 8466 887 3591 612 108 2152 250 8911 1436 1669 98 2837 134 2262 252 310 5286 9360 314 4724 899 313 357 3293 1537 3160 377 184 5582 1491
92 1958 1799 356 316 1714 9138 595 1583 45 8801 57 1434 41 7776 106 107 3097 166 97 715 1862 17 659 206 144 1673 2067 451 210 1334 3299 2572 255 81 7977 71 7373 6166 142 304 611 299 789 24 74 8948 815 179 75 161 2385 549 2298 235 3 100 5329 216 31 194
77 1593 0 2258 6745 2378 90 10 4959 1251 235 183 7342 84 2942 2265 9 2657 32 3981 5817 720 8733 1638 3603 1300 1883 599 402 1599 658 1258 6961 631 9355 35 5872 59 142 264 4138 6896 25 4430 95
46 4148 1502 329 1324 88 7408 102 1692 485 1298 19 20 138 5 651 7 983 25 634 289 387 4372 176 17 27 38 23 205 1903 2120 14 66 884 218 10 4985 346 2371 0 13 6 3 24 28 1168 376 574 517 106 9338 156 63 583 6986 268 2088 873 503
67 155 152 9886 1387 157 78 671 4 1881 38 88 37 3389 2148 29 3767 1434 65 57 2700 4023 7537 79 36 18 0 8080 10 61 3467 126 118 2 979 229 71 9 1225 3142 519 316 487 35 554 1521 511 7687 3266 212 160 574 51 1119 52 19 69 20 34 1506 13 77 23 1290 631 356 1564 138 468 3975 1263 708 1495
86 7 5 4 3 303 27 7584 28 152 60 44 1591 1734 5773 13 23 38 96 50 277 34 53 0 25 178 35 1468 348 879 199 9 1601 404 961 538 2019 1896 72 79 100 8978 58 2 14 51 18 211 47 164 90 9514 510 156
13 393 36 567 595 245 29 10 1271 93 3648 201 1677 4001 2464 84 2664 7474 7810 1042 1370 947 4319 115 166 358 1540 1190 45 3324 9
83 3244 2780 70 4178 106 235 549 501 267 140 105 3420 31 227 2654 7315 2132 6147 900 179 968 365 3033 86 970 76 319 7275 2791 3348 6005 3293 1843 68 3769 1065 59 42 589 871 3406 155 779 3692 3175 8465 323 8901 552
89 5350 1495 867 726 268 545 1757 636 596 4618 968 6087 267 3137 625 41 1134 161 3526 48 30 424 4537 233 21 110 145 11 2120 4962 240 914 8790 88 210 245 436 155 943 841 4122 66 2377 218 1172 272 532 1340 1008 330 1020 2941 189 3024 19 7548 9657 8 997 1847 26 22 37 3983 126 694 5175 107 583 2177
4 3654 7313 8518 1956 908 308 4157 9290 862 670 3404 2413 891 5196 3860 3646 2195 3946 8401 1257 3751 217 514 3227 641 488 44 258 1582 133 120 8
0 720 1137 236 155 27 16 54 1 146 14 36 398 8 8549 91 756 2428 4738 5046 2849 5469 23 422 3045 22 1494 42 425 80 279 115 96 538 5905 6052 7707 397 70 4227 8461 5278 2556 4479 132 4313 1808 4266 120 869
35 6137 829 454 8030 2148 1186 388 277 4710 8315 1883 444 675 9 6962 3011 5552 1607 1494 90 4358 653 3662 6012 4410 259 3983 1151 2516 4472 975 2239 385 478 4615 5305 343 413 471 8973 1378 1061 359 9897 8612
96 737 249 229 131 2003 609 4 224 2240 715 2088 2 2818 45 542 74 31 63 1339 56 149 58 455 271 1361 126 219 1001 163 140 57 267 123 391 70 71 189 30 152 308 12 201 504 365 127 619 212 1862 184 1429 119 6376 24 824 155
99 15 138 199 637 482 3110 686 2478 166 7234 61 69 62 1334 119 39 4258 1756 139 175 29 20 583 22 168 12 1541 4869 135 1023 117 609 84 81 3057 9447 303 67 103 8270 198 19 503 406 387 454 5851 742 252 56 1793 1702 63 173 36 101 1352 180 310 539 1437 49 238 1954 867 224 6402 485 155 3849 708
90 2899 3457 331 655 184 9054 2371 4551 27 5 138 686 23 1384 679 3977 28 135 8 37 158 638 55 88 646 4329 4829 63 14 896 72 210 1189 120 372 19 1110 3299 42 6160 330 92 424 83 118 1052 7 34 25 2322 310 255 18 1016 201 449 218 1704 155 907 425 24 1260 751 111 139 716 8381 110 51 131 2020 382 1256
26 5959 161 907 342 6577 84 299 1656 27 4090 25 187 1388 131 797 1850 3 45 890 624 7 33 144 1420 485 1967 210 9542 16 409 3110 24 2052 80 66 4807 47 183 9927 162 1584 197 329 3194 778 1019 102 193 526 446 554 1077 2296 9017 3317 85 4497 17 6369 4704 1936 4813 669 46 1951 948 138 5381
20 3172 7347 3497 5526 2153 1638 2591 1052 709 4 4171 8454 3441 2930 249 2659 7048 4688 35 3198 1290 148 4225 6373 1771 9519 3483 206 107 125 7081 15 49 2 1168 1412 176 75 4067 140 595 22 119 907 199 2849 32 442 7069 41 6362 11 159 1225 1117 2150 2047 62 31 26 2298 561 20 5514 5329 57 43 149 4408 12 74 3052 3533 849 1768 299 37 33 9 859
21 5985 7242 1152 3158 1482 5482 103 389 325 2848 737 797 1089 96 1350 74 79 34 176 2264 71 37 249 5554 494 1610 83 33 55 69 8 6115 403 27 41 198 878 19 13 3880 850 233 5 236 1513 138 398 107 1554 207 50 342 977 594 44 134 14 124 110 88 77 82 2285 119 2 117 632 252 199 4
81 4281 355 300 1627 5091 95 138 662 7234 63 829 253 432 727 8094 554 1750 282 764 3631 147 167 861 803 1017 85 120 3441 49 259 36 9039 321 7081 37 209 173 225 67 497 21 25 156 325 196 110 520 133 8243 128 1135 189 1575 126
74 199 2848 5526 9543 2274 8938 3759 5011 3502 6097 1447 4429 621 2735 4597 243 316 268 19 8365 1979 20 443 1807 65 126 24 84 256 149 8875 7774 446 4 2427 1210 201 83 38 342 203 5484 2 968 15 109 9246 501 28 242 168 12 4797 169 1596 23 3943 6450 2296 869 155
95 5390 5442 2670 3995 200 2820 2668 5516 929 1863 6951 7173 813 1112 594 277 4238 170 713 2232 2437 5774 6058 395 9271 497 264 652 2445 2025 1268 334 660 963 3397 8055 6205 1431 214 2927
64 9305 1283 1005 3032 6769 157 962 2705 784 1737 296 7837 166 671 6767 805 3211 90 72 1384 126 542 9584 1930 27 44 152 265 969 181 348 168 219 399 505 4 145 465 2 63 170 5055 11 37 356 5 336 69 255 1 8 107 248 21 17 415 1541 408 5253
82 494 126 7677 3457 426 1734 155 2282 841 999 339 2967 484 252 2717 3142 1937 271 1606 125 80 52 16 112 7253 3471 1300 235 247 146 60 2047 114 496 161 6656 30 163 1628 3097 1274 5472 1665 7975 341 3493 2739 136 4018 99 360 5882 578 1983 1303 18 8342
62 7624 9502 919 155 117 6379 1826 2521 3428 2616 662 2076 138 3270 583 495 7454 236 1122 4982 7966 5887 2106 5876 3363 1881 309 4413 1591 61 27 2858 120 382 5634 45 2698 1012 24 56 197 404 102 111 982 79 69 3927 1187 0 700 545 3870 29 439 7 9634 1674 5931 3044 4606 1169 90 5395 5284 118 5406 2091 1503 5773 327 2787 1153 2 87 164 5326 5507 703 1173 176 1310
47 138 5990 3514 3106 5182 2208 129 6930 2264 517 995 583 4336 1171 1200 43 484 54 9054 1799 6684 3483 614 3621 1967 5910 2685 3448 1434 1702 9768 1495 8933 992 228 132 39 9732 383 109 102 2768 225 5 778 800 1762 1307 244 58 344 1073 2902 136 27 25 91 3139 3887 1689 188 861 625 1327 236 598 192 139 737
50 919 2513 1482 303 69 859 2292 148 817 485 1599 2941 4995 240 233 1269 2688 216 228 11 23 159 926 1275 2787 734 85 3869 444 71 1376 46 206 6 1391 70 1372 49 8480 3443 735 4096 2453 3140 97 76 9467 184 4532 5490 627
30 2076 625 2385 1610 1132 131 4801 234 275 610 150 128 162 1933 1026 1904 154 602 537 432 2298 183 2014 5914 2733 8 5626 435 2330 8740 1087 96 431 756 1906 8427 8739 152 465 3149 3895 9118 1583
34 6604 9894 2153 2713 178 4977 1575 4 268 32 73 1809 4895 3441 58 391 27 3 1106 224 2 171 1077 429 305 121 1665 138 9346 1446 2248 236 442 52 1524 96 55 164 63 17 20 77 4417 2955 681 8044 74 4104 14 1324 168 1612 455 1 333 12 40 4619 7279 5 95 1891 6762 6755
93 1951 549 915 750 122 2205 597 1 310 160 1948 370 164 866 150 128 1103 9040 555 4070 327 3535 108 5041 185 353 616 2739 1330 276 606 2114 3730 2492 5361 4273 3201 28 1093 126
56 5276 948 3756 8402 825 707 2943 3057 1697 1194 196 211 325 8702 7499 2810 4452 2451 9915 121 3006 1600 73 1840 55 3014 370 36 3796 1287 58 5566 181 10 274 160 2858 5472 1581 1457 223 8114 3698 100 2044 1690 142 214 179 2746 1184 302 481
15 120 42 2291 147 5482 513 280 1495 22 135 1597 9957 979 561 709 1766 8 309 199 87 1027 206 68 1 54 43 44 1734 92 330 112 1270 11 4288 404 6459 83 1263 16 6222 33 48 145 30 146 15 3774 72 138 21 193 1401 7151 968 660 113 1161 5429 26 468 231 2707 4554 9572 62 3082 8215 65 84 7915 4885 301 5313 107 9365 3378 2818
69 356 6452 2112 107 8 671 243 19 83 751 117 335 74 15 572 240 3266 1294 4301 659 6543 4276 3561 3204 1522 4834 3499 9 4436 2100 162 1877 599 2616 1593 139 60 9665 3520 82 24 778 2359 216 2085 1 185 4388 1061 2864 211 54 762 1883 3369 1408 2448 55 142 12 1757 7827 37 249 18 1961 1988 4152 532 3853 1119
71 4656 2591 3424 3684 728 4881 655 6018 2212 355 1384 15 1721 252 439 290 2684 49 164 1671 36 2304 1272 5447 903 6668 8019 204 8334 4131 4221 2477 523 67 534 2513 143 859 4044 89 446 4632 5195 119 2000 445 546 2191 7600 7924 121 150 169 120 182 2840 9906 364 1607 566 977 1495 69 583
6 1184 13 585 176 50 1334 1310 859 30 112 41 1476 20 280 82 145 40 1122 332 44 137 442 38 95 0 46 12 83 25 172 2431 2196 98 48 170 122 684 346 19 72 60 108 78 632 391 110 66 126 86 789 2371 2841
78 1502 3700 1597 2282 2198 443 4994 7658 7895 87 1981 1643 572 9832 4350 285 183 4864 3284 1591 5558 4421 2162 1801 7307 2523 2818 261 680 2981 4130 210 3706 3525 845 2509 6744 59 352 292 300 1465 1686 9946 171 587 6001 8955 1913 3676 2190 850 5616 307 81 2922 154 3631 6131 5902 37 269 355 1988 2653 1566 126 197 426 2164 3416 2175
70 176 410 253 2973 545 90 59 487 240 1113 44 54 49 40 666 298 577 248 13 216 46 367 626 840 2090 459 84 162 374 36 66 2609 4241 5999 226 315
29 329 650 331 290 442 236 880 139 156 496 274 727 393 1000 7 27 1697 34 270 37 66 5 881 223 1803 510 360 28 762 807 526 349 249 490 594 191 281 3141 793 3201 109 417 760 7303 984 291 2726 176 1077
44 1070 708 187 7594 1651 7959 595 2823 2293 498 5936 7869 2563 2196 1401 1204 789 211 2577 10 1379 901 750 4089 880 8541 587 716 1878 4589 3065 1033 410 2050 1753 272 9 63 171 3604 175 275 5014 3913 1236 2601 6539 1246 8 6169 712 3240 5210 1413 2114 6228 6684 1270 9485 3970 16 536 5299 2575 4096 9081
63 8402 900 3248 4364 971 2359 2683 2158 968 1054 6481 5448 4336 3642 976 4880 5779 1223 267 8543 1123 1303 138 102 184 506 1283 1554 4605 1104 8947 3100 3423 26 660 1779 285 370 155 1349 3025 1869 205 1495 353 7492 1218 173 171 1678 929 468 513 6383 261 3 436 234 117 9574 1640
9 4390 2170 6729 5200 468 1554 442 290 873 2955 432 6718 30 145 56 176 164 715 232 58 650 53 72 510 78 7401 1312 2735 115 5349 4421 2562 62 1388 6234 33 70 8034 7147 2726 727 574 110 4962 184 395 1106 2820 204 7878 249 28 5 27 163 231 403 45 95 6304 1412 2079 3 126 2616 762 5621 2700 2136 4308 252 5605 784 1001 7876 737 138 60 636 41 3024 7518 83 48 725 299 65 5862 554
41 2076 4142 1679 1173 97 389 554 900 268 3884 4364 665 382 476 625 117 197 549 3135 152 155 1408 205 329 9039 371 4728 516 253 5724 1262 37 1723 1321 1877 214 4858 156 166 1287 1168 6565 9678 611 2214 229 44 181 910 2504 1626 3790 199 146 4525 2140 627 7 300 1756 4942 16 19 157 131 5982 73 142 2721 64 3866 2258 634 2492 6265 5580 61 979 3248
61 815 121 2976 468 7672 566 63 444 193 408 5751 221 362 89 625 105 58 213 1227 342 266 6467 2114 351 1546 2592 55 1137 230 3624 2649 984 215 7433 6029 536 208 211 8614 1754 478 968 275 2430 9294 2014 1218 2769 389
25 1667 72 20 120 3262 7382 3398 1888 161 164 8243 18 12 0 35 1524 301 4397 425 17 57 4724 3196 22 1174 15 140 11 1222 7 1 32 9677 2106 101 64 131 3251 3964 1645 3 147 21 40 880 38 23 542 63 16 3747 393 1184 7354 28 8360 47
18 879 355 204 267 4102 389 161 7984 20 229 157 3410 51 139 1052 910 8703 3158 231 273 6756 21 3121 421 19 6058 615 1019 803 742 16 66 253 524 609 43 1001 35 720 13 38 57 1226 1256 7593 129 3 189 10 77 123 598 6787 417 1222 7557 2657 1604 2651
97 69 1395 6102 2889 5276 4301 4142 426 6379 6 329 1434 103 290 9691 5381 671 815 2653 20 914 132 12 29 624 285 1868 84 9630 15 3441 4266 1200 375 249 6082 22 187 273 138 65 168 59 267 46 135 0 92 363 140 19 78 1881 158 335 1807 72 148 197 44 32 245 841 178 86 80 131 120 21 4 1095 10
53 110 3102 6035 679 6126 7712 70 8660 1434 74 927 1077 38 1495 4525 1171 1704 1296 1894 6051 243 873 1408 118 3358 2744 999 9225 5150 325 1958 4371 800 9551 231 4478 1571 216 92 1721 3054 7862 382 6092 8309 4977 7291 1294 3395 151 2538 246 583 3215 3038 43 289 398 7986 7791 6655 138 225 534 803 1866 2218 100 9542 1313 1207 933 1762 1985 3243 2094 5069 9359 385 785 1590
60 229 1131 107 123 65 1799 355 235 106 25 122 238 2573 4413 38 43 58 3455 3319 5616 409 1927 219 297 68 3839 3126 130 39 101 26 951 113 4373 344 143 6848 139 2526 142 49 4021 5661 4247 583
38 4630 1370 853 231 298 1314 3359 2805 323 3323 6329 2078 3622 1337 4394 507 419 581 945 8643 7486 46 799 302 129 1062 5419 121
32 797 2486 2841 1200 5448 4364 60 83 3110 34 709 184 5051 1315 632 968 5921 2819 3398 3160 3053 339 138 1597 1412 2526 25 2076 426 624 43 4157 782 2402 162 231 663 56 49 728 619 197 3489 20 12 8993 84 995 625 2825 2700 3470 13 4460 3458 1780 7708 29 859 900 7013 1725 74 10 824 47 104 2659 999 176 6915 122 92 131 38 6045 1000 119 1334 554
59 1972 12 646 857 7 195 167 17 1745 933 6134 3 1805 14 8146 73 6246 1480 1566 2980 3908 216 902 8969 4646 24 1096 225 2043 1100 279 1966 194 434 178 678 2231 3101 1187 475
19 764 12 15 139 88 1548 67 2079 536 300 134 2391 1612 5497 7 250 981 84 149 2403 1587 86 545 3 83 2872 980 98 2492 122 1128 5108 1244 19 9081 370 81 1414 228 351 13 5167 1427 633 849
84 621 4347 155 9047 5276 1256 117 1737 4291 34 3222 487 776 140 229 65 2701 6049 914 29 390 3412 5725 2126 28 102 86 204 57 53 1236 44 3008 13 114 940 7908 4266 50 33 45 168 26 7 15 83 62 38 123 51 1745 176 64 16 12 22 289 21 587 321 1131 125
48 2955 4247 1554 3684 4799 4497 1283 1384 751 2825 1809 1510 1344 968 164 330 404 583 285 300 8334 211 0 48 252 356 30 1312 665 5843 545 120 148 1575 15 841 184 20 7569 8355 348 914 335 227 6 4157 147 146 1601 25 68 97 9 7384 745 39 4672 990 42 1593 3561 21 2593 2920 176 10 72 51 2905 1
36 751 1783 301 434 3718 4662 114 9521 967 9562 4919 469 712 1702 733 2180 163 120 1528 9246 3996 406 252 280 1151 1966 396 1404 6 2979 1351 1508 2097 1797 697 4984 1096 126 422 94 845 3003 496 1481 1155 5001 549 97 95 106 2493 3405
42 708 9517 1263 1656 1643 5973 935 1522 285 6092 487 843 5860 56 2659 123 138 482 1495 21 1369 4 1789 665 252 1184 39 224 126 7360 3286 4568 1027 1771 112 27 119 0 5 41 4288 1019 2076 8364 332 284 2862 29 132 356 104 9749 2816 1387 274 1611 9701 74 184 175 11 441 8911 7854 96 294 62 489 4537 2 30 5522 20 170 236 3585
52 1153 6514 1096 1417 1088 4277 868 3999 2275 16 4025 255 786 1469 89 198 2585 1186 6180 2327 3335 467 713 4611 2702 309 117 1466 2232 1249 270 7768 2345 3761 397 5681 194 68 5804 3182
24 6138 708 426 725 6238 82 27 8450 6347 2060 3706 236 621 542 3046 940 7086 5333 1151 290 1930 977 7373 1334 2168 3483 80 271 6698 9335 8139 104 2444 1195 30 31 1321 1584 900 451 2136 91 948 184 285 679 74 769 204 382 128 5643 1284 3563 1629 5 175 1572 388 3455 305 3447 1174 1152 231 612 1011 8138 203 56 873 6335 1173 2187 9947 599 871 746 185 2956 131 92 115 535 146 1911 375 188 1184 1385 164 1793 5395 138 554
7 3 303 1452 229 4023 158 184 139 21 23 47 0 1315 4 145 12 725 4848 659 6 2 316 157 63 17 58 49 3600 13 78 35 107 32 44 46 5429 253 51 355 611 9 198 15 11 57 309 40 1332 7 102 187 288 1959 195 45 2169 90 65
66 6656 1413 524 309 7325 3477 1951 24 14 131 457 101 684 2852 8688 976 7162 885 1128 4482 2491 1087 1793 1979 636 1156 28 74 7674 31 15 92 1424 634 293 3041 2049 3572 6480 875 1828 4162 5834 236 3943
87 679 909 152 371 22 18 2334 1073 130 2045 82 2978 949 32 62 5136 1702 1884 331 1558 1541 717 2509 882 552 2288 11 1847 9 3069 5561 475 4048 6134 442 177 1041 99 615 327 39 3652 935 293 35 33 116 1227 1583
5 2614 650 549 1173 41 97 240 285 249 3849 1958 1183 245 1184 158 36 6698 611 500 621 255 46 4089 869 195 125 94 2627 149 1263 76 747 98 40 422 2785 66 1274 933 93 70 32 1153 161 2163 8044 60 2608 496 75 566 3517 299 78 2918 157 7033 1283 859
12 632 595 624 878 731 5 1502 1310 1591 32 1077 29 5634 4514 554 224 117 135 88 22 42 34 1401 7929 175 23 2177 9 290 2757 62 37 2148 14 79 39 3379 1613 120 26 3483 4977 393 4 50 2 4500 33 1 245 168 805 7 27 1263 1298 138 0 56 992 54
65 1679 432 166 32 410 1385 97 72 2431 1491 11 69 1628 909 73 429 390 157 37 3582 3689 1476 734 277 9 1004 62 434 941 56 1623 764 343 2837 6913 206 4791 5720 41 568 313 2200 43 2 1 396 82 993 7287 172 735 2706 409 3056 2143 967
43 1876 1128 1988 1274 194 158 234 1068 747 1161 2507 1333 8512 2169 87 4837 631 502 52 1056 1443 213 6045 5689 5269 6258 3025 75 2195 2480 760 2473 412 755 1931 655
10 2848 5926 1737 3477 23 2871 332 468 145 1667 3071 138 482 1707 193 9086 1826 5031 0 27 850 2 5 513 1506 638 32 199 4 624 20 859 4432 4210 131 4978 72 2905 824 82 47 1524 290 14 11 957 36 78 1327 7959 442 37 2138 1447 135 681 915 42 410 28 739 17 595 26 1275 5268 1483 18 3424 4430 599 59 626 4317 123 35 382 598 309 265 9053 8 65 268 198 708
88 4841 4500 4171 5546 957 7117 554 9593 5668 5778 7727 2316 869 7777 1223 6831 410 1571 928 1263 2552 290 3879 2212 1958 7481 7734 480 250 278 1275 1583 76 2372 38 3704 9208 1080 3561 5296 10 345 510 9358 2475 3345 461 9710 2143 3858 190 6137 30 361 2073 1736 672 3022 3400 282 3586 2674 2423 98 4219 1098 155
8 484 158 1287 252 290 2960 4864 178 164 411 5247 1735 1290 3302 131 436 27 37 7269 58 2158 4525 3747 14 594 6 2140 8819 735 268 22 12 3692 216 1189 3179 6837 5011 83 2171 62 9356 1581 85 343 24 261 74 3961 5311 40 1134 42 1 23 301 102 415 4517 54
76 867 8095 3992 6402 3849 3182 2060 549 3279 900 166 4364 5313 3408 155 869 145 404 2168 112 372 30 1344 148 389 371 164 332 6288 107 0 88 1604 957 152 157 35 495 23 126 236 24 63 4 285 2844 659 2 511 22 114 27 1771 50 5 184 3060 552 880 207 2614 104 65 253 5615 19 120 199 78 86 18 2291 1388 255 16 62 267 39 66 14 2717 204 9 121 1476 7 117 542 44 2504 8
49 1604 8450 4613 1671 1122 3923 29 316 5895 96 9957 7709 1065 1440 566 3332 69 166 22 1452 61 13 9713 4164 212 7718 17 78 763 519 2238 5221 84 33 4 73 6059 11 1959 0 3190 6644 186 5158 199 102 1325 301 7970 32 3 94 969 7 641 7537 350
33 1917 9933 3097 1384 1954 8751 3600 432 482 9896 1114 2521 3514 5150 4953 299 138 4820 193 5754 9572 252 2291 2848 2274 120 20 73 126 609 6539 1583 995 4172 11 158 2214 102 8488 57 3053 19 63 62 32 42 1 7387 17 69 78 3119 598 3639 659 22 267 1376 681 2717 107 503 37 298 10 3248 145 2374 1667 1365 2348 1900 87 7437 973 2849 8853 21 16 55 54 377 4040 180 1529 8 480 4676 812 204 176 554 1604 3198 7585
75 583 147 8734 69 120 1482 23 679 14 257 356 28 1 6165 112 587 392 92 21 1841 58 1671 29 325 6 155 873 454 34 489 10 977 401 165 5 245 174 64 195 9464 590 402 8 222 209 4725 2177 6290 224 4342 252
79 485 372 140 238 782 87 206 97 98 476 71 1 2983 15 112 256 115 157 81 131 20 410 119 52 484 16 89 159 57 80 62 130 227 146 300 552 12 10 76 500 594 170 45 4281 2533 121 8271
54 243 62 451 69 29 2612 193 57 61 0 115 624 161 23 90 40 3 10 1489 81 17 468 178 15 928 36 9 180 636 1001 45 288 12 663 6 2316 954 80 482 138 1568 53 1 76 273 14 126 797
91 3244 2492 663 2685 1691 5659 2020 825 9127 4370 5850 4581 647 1227 3003 644 120 210 880 2 4962 7167 43 1070 184 5275 4 2033 339 421 7607 374 1091 4081 962 1119 4148 680 414 869 654 3 77 1746 148 7913 1437 6795 425 5242 998 338 7
58 850 720 6379 468 1284 5838 666 114 1521 1768 8076 3516 4133 6756 1627 3131 1149 89 2249 35 1534 254 120 513 3773 4667 3514 289 375 2300 8430 90 7460 4493 1228 144 5312 244 655 2873 4885 860 459 7 1007 4390 1813 3764 604 245 3470 294 7064 475
17 6049 3923 4607 665 1554 6378 731 4343 879 510 8015 3977 5404 2145 356 5893 9470 583 4167 1270 5278 4335 345 1420 3306 5218 435 2232 2342 2033 252 561 1185 199 9351 2809 73 107 694 1030 3540 3243 1498 8152 1743 763 3532 3900 1971 2072 547 4443 5108 4 257 2844 2 3274 3904 4493 602 3021
55 900 161 6887 1270 117 88 1502 3244 662 80 725 747 909 1151 146 126 3774 155 65 1737 45 867 609 2112 1263 107 33 1184 637 957 30 187 4148 485 115 1495 650 8 681 57 978 443 316 2651 5603 3008 1089 410 1587 342 193 145 1434 880 1 10 7293 599 166 24 152 8094 370 1223 11 183 55 404 91 18 348 37 869 17 26 71 16 374 218 28 414
14 224 9559 708 2205 5850 185 4594 3398 1097 3239 3182 825 196 1104 6979 5721 102 143 2126 7155 362 680 79 128 734 742 104 706 482 992 3046 456 1902 404 749 7147 608 3759 68 22 162 186 8168 1477 250 599 10 1035 252 3204 8 138
37 968 2073 166 1089 2612 5862 30 524 356 410 41 681 371 6577 3097 176 48 332 82 158 60 120 1737 395 126 252 859 2444 8 61 25 5 1343 2430 4864 50 0 54 1482 18 2147 184 19 594 5084 10 198 152 56 647 24 8702 137 88 42 31 175 14 36 154 1921 146 40 155 1027 585 653 6523 138
51 9365 725 2818 5501 977 3046 27 197 3923 4 11 28 14 2826 3 2 15 63 117 1387 8 7 17 6877 19 18 329 2500 5 5603 45 22 16 5031 58 72 9 665 1159 20 30 268 21 910 187 3824 55 0 1745 1 2148 35 23 26 426 373 1826 74 4433 3586 749 5659 24 41 146 2613 510 61 231 2420 78 82
16 1754 3500 167 6630 848 1100 5791 4974 6031 3689 3715 2268 1136 418 2767 215 6565 207 3950 7367 634 722 1278 1748 461 2857 819 338 5430 1811 3417 5222 1579 898
45 8 0 138 9 2 554 1 14 6 121 7055 55 15 309 82 330 69 655 32 19 23 12 52 5661 1881 135 29 193 22 899 4 17 6459 2513 243 103 1510 2487 132 158 1387 7850 42 20 1122 73 67 120 18 332 171 10 1714 35 1482 79 4226 11 21 51 552 5990 6698 1954 1310 859
1 8734 1572 5367 61 1089 199 176 485 1388 159 3198 1679 2572 180 4589 5 30 549 126 1597 377 404 88 1440 869 684 7292 596 0 65 940 815 1632 280 1468 281 110 251 2 72 238 2902 4040 288 4703 41 5515 253 3912 120 186 123 946 9030 55 19 4 52 64 56 57 7 477 240 454 15 396 742 135
40 777 907 388 482 972 114 151 4849 160 183 2442 253 265 538 439 539 143 231 64 15 248 9203 1332 155 73 7 306 204 476 6025 224 4807 105 1805 319 796 359 797 1697 501 239 86 1950 3915
27 164 2780 5295 6668 1954 552 299 8761 53 17 443 849 34 5 28 184 899 3 176 45 1412 679 1365 331 23 107 348 7753 524 25 300 47 40 228 1522 151 122 4962 82 1117 7 395 1221 4510 2296 139 18 389 739 482 4978 4403 50 12 24 14 901 35 119 919 2116 8 646 57 27 183 117 604 8438 211 138 155
94 857 6785 3428 7971 7590 206 4625 402 572 697 4857 5909 812 946 5447 2965 975 2329 757 2601 544 1360 151 232 4657 686 4850 4299 645 1788 2882 7040 931 860 421 980 7062 123 1096
85 1756 187 166 114 524 139 138 355 31 24 782 88 5641 1137 516 1398 3569 1344 2730 1757 7 422 938 2397 1393 2652 4606 836 1292 37 201 3224 183 970 544 5225 2017 120 274 3180 417 9030 34 3400 74 158 384 9723 69 475 2013 1158 9442 2065 8 2757
23 671 1412 1429 252 56 2579 152 95 172 482 67 131 42 1506 3839 343 58 243 8116 2142 536 275 5336 253 86 70 53 6644 8802 881 361 1 909 1351 48 15 2692 16 47 273 462 28 264 1450 138 318 3066 702 1277 230 7607 414 228 9888
57 19 126 5 3831 968 268 82 480 20 3975 6979 404 135 53 3613 50 1506 224 375 484 2683 30 2700 197 26 6616 158 429 38 2348 218 708 4618 7918 335 52 18 2134 962 110 422 8672 196 5801 114 7546 3807 448 1442 118 2759 4099 321 8272 116 1336 309 60 55 51 2147 9311 1017 41 1334 1497 2780
72 2433 1384 948 2859 5038 1215 1558 1758 8184 62 9613 3016 1566 7797 1478 261 8629 543 475 7589 1190 2313 515 1353 750 6094 388 1360 2029 1509 1621 4838 176 798 3231 174 9478 34 4630 124 664
22 3211 1310 9517 224 2045 859 7624 3379 1173 442 69 650 6379 299 583 303 977 342 356 3424 166 731 207 2402 253 97 8955 193 148 389 1930 243 72 501 2304 468 843 1290 30 1132 92 197 6035 459 236 117 513 138 61 280 355 29 2768 4609 164 161 404 480 78 41 60 63 74 6404 277 9425 55 240 58 331 339 42 66 114 135 20 18 429 2818 126 476 1770 96 155 301 1423 216 57 62 703 3543 7508 5110 89 455 133 2503 2198 120 7293 554
2 27 28 17 0 4 44 6 35 2264 940 1756 1524 5659 14 69 16 8 24 62 33 9 1 32 22 103 637 7 45 96 4063 3 485 23 18 70 65 132 3244 21 2 11 3199 148 346 178 1604 329 4859 2741 390 1437 85 751 90 1352 15 2296 54 3661 102 867 1502
28 621 44 1917 148 968 612 914 899 1583 61 114 144 82 60 1506 164 64 253 137 170 53 2048 132 264 41 2576 35 1352 1031 258 5483 836 383 78 3768 272 1001 31 1008 67 5626 103 59 198 2 830 4425 110 70 93 8492 1150 1344 155 355
39 5381 4768 1171 1395 728 2383 1930 979 5921 797 439 7104 977 2889 2138 686 4302 968 747 1671 280 9611 3182 2688 583 1369 1251 2523 166 74 5895 148 118 60 158 301 2503 8334 207 6234 102 55 7048 646 390 4388 46 5546 48 176 40 750 119 647 8 18 335 184 3053 4089 1546 896 162 17 65 27 114 3983 1667 613 1292 836 86 339 365 12 25 546 2416 1520 120 97 193 554 138
11 117 653 13 41 372 356 371 236 3457 111 48 139 54 650 585 112 1122 114 125 206 46 136 72 6656 2261 60 1183 301 8992 37 7559 39 142 64 494 91 1155 55 83 327 659 442 5205 3591 75 762 40 103 81 93 123 1483 709
