100
35 1186 4 6962 277 1883 454 8030 5552 344 3011 1607 4710 4358 975 190 6 653 8973 444 7304 675 738 3662 2516 4472 1494 108 594 1151 471 419 343 431 4410 90 1378 413 7378 4435
72 948 2433 1384 2859 5038 1558 1215 9359 388 8184 9613 8629 261 475 785 1758 3016 515 62 7797 2313 1509 1360 750 2152 1621 4630 174 4838 1353 1566 543 3231 1190 9478 6094 2029 755 798 1035 1333 6258 1852
76 867 900 3992 6402 8095 549 2060 3849 3182 869 3279 145 4364 3408 372 5313 126 157 6288 404 148 166 2168 332 155 63 199 24 371 121 1344 152 104 542 1 495 7 681 28 30 659 65 957 27 389 1771 484 4 236 13 382 184 164 12 2844 511 23 45 2902 5615 50 47 66 112 285 552 880 3060 22 107 2291 11 114 2717 39 16 6 3 253 103 8635 1388 2614 737 1476
14 708 224 9559 2205 5850 185 4594 6979 3239 1097 3182 3398 709 5721 196 30 825 1104 102 450 362 2126 245 7155 482 143 490 104 742 15 343 734 4801 1902 128 186 3759 404 220 680 7147 7 33 8168 3417 706 1579 1811
51 9365 2818 725 5501 977 121 3046 28 197 3923 2826 27 1 7 15 21 4 3 11 2148 14 5 117 1387 6877 9 63 2 5031 1159 16 268 146 74 4946 20 12 23 5659 1989 72 10 1692 0 24 611 510 749 35 1745 3824 61 5603 82 7694 9234 4532 58 2420 26 2425 48 45 1826 1224 3708 4606
33 482 1917 5150 3097 9933 1954 3600 2274 120 1384 8751 2291 432 1114 9896 2521 4953 3514 5754 299 1583 44 11 995 158 69 4820 609 681 3248 102 2848 57 17 9572 4172 18 679 21 42 6539 598 8488 138 3053 3119 31 659 78 3639 7387 32 1376 298 62 2717 16 63 204 80 8 973 176 1365 7437 87 503 2348 8853 377 180 990 5395 46 54 1128 2425 15 2849 4040 395 1900 83 33 501 229
86 7 5 4 3 1591 27 72 178 1734 145 510 9 1 20 60 5773 90 348 0 23 211 267 14 28 277 9514 7584 1468 100 538 193 35 961 38 599 13 12 25 879 68 8978 126 303 152 285 6087 19 404 199 51 26 96 71 47 583 252 968
67 155 3389 36 37 65 4023 157 1387 7 29 57 2700 78 126 1434 7537 1290 4 9 1881 0 3767 1225 88 2148 79 152 71 1 31 118 9886 1506 899 61 3467 69 519 13 12 18 671 7687 511 52 574 160 10 487 554 3266 1521 3142 212 8080 38 60 51 19 979 30 3692 343 5313 468 1263 3975 138 708 1495
92 1583 1714 45 57 1958 316 1799 9138 97 2067 356 715 106 41 7776 659 161 121 17 3097 15 451 1434 1862 595 107 3299 255 7373 24 1673 1334 81 611 789 166 71 2572 74 142 235 7977 299 108 6166 179 2385 206 8948 210 8801 194 216 2298 815 100 4221 5329 80 3 10 176 549 442 583 2371
4 3654 993 7313 1956 35 4157 3946 8518 641 3751 2706 2894 908 433 9493 3860 3646 258 1113 2195 488 514 133 1257 9290 8401 2436 1582 6270 3624 3404 1431
12 731 632 1591 1077 2371 624 554 29 121 595 5 878 42 224 4514 26 5634 1310 120 32 992 7929 1263 175 3483 135 4500 22 13 1502 1401 14 62 4977 23 2177 2757 168 2148 139 54 39 27 79 1613 1 805 16 4 393 7 421 377 9 56 84 1298 51 117 290 3379 50 20 275 18 138 126 252 8 176 2153 867
61 566 2976 121 815 63 7672 468 444 193 408 221 213 5751 105 362 625 266 342 42 215 1227 385 230 275 69 2649 1754 2592 1546 9294 984 3624 211 20 2014 6467 2114 351 208 5882 2552 456 349 8614 738 574 155 252
59 3 857 26 1745 746 167 646 1805 933 8146 216 535 2980 23 14 2231 6246 1566 8969 1966 6134 434 902 1480 4646 702 17 3101 1096 2948 1100 32 2783 279 225 8601 2866 477 116 282
66 6656 1413 524 7325 309 1951 3477 24 187 457 35 101 23 684 6131 2922 1988 131 2852 8688 356 976 1087 7162 60 15 136 4482 40 2653 947 3257 7674 132 485 1156 2491 18 3041 92 107 307 3572 1042 1424 1564 358 6946 14
83 4178 3244 2780 106 267 501 235 7315 140 70 227 549 105 2132 900 179 2654 365 3420 968 3293 86 6005 7275 589 6147 2791 59 3033 970 779 3348 3175 68 319 1843 9710 323 6913 3769 1065 8901 552 871 1736 308 891 670 374
28 621 148 44 1917 1583 612 968 61 899 914 253 60 15 1352 31 137 110 64 2048 12 132 258 82 264 19 114 164 41 836 272 1001 3458 3768 144 1008 59 1000 2576 70 93 5483 4104 67 383 198 103 78 1 1150 1344
95 5390 5442 2670 3995 929 1863 200 5516 6951 395 2820 2668 813 1112 652 594 58 321 119 1161 1635 53 1528 5196 2445 2460 6205 660 1204 497 963 2098 626 631 400 1377 264 2437 5774
80 1572 6337 145 686 2060 316 197 6057 3923 2198 8454 309 3708 1065 95 148 1256 5209 137 426 971 3166 2614 24 726 496 101 252 4241 3281 782 54 10 287 990 5124 8040 147 50 3089 164 641 1454 1012 94 3 1862 2063 1386 154 2812 61 5580 4942 280 2 515 2961 4320 28 27 589 410 968
7 63 102 1452 139 5429 4023 2 46 3 158 7 107 145 229 12 47 0 11 184 23 57 6 4848 4 9 21 17 611 35 78 157 309 1 2744 51 49 725 303 4371 65 90 1315 253 197 198 355 13 45 55 659 2169 32 20 3600 288 316 250 1332 999
6 30 13 585 176 1476 145 41 112 859 7 1334 20 1310 280 1184 442 78 12 72 1122 19 83 31 1 110 50 65 40 46 172 86 332 2196 25 98 95 37 44 48 82 684 75 0 137 60 122 2 346 2431 1173
99 15 3110 686 199 7234 482 69 583 138 5851 139 1334 39 29 84 119 62 175 2478 61 4258 1756 503 103 168 4869 2 609 63 1023 637 1352 252 173 3057 81 166 454 22 1541 195 67 198 303 37 406 135 30 8270 1702 4818 387 742 101 31 1911 95 56 1437 44 8044 117 2163 36 74 249 82 1954 6402 120 485
0 120 1137 236 16 720 27 155 104 38 146 756 91 54 9 96 14 39 8549 137 398 110 3069 1494 422 1808 2268 5469 4479 3045 478 2020 36 116 6052 2556 1368 5278 55 279 92 5905 66 568 4366 4266 869
38 3205 8704 6329 906 298 1530 1991 2078 3034 4032 8516 5165 7733 853 507 3926 46 2593 9574 1314 4394 799 415 8444 6064 3359 3622
62 7624 9502 155 919 2616 6379 3428 1826 2521 2076 138 583 662 4413 7966 117 3270 1122 5887 495 309 120 245 2106 5876 4982 1881 236 1591 2858 7454 382 389 24 5634 69 45 27 3363 61 2698 195 8 9 404 982 1012 197 118 31 87 74 1503 102 29 56 3 1187 111 1674 439 3870 5284 703 4532 5326 700 2091 3970 201 28 3858 2423 5395 5507 484 539 9634
9 4390 6729 5200 468 2955 2170 873 1554 442 145 56 432 176 899 290 1312 28 135 6718 510 110 2735 115 53 232 4421 126 166 199 715 5349 78 650 163 2562 252 184 8034 231 2616 7401 4962 737 35 395 3 6234 45 727 72 1388 70 7147 2820 44 2140 403 164 46 121 95 762 27 62 2726 142 6304 7878 1412 69 2079 249 83 267 4308 15 33 2700 48 725 5605 2136 289 299 3024 7518 554 138
94 857 4425 3428 830 8492 6785 557 697 4625 7971 2965 572 975 402 5909 4857 812 2882 2329 2601 946 757 232 4850 151 5447 4657 1360 7590 544 980 133 1140 9793 1788 524 8103 6424 3655 686 2120 316 1790 404
88 869 4171 7727 554 4500 7117 5546 4841 9593 5778 2316 957 1263 5668 1571 7777 6831 928 1223 410 2212 3879 2552 290 1958 1583 7481 7734 2372 238 480 1275 510 9208 3704 2143 2475 3400 5296 1080 461 3561 361 30 278 9358 130 2739 672 1161 3345 2073 108 26 3044 120 2674 5931 3022 7707 8461 98 1 3586 4219 1098 8465 69 126
69 5 63 501 3520 751 3204 2112 671 1522 6452 82 1119 1757 824 3299 4834 346 1877 1061 243 20 16 41 426 4035 2100 19 778 60 42 7042 2616 73 3266 971 83 30 24 216 145 240 1446 44 1732 6 907 4276 7827 36 3853 9665 361 2 6543 162 75 577 249 3369 140 111 6692 335
29 290 442 329 650 727 27 331 274 139 880 496 236 393 1000 270 28 223 881 510 1697 1803 417 762 349 807 793 68 5 526 137 281 249 337 594 191 4088 1607 760 984 2726 170 1491 4632 321 7303 3201 3141 1149 2099 2090 3953
48 2955 4247 751 4799 1283 1554 583 1384 3684 285 4497 2825 1344 1809 1510 330 211 968 120 252 1 665 48 164 300 404 8334 5843 7 20 30 545 1312 148 1575 6 15 990 4157 37 914 8355 348 841 0 2905 42 335 25 11 184 1593 3692 146 176 227 2920 274 745 1601 2593 147 2249 9 51 356 31 23 4672 16 703 17 236 1228 72 5728 632
81 4281 5091 355 7234 63 1627 95 727 662 138 253 300 8094 554 764 432 829 1017 1750 3631 1564 282 861 167 85 803 259 156 171 49 25 147 7081 76 325 67 209 128 9039 345 497 36 196 206 267 8243 38 3441 1135 2138 520 1575 152 144 277 7173 155
57 19 126 5 197 268 20 53 3613 1506 110 82 224 480 968 2700 26 375 30 6979 404 3807 2683 484 6616 158 2348 52 3975 429 3831 7918 4618 37 335 962 708 2134 18 218 50 422 5801 1442 448 8672 2759 77 44 196 309 229 8272 7546 9311 116 76 132 114 40 4099 1017 118 296 1334
8 484 1287 158 290 41 4864 216 27 44 3747 13 72 2158 2960 1735 735 436 8819 411 178 3179 164 6837 268 12 56 187 11 5011 28 1581 5311 2608 54 261 14 38 4525 1189 50 102 3961 3302 96 8149 4517 142 35 83 58 147 1292 42 3996 286 17 2430 594 301 6628 309 21
64 9305 3032 1005 542 1283 784 962 1737 6769 6767 265 7837 1384 72 9584 2705 90 671 3211 296 27 120 157 126 166 9 310 168 969 219 63 1930 399 505 2177 8 408 465 2145 1 7 5055 348 2238 248 5253 0 46 4 255 181 4342 21 15 379 118 58 149 56
41 4142 2076 665 900 554 1679 97 197 268 382 3884 4364 625 152 1173 389 3135 121 1408 476 9039 516 117 205 549 155 329 371 123 5724 38 2147 1321 1168 214 64 104 9678 13 253 25 39 156 4858 1262 164 4728 1756 1877 611 1497 1723 1287 229 2214 9 2504 28 16 910 634 6565 627 784 1626 166 41 30 3790 7
93 549 1951 915 2285 122 2205 597 160 750 866 6137 370 616 1948 185 555 4070 128 327 85 1103 1010 150 3535 9040 99 106 606 88 2844 4804 5005 201 2492 4156 1859 2114
85 1756 187 524 139 355 114 24 7876 1757 5641 240 1106 3569 120 1137 2652 1398 782 138 1344 615 574 516 836 74 2730 636 422 417 4606 938 3224 201 1001 3180 2065 544 36 2432 1292 68 2017 1393 183 656 6135 16 2052 3400 526 1170 9030 4565 14
23 56 3700 252 1429 671 482 1412 2579 42 135 86 152 1981 35 3839 7658 131 66 172 95 253 4864 67 70 243 16 47 195 5336 1959 58 275 1351 536 881 361 264 250 3525 204 273 48 230 1450 9888 310 345 1972 2692 462 318 228 3066
79 485 140 372 119 97 87 476 131 98 1959 782 238 57 206 157 52 2983 121 256 156 37 115 81 66 53 5069 16 17 410 484 500 62 89 76 39 300 552 146 130 3983 159 80 291 4281 79 2533 227 224 948 8271
52 1153 1012 6514 2175 1186 1096 868 1950 476 1469 2275 239 2327 3335 4834 418 1249 191 89 106 765 357 34 296 6228 1666 825 2072 6180 786 212 4096 270 713 2044 3411 5555 5299
58 850 6379 720 5838 1334 1284 3514 4133 6756 3516 1768 3131 666 8076 1627 89 396 69 3773 8430 114 550 126 1534 4667 7460 254 468 513 244 434 909 4493 4885 4596 1723 1007 2986 3470 785 58 1813 2873 860 460 1378 459 1742 2619 2319 157 1132 716 5312 2847
37 968 30 176 1089 681 524 5862 54 332 3097 158 395 252 2073 60 126 41 371 859 120 56 2612 48 6577 410 2430 19 42 1343 198 1 25 4864 31 2444 5 166 1482 1737 24 184 18 175 82 152 14 15 8702 7 8 44 50 594 1027 10 647 61 587 6523 40 2147 154 36 137 9346 2248 155 4347 2513
89 1495 5350 867 726 545 268 2019 1757 3137 1896 4618 110 424 625 596 636 2 11 50 41 4537 1134 48 44 3526 161 240 1601 2377 436 841 15 4962 233 164 210 8 34 2120 6 21 8790 218 30 594 4122 1172 2941 74 914 1008 155 18 532 189 24 135 943 583 112 3024 7548 9657 1340 45
73 3774 3706 8528 3826 69 2857 3818 6188 1495 776 596 1307 1611 1128 574 2703 8156 1114 320 333 250 126 3824 1558 1562 2201 1494 7218 7798 4524 1571 1251 1484 6589 4726 1472 8438 156 9794 2869 1195 1106 597 19 98 1386 1311 81 46 1232 6735 3357 1442 131 952 6359 523 109 155 103 149 62
65 1679 432 1385 97 32 410 11 166 21 2431 69 72 8 1491 4 1628 27 4978 389 1476 390 7 73 117 44 1336 41 13 764 1732 3378 734 429 1623 2180 3582 2837 4791 3689 49 2200 396 20 277 6756 7287 941 0 3056 100 9 38 62 1921 1718 568 824
43 1876 1128 1988 158 1274 77 71 44 412 194 1068 502 6045 664 9424 7589 87 2507 2169 234 2480 36 9271 213 3828 347 4021 4837 237 2473 7112 257 1056 4040 5443 5661 4247 583
22 583 9517 1290 224 1310 442 7624 3379 2045 859 69 63 2402 161 977 3211 253 342 72 97 731 126 148 303 240 193 207 8955 2818 1132 3424 2304 280 1173 468 650 843 6379 6035 299 197 1930 57 41 15 355 501 2768 28 78 480 459 243 31 6404 331 187 277 513 166 7 74 18 389 476 236 805 7508 138 404 42 339 84 5110 703 133 9425 121 301 4609 2503 96 73 135 1770 89 70 66 115 75 37 26 267 285 7293 155
31 27 1734 549 1106 5 301 199 268 96 1065 197 3 56 3676 253 2504 4397 58 554 653 881 16 105 73 3008 26 735 4487 2360 408 2185 102 1052 280 6141 4 70 273 1989 20 125 915 5626 1793 8707 1783 1093 54 1320 159 42 6385 7218 178 1549 170 68 399 77 776 8 21 7454 596 211 14 92 316 867 621 138
47 138 3106 583 2264 6930 5990 5182 3514 2208 129 54 995 1200 4336 3483 1171 484 9054 1799 517 43 85 5910 3448 2685 3621 1434 1967 2768 6684 1495 9768 1073 102 1702 992 614 800 225 778 383 228 9732 625 188 344 8933 27 109 1307 3887 244 598 3139 69 1762 55 46 91 192 25 309 2413 861 1327 480 236 4291
96 609 249 737 2003 229 131 715 2818 2240 63 224 145 542 4 2088 57 74 149 45 12 1339 34 455 65 271 140 13 56 1361 8 70 504 1001 184 219 108 308 156 201 41 107 152 127 212 1862 163 189 391 24 6376 619 310 3999
50 919 69 2513 148 859 1482 303 2292 817 485 2941 1599 233 38 4995 4619 216 228 155 3869 3443 1269 2453 70 1232 240 1891 6762 2688 126 76 1376 885 133 412 363 210 8438 4096 734 97 4310 3140 199 84 1233 866 2298 1391 1942 159 184 375 5490 273 3927
26 5959 84 299 187 907 27 161 1388 4090 1656 24 1850 25 6577 45 485 797 342 890 131 1420 2052 16 80 3110 144 210 66 409 102 1967 9542 3194 17 33 9927 4807 47 778 3 329 1019 162 805 554 193 1584 9017 624 6369 446 3317 526 4497 415 183 1077 1936 313 4335 5041 669 1951 4704
25 1667 120 20 1888 3262 7382 72 236 1 44 161 4397 301 1524 21 2106 8243 107 26 3196 17 9 131 7 425 2 37 3 164 35 40 15 1645 140 101 3747 57 166 16 18 1222 4724 11 9677 64 23 19 45 8360 0 4100 49 70 1048 280 22
46 4148 329 1324 1502 102 13 1692 183 28 7408 983 88 289 485 651 884 17 1298 25 14 1 387 172 19 58 1161 5 123 1168 205 1903 3 4372 2950 23 5720 634 24 9338 10 7854 376 2088 15 2325 218 1778 268 18 873 6986 294 9557 107 5974 155 583 968 138
84 155 4347 6049 1737 1256 4291 3412 9047 621 86 57 3222 13 2701 117 4266 5725 45 776 29 102 487 2126 12 140 940 5276 28 229 1745 62 204 390 1236 176 65 914 83 60 16 11 7908 51 146 168 321 114 74 145 34 455 64 4432 289 2 33 1275 171 356 5031 1131 58 3008 39 136
75 583 120 69 147 257 1482 14 8734 23 1671 28 6165 587 679 6 392 1841 325 489 174 304 29 873 155 64 401 356 222 165 34 112 590 977 454 43 209 402 217 9464 173 4725 293 2448 6290 355
74 2848 199 9543 6097 5526 2274 8938 3502 3759 5011 4597 4429 1447 243 2735 24 316 621 268 37 1 1979 7774 65 8365 1807 443 139 145 13 8875 28 96 4 12 83 201 880 1210 342 2427 5621 9246 446 168 7 968 3943 8427 14 36 66 50 1596 242 4797 5 169 148 869
11 372 371 206 653 236 41 139 112 54 6656 48 72 13 3457 1122 117 2261 46 585 111 494 7559 301 125 60 136 442 91 15 356 142 1155 8992 64 1183 650 55 123 103 114 3661 39 762 659 81 83 5205 327 93 75 240 3591 121 28 5381
3 3097 725 907 144 1456 17 2992 447 256 2696 1 809 5519 141 459 3478 3659 1362 5803 3160 8295 768 6284 6702 4009 551 2738 3025 3455 35 19 1370 9710 5848 698 419 1765 4630 3444
45 8 0 138 9 2 554 1 14 6 121 1881 120 52 69 29 103 32 79 7 5661 4266 7055 11 243 655 158 20 18 1954 31 1387 2216 23 12 309 332 193 42 65 26 2513 4 6459 82 3158 1510 1506 37 132 123 17 552 6698 30 330 4226 55 22 51 67 1122 7850 21 1714 19 5990 1310 1502
42 708 9517 1263 1656 1643 5973 935 5860 6092 285 1522 487 843 252 56 1369 1184 482 1495 1789 74 2659 665 224 4568 7360 170 27 1771 126 2 184 332 41 121 119 8364 2862 112 29 45 132 11 69 4288 9749 2076 76 1019 2816 6 1611 1387 175 489 8654 236 8911 284 26 5 19 37 65 9 20 35 250 38 331 8 30 356 9701 1224 1 486 800 15
18 879 267 355 204 4102 7984 161 229 389 1222 12 8703 1052 3410 3158 157 356 231 598 253 21 60 910 742 524 66 114 6756 2 546 69 1019 11 38 40 28 6058 6787 245 609 43 750 803 77 1001 37 1226 129 1256 7557 1604 720 97 3623 1481 417 3751 123 189
56 3756 8402 5276 948 211 8702 825 707 2943 3057 1194 325 196 1840 789 2810 2451 7499 370 52 9915 5566 1697 1287 38 3006 274 3796 181 160 4452 3014 1600 1457 481 2858 375 1690 3698 8114 142 112 2044 1184 71 3631 223 868 1581 214 179 2746 88 34 5472 146
20 3172 2153 1638 1290 4171 8454 148 7347 3497 2591 3198 2659 2930 7048 5526 1052 709 3441 4688 176 4225 119 4 3483 9519 1771 249 35 125 199 595 1168 7081 26 49 12 1412 6373 4067 11 57 632 22 907 1225 442 6362 2849 2 13 206 2150 2047 146 7 159 7069 107 2298 20 140 75 3052 21 5329 1117 3286 561 41 1 4408 4662 32 62 849 3718 280 1027 1768 1169 3533 299 436 5514 120 859
27 6668 552 1954 849 5295 2780 176 8761 443 45 17 482 5 4510 164 299 20 53 524 28 331 119 348 679 1412 47 7753 1365 4962 184 23 300 57 139 1522 151 122 24 228 1117 25 739 18 82 1221 4403 40 3 35 909 919 631 901 2296 646 77 34 2116 604 107 39 211 395 2171 14
21 3158 7242 5985 2264 74 5554 1152 5482 103 2848 1089 494 1350 325 176 797 83 1482 69 79 27 41 737 110 71 96 1610 389 13 119 403 199 3880 19 84 233 342 252 6115 33 39 249 82 1554 134 198 398 850 1513 14 8 878 4 54 47 12 2296 124 594 138 28 63 34 207 5 4413 38 3398 2573
5 2614 97 285 36 549 650 41 240 1173 135 3849 611 6698 1184 1263 245 1183 500 158 869 1958 149 249 4089 76 93 1153 94 255 70 46 2627 125 98 621 747 2785 9447 933 157 161 977 7033 1274 131 40 716 2918 439 299 422 566 537 291 1277 5160 496 32 81 3109 1283 859
87 679 152 909 22 1073 371 18 2334 949 82 130 11 2045 2978 1702 1541 1884 1558 62 5136 2509 882 552 717 32 1041 5561 2288 8 4048 6134 475 99 132 3652 1847 21 2428 598 177 327 935 323 364 538 5046 4738 207 397 2849 166 1583
77 6745 2258 3884 1593 9 2533 0 2378 5872 330 720 90 2942 3603 1352 1577 2657 1393 4430 95 118 8733 6961 8332 305 1442 402 183 2265 631 943 284 245 533 81 1228 9355 3574 151 82 1087 599 2582 264 4959 1258 7792 1599
40 482 777 388 907 972 53 114 151 107 183 160 73 4849 300 365 265 4277 64 248 253 2442 231 1880 1153 33 143 994 538 23 224 306 1417 1738 498 1697 34 4314 37 162 204 308 405 4807 155 9
97 69 4142 84 2889 6102 329 1395 9630 103 65 4266 4301 290 9691 426 6 1200 78 6379 29 79 285 86 132 815 1881 138 2 1 2653 5381 671 59 5276 1868 31 1434 197 3441 6082 135 168 140 914 22 12 273 375 335 178 148 267 173 187 363 92 157 37 121 50 1478 46 841 120 1807 131 32 52 126
10 2848 3477 5926 2871 482 1737 1667 199 332 468 23 1707 513 20 3071 123 138 193 824 850 61 27 4978 638 624 681 1 1826 1506 30 2905 17 82 9086 1524 4 72 5 356 11 4210 859 32 14 38 3 65 12 915 256 120 40 164 290 62 382 1447 13 9 35 3424 18 47 7959 139 0 78 1327 125 410 442 309 135 265 7 4985 5268 268 957 158 8 69 126
71 2591 3424 4656 3684 6018 655 728 252 36 2212 439 1671 4881 355 1721 1384 49 2684 2304 143 38 290 6668 8334 523 903 5195 5447 1272 534 8019 120 67 2477 66 2513 546 4131 150 7924 119 445 101 2840 9 2000 4361 4044 9906 225 2191 859 7600 204 169 182 1772 1495 968
78 1597 2282 4994 2198 1502 1482 1643 7895 443 572 87 859 391 4350 8116 15 9832 3284 2162 909 2142 1591 261 4421 7307 58 4130 8802 6644 1801 210 2981 183 2818 2523 1601 171 5616 587 3706 6744 454 292 59 845 1913 2509 9946 10 117 105 72 5902 426 3676 2190 154 1686 654 850 343 245 885 1465 8955 6001 1128 2164
90 331 2371 2899 3457 686 27 184 655 4551 63 9054 5 123 138 3977 23 330 638 28 1384 14 42 55 120 646 4329 4829 8 679 372 1110 6160 135 158 92 15 210 72 907 83 1189 424 18 24 20 1016 25 218 1052 3299 425 1704 896 139 45 449 2322 1260 155 255 118 201 751 43 716 229 8381 19 382 51 68 65 1256
68 1888 2112 372 517 7584 1428 62 424 1395 5667 2487 4919 468 76 1320 170 279 604 10 5350 2169 112 410 1436 4347 1078 8241 647 6163 509 715 461 3591 156 1669 8466 40 612 324 887 9360 98 8911 2262 44 134 4724 2837 184 426 5286 25 314 896 554 551 397 1537 899 5582 249 197 155
44 708 1070 7594 1651 789 2293 595 5936 7959 7869 2563 2196 211 1204 1379 3849 498 1401 4089 2577 901 4589 79 171 410 8541 1878 6169 587 750 2721 1753 1002 3240 712 1871 8739 2575 65 4817 3913 327 275 445 1124 32 2762 294 4844 455 187 9459 653 415 132 2050 1953 952 7774 2082 1445 1853 5860
36 751 1783 301 434 164 712 733 4919 1528 114 585 967 2180 163 1702 1351 4984 9521 252 9562 37 3996 396 1151 9246 469 406 1966 2979 1508 59 1404 998 3003 2097 1797 2810 94 43 1481 1096 6 3730 3406 714 1155 496 193 126 797
63 900 8402 3248 4364 971 2371 2683 2158 968 3642 5448 1054 4336 6481 2359 1303 976 1223 5779 4880 1123 102 184 285 1104 8947 1779 8543 3349 1869 557 3423 506 4801 3 205 370 1554 4605 1495 929 1678 660 5063 1283 115 248 2811 155 3100 468 513 1640 234 28 9 360 37 8969 7492 7486 1218
30 2076 2385 1610 625 1132 187 4801 256 610 687 131 234 150 1933 128 154 1026 162 43 8740 602 1904 2296 465 3149 155 432 435 756 5210 5914 2356 183 2733 124 152 2166 2330 1087 2 1038 8480 3309 1583 126 1809
60 1131 355 1799 235 229 25 122 107 310 106 238 5616 3455 43 3319 58 216 1927 409 297 38 40 101 219 3126 2 10 113 951 5 130 111 88 49 747 3839 1017 4373 26 2526
91 3244 2492 663 1691 2972 455 2685 2020 647 9127 5850 4581 1119 5659 4370 3003 644 4289 4962 1227 7167 7607 1091 5275 339 948 4148 2033 1070 825 184 5664 27 962 4081 3229 880 1437 692 421 1746 6405 654 306 148 338 8088 8307 1142 3611 996 833 4171 202 1814 2741 327
82 126 494 3457 2282 7677 252 1734 841 999 155 426 2967 339 484 3142 2717 1300 271 80 247 1937 2047 3471 1606 125 114 28 496 30 73 6656 161 7253 163 112 235 3493 1628 58 4018 7975 77 341 2739 3097 5472 5 8643 516 158 1274 360 6029 113 89 8342 1665 7433 231 99 451 1303 4507 1671
53 1077 7712 70 1408 110 5150 8660 927 679 6126 1434 1296 74 3102 6035 1495 1704 899 1894 118 873 6092 243 1571 325 6051 4478 231 9225 92 4525 800 1171 7862 9551 382 171 216 3358 73 3054 1958 246 1721 1294 7291 8309 4977 289 3395 151 7986 38 195 2538 3038 3215 534 2218 43 7791 6655 58 3243 1313 398 1866 1590 2094 1483 1985 803 9542 1762 100 176 933 1207 968 356 138 1384
32 797 60 2841 5448 84 5921 4364 2486 5051 197 2402 83 709 3110 2825 2076 3398 135 3160 56 1597 138 632 1200 231 13 119 968 2819 1315 1412 3489 339 74 624 20 25 43 2526 663 619 184 176 162 2659 31 3053 12 1725 1780 4460 3470 4157 8993 7708 900 78 728 1604 625 7013 2700 29 859 426 49 35 1031 824 995 131 122 34 331 186 6045 6915 321 782 51 554 999 120
19 131 764 139 67 37 545 2391 1548 134 9081 981 61 2 300 1896 88 599 2403 2872 746 86 2079 1689 114 480 849 122 980 1985 149 1587 5108 370 972 5497 58 929 110 3741 3203 198 6 19 228 98 2088 1427 409 81 8066 8429 346 4090 345 1294 749
70 176 253 410 2973 545 13 487 90 59 73 84 1113 54 75 49 666 248 577 840 298 367 147 384 7607 626 378 459 2609 162 63 226 6359 2634 203 7971 2836 282 5431 5942 8
16 1754 3500 167 2268 6031 6630 1100 4974 1136 3715 2767 5791 6565 3689 418 109 207 848 3950 7367 385 722 2857 1477 350 7676 1748 819 215 8486 1278 6281 634 2058 898
34 2713 6604 9894 2153 121 4977 268 178 27 4895 1575 1809 3441 32 4 1106 224 429 1077 63 391 3 52 35 305 681 77 1665 49 1921 653 17 1524 96 2955 5084 46 20 236 79 71 73 442 333 14 26 926 1324 1612 125 21 120 168 8044 6755 1446 4417 2300 2787 7279 1521 2823 138 621
15 120 1766 280 2291 42 5482 92 8 309 54 9957 1495 1597 513 1263 147 22 87 561 2 1270 709 330 6459 11 4288 301 231 48 1027 6222 979 206 21 199 84 7151 16 126 404 83 43 1401 15 968 3774 6 72 468 112 138 1734 33 178 113 8215 4554 265 3082 164 2707 632 7915 146 545 660 9365 5429 4885 9572 55 62 89 1137 193 3517 686 977 7585
49 8450 4613 3923 29 1122 5895 1604 1671 7 1065 7709 566 13 1440 316 96 9957 1452 69 22 61 78 199 4164 7718 3332 74 11 0 21 763 3 519 9 301 84 9713 2238 186 6059 212 5221 166 1325 3190 6644 94 641 7537 14 102 2148 969 32 388 35 829 33 5158 146 1506 7970 6137 2120 350 176 2371
1 3198 1572 5367 1089 485 61 176 126 1679 869 1388 199 5 110 180 1597 377 4040 2572 159 253 1440 549 7 30 2902 404 1468 1632 4589 1 252 946 8734 7292 280 815 251 940 123 57 52 684 9030 65 596 85 281 4 2 238 3912 64 477 63 88 121 120 288 26 5515 4703 425 5247 1290 37 2140 135 742 396 615 7269 74
55 900 1270 6887 126 3774 161 1151 2112 485 80 1263 909 88 609 3244 662 10 45 146 747 57 725 867 24 115 1495 117 7293 3008 957 155 681 1184 1587 978 2651 1502 5603 1089 18 869 8 443 8094 1737 4148 53 187 33 152 145 348 13 410 880 21 17 28 1434 342 107 370 330 11 650 16 199 55 189 316 218 468 91 374 225 180 414 211 121 8147 404 1223 65 176
17 665 3923 6049 4607 731 1554 6378 510 4343 879 2296 8015 5404 3977 1270 2145 4167 583 9470 5893 2232 4813 3306 9351 2342 5278 435 561 8152 11 1743 763 3243 1498 356 3540 694 2809 199 2033 1429 2072 7488 1185 4443 1330 19 1971 3021 5218 948 3532 3900 5558 547 3025 1030 53 4568 2419 3274 1420 247 4493 2067 5108 1093 587 252 28 355 797
54 451 243 57 69 62 29 2612 161 7 115 17 1 193 90 61 468 624 180 3 88 1489 81 636 928 288 35 23 52 10 1001 0 954 663 96 273 482 80 566 178 509 31 36 1568 830 5982 32 126 797 2316 2383
98 3097 915 5394 120 7347 139 927 2148 7753 2478 2039 7173 229 41 1736 797 5350 157 1 285 121 6201 62 11 2 72 410 12 20 224 69 236 198 82 329 26 42 4 52 51 44 1090 27 32 31 54 16 4157 55 249 434 175 56 1161 6 45 110 145 65 4040 43 6628 137 63 8 37 303 355 725
2 27 28 2264 14 44 7 6 148 9 0 69 17 103 1 8 4 485 65 62 35 18 24 11 751 32 940 45 2 1352 22 21 54 3199 3 132 4063 1524 1756 120 3244 16 23 390 4859 252 5659 178 96 1437 70 1604 102 90 329 2244 637 346 92 867 2741 33
13 393 1271 567 29 595 36 240 1445 93 6480 276 6558 5446 7316 3648 3659 1402 1828 875 503 2590 186 5834 602 4319 1793 1438 1540 1105 849 126 919
39 728 4768 5381 686 1171 1930 1395 5921 439 2383 7104 977 797 583 968 2138 301 1671 979 9611 2889 747 280 1251 4302 1369 2688 74 5895 2523 148 8334 102 4388 3182 33 176 2503 158 48 207 6234 46 55 34 390 17 184 335 25 3 119 162 3983 6 646 273 3121 35 5546 7048 1546 4089 65 3053 615 2416 339 118 896 365 107 647 1292 836 120 110 613 57 166 468
24 426 708 27 8450 6138 6238 3483 5333 725 1334 6347 7373 7086 3046 2060 236 900 1151 82 3706 977 6698 2168 940 621 542 2136 8139 1930 80 104 1321 74 9335 451 2444 290 91 1584 53 84 1793 3563 1119 175 1195 1174 388 73 1152 382 769 1284 231 184 108 305 3455 128 1011 203 948 1629 5643 115 612 3447 271 2956 185 1572 873 680 871 1184 1385 1173 6335 92 2214 5 56 9947 8138 1911 269 2187 30
