887
4284 18
20698 72299 37144 79590 23103 39219 74488 33387 94524 79501 99442 4492 84059 55489 91306 76024 95026 40266 
6976 19
81336 89056 92586 97336 11231 2163 56081 92699 97119 69510 89120 74902 32712 66507 34239 26150 80822 64849 33516 
1561 16
30326 71237 38789 92091 18027 92126 9880 16710 37006 87458 53032 16984 90433 5669 37612 27889 
4320 19
22018 18150 77437 64836 72292 33109 38599 830 69719 23979 62707 6675 89483 1680 61953 42132 17619 48582 15289 
4059 10
95569 62569 88056 12229 19054 3166 23918 50230 86716 36425 
9447 19
38493 70663 38593 673 76262 89681 38320 34612 76725 33653 90735 98621 61857 42871 20351 83518 38150 14339 63821 
7360 10
11512 42389 3876 26904 50678 48561 23450 99682 33085 93449 
5134 13
91032 93992 78271 77120 73307 68890 41570 6727 98153 79664 97582 10421 62796 
4959 18
66854 8115 81043 90498 18060 63591 34997 69932 902 3267 84925 20512 33020 3639 49735 43890 4300 29723 
5030 18
36814 35724 8186 66633 1763 82133 53718 90423 10444 57136 30735 36144 52071 98456 19728 44278 63887 43874 
3240 17
3239 58788 31252 88967 24970 70624 41151 63771 48404 66073 12530 28472 60493 75140 95905 59117 31503 
417 16
1989 6910 94957 53611 54617 35858 15324 96586 66048 10368 99685 93582 47041 23860 42052 95889 
9870 18
34553 59381 84963 98810 26958 34399 91285 95460 40288 7031 65133 27792 10416 35560 49916 35036 68752 42155 
972 20
43377 67802 47495 17859 27474 16153 41005 15185 22442 90445 2389 23737 60423 42783 67061 2497 71103 55508 54586 35199 
6253 17
51545 10342 66108 98355 77863 34810 71436 51490 43797 83025 25956 9713 56995 98882 51496 1822 96307 
6698 19
52944 76220 48694 89391 78589 29418 14519 16542 70031 61763 48976 48503 90165 20552 78901 78305 78708 49808 57357 
9265 10
33298 24823 53397 91487 33897 68331 82736 67953 48707 58858 
2595 16
68600 24051 74434 65394 6211 14294 53077 7402 43589 37988 99774 85163 21527 32210 58789 56102 
3720 17
70147 39381 46806 19264 60814 32015 63846 94835 35343 11291 84943 31747 47043 85826 48745 73304 41114 
4278 15
99700 1017 60842 89993 71948 25418 25988 86558 71572 67135 84134 4872 20348 54399 95136 
6793 16
5382 74394 79152 6450 33019 42097 67385 11329 35889 19311 77295 93306 57183 28348 17817 31062 
72 19
78903 86298 89314 46450 48253 91093 11162 4881 4102 54942 91784 59615 12452 17698 60433 38635 16099 63639 52737 
9097 16
9902 9544 68480 96626 79677 98423 66826 95707 3683 69480 3785 94747 16676 70185 19818 85560 
7838 15
41456 59223 32256 4101 76370 81182 23853 44332 34832 10875 44970 34154 80912 3645 23441 
3991 16
13418 76039 84748 965 19820 53412 90156 47613 18276 14943 89303 14661 49440 63001 46311 59533 
3955 16
87897 21941 21980 96437 76480 13169 6022 48803 88248 62354 77965 63838 9607 38251 20670 48400 
5202 17
18250 60356 31782 86155 19273 21096 65496 84690 58369 62898 97824 34541 87187 84619 58381 70761 15311 
3631 11
66266 86143 59251 30548 40965 34949 12851 11774 22869 64207 67343 
8008 17
71377 50829 23597 61943 33914 35381 18070 78600 3839 38386 93520 86370 765 69382 47538 78634 69813 
811 18
94207 7006 87847 13093 66814 43056 33777 60123 32257 58470 87977 36628 18871 84120 50881 19254 11148 68738 
6418 17
14997 77682 22844 79744 82879 91998 96150 57577 75744 3708 4176 71901 55251 7124 81382 99717 55802 
8056 13
31110 63827 35890 3561 75487 45770 24457 19817 87430 34361 17128 96476 28167 
1617 13
77589 93865 59984 29324 28758 2333 90550 29606 91605 26184 19774 91056 47934 
8490 14
12447 70466 48919 72199 50163 75442 52199 82276 6067 6575 74268 5462 1738 11887 
202 17
12111 81782 23863 57482 82870 1949 27531 80022 25208 8535 79375 49870 8733 43366 29389 19987 32242 
6779 16
96152 42236 97360 81514 80698 32041 23458 17379 28854 55496 41851 47812 2282 47364 64426 24773 
5687 17
80350 56915 24711 77519 93903 11163 16767 99532 26971 12006 1309 71188 40386 20019 82885 17174 64527 
8177 18
86465 62193 37076 27778 18057 61129 12332 45970 34772 72882 12082 15824 87722 19949 68303 41349 30779 42461 
8523 15
55109 73506 6143 95623 67090 90863 63071 38913 78475 38859 60628 31887 14552 44307 18658 
7442 12
43972 88066 83475 51910 88608 2411 75666 95694 18588 31144 60742 84007 
7075 17
26973 99835 92121 86304 37195 2387 66289 27107 91201 71055 29624 88983 17920 52111 92755 69741 753 
180 20
22770 56086 52970 71005 98128 862 79716 3243 20863 72660 75870 84541 97815 53633 57753 65750 31588 87213 35394 54866 
5272 16
37152 26000 54677 14946 18631 83652 52185 49264 37339 38740 37519 79790 44610 8396 50995 82744 
703 17
86055 73064 49338 23091 66951 89033 56745 36614 70286 79756 49317 45427 10282 39014 97238 73048 75982 
5111 16
34854 13660 24228 79799 64133 21588 47676 73111 40096 80048 40015 2597 89090 64271 10991 34937 
4231 16
22830 93013 28 33514 81509 37715 26108 83453 7049 6070 21764 96225 17548 68464 48429 52359 
9692 15
991 90107 94674 59362 89000 4046 17138 53196 6893 38246 70740 10196 45235 44492 95232 
5345 18
860 89116 97852 15602 94530 98257 32964 24450 62392 72349 11138 17624 31374 36536 95436 90912 30131 56301 
5820 15
5564 72015 82516 30951 23868 48008 86589 89636 20213 12817 88831 87294 92884 91019 51451 
6185 16
43886 10957 64503 26521 88182 94908 13777 85140 39140 75533 1550 81670 53631 4259 92901 49168 
9836 18
15151 78858 64956 79991 32683 72558 92220 84746 85288 65991 46523 10156 37094 34747 49563 32046 63244 93608 
5805 13
750 60441 10948 44922 26733 42579 11382 89107 38167 17515 42416 17082 70432 
4084 12
43610 22613 28414 80992 63578 68634 684 28011 7800 37389 41848 47224 
5691 20
95249 50772 29553 79199 74690 80721 64446 69411 70937 35215 33677 92145 27275 58108 99953 35029 53533 63007 39093 87170 
4750 19
54443 58125 83605 96351 27589 65542 37091 59189 38488 12153 20032 37214 36626 68822 33987 89323 5762 88763 71773 
9647 16
6639 93830 20992 36874 22523 77077 36307 29392 69201 25354 14951 46419 25514 24037 95318 47109 
5950 15
25452 42850 30523 85222 91878 1357 79797 13810 2055 78148 64882 84196 3008 39675 14756 
868 18
24532 71352 20414 52243 47902 44131 17941 98580 50525 50252 89428 42156 55200 38056 19436 48775 26508 4022 
1642 12
60376 28992 27676 39035 40340 3529 44640 60189 90029 33251 32091 80174 
1049 19
9900 3703 85078 54415 96767 42964 6246 52415 37155 97751 8378 96474 66147 75843 95406 18847 58459 77276 60680 
1349 17
28366 22375 94002 11511 19353 74174 82237 75381 17539 42110 32056 50069 8164 86640 63894 44508 75694 
2786 14
37310 15562 29626 88803 99560 10714 7537 53376 38790 72419 55427 25368 27246 34993 
6732 20
68300 64978 63448 18926 51248 28875 41210 93576 54041 13724 15518 5703 20435 73562 42076 1786 6926 11427 29216 8321 
5942 15
28518 16285 38755 7265 75667 97150 13868 36810 46122 4449 9609 84071 62284 71138 6297 
1137 15
94733 49198 52467 23843 73122 32799 15617 53183 49964 181 41013 38498 89486 75813 86110 
5589 13
28172 30920 93461 18607 63705 41680 8447 59911 7436 59009 68026 32515 99825 
2890 11
60955 55383 53382 58072 64427 8520 58129 58257 87869 4120 59460 
1356 19
83283 52190 15920 73445 49706 77787 89796 40507 61543 74453 1718 98328 70779 66975 63860 57786 7850 74656 13975 
8887 17
19827 12560 89506 96383 42539 41297 74971 45450 67211 73556 63045 69321 26988 19482 50060 87881 6956 
2097 16
71974 13950 4479 36914 56512 59220 99396 58614 95184 70408 55915 30639 19472 72902 35119 84576 
8392 15
69215 80643 41824 29951 42060 20066 99981 6519 28228 96946 32513 95714 96203 2231 36885 
5583 18
63516 53929 79473 4516 68806 34270 59162 90531 82006 8187 56583 7432 44755 45946 31047 26392 34931 21855 
4979 14
55331 34099 5945 52596 9990 18678 82888 57151 68539 69293 17766 52458 98510 37300 
6202 13
47571 3489 73534 70036 69527 37978 87037 92835 18657 81666 32439 26051 88430 
4374 19
77843 86257 46345 83665 14610 8107 35776 7662 2140 23023 84396 82383 36125 32556 91289 21304 65200 5748 76539 
5171 20
16578 35832 10543 49129 52278 83485 98516 58294 59834 71222 53013 31258 22050 72825 72316 8111 32968 57161 30835 80163 
9128 16
26264 20291 77778 14032 6199 22056 76510 59735 41170 48531 56152 90595 43449 6763 88368 66290 
1104 15
55890 58287 47255 49627 41195 17348 94172 3806 3022 71384 92947 77783 91881 62150 69450 
7786 16
17896 28405 35502 53760 38905 39415 79747 49193 95619 54098 25158 1248 58615 76788 98713 30416 
5023 18
71227 57179 42712 75447 32205 66078 8667 85676 13803 72850 31201 82184 73933 50887 5825 90649 87136 44869 
5607 16
87884 13976 40859 1577 47916 93808 59715 1237 35592 99744 66512 1411 49891 2953 25977 86135 
1949 20
24096 18968 82966 71256 98832 52845 2883 63589 5658 7767 96757 99572 99686 77607 75188 21318 29512 46254 41367 1416 
1045 19
17105 25087 20595 95978 77344 63622 90560 21886 41485 54028 20566 44114 43439 56316 91949 29992 39892 38313 49560 
5193 15
57071 69331 45002 31968 60938 74255 32326 84756 55715 28848 89721 78377 21798 78706 36532 
5291 15
84149 34906 61936 57167 59522 76501 84620 70384 38170 28149 56315 90668 14817 86902 65915 
9927 12
15046 62049 62499 74206 79480 25242 30544 6861 6495 87095 75180 79254 
5565 19
4315 56005 51182 79310 77462 5639 91866 72878 48934 68023 95217 14332 3209 64592 29798 66873 70688 39586 70730 
379 16
60701 50125 83468 49135 86948 97853 93399 40299 6458 48493 89172 39454 72588 64684 47267 97232 
245 17
12185 19063 26545 49980 74282 42277 9366 35988 85377 13505 21775 43905 33358 95513 21579 93787 82311 
5397 16
53613 46379 25888 53554 78555 3816 98963 53189 54150 71639 27789 5699 77282 94475 15078 73351 
9566 10
52477 57624 65721 48216 76358 44518 60741 85657 3302 41865 
2928 15
97630 84448 67282 16309 16159 18109 12157 57257 31414 15036 82132 47749 63149 77931 83392 
2440 12
36019 32503 17250 95621 29022 52280 48961 273 51054 38466 44569 95859 
6025 17
15234 6027 51664 69963 10318 83520 30227 22909 95640 55115 73040 7756 60996 79770 57798 32999 22120 
2950 17
6025 33043 81137 20163 83459 42157 470 56749 63046 2368 40220 8942 7142 45889 60688 85026 51902 
706 15
20841 2800 13147 15331 28375 2442 10091 9322 90300 1804 20981 10130 96598 21956 27067 
3679 16
43919 30290 53944 77953 73279 32628 49586 15648 91484 54193 20209 39446 8895 23169 73820 64846 
9255 14
80757 17705 54473 12490 14871 40739 1875 29485 19731 33025 69499 87929 10121 82545 
1653 17
37098 38343 94606 23427 57035 29400 94978 91818 93600 28095 28629 53375 28621 32573 13447 98634 85842 
5558 17
81428 23092 84504 85980 52752 80896 57283 98107 43492 55631 73892 25135 79856 489 13453 69716 8906 
171 16
1041 76712 14190 96439 98551 83172 6770 28062 96480 19756 25686 46997 33601 8249 43211 52473 
4170 18
24690 78045 62164 13380 21707 9654 8546 56800 84045 22287 3723 52006 39584 83717 62841 1918 80354 61321 
3277 16
23432 19826 67204 60395 39314 30216 39191 18635 96648 94314 4816 32672 13431 18984 15674 29145 
3229 15
99601 45433 43290 25510 14939 60149 43248 45081 10429 35511 9100 76434 96380 65445 74019 
6588 17
60125 88210 75995 48982 50826 49067 50809 7618 42352 66794 98341 1988 82960 38766 2159 37636 36766 
8046 20
19009 1801 53710 47686 67877 80588 70965 59572 93679 13731 35624 53756 23451 70753 48638 89532 9462 52846 51652 16932 
7645 15
54916 5565 16202 10327 80297 74489 11713 51951 98631 91775 7549 33181 49720 38206 28757 
7726 17
27 79952 84050 61424 9587 88213 29087 63936 82992 43404 51359 91734 52019 44524 44950 26720 85737 
1024 11
32114 24268 22368 4972 52032 38759 61721 82442 58408 68426 20277 
8095 16
6228 90214 90909 59218 56953 66163 55875 17722 28981 47435 93111 13218 16669 80424 92161 73611 
5471 16
65498 60059 92558 62953 69600 90653 31354 54303 85226 33430 64136 70949 24670 67905 14515 44193 
2123 17
85609 51924 84055 39376 68382 73898 32089 62090 15956 75107 39169 49792 92894 230 82833 85395 24924 
9071 19
25835 31204 83218 95547 67721 91316 40649 90759 41982 21056 71336 69935 86439 12463 56557 9845 2797 96832 42509 
1812 17
90159 89310 81393 40192 89741 97811 38890 66766 85113 78702 53322 87752 87679 65584 26813 54479 78892 
4563 15
4685 90525 60440 77153 89260 9803 34839 77888 72835 57610 13028 33076 98262 23443 50753 
8301 18
42833 77553 60520 77403 8668 33035 59243 56580 68204 25209 94550 23887 73315 93091 91618 79257 44378 79564 
5724 17
83428 63547 24578 72830 21401 8025 43701 12844 16663 89956 53478 4331 91251 9003 93722 19536 64761 
9955 19
73413 34552 59542 51468 34016 47250 81418 25906 11631 68997 79603 32652 91437 95477 48544 14402 57289 33800 83193 
6960 15
6247 71899 54459 19748 38352 10844 72698 99689 50433 14405 67911 82588 69862 36781 61486 
7533 18
22825 20309 49380 50358 12511 37097 32632 52756 46742 54296 52024 95154 70435 43745 69426 43403 87845 45926 
2732 14
98643 96872 34513 60437 17453 48868 58308 55683 61549 12612 45352 30026 16158 32601 
3871 16
93037 83757 34264 38562 67022 52692 98821 67314 93465 36057 6198 86380 2283 60672 29774 68647 
752 16
12133 28446 16350 55619 93744 18064 61302 70551 31700 72792 39254 94303 81483 26416 43031 91548 
7914 14
57089 74671 81934 97637 1456 96940 44292 66882 49133 46977 74167 16138 59744 21151 
9847 17
40102 49572 25360 83320 76930 96190 11764 98774 83562 67470 90236 51583 34886 42249 31148 37905 85170 
8124 18
24203 92010 17381 91445 60124 43674 16017 73964 63901 96909 47515 64953 77569 74777 9262 42355 69653 93906 
2252 18
94128 20491 48674 68416 43402 5275 98399 61904 98116 45813 45591 37181 66032 14864 12246 28909 54837 75086 
2881 11
13893 25536 80716 96993 5967 17468 76033 43130 90360 92110 20498 
3967 14
45867 5029 98150 3934 81836 65345 82439 89256 37267 58643 16002 78743 37839 9551 
314 14
63165 1523 93867 44995 50012 59963 60167 22302 10109 84531 64337 88138 70539 92456 
4380 17
20565 20263 82752 43103 66833 52213 38621 93492 44273 11324 61185 42963 18963 5229 46072 45042 21474 
2504 15
449 34013 53082 33155 70525 86931 83227 56410 7223 95592 370 67989 48916 58878 24035 
5917 18
95004 27465 26981 22198 49539 40222 65539 61491 67427 62847 44745 61071 43678 84627 80670 27251 75324 8769 
521 16
57801 7326 82837 88648 85149 53166 61408 4233 76673 2254 80393 35549 98259 2059 84559 11261 
2560 16
47035 50332 87694 42077 98687 9355 3919 30532 46678 23625 36243 53012 57157 54891 12033 61536 
6153 17
3584 42225 66858 74845 99823 66107 84343 75433 26120 69519 51064 16235 72700 21525 60960 29233 9862 
7294 17
9222 87816 64804 14773 92094 74403 83381 24763 83796 14520 10973 23108 1412 79261 12787 55349 21556 
1307 16
46815 23465 72959 33850 60016 52535 1529 77218 75297 48817 37105 24787 54991 76167 82495 30185 
2497 15
65230 17597 10644 80191 81091 90565 30941 41298 89009 2357 95546 66535 33888 86828 11387 
1476 17
47921 36162 67602 57158 72019 80283 96318 81097 86219 75901 67690 71712 97603 1961 97715 19419 62389 
4277 16
1840 87780 43436 34590 50526 21120 59812 76239 41002 93834 43504 46843 76576 99806 88908 15890 
6115 18
63877 83165 74708 46716 63246 1292 68866 8724 77082 28690 31377 25374 87223 30659 20120 37543 61183 7852 
3034 19
44302 45572 70245 1035 25349 47277 50059 69266 18416 28057 88522 91869 64024 67044 64825 65198 41881 86482 97841 
3134 16
34939 78031 35068 85767 57795 66699 51206 85527 76660 34373 24736 76719 48041 67351 57609 96407 
4074 18
2184 22232 75565 60749 95481 66165 33235 7282 15039 47160 87003 95431 39999 40629 87243 71391 99133 87114 
3586 13
57227 71835 69041 69328 44102 40780 7837 5869 43105 15365 86665 74127 66498 
7042 18
60582 42074 72464 37687 49221 64879 38712 77640 24343 94727 18110 79123 87349 18938 1911 92896 27467 69648 
7984 18
44930 27980 6981 57104 7690 38861 57279 91557 40900 55615 78896 88120 97991 96995 83098 98660 59248 60574 
7344 15
77416 66432 90169 12714 8712 77088 22816 26817 10626 61206 3380 91488 46076 36586 81481 
2115 19
57393 56546 631 52372 56731 70698 30329 67550 40196 44940 50089 82299 3811 72783 62652 36470 54155 99988 28285 
4038 13
81515 75852 55901 46822 42184 52765 49080 8676 28298 46611 42005 53368 95365 
3626 17
48568 12872 88247 93048 35013 43673 83171 93140 18769 64512 71046 51156 97070 60051 44095 71871 47103 
9160 10
31683 3972 4618 73769 32719 89403 86929 96777 8302 97387 
3678 15
10529 79816 7032 74726 76329 59509 21110 78677 62688 47403 61464 29646 89351 63738 53732 
5331 18
20629 92488 92308 10877 13676 96405 95007 12569 70113 69643 33983 3955 4122 46233 4075 71101 64448 27177 
5450 19
57511 82616 22566 52840 68959 59419 57238 38670 53752 14522 71235 63132 72058 23928 77409 56603 15446 29993 53725 
1737 17
11483 75184 75599 7055 24216 41108 1912 35667 75169 18610 63090 10209 39513 96574 74518 28258 7610 
2269 18
13151 68373 36013 77141 83406 54550 7341 37632 27432 25367 24443 16400 77337 54049 48995 21349 79711 60244 
8628 15
92518 10086 58598 90841 31738 19720 47784 78777 44180 72673 70325 25297 63623 15373 34688 
4350 18
21419 22032 92255 69962 47931 37207 11799 4891 47900 24984 63922 4595 461 63488 11263 65685 74566 19095 
2590 16
59603 58315 54953 97615 34053 70859 83513 78111 45635 37688 5742 48875 24522 45069 66541 81087 
7037 19
48985 81267 53124 43135 83890 48839 56971 76844 53984 99397 43065 91291 65088 78772 47961 12469 80734 30514 37019 
9772 16
45682 52743 10161 77264 41179 10639 18994 71956 39849 1331 12919 34725 70656 95372 90925 63725 
7658 13
8891 20970 40645 25826 48988 6353 16453 55638 62112 25900 47815 31242 82620 
5294 19
87435 95852 78911 93228 78899 16698 77661 80627 98765 42723 24523 35912 28350 22848 93883 14456 48438 22139 48322 
1824 15
18005 15316 72932 65226 8572 30186 63962 46666 33502 22845 29019 59120 24816 93300 60722 
9506 17
61131 32320 91177 53947 73605 54080 28035 82657 2253 55571 95401 73120 64272 48747 33125 52150 24168 
9275 17
10678 65439 54384 5993 84400 46024 20719 44588 52454 74937 24056 81883 34618 55292 96050 27217 96342 
2611 17
20379 72537 97483 2013 85641 57813 30014 35787 52184 42207 20784 75980 71017 46689 55573 2252 70329 
5604 19
88745 9206 98615 83808 9978 26363 26512 42354 3229 21085 83291 89538 19539 63689 63423 74267 98019 95456 75707 
7193 18
57697 88975 59092 69087 45085 92266 69289 71752 85721 21857 59466 87526 81187 84847 82055 28134 39397 53826 
693 16
30884 79029 18233 77061 24973 66704 34392 35676 66038 32671 38587 84908 98204 39490 52967 70660 
2047 18
31450 16869 65400 85450 16253 81296 28650 75276 7932 37522 956 5708 80520 44463 19298 94556 29083 10296 
3597 17
40462 30212 95110 43268 15572 44464 11413 10118 37962 76133 26650 84345 90342 12667 73670 55285 59146 
661 19
48941 87312 32402 46618 77606 50977 25973 15297 26557 49350 31489 55860 41272 44823 15973 86001 9112 5110 66405 
8982 16
59681 66278 22153 5325 61247 20310 47826 76643 64244 86490 87726 39197 79323 80064 89082 60915 
7494 12
623 10857 41288 10663 79302 90878 36353 70468 51017 76735 4463 85508 
2953 18
16549 22626 5542 1125 33749 65556 86686 59967 52164 90514 90341 32942 39674 16562 31856 40676 26084 15777 
5849 18
1608 97553 99523 2889 49834 44926 19152 79817 15196 89578 13806 75944 11766 80951 45652 45671 15950 80858 
787 16
93804 28454 97031 28770 56648 68117 26830 58404 22951 18196 14260 39007 87547 65673 28862 44816 
264 19
73181 32309 59053 19188 58244 88161 99300 92154 51971 43906 12083 22244 68055 99607 33829 25941 49927 26064 69178 
8617 14
27336 12078 70208 80572 65001 89450 56222 27070 53656 58113 96366 24555 73616 62826 
1596 15
79620 43430 75356 60540 25014 30880 29111 76098 99733 15116 66979 11141 5745 19531 2125 
4631 17
80045 80217 49982 9577 43970 98260 49649 66446 52408 56132 40434 85608 80023 74390 6866 12505 63708 
220 18
80199 58268 37332 69313 53737 15813 42679 16920 19587 51537 17440 92984 90127 48577 79410 27476 33342 18369 
9200 14
40998 49335 23736 5786 75076 72874 94798 81025 59635 15517 8628 13319 23611 21877 
1342 12
57895 74766 19315 46270 67961 86196 6330 14075 88043 56297 34616 63941 
1412 19
25377 28802 52786 91297 84700 59640 37952 15775 16953 758 6274 22126 12127 48450 89466 3804 88743 95001 20562 
7164 16
16300 88532 51927 46932 93598 11034 22616 51026 11250 1665 26683 11969 59655 89788 4667 32675 
8758 16
13373 66675 45583 57507 17985 18403 74958 51760 95727 5445 88026 60299 49244 24925 68057 36492 
8390 19
32568 42303 48266 60519 49743 87760 1030 90866 56049 52167 83316 17788 27709 65036 18962 9561 93150 90497 44742 
8834 19
27790 26969 32461 94166 47838 28952 15140 20112 94079 24810 57592 17043 29971 73288 27208 66250 80124 69488 47536 
599 18
65840 77874 84613 56373 86730 12746 11155 89722 2772 70241 78333 95277 91700 23800 25834 77534 87674 87928 
2044 20
29958 39554 69029 71861 27066 89068 25945 63471 64546 92294 79761 7230 69976 59429 90947 34336 2766 73699 63723 84863 
8260 13
8391 43255 81941 63560 47005 35133 92119 2337 83122 75316 3518 59725 87805 
8314 12
56962 8642 63791 26183 3608 2974 49592 15104 41770 68776 41045 13404 
2607 16
59797 66276 68756 50563 60773 20853 19986 26259 48538 21475 74969 41352 14038 80190 19021 52364 
6897 17
56907 95402 83304 28038 71074 14860 3932 87937 54263 6564 43423 14925 48793 75602 16476 73295 54084 
8902 16
33301 22675 45112 94621 22065 32830 18407 60157 38268 42818 24014 40132 39516 45574 96807 31122 
3938 11
83826 75092 43547 68684 20791 92820 70893 38662 59885 37595 12180 
6338 16
12190 60792 87196 95615 90076 14542 24605 84191 50679 68607 73241 45550 97460 85867 3993 87956 
2567 15
36475 71812 96810 20741 47761 8448 15997 18612 17752 63381 48742 72348 30691 72801 96368 
156 11
13469 15885 65197 1251 54977 73296 20438 46885 42859 47307 36043 
5138 15
60787 52796 57020 8507 8238 79360 56052 2221 10533 39655 91315 58099 50843 20745 48386 
4473 19
42415 4317 53865 73746 26005 6122 81713 50259 71325 49167 23389 95684 43064 18569 91984 51623 80782 50710 77021 
3245 13
16918 34803 16529 13640 17762 59501 25424 44312 92454 53768 23154 38197 12848 
5818 18
55359 1281 66216 84011 40475 91785 98400 34960 59170 32589 35342 70993 6644 20394 14283 10087 51908 72617 
4787 17
40308 68613 44414 82779 76752 1381 40 42675 12470 3134 18158 16997 36092 18393 27898 20830 56766 
6871 19
40071 599 47629 87851 67662 31515 12282 59306 42836 36149 80127 74615 74736 16615 59246 66013 21581 39044 13601 
401 19
76985 17057 5896 76566 56920 13170 58449 2236 54414 4749 45239 13769 26745 61483 75380 48257 37875 88244 20960 
8591 18
31632 10379 50910 84079 55863 31112 79328 4367 30074 78446 94483 64419 92938 60267 60237 2595 49613 58214 
4381 20
21975 38669 40460 75947 18215 3505 1852 49126 46161 24950 38524 81256 47841 58217 4894 89736 1734 31979 50195 54841 
124 19
24621 61355 24050 73992 27245 14060 95809 42217 1761 15639 22781 19998 50535 14797 90452 15396 72008 98554 59965 
9061 9
97758 6623 14719 47228 34454 40717 6237 97493 36314 
7124 16
50099 54052 84187 80820 33815 95164 78852 15534 15911 72194 63152 43774 47497 66112 76659 11559 
2541 17
96147 57554 79040 25662 73929 12444 32094 41831 12038 54239 98796 43459 29965 19302 59039 14967 5197 
1283 17
78912 89194 18163 65797 29280 99157 21454 30634 38825 18667 43971 61184 34956 96458 87663 50561 9751 
7541 17
5324 19940 11479 13215 20145 52966 36106 83579 90316 38348 86275 83095 39512 93685 89555 9812 36777 
5804 16
94485 99751 90819 91571 51893 4467 68128 41712 8105 22763 48473 8102 62289 5917 30618 34521 
4386 19
55589 76411 81146 63486 27770 25605 55159 51559 8144 74910 53983 20278 58984 1441 41768 51286 70149 2757 50686 
4618 15
5242 12430 78103 62124 44069 49356 18713 73190 39285 56330 63734 86718 97876 99623 95468 
456 15
55689 71859 18385 18127 7165 66596 41921 94108 60387 37620 87689 53796 44679 9380 59989 
2900 12
63775 64218 51805 28661 71673 15207 47321 5624 8159 314 21725 42158 
5532 15
77124 9624 75618 36759 45150 76154 64219 20449 84803 81458 4594 70554 56444 8841 99553 
2353 19
71480 96666 55753 78158 62932 80953 2684 92773 61030 70212 38373 16219 29772 19922 62387 32040 50352 24916 50336 
350 12
63551 16689 4757 28363 2565 10810 43238 77936 8204 39345 55647 34408 
5772 18
53135 33608 6692 16659 4031 1982 98318 48467 84184 57570 12725 23061 97814 84767 44449 93297 50064 53899 
4457 13
89928 29127 89588 90672 43625 29944 10762 39188 52833 87383 13166 72866 74825 
1800 11
62554 51532 24025 29997 39404 31341 97417 88329 62440 37546 81760 
6633 18
3560 97717 48990 66888 63971 28747 27148 23120 50672 7343 13722 4861 71810 12603 38820 91131 46796 69673 
2137 19
70379 37854 56949 23621 64790 4572 14704 44632 36726 75376 26245 46404 93795 56775 24477 75016 88626 23019 70737 
5287 18
25182 28737 85930 45300 80276 27536 3206 10141 84768 69034 3028 70320 7137 74984 74627 25386 6389 78017 
9833 11
74638 74124 14706 60218 13060 63306 4580 29207 69354 33929 42595 
7874 15
59671 80391 45742 30154 29032 88927 88206 4589 66548 20886 24224 7841 77996 43227 96421 
6940 16
13098 69993 27468 24199 57710 73925 39870 85883 79244 42102 9446 6553 26739 58983 39164 60078 
2977 13
55942 3911 26975 15505 5806 59016 22277 93384 51874 12353 17198 1255 2309 
1985 17
21711 53075 17474 61947 21684 79703 44967 75766 36762 12654 85728 46771 50199 52897 15175 72046 77460 
4847 13
43682 86820 85766 16173 15764 39814 43770 18218 28196 2851 78893 49101 81475 
6916 12
11809 72127 99970 50484 73880 52775 69602 41285 30454 70456 28824 1234 
2943 18
89074 42824 10040 34734 14627 36728 35038 19155 56395 38998 11954 4916 61497 68429 56722 48077 8051 90985 
2802 19
50397 23499 96771 9668 8801 45811 22263 24226 16711 84309 99840 82962 35866 99134 36731 50305 12886 72496 25769 
2631 20
28844 95646 53154 27196 41551 48846 91910 65968 46628 98470 51443 72913 92325 86463 49839 39248 63405 11334 72613 30747 
3877 13
56436 96445 78695 10917 99715 99109 63049 51413 73025 49300 93138 71269 15317 
7197 18
79354 40527 45087 9789 70548 60373 57881 37221 35493 57825 50884 22905 29183 47711 32052 85002 23852 17486 
3622 19
17987 75569 4741 17060 1945 95080 22725 73330 90636 57909 84960 44900 89331 42567 76681 66237 80674 11707 12239 
1133 18
89093 48670 67618 35861 41188 21741 20708 87020 41625 20269 4635 80544 23940 6023 84375 23045 24559 28103 
2013 18
92691 53835 31217 65444 23008 25257 71968 64823 44499 51428 16225 51244 95549 58155 22440 9792 64668 41015 
1605 17
27546 67683 73338 20077 5860 56570 6332 16775 7431 29276 43937 88548 56505 90702 33567 19402 37550 
6193 18
39912 48885 9104 81647 14845 3566 8650 90838 35872 46958 60882 30943 86553 6591 91125 36402 75383 80380 
4705 16
37941 9691 19051 92431 71928 26982 33664 24661 95102 66365 29112 15961 28939 58350 46654 27498 
4828 18
19797 80928 94398 54907 45350 91043 18825 91838 30359 66981 28147 51609 32776 41459 24202 44288 11114 21408 
9596 16
68283 28257 92897 46877 36022 70628 62020 82845 350 83745 74803 24317 6407 58817 51612 83441 
2657 19
12476 24266 47663 66936 60851 70935 67057 20372 29608 68893 46433 83921 86839 36709 69036 14268 32792 86153 42175 
3883 14
81808 44369 73083 97903 33589 48709 52270 51928 42944 24416 73176 45299 60726 22713 
486 20
97830 4790 62384 35600 70433 92872 57487 16438 74082 1886 17824 92546 21153 32434 30785 80033 28477 78122 77753 31791 
1378 16
73543 96525 13891 831 20750 54234 97441 49120 69497 74283 99042 87112 23194 63363 60280 36275 
510 17
14700 58361 68384 94691 12979 16880 52722 39147 61597 32718 26530 78369 93514 59844 17887 35139 24451 
9980 18
95073 65284 18809 67749 65687 93626 7725 26187 62181 54620 13131 29629 75845 64647 27823 71117 678 90109 
6063 19
54575 67622 67848 78200 9552 95598 41516 96428 79788 1266 85987 48962 51504 36058 66962 28199 5828 91877 50947 
3301 19
25109 89106 1990 31788 19561 8738 16442 40547 4023 4947 38908 19556 92476 2972 87044 71697 17449 35755 70229 
4556 16
32157 40510 57800 36222 37414 43049 15115 45034 972 64985 74165 54089 33926 76785 91644 64604 
7078 18
6535 33797 18627 83541 64421 29359 2187 26141 51012 73397 74044 43578 94088 37913 13571 61642 64525 65959 
1201 18
78818 16196 58677 48464 28933 91106 33588 99331 63192 4850 34078 8851 8585 6471 84256 26759 66837 99899 
5006 18
54408 54828 50106 68314 21514 30427 91079 53649 6050 25614 12938 18289 57867 64415 76702 95257 35815 39830 
7737 16
32276 83212 14995 95552 91654 90138 76706 46327 17918 77702 12538 99172 73796 62385 42927 13038 
9610 16
26024 15889 72458 10310 80133 73708 51124 99410 59639 7226 82028 46899 81281 94445 8256 61799 
4855 20
21275 49002 1671 85241 54726 96302 61253 96900 51015 44135 42704 60112 68090 48909 46226 50795 27092 61824 74976 66955 
6017 18
47062 81823 80407 27909 24947 46107 23138 908 13927 76080 90235 97607 96869 90217 99079 44017 36596 99549 
2919 17
66105 2194 92778 54171 36953 45296 26334 81202 22402 832 36354 22673 86866 41339 35907 43217 43173 
4637 19
63609 28299 26142 46712 95262 16353 59528 50684 78679 72198 48895 36055 96659 67409 54237 89342 58115 89102 20123 
8385 17
41505 75733 8231 48764 98942 44086 17066 47878 42967 62862 12131 88746 10972 99595 22621 69228 50374 
8101 17
85863 77330 7489 18975 19326 44892 25853 27883 9825 4386 69595 87425 46390 8586 96290 69837 87912 
4871 19
920 12492 79041 29616 42134 10014 2030 11543 55914 58146 68337 17652 50357 83073 18945 98377 17164 66996 72701 
1598 18
13254 38763 51557 10902 30557 64519 38745 93254 9729 34493 79514 11831 76495 56326 3331 17390 57788 81280 
1899 14
23284 60303 1716 62989 58204 27669 57857 20237 18414 54589 9339 93748 42150 25893 
6054 10
4824 58795 69265 4114 19734 63110 15284 56202 52082 61539 
2058 13
32764 85397 9370 20315 58545 36073 80998 19708 37058 96608 89966 65925 51763 
8397 19
31210 9817 5590 49023 94061 69177 51866 1354 44684 1579 61890 11572 97489 72996 60563 93644 31618 65404 11403 
8989 19
6476 38628 85112 4882 50402 77555 82394 9571 51990 88693 67915 7459 81799 43675 36103 90827 36422 79068 71547 
1661 19
24511 85544 148 52131 38934 31834 63329 54200 78657 11558 99581 61243 51298 24792 88907 35534 41620 75322 86486 
9028 14
33839 1506 37017 90292 70946 18377 69008 75877 27682 83450 51723 71195 9170 151 
8098 12
20487 52912 86941 35499 83543 6241 32178 78523 48510 45918 7982 98316 
5263 16
73291 34601 15260 64389 38744 83457 36344 21385 805 41725 37405 63602 32725 78398 27573 90365 
2359 15
9508 55889 14067 60259 78319 30503 98686 63497 83803 19053 20678 28632 12451 52615 85810 
4072 13
49199 82737 24964 82192 45975 79313 66899 40813 72640 79547 20232 68899 27998 
445 17
27036 14411 24640 90346 86612 92413 64459 24482 59344 35349 36172 32384 2014 69678 55148 18854 47090 
5357 15
30926 28226 86311 61566 49688 23666 61616 69433 2897 29070 41159 14299 41964 15395 86499 
1966 15
96754 69105 79121 89946 22877 83505 51362 78308 57809 14222 83275 18759 44201 8523 42289 
783 19
41389 49971 593 99401 80409 50900 32306 89896 63943 68715 92020 99706 2958 18165 14838 67862 55062 85759 42106 
5091 16
88734 69124 8330 79615 89906 31388 10382 44496 25414 38037 57384 28866 21570 39856 28304 65945 
1973 16
28670 94800 27527 50348 37676 81346 96683 14394 94537 28074 24433 91268 68673 65534 5102 55929 
5561 17
78902 86943 22333 83556 56036 45745 16694 95691 22956 46088 19769 60024 62957 63862 77839 88233 66602 
9616 10
86840 17570 99815 1364 75156 7556 16417 41559 78190 26504 
7791 18
23942 27113 54133 35109 83007 41427 75810 87331 49959 81321 87958 48237 26638 84014 32187 91641 81874 93181 
4924 17
92541 59614 93078 48782 56151 13354 87012 66749 44645 21951 44115 99110 59889 33792 66797 71417 6532 
3050 13
7507 17096 20053 89911 80440 31709 57053 55851 50044 77035 63291 14042 20139 
5065 17
32542 28614 40458 9950 71471 311 6870 20130 3096 69453 99038 63892 77520 71880 62380 89812 99758 
4112 17
572 27645 65305 35584 7423 49884 67144 30218 88453 95395 72854 20577 8516 8967 68058 46917 13957 
6636 14
42641 997 71874 5454 54092 97223 34089 1816 60066 75695 47875 47982 88953 32592 
9701 18
65966 27268 25174 1525 1052 8094 31395 15781 2818 68342 91110 62016 51074 72243 31118 8182 82937 86794 
5664 18
90558 48407 99451 46966 62042 59453 89379 79939 64089 71750 23238 56387 74449 23990 26666 47216 35355 6082 
4592 15
22756 11984 50130 2737 67041 94241 7033 56565 66520 32609 62166 73461 71248 22769 99838 
1970 11
30317 80411 49785 13325 60718 92429 35806 71777 60864 22341 17137 
9540 10
64100 76067 69550 40796 22506 34381 15348 3354 15073 99580 
2783 17
38236 52842 14714 42792 23568 86454 85089 50528 71281 93047 56288 95945 59093 441 76368 17055 7560 
490 12
88188 10519 60348 30696 39605 5411 97000 44257 737 53040 24207 104 
18 14
52395 75224 35169 98878 80302 64396 52255 56601 55842 73308 69057 29586 74997 74125 
6931 18
41818 57961 90877 87390 4312 27447 68001 67252 48385 93251 85003 42516 18835 60052 65683 93763 73187 23377 
4463 18
28195 7858 47964 39388 25685 87340 25398 53413 49953 83013 45282 829 32644 79233 90453 93378 33779 47407 
1161 11
41509 24904 17614 57095 31630 50715 45754 83258 35684 47289 6615 
1478 18
29736 81910 56764 95287 31959 59763 21990 16091 11030 70272 40915 94114 99281 44076 3165 94760 16541 88154 
3868 16
88866 35657 15235 78867 15483 8246 20585 93556 71860 77797 48204 36551 14853 79373 45565 38492 
4130 16
833 22451 15410 34188 86176 14511 45861 41392 15077 71128 59238 84359 50355 75000 23382 52884 
526 14
87714 67485 29292 2504 33586 16110 98157 9200 69570 54307 62761 16735 33981 1491 
7839 19
53652 80364 56161 24635 33866 99122 60653 74508 26812 94038 16484 25222 33645 66130 4628 13704 25682 99997 67734 
2119 15
95209 45675 12283 84550 27592 88212 23288 40627 39745 4940 76818 93238 34485 10162 59456 
4709 15
47659 2950 48454 95146 2618 5092 99015 23260 21958 22896 56521 83375 32335 17018 99818 
2075 18
24782 49072 68423 92693 1448 18433 18122 39879 70852 86288 50393 41424 87118 99139 69430 39111 4859 38228 
61 14
26401 83635 10448 30734 22628 26630 270 91850 91434 4280 78493 81777 99911 74641 
1815 18
39778 46231 11472 77584 53452 93261 73409 66241 96408 32932 62223 72567 19271 20432 52911 21898 7803 36287 
6134 18
88845 8314 20223 59575 28511 15130 15983 16441 46847 72197 54442 58272 21341 84770 53746 3 93362 17304 
3580 15
54485 15914 26308 68291 74033 43312 88651 94672 33000 12403 58325 29107 47553 93285 22381 
4193 10
82470 16068 8596 29869 58278 52011 97482 99564 49397 24403 
1348 15
19371 53262 39422 90465 58518 6111 27379 41574 10838 56091 90943 73329 9142 55706 81953 
8896 18
57153 96932 9647 20100 69415 38522 97426 32486 95375 82346 80737 45229 64989 76707 48716 31674 83277 9218 
8384 18
29310 76168 27699 71023 79781 84313 24067 67329 15212 84933 67804 45614 54344 4986 69826 34713 81966 89482 
3722 14
74617 77650 17420 39803 30831 92803 67561 22645 68679 8250 38383 86539 99809 81754 
381 16
83622 64923 41769 26995 75098 86835 13349 8747 17315 7 2754 40665 97925 23543 3837 78218 
5510 13
66083 80974 15448 45455 23029 61620 49426 63147 67104 69642 78494 77436 64469 
4439 17
40174 54368 72389 91600 10386 75771 75100 20796 39744 13903 11204 24579 65954 42593 99588 30114 9881 
9060 16
17460 91847 85768 78524 58438 32288 49125 82115 30539 2832 39421 51498 28418 47744 3631 21954 
6464 17
78557 73781 58880 71231 73743 42483 37271 70117 7568 84763 66338 51166 88610 42093 7421 19163 8972 
3445 18
66283 27253 4892 42696 33382 86625 85296 37423 51247 4035 81792 38675 34801 54121 21852 67596 44515 61680 
4395 17
66605 93942 77725 91034 90725 91851 84928 93784 48010 82899 14023 68609 78663 12772 69050 97933 19596 
7843 20
20265 17796 13585 31208 40070 5667 9698 99266 45791 15016 3970 75591 40884 44404 31352 74467 42817 77573 38684 9526 
2250 14
38008 10297 87671 68845 14779 46943 19243 52198 54812 3417 3737 95542 84817 70257 
6708 16
86005 33847 37840 46731 41018 3164 13767 74189 77942 65529 51954 49812 68926 4332 25097 60358 
1141 16
76387 92514 22460 90440 36138 46144 22369 75236 61271 83684 14213 3452 22551 97348 27304 17484 
6342 18
40639 83420 56610 14438 78035 17891 21926 72245 32670 7859 54197 66637 69395 9810 92418 82294 55491 15146 
3202 13
40153 53811 77943 85328 40329 14449 78302 9868 62991 91975 34677 33477 22439 
5348 17
2519 22038 30289 37958 21795 43951 16521 30371 60666 44592 63951 6144 42335 75228 92159 70428 9820 
3742 19
22010 98741 34927 57230 19787 93305 38617 40542 24138 39609 38515 12235 70768 90056 27890 10046 45008 53473 43408 
4387 19
58918 94306 31932 40894 87709 35950 67898 13442 5374 25562 72096 9395 71236 65472 72884 58327 99666 78543 40262 
6821 18
34765 40424 1631 64475 6120 40734 65710 47392 99232 53296 74059 38721 85849 36401 82842 30421 2614 93884 
7407 16
71967 84012 99915 65910 88573 17054 56070 58136 75113 18397 5091 72956 90246 64217 46170 41471 
4803 13
38697 93237 88996 10540 25838 42472 64724 82890 31486 4008 88501 81947 54173 
7039 19
91512 67834 77918 35573 42126 42519 36815 98041 27978 83474 50114 77076 85555 72967 70713 76407 20064 27899 71440 
3130 17
88641 23567 56914 26726 74193 74557 21113 79652 92289 51923 61595 31519 1414 82904 71423 16468 33482 
7285 13
40018 63576 89313 11089 26738 73564 5389 74374 69891 83724 81492 65547 24772 
2904 10
19713 55723 27446 60058 54135 43181 31835 94923 42921 91335 
1485 19
50290 45290 63188 17274 91393 47028 68201 68523 1268 74662 18868 76026 22952 56084 4679 33775 9283 87854 55995 
8696 19
35619 45104 44776 86267 17085 89554 87902 38304 24855 77630 82092 78115 2284 82577 94634 66416 42488 5076 65791 
2161 12
85231 60933 8541 77726 35535 42313 79403 33316 54735 11177 27813 29731 
4355 18
55999 62148 73320 57430 45052 87950 1478 7753 56024 50139 81916 51294 98644 28851 13807 62132 47254 60822 
7143 13
45165 61091 34953 71568 81037 20580 33208 90787 82181 55892 4712 46194 35678 
2143 12
15678 17145 18889 34395 67372 79592 87144 21511 28330 86761 98833 21501 
8582 12
95124 31680 60342 36499 73331 83989 41460 90971 78272 56004 91550 36362 
1037 16
91667 36246 59078 46511 43317 11076 89697 59650 90410 38137 17608 67113 97148 90382 23309 61415 
7956 16
23650 83790 34990 86621 25103 2365 19498 11082 59305 43098 99270 76310 39793 8361 89710 91358 
458 16
48823 30142 15900 31129 56783 97306 52949 43977 80536 16259 11323 50016 28423 128 45076 62355 
6741 19
72490 2793 75653 54057 67631 37771 88703 72195 80958 35352 50053 9936 65519 62404 4192 97324 87355 65020 88928 
1721 17
96680 1328 66601 92021 12941 12706 26762 75648 9681 13436 1271 45900 29998 6368 979 46182 49144 
1515 14
74559 61927 54137 42788 64359 25660 35100 77174 81455 86824 82275 17660 36317 3235 
7602 19
19354 16194 57756 55866 51179 92992 68971 35322 8564 73009 69532 35406 93420 84010 24569 66308 62940 46366 20107 
92 10
73669 87154 33545 20672 9131 37274 57354 42710 23932 76538 
9460 13
2404 22338 72555 66906 87693 87181 10043 94677 3868 19632 27752 60724 43007 
2131 17
39127 40821 96117 58267 57250 32293 28303 63610 30118 96149 83882 5323 4950 49793 98680 60033 99241 
1504 19
89495 53279 27272 73289 60114 6788 33029 48312 55493 5201 87612 81801 76629 36228 10783 25159 95023 12996 39026 
3846 17
76649 67435 76291 8076 82743 46483 93944 71346 75070 2396 22221 4354 62066 66810 32416 3956 46091 
4506 14
46480 38358 68459 32001 63107 98349 69560 48250 39993 93152 7121 5368 88297 9268 
9793 18
22105 33714 89104 35267 34477 62251 66386 66722 41565 75649 86745 79106 55245 20778 41827 65939 49750 45172 
9761 12
91084 54689 97918 87866 97684 74259 34675 28058 91986 61586 3750 55044 
1109 10
29735 70282 78813 65141 25962 74628 83089 14698 61713 38329 
1668 17
80410 44718 9362 36335 24030 55783 58743 67446 45921 46296 40392 71723 97548 21420 77215 17657 54122 
8912 18
36219 5735 53735 31202 11771 61440 51355 23631 24608 57032 74752 48048 37555 69852 33840 67082 76800 51469 
1760 10
5901 39132 49620 14830 22422 40929 58487 82880 46805 28953 
3177 20
11779 77499 35387 53291 42259 8418 41280 3463 95748 36917 47795 72611 87898 3862 20571 70659 95194 6937 22071 61995 
4255 17
81866 56287 86341 72649 86205 43634 64636 77860 30433 96564 67242 82795 26711 80831 49819 63616 36939 
2140 18
68277 11014 61889 51199 34067 21656 96257 32349 74569 92186 1216 48255 44281 16729 31007 99635 53975 33375 
6327 18
75885 69984 17312 13024 29164 30559 4165 73051 54813 85312 81507 30031 18304 49531 20231 97058 44738 17976 
2462 20
18966 90192 33256 25560 82594 81724 40482 28724 64127 57420 56248 18998 67505 3605 43688 89684 46928 36828 7134 99909 
5721 16
79046 3185 66771 18431 69554 55208 59759 3224 14241 72202 69753 8962 27523 7191 33613 52779 
8279 11
63029 73237 11213 96414 98543 32039 43322 79437 63624 82502 24737 
2664 19
52093 54995 84514 69525 70202 65434 57718 47150 73448 47589 80596 57976 96111 31295 73485 91693 60287 30059 39531 
5635 16
71504 86870 54205 61221 25642 60210 72732 32143 57236 21248 13394 85062 37473 76916 50090 23086 
2882 12
16292 6626 34082 78934 24478 48828 34255 54090 7897 83698 130 65860 
4089 17
56486 23728 81364 18207 33144 73720 92034 41204 10863 73313 80200 28599 44781 51237 17923 90666 8625 
2942 13
98932 81564 73004 90045 69898 19722 39100 23015 82493 25245 86813 6497 54930 
7491 18
32661 60681 24104 14389 29611 21049 39743 67568 89044 70505 75423 25513 39338 6316 43424 48935 8221 69142 
7801 14
92511 74929 34242 64579 8998 53143 52343 42360 9805 66911 64401 67131 5417 46320 
2110 11
24868 61289 1347 39568 34012 21009 33033 89707 86964 76856 26358 
9218 11
71906 23172 41448 8590 70639 27311 24201 68963 35538 89612 50339 
4065 15
69141 69244 43537 90021 43277 18030 33951 16624 59940 44996 9496 6561 86029 50234 99292 
8449 13
14558 20646 45138 28274 80146 8130 1067 63841 79160 6551 88496 150 18333 
7702 19
44431 44954 69145 29319 42188 22798 10293 23592 68778 77442 95141 8305 84473 57316 45200 81986 9761 5790 129 
7096 12
14081 74848 51471 3912 7263 56709 98137 59961 70558 21657 37822 11788 
5761 17
90886 19707 82127 82537 22202 10195 13204 17367 70757 59747 7101 77951 58793 51586 9465 58848 84117 
6783 13
79679 38845 16383 95095 33737 57165 2324 44717 67583 48392 51427 16770 82698 
8505 18
51950 91543 75626 82264 70781 63958 99498 40259 80284 10869 86182 35399 62215 4848 44883 68405 68816 53693 
5933 10
95523 56989 57640 52059 80946 73147 7410 98996 33213 67783 
6772 13
95671 19919 86445 24112 75938 62509 23500 45113 88834 90050 95512 46842 68161 
4975 16
46795 82202 50453 59131 4055 34111 44093 67501 17712 31660 9209 32445 95820 8832 480 27153 
4194 13
40861 16943 13128 73906 53815 56177 77193 66263 54420 21300 23520 7184 19288 
1550 16
68279 46278 27391 39689 95024 9830 53781 76247 33528 55633 96794 40400 94711 18735 3571 38858 
3771 15
25515 37818 50067 29084 52795 91814 76040 68262 88728 61793 82940 890 36790 17287 84474 
1977 18
58468 30722 86932 74523 26223 79439 89875 94900 49282 44362 35476 30488 58335 64735 67078 53076 93365 43892 
8409 16
82810 70955 19868 16772 56398 36205 10599 64630 30021 69191 38887 98392 38604 65606 59291 86197 
4758 19
41803 61417 26076 4552 94218 63986 71749 2686 74497 91216 47525 54287 2051 37923 92408 33654 24709 99010 84347 
1948 16
51547 21221 44912 85158 90682 44627 62011 21302 39560 47299 87494 27621 80843 99273 14595 55184 
673 18
73053 37068 58881 17215 46508 72520 50079 96349 29444 44256 93437 59134 42583 92933 20178 4694 74144 65306 
5219 15
22188 22397 30980 48243 90846 11650 65749 94762 15058 27426 2318 89641 50308 86054 68110 
7217 15
73827 39816 63234 52813 26071 60144 6572 96348 10306 43719 81395 90888 30053 29793 50363 
7104 17
6640 86511 88759 92978 52594 14464 11303 54403 2984 50761 80549 31313 13281 61556 72320 71194 26014 
9392 15
41583 92031 60152 16853 14097 93839 50804 17618 15826 4218 94867 61886 35946 38506 12125 
8178 9
9401 81080 45833 4923 53621 40020 50605 50677 96730 
7731 18
74564 70586 71930 54980 31608 22107 6507 32855 36559 30295 4279 72130 52336 19993 53230 3217 89097 63158 
7770 16
24312 86072 41381 26233 79058 91932 45775 8627 36542 81669 18641 99518 47936 85119 67958 88979 
733 17
79180 92724 39705 55817 92955 49094 67770 13284 65928 10133 76251 80266 83833 95415 66261 27665 5837 
1351 11
89302 21165 47154 31055 36187 28930 19843 91501 59813 2942 36129 
5956 17
61150 73217 1566 33959 51647 57377 66314 65480 81811 92215 83263 93419 7784 62969 34372 23111 18497 
5311 16
88308 47594 85283 52285 82953 37385 75001 71301 41168 81510 56186 66267 5980 26765 40337 76763 
2652 17
63502 48851 9734 65446 65701 65834 15734 46407 67212 89908 63606 81516 91425 44178 31093 76209 22805 
6485 16
76283 21521 11795 11652 97158 49367 26082 99457 32274 85135 67793 86061 81129 95339 11608 67371 
3719 16
98025 81004 47367 34807 37449 80832 26483 7953 41713 74216 89283 90708 38987 23489 97039 94938 
3091 15
5660 24479 90370 33403 33875 78266 8607 29249 64373 30466 11278 50612 37800 86977 57247 
6215 17
17113 4949 29973 23386 11421 16553 94148 52762 4744 24129 14576 56408 67089 94517 45216 49415 96662 
7819 20
47416 71839 45905 88097 42215 89224 58796 8183 21414 86747 20549 60221 53006 39170 32704 86604 1367 37514 85469 58040 
8521 19
64176 83416 49863 86004 86374 5922 3523 9525 52981 14317 66555 55003 92700 98065 53094 75115 6293 94592 72412 
806 12
68168 71891 43442 81762 91541 93536 43249 77280 59283 25022 2074 82846 
4813 19
53605 80961 33887 79227 94508 92336 33141 80938 1619 4381 44893 81110 48889 56513 40613 46409 61968 4925 70504 
1229 14
79616 90096 42863 89893 69387 11794 11142 52749 50904 8896 76472 60936 79141 63469 
3394 12
39436 15939 54203 95135 81118 98924 10938 58482 2863 41598 64967 93786 
1618 18
30016 59773 98289 41190 34808 30245 87687 19733 97250 2216 37148 89628 39408 59552 27330 43601 36 16210 
2339 17
95783 84827 69216 65811 86162 55998 93801 48621 82212 88562 13989 73062 98479 16402 31604 63521 676 
5513 16
92024 56844 71501 87634 44137 68500 31381 87175 49374 65210 58261 4574 3443 85906 53280 39013 
9530 19
78919 59229 30646 46332 27657 65930 70247 94433 71577 72234 84206 5518 83438 3263 71665 3782 91234 8645 18334 
3459 20
33307 1678 87515 77920 8575 57400 24874 17120 22522 25755 87562 75515 71217 55157 65964 10876 12206 53358 28136 97886 
6313 11
31659 43265 78987 82829 28797 67578 11942 40845 71033 55835 87162 
498 15
75135 77897 72849 38688 11241 90223 85390 4651 55274 80075 74383 14276 84687 95302 64733 
3169 20
81404 68833 21488 88523 47381 91815 27517 50325 39686 21040 45464 14258 55535 32833 61712 27591 28600 83548 51699 97013 
6979 18
89839 41474 32591 40294 57859 71246 93347 41412 21211 30325 25493 15498 8991 43631 3425 18600 22906 76206 
9739 16
68408 75752 59011 52009 65235 47914 62526 83135 5553 1930 94857 67310 50398 49512 5857 75047 
4630 17
91356 7100 57171 43959 69243 368 84719 84525 66660 28823 7177 82768 29479 47610 72945 54033 67946 
3550 14
36462 62814 67059 38174 48062 60417 59389 30761 44797 74796 25997 9428 61815 77749 
6745 16
62429 60746 88542 47585 69744 35824 42366 780 52664 52174 44584 61366 85155 49435 26657 69730 
4486 17
32414 2710 98899 58740 32430 92910 85850 84361 15357 62927 79014 89647 7655 32746 64356 66033 3231 
7995 16
76518 7514 78404 25285 19974 95027 30852 72285 28990 47295 5768 64041 55364 74621 38128 96627 
7050 20
53270 34199 13613 40683 37230 11958 63853 85014 79055 21397 54619 37315 66657 45019 57452 39815 41269 35575 6540 84806 
9785 18
94109 31183 33629 44001 34944 59260 3574 80556 82138 34697 90252 43724 25684 53629 18022 42219 21399 6695 
8677 19
59762 61954 69066 98603 36527 63444 84362 95939 27075 87787 86212 5765 75934 11813 57476 65537 70719 55736 54100 
6924 19
71058 52515 321 21608 74778 914 26289 11872 72342 79063 85194 99091 17326 72444 35243 79444 74130 28224 437 
3552 16
43720 31819 89918 68779 4127 85967 42 12167 69434 15879 53591 77022 64890 46670 39157 58989 
9291 20
61965 53569 90997 18754 49163 67203 31620 98661 55315 21108 85620 77294 70367 28135 26874 18872 43178 28222 6043 66701 
462 16
11995 88288 65678 36094 36722 92412 96865 12322 82077 31505 72407 29109 84319 76817 73681 45164 
4037 15
14868 98773 10238 57868 36940 47427 81436 84441 54646 25943 37484 15345 90516 79528 56820 
8531 19
36364 65222 18210 51681 47191 81979 29678 64312 76901 52444 87376 36051 95539 179 1931 63130 30210 45256 31881 
9971 15
1694 24796 49050 183 5995 43708 49710 35042 96296 94187 43009 39106 77332 16829 25659 
1154 20
76263 89411 4517 21593 94666 38244 68390 82830 33886 87964 22384 93107 44725 33249 28816 45281 78403 13341 36558 10939 
2276 15
16594 88880 49600 40974 53887 39529 60061 28198 83080 75298 80809 50057 59168 43859 22235 
7511 12
16503 31358 33910 61640 75046 59683 60278 56141 8434 86698 71537 77109 
3313 19
15087 29810 39101 21240 78315 27001 16056 55400 69247 61534 27145 76838 97791 29372 86764 13500 54001 15393 12670 
2819 14
53398 37738 73219 94870 3543 84131 84230 70051 11173 30728 37410 66875 43177 43189 
7368 10
56298 83691 14375 91433 40763 15296 10925 11093 18208 67270 
7021 16
8126 69638 66024 19902 71524 34954 71094 39880 15673 84776 65056 14586 93967 58903 78444 86633 
4830 18
90407 2082 65869 44469 43359 19407 52179 90737 12587 50014 47652 57205 38252 297 16188 9797 60012 31810 
2366 15
77114 65455 49331 1973 51078 60684 39807 1659 49368 15075 93864 78503 31925 6938 90125 
1195 13
9331 14934 67451 34 58034 12925 16525 81708 60713 65784 61163 99673 79555 
5437 17
58359 29133 84137 62156 75118 39244 78972 63416 40517 90727 10326 36537 70941 99313 46209 49865 37541 
2848 14
31963 69102 58578 43702 98293 94845 33192 77165 28308 28054 65442 74347 83820 50366 
177 17
56212 95196 74013 79625 32108 58466 68856 24856 38787 859 58838 63728 41033 86060 56541 45612 722 
6893 16
86137 22644 4230 75829 25011 6665 22537 47187 80059 96605 47292 69038 95392 84211 80312 95732 
3124 14
99244 31431 99456 1683 57835 79809 42065 11593 4303 89360 88888 45851 24803 7441 
9507 15
47750 61625 22639 76685 37861 426 43700 82357 50520 84733 38469 13243 107 28393 46675 
8910 17
61520 97575 94724 92261 32055 87320 56663 42750 55435 83365 35807 26215 22611 81603 19559 19798 13132 
2023 19
44072 19183 89505 14117 4709 71120 68558 25754 68773 65288 65821 32472 29948 80121 3966 64230 17888 96004 16809 
8738 17
34438 20614 68221 1081 46844 42857 89237 2052 92795 33701 88550 485 69069 47390 10840 36519 41936 
561 16
96955 95256 74585 62468 97761 8806 97800 8987 99897 85188 81332 72772 51002 51720 25871 58923 
5073 18
73007 1651 70780 17662 45208 41490 61732 36875 40888 10573 54000 21584 68016 30100 92389 1600 86595 46035 
1432 16
44014 43667 71266 696 74840 39239 92158 63003 84417 35888 4996 39998 26297 87873 67751 1554 
4535 17
77091 28322 69520 66425 25667 36600 7516 58582 4879 96236 81877 60973 23752 57008 17603 59703 30949 
8931 18
44975 73422 46470 5681 56908 95780 19568 30542 85129 9389 68618 48430 99045 14270 73278 51296 64479 79669 
4319 12
92950 88250 64662 24612 49885 83203 61789 67521 5288 28815 31577 7365 
3340 16
89643 82696 96673 54815 23964 77225 8177 76201 37866 7453 31484 66710 34884 45755 46621 33191 
8109 12
66840 10811 75268 5407 34450 42969 31540 23360 42782 59017 36052 52339 
2469 10
60170 1645 27590 87765 57522 9735 97430 44522 67973 87022 
3953 17
78057 66720 51407 54495 88667 95826 11603 32155 95955 64015 64680 38261 15550 80813 28280 19290 8169 
4626 16
40041 93171 5871 59185 72668 43299 47208 61425 5799 55430 41373 31619 76669 47575 12639 27547 
205 16
48013 59987 38482 66489 17610 89409 35266 36301 64997 5036 28752 22789 15899 54398 81965 85922 
1262 16
59548 37217 91379 52936 12010 99440 89874 28974 81930 93039 60418 97293 91993 63823 15082 4865 
1036 15
41086 48263 72525 32080 42501 52614 55088 68330 73575 39091 295 96319 22638 27438 92931 
6603 16
97381 72164 55519 4878 52475 78897 14793 33966 32980 33322 63190 91856 29803 8443 59514 61709 
3629 17
21168 5750 51851 72472 64501 66715 5300 6044 12758 93128 99147 68531 4753 16242 26714 44889 24513 
296 17
13112 53679 13780 34006 34131 9523 80421 62489 18247 68972 44461 32470 7083 95246 70315 5286 18353 
4246 17
79660 9858 23821 21451 8708 4405 84822 32000 66005 44035 53527 42037 38259 59780 67222 81796 64689 
9686 17
12234 58585 1739 19857 67539 67202 98885 18898 4984 65300 92969 3052 66874 89718 91702 29417 65441 
6997 16
89931 98688 78792 5905 19589 40161 29304 15745 17992 87668 28159 789 87233 72751 15852 66150 
1864 13
30623 34568 78112 35086 46864 18625 94551 54703 96511 52248 22717 43957 33943 
7010 13
3374 50049 76342 73618 32844 36326 84419 76992 6527 88013 33506 7866 9494 
9829 18
56041 83501 86822 88487 64120 77453 20136 75869 3990 47730 21391 97558 32779 67231 11205 47315 51779 70861 
917 10
97211 85545 29121 38274 99771 3449 59516 44084 33126 60729 
5064 17
58186 1436 904 23729 76181 45071 36767 31266 55912 84578 92927 43448 51920 14305 57941 56560 65751 
115 10
76397 58775 15264 96238 44635 99249 50746 55235 5443 60419 
4316 18
13342 77513 87587 71294 78639 27151 14926 35146 5208 69061 37870 24007 33788 99961 59990 26179 66447 18902 
6953 16
4460 44169 71259 13413 40597 2391 45821 6931 54548 67642 46259 29728 66523 84887 52169 46501 
8795 16
47816 89427 30617 31898 51607 7588 75616 72714 7515 35653 81608 33606 24629 34827 20115 19282 
7424 18
80275 96478 99679 21074 79582 15121 32507 99761 32975 35913 93336 68365 40705 37115 56597 66877 58581 31399 
1634 14
75776 5282 2981 36241 90605 69902 18305 15323 87092 24468 48779 774 57740 42058 
3818 19
40684 36133 82884 77664 79850 85029 68854 88240 84791 21513 24980 63719 30574 75954 98521 37897 825 96670 55017 
684 17
76599 59709 47959 96289 89530 3569 18534 62168 77143 76404 29962 7471 6642 90353 78566 17968 75396 
6977 17
66128 32183 70449 71114 50143 34286 75975 32393 26326 17293 1942 99975 97203 16614 48057 70124 99006 
7582 19
37525 88057 33158 82778 1809 91952 74381 20934 48702 16226 47879 84906 57028 62470 21340 29878 47593 69696 77684 
147 18
85475 37898 25669 55169 77014 37483 53926 37740 14550 52718 63425 19749 94927 22178 10586 68662 35845 88118 
3729 11
2650 91787 95081 15581 83971 25485 92769 62809 52186 11564 45274 
1584 16
80641 55911 51502 39082 20516 67789 75917 21771 11055 35610 87744 92745 95584 91937 41634 30631 
8181 18
82963 39996 15098 76450 45999 80560 83126 49564 56979 34337 7259 52171 23141 74272 59532 29408 37489 40430 
7709 16
99195 24499 69407 9816 71892 58854 78733 23021 56021 67654 91415 53259 88615 70512 80735 37972 
4713 20
7840 20958 42024 16018 72070 4500 47016 6256 15110 97498 15233 2430 70362 79089 18798 344 86903 55232 20393 76521 
3919 11
90734 1184 21917 40245 66590 94347 4461 89941 15819 56056 69802 
3454 17
61351 98346 52330 32422 4898 19304 7321 31384 65309 65984 65362 84783 19732 34871 9148 65778 68136 
6355 16
97645 41965 33872 70258 20133 84084 65387 94618 50907 17030 62766 56480 31177 44783 10185 91485 
2297 17
32352 98491 19238 67018 61759 74118 54343 20451 72402 48161 5511 6718 42504 70960 26037 34902 44219 
9285 15
65242 5962 31541 78262 41747 31449 22749 31286 57207 97926 95510 29181 47155 5194 91577 
7219 17
30095 80035 10232 61498 83244 65577 8046 79025 99905 6933 52610 56374 81402 95844 76261 46688 10771 
1516 20
74133 89052 28928 6026 25096 65931 21851 68551 75545 54631 96431 35392 99725 25771 88346 93938 7187 26779 86602 38377 
7038 17
61179 99644 64379 87874 80352 22970 95361 34793 74706 3068 11272 45102 70019 1508 43484 16268 19777 
3428 17
612 47401 28439 69864 36727 51354 44929 88298 49856 49358 71379 56796 25787 94797 87468 63123 39161 
6235 18
54675 98310 2510 89751 51514 33564 21213 14188 27975 20599 10813 67868 16201 74048 89434 85956 44347 43368 
9855 19
60258 74200 83257 45533 55738 34698 84226 14014 94033 64392 21342 79077 31629 2999 56073 18568 51479 24583 69233 
5971 16
29132 22135 38344 22971 30555 74513 83747 37400 48281 70249 29902 46878 26586 89985 17058 33269 
4275 17
46631 60857 63686 80892 86342 47970 99148 21220 70417 71821 2809 32042 95189 86091 80800 93416 98905 
9080 15
62283 62624 88381 36678 10837 22636 82772 71727 61045 50566 65491 25423 34134 95328 27874 
5117 15
81352 84432 8709 18535 3822 6466 4056 94198 24745 99375 96074 47619 12315 23603 99343 
2144 12
7776 62673 39234 65933 40437 18220 2623 37470 36485 59023 83373 8888 
6754 12
48874 16462 73946 69574 57188 6136 64971 54195 47046 9716 60674 38055 
8648 17
33752 82906 10856 80463 5890 5663 61228 31855 85459 81295 22446 92903 41666 55376 40446 25704 15391 
3216 11
81216 74598 74588 70762 20333 21563 14944 79179 9436 72361 66583 
4704 10
88817 45187 66137 47679 26048 79826 96939 11965 46492 14343 
1226 12
77342 44775 86281 44968 233 62617 22973 94276 96907 64032 46361 75758 
6371 19
43838 71975 42036 85169 81901 64705 96124 83832 27141 37767 29277 40283 11657 2155 72420 74896 47290 75638 65974 
9092 13
27133 70866 56179 39395 52279 14736 59636 33002 43902 83350 4727 61446 50047 
6915 11
65488 39955 36036 74797 94434 5398 42644 29988 85197 71522 85422 
1803 20
55820 11354 66257 6187 40407 20220 4746 88812 30171 99296 99959 65450 15430 29714 49557 60834 74092 90642 4666 39287 
627 19
74570 49106 41993 94802 39432 20137 76493 13907 46427 61874 92874 60226 60962 18989 17668 47618 75802 52170 38799 
1401 16
21662 36831 32087 99567 40839 88283 25313 59882 89744 650 63603 33765 4430 63672 77727 41249 
2312 16
13823 98469 91794 81542 59775 68329 28085 36522 85350 71048 13730 49408 57537 96364 94581 52696 
3215 19
97697 28626 87224 87041 76153 17979 23408 85996 45484 94834 56506 16565 29694 9127 56551 19258 48973 12289 85233 
7493 17
83598 26660 79072 99864 87541 90060 85267 52915 63839 85796 48977 93534 50461 2100 78279 7072 90439 
1991 19
73953 60564 68417 10423 48448 94371 74190 5893 44969 85632 17969 39228 66087 64320 17214 86998 39315 19294 94589 
7445 10
54006 15917 34472 19351 80365 80625 85554 84320 15716 33977 
3605 19
8975 83102 13642 45987 61346 66554 94252 90870 23769 87257 68443 72147 31578 25793 65603 27779 4942 83853 42192 
2253 20
47500 16297 89202 55119 89178 41436 25107 96855 15369 71521 225 16480 77523 73192 43078 40755 97419 15113 37203 92577 
2754 16
98693 4700 71756 52108 65435 63882 64367 86571 64840 60594 64036 51675 69218 81834 65303 35310 
3406 19
22649 39556 28551 67680 2525 55139 82917 53507 3749 37390 86556 77535 82683 84299 66604 2838 36740 33196 91345 
9101 18
6785 64819 86821 19066 58552 77147 37049 50232 82354 81259 29575 21606 68857 10730 75021 45693 53852 72384 
7296 14
49203 79028 9476 11285 77828 51538 41134 33372 23355 32866 2547 36981 54115 12073 
650 14
88226 4701 26135 68353 59551 78483 50898 68345 60100 18275 44740 61008 33694 78383 
6650 20
89954 95778 89785 61723 66902 19097 65651 20578 24654 71887 45180 48965 76938 48680 68771 42801 35527 40209 39747 48210 
6900 13
61143 95188 26881 40778 31425 33507 30226 17678 49873 65779 9796 56122 84837 
5654 18
58774 55252 49319 47669 3479 26060 13720 89846 26456 83268 59164 42559 80070 87670 3565 10907 8560 94010 
8363 20
86460 75160 19297 8218 22066 24495 10067 58215 52197 4338 95698 79757 90492 77027 21268 21457 17958 421 13267 12905 
5172 18
51447 57499 78612 52269 6742 17102 52564 57587 40985 22553 863 71104 45727 8430 24432 67828 5955 32583 
930 19
15374 77709 50122 98123 69882 32075 60154 30940 68671 24536 24066 64593 64149 69252 62830 8878 55988 31670 68975 
1420 18
76512 27803 26410 18028 72371 28783 88102 74425 89894 11526 24206 24401 46426 80524 39276 82035 1597 84686 
5957 19
12683 93648 73285 16118 9519 14059 69655 16538 92937 4178 30236 45400 7362 38263 56863 41798 15857 11601 69754 
1705 16
69544 50406 45330 54074 27480 55585 26647 22932 60703 29573 10868 41700 76267 5702 26430 20589 
198 13
36870 79943 3333 11316 19029 46140 9872 42091 40934 37953 86139 64023 38878 
5707 18
77110 55450 94206 85162 73003 64178 76052 46879 82908 45800 24447 88993 29307 1421 52522 69918 49598 10591 
1549 11
52239 47431 78457 39536 92602 36648 5245 52007 61854 98461 25013 
7218 18
75619 53763 17868 42873 41014 91340 46565 67526 32922 9385 10604 19101 45458 68180 21624 49821 58235 88476 
2354 18
83836 34592 13855 85588 98489 40503 36553 88758 95568 44082 64925 17389 84102 94728 10055 18980 43350 48364 
8618 11
15525 26628 17819 92996 13828 98333 59270 55352 21205 80547 43686 
8285 13
57228 15191 77979 45320 34260 72167 80043 3807 13554 21592 93030 96181 51240 
1331 14
69820 69818 38127 59676 12924 25333 72124 53581 3541 86946 81015 31281 59974 82656 
7243 17
30369 27950 76394 57434 83823 91025 50394 11852 60513 77263 24818 43122 36003 42008 92712 41457 50324 
4138 18
7028 92204 45568 17444 74424 68663 55497 97831 16048 41421 45495 34073 96595 37046 67693 59332 57000 6958 
1453 20
17714 25123 54983 15385 56190 28208 24651 38811 66733 39332 49749 74243 1339 59341 61255 12015 70749 68226 51412 22832 
4645 12
23371 14428 95329 63969 87740 35526 98861 8274 43472 4785 81895 29448 
4977 18
63297 11224 11548 49185 28301 24860 50638 67647 37896 25892 76211 65947 16293 90518 29970 67010 28157 36862 
2610 18
1382 65479 61304 49113 77032 39325 89240 66708 4174 7820 74761 25060 53356 52297 30494 11071 10458 71113 
248 16
84520 45880 42673 9102 63932 42868 33656 4364 21590 71460 10590 14983 41047 41711 31765 99836 
1488 12
24347 5672 94462 22695 39288 94939 1762 80258 32887 97224 14619 37975 
8518 10
85977 38231 56852 92374 41806 11461 22438 97315 1534 48724 
2548 17
32726 86711 57484 28728 32195 13294 33891 47803 86674 45656 74100 75343 94111 84796 79523 27691 52917 
8605 17
38570 98018 22204 38287 10740 17385 30003 81815 35970 36304 87023 1781 71793 5247 59953 74215 72846 
1557 16
3194 23157 2858 11168 5566 64895 5543 85028 49134 8127 13668 60485 657 24504 69284 23294 
1023 15
9084 51587 94739 10828 85591 97098 27354 97587 89160 61112 83452 55186 99039 43370 30515 
9963 19
54749 66242 13534 51392 11101 74257 13159 43895 55717 32448 23537 34741 1914 27003 99824 3471 35723 9928 47722 
7175 12
66907 75263 28784 39305 23413 28230 17709 96386 68888 4082 14897 55577 
7937 19
32944 58431 7517 48614 78805 4329 81827 13847 48712 50105 34861 92731 97092 79984 74379 3015 12807 12068 62239 
7632 18
11612 48004 88696 65059 446 1785 85614 77879 5954 55355 34257 1925 6346 92248 23324 99098 82163 76715 
3483 19
90279 42098 11010 87119 51336 82304 72828 94901 909 87024 94004 37523 30642 18848 91934 88637 38455 69536 1098 
5360 19
33065 91915 18325 82605 56937 43051 56856 54788 69020 20246 20416 31018 55642 66546 76585 22487 1845 73095 59857 
3148 14
36813 23400 48541 32967 20102 41864 87563 95340 21022 87166 23660 47631 71769 63389 
8364 15
4091 41327 72560 81998 88838 97319 11546 24009 12066 97865 83689 61859 60410 27425 57450 
7072 18
23190 95736 17708 39286 3659 96718 60880 95521 23931 52746 80706 73842 28666 14344 90714 96889 97556 72820 
9081 15
8893 82682 3001 1161 31591 86117 34619 93266 71966 55774 27930 51304 56624 36605 37630 
4024 17
85138 7872 61395 25713 67415 62073 56000 97843 74750 47185 88984 40333 56147 96867 67597 74278 70994 
4614 13
4248 59414 38614 92694 6797 80231 11040 96201 44479 89416 90052 32798 76366 
8415 17
49937 64311 95206 35542 22281 12713 60657 84351 58378 67938 91987 49044 33500 75736 39777 30125 99057 
2235 18
18597 56327 81026 65586 75038 47269 39343 91372 60651 71171 90978 91502 94805 19971 4980 34107 31664 24426 
8791 16
77912 7524 86695 7772 91907 68515 58323 55805 40812 99958 73654 5851 95022 67079 27407 89708 
5569 13
64850 34230 84254 59384 3796 62797 42224 9565 17805 83966 1429 54440 49204 
993 18
37640 5913 15551 93522 98506 73163 65658 98571 82869 96099 1939 76936 61584 62743 3923 2896 81791 83276 
5327 18
42237 88264 63407 51877 99218 83701 77762 27648 28744 45937 9908 90862 94202 12826 71382 82095 10520 5678 
8530 20
11503 81373 87719 5892 26138 53582 59089 88957 32631 2304 20859 16064 42760 19448 98024 99723 22968 96213 27044 82458 
2863 10
58684 99870 11046 70638 855 51663 30562 95997 19056 72313 
6691 18
65536 17847 91077 86178 36494 1592 90282 17562 52101 55685 62430 12402 90973 59019 20105 58474 24976 33031 
7281 18
4425 53518 35664 83800 8971 20628 33026 12771 39968 64213 88047 87511 27077 15340 74003 3009 92440 26693 
6236 19
95663 46152 89336 72514 26472 74537 37495 85494 43916 49075 71100 89773 67257 89011 6736 31748 23755 21997 97316 
2868 17
97267 93229 13782 28241 26426 62894 50956 14901 82584 77889 13959 58064 64559 74618 68021 16062 97707 
6423 18
6832 18339 40246 95350 95909 60935 7116 51462 64766 77451 59936 10228 83681 23991 28524 9657 92164 29438 
9487 17
24335 64606 62805 32525 32426 98040 76083 26750 6038 75819 54543 30970 32950 75389 35812 72923 9282 
4496 12
65932 51627 92646 61278 53580 54582 15628 93963 95947 86869 2210 94856 
3730 10
53438 71144 68549 12766 87049 77932 40837 86078 69943 54628 
5765 12
68457 4691 88576 21176 65957 54227 37791 66855 89199 15756 6430 86956 
2994 16
30713 8702 63097 79064 92299 18592 89280 10665 42543 28101 50273 61227 1889 95636 43842 48952 
820 16
17999 52153 81969 30251 60338 8452 54419 97361 27479 82097 26664 9376 44633 86250 44370 66360 
5851 19
8445 79965 3982 23556 21720 87530 56563 12513 17291 95728 45502 85653 3163 21555 35601 99002 21719 50129 16980 
4460 17
76084 82131 56836 43208 51201 95798 36327 54694 35789 42973 12804 69675 21702 98425 25169 8319 96436 
3545 20
70207 52409 76042 62319 96911 94688 35466 90854 11624 51188 14653 67367 6648 13834 78285 21320 40498 5685 24607 25525 
8005 19
66483 43568 69565 63014 54867 7518 80374 38757 58998 22715 2171 98798 11769 59779 50403 63729 75201 44049 71358 
9795 19
82816 40005 63213 20885 76529 6194 21612 27957 51869 21198 17117 43506 66744 91990 41804 76716 47305 20434 65418 
6370 19
33734 88380 46583 427 32239 37690 34253 18097 91160 32566 94898 93870 93433 3501 84683 43840 60385 40362 25601 
3854 19
2245 69562 45850 55034 6534 36681 23466 80787 84046 23882 76913 94929 20817 92790 32246 28893 28622 27739 34562 
3025 14
89152 795 16177 78860 23992 75910 13068 78581 12837 25569 2813 33754 62511 14804 
686 16
69344 36535 49054 7064 58208 14101 73439 7372 7977 44873 73923 1426 20731 37056 33649 99095 
6885 14
19537 27088 17732 85859 63259 5015 6488 82690 55405 57256 37539 6480 66579 69466 
399 11
5704 36203 59660 55849 58319 86560 72616 44405 92949 16700 83483 
3548 11
40089 7620 43615 85798 98495 18494 15037 49240 69461 72581 62046 
6241 17
36531 42960 25240 54471 21600 74814 40351 66575 48146 12416 61451 13562 66639 98014 31889 86442 88617 
7729 17
24647 28235 31058 43920 4197 6685 15638 80885 25440 16001 86053 5343 54159 31033 72099 89627 74182 
6229 10
76302 75827 28422 81657 24198 14751 61540 8106 10817 17584 
7630 15
2334 70287 37838 23548 58172 82939 86198 64382 60555 92006 1471 79061 20506 47513 7311 
1120 17
23815 56255 97012 46760 40692 88529 2804 95433 41930 32836 32711 19989 77685 16512 76503 89004 25925 
9143 18
49178 60772 25932 45158 48011 85265 88929 13122 91287 57260 52799 66006 96999 88337 40948 67560 69322 42356 
9489 14
45503 18137 69838 38547 19784 30649 91694 45883 92402 1669 4490 88497 29598 56940 
7512 19
26310 13473 74 35094 60390 32530 8122 90572 88722 64121 25400 64757 45226 2705 76456 76140 50160 93792 63912 
4286 18
68496 73082 66223 8873 36066 24471 98587 97766 59139 68748 39682 25702 74607 37881 30247 19737 36134 94078 
1394 18
2359 1096 11683 81438 88850 66090 54932 77041 94512 15018 15424 31292 5295 39712 62801 15102 24054 63950 
8093 17
89863 53286 34533 84931 1934 15847 3141 17236 5675 11320 97945 22993 46747 93112 39976 35669 18541 
2798 17
62930 13972 5547 55073 74714 25320 24639 28463 39151 96876 7485 46101 79291 3363 51701 2298 36023 
2394 17
47576 34607 94214 96142 36757 83514 1998 63799 25967 43263 95029 73569 6758 20575 12871 36193 29201 
1726 19
75490 75996 73610 84172 63258 28478 43904 5840 65232 28713 16183 96499 3281 47647 20072 68987 39951 18466 58299 
555 15
79265 57518 22635 29340 29929 67932 35007 11256 81758 83947 13054 26049 52206 52560 47424 
5551 20
2017 82686 16393 42531 49872 40140 25876 2528 46752 53504 96884 2612 12935 42489 29773 99068 69726 35382 61909 30948 
4660 15
39466 49130 50666 72867 62952 34629 82664 6364 10404 18015 49197 68486 26081 53046 8268 
5020 12
72364 56306 61717 28296 24078 84053 23908 97385 71679 34753 70976 11335 
9806 18
3034 7833 27565 5897 66069 66792 23799 91531 48636 63040 51194 25166 32539 75753 90405 26491 45685 5999 
3470 14
20558 98740 83206 73037 46955 33836 78132 77800 56067 41087 72116 20222 44068 23632 
1065 19
77947 91882 87160 78289 73016 56400 93966 54970 9015 76483 33295 36080 88148 59899 39346 28543 50281 9836 95946 
6258 19
49500 39742 18166 64880 80381 89297 99517 1626 78186 91261 56382 52036 4743 40405 61990 79538 86338 18399 2681 
9095 14
75822 3621 72812 18313 37934 86290 12473 93109 49484 14246 17192 86613 92928 20395 
9316 13
5807 99852 47309 37623 47249 75727 83085 33100 78016 42636 19434 85069 23358 
7644 15
43396 26476 71355 59212 89347 97054 43063 62560 11830 22370 79845 7510 86800 51970 14114 
1559 13
48838 83093 90715 51878 52328 13735 44809 57844 91615 49428 21448 94008 32310 
2973 18
34945 69762 98433 33853 14497 14362 37616 34494 48717 25017 78862 12163 33642 99807 18578 27393 61101 75883 
5523 18
74547 82572 20012 37009 89131 33580 80571 36834 48363 44354 65454 67081 31078 64293 17531 95018 31675 18711 
8917 12
32911 3456 42526 38007 18745 65614 10177 40941 22365 60134 39083 6604 
416 16
27052 96196 71411 80870 58698 61397 57140 78548 10280 82929 19674 84065 97542 348 34561 85782 
1390 17
34984 16486 93172 42695 27045 91844 10923 52498 64952 44031 77440 77629 21207 73468 54901 36942 16117 
4589 18
15019 60847 25544 63137 69690 96842 7474 16290 96657 57543 85547 13094 68905 21652 37167 42443 35659 65364 
7555 11
80645 59433 9913 34991 98853 49271 33388 28735 93960 62262 31057 
1606 19
70957 22806 70198 14572 16695 443 89988 87052 82204 70712 74681 81083 60313 73298 5223 92791 93400 81745 95307 
1397 18
17529 14265 45733 65433 50055 56640 83582 1422 62582 13136 29597 11232 73566 80506 18788 95221 66665 36689 
8139 17
57494 67726 30109 54522 68501 56432 99605 75548 98805 12427 8074 69867 93749 87734 10964 4255 56008 
5097 15
99934 78906 44628 77137 61972 71511 79915 1141 93115 96530 22486 60295 20396 95489 68596 
4717 18
56201 65413 2654 29078 36568 51880 3319 86264 68665 43891 61195 61563 81351 28190 26828 49956 12998 79767 
8728 16
71936 35203 33260 69082 50050 87702 32405 56671 10134 73194 74978 35881 72584 18116 81479 15654 
9582 16
80930 79771 91380 49047 18295 65333 72460 62732 76051 38096 57117 75325 82593 26027 68781 25539 
6468 20
33024 70998 45359 52653 12308 38772 39842 6743 5418 29476 93445 60710 84678 2730 85490 43956 3664 15038 81275 68680 
2760 13
78645 36859 27297 57304 64077 93269 30126 89490 78331 64610 16929 26113 85851 
6517 14
94997 68098 54157 30237 48405 15326 21435 96553 69713 56846 99325 82125 47637 77181 
7358 20
8226 6016 41726 81897 46729 65508 65619 36550 63957 45114 59605 34271 81543 47834 46203 30585 67570 34122 51487 88944 
8691 19
48126 46058 1012 33992 80049 35565 87419 18437 15480 78477 20152 50247 78715 55714 29434 85175 15371 11153 59290 
7305 10
23444 89141 17735 27769 569 31000 71052 41276 16103 80227 
9550 20
13768 16900 62462 78565 42609 41342 7589 65218 72705 8236 4066 1235 72989 84170 77601 55522 24547 62549 96624 94058 
4252 18
73224 19213 86957 72729 62340 26067 73659 92372 73169 87121 48475 58654 6511 28200 41155 56397 51077 34069 
6218 16
28704 99660 71790 9772 18018 21458 11167 26004 70536 97296 66609 93996 36207 78879 52549 90010 
1743 19
65475 29366 24269 20821 94296 50750 23004 11480 12591 89597 50948 87627 76602 9692 68503 34912 12481 80002 24247 
8429 19
85646 23975 78313 31461 89881 57694 90302 89449 78878 63330 51622 22533 62183 49799 46195 32858 28795 99216 33232 
1659 14
6279 53843 75181 66551 60276 19804 50300 56181 17025 42808 55938 76475 35568 43695 
2200 11
65165 88829 99833 71186 15714 85916 48075 57766 20587 46567 98647 
9918 9
71772 47523 14457 27484 83949 61821 79933 49584 31825 
7833 18
48921 80729 81100 15040 75439 28263 27970 13335 6455 25955 76171 17284 55296 951 77924 82706 28929 96292 
4241 18
65406 22983 57750 63342 28901 11817 80956 62174 87208 32512 39604 94093 64581 69432 23074 72229 5812 16678 
5857 15
6504 40680 22716 72811 85184 94779 99699 7444 67607 86694 44471 65193 25390 76320 32808 
88 18
92257 9925 71517 64710 83567 26920 13921 16584 30039 87879 95943 15842 42841 8235 85299 83687 16004 96717 
1750 19
18814 80077 97517 91723 91749 62902 74833 84480 70715 28733 68603 68908 10305 11023 7149 41618 54370 3419 44587 
6805 18
8175 5852 63182 87313 12103 12320 4740 83178 49444 72651 83935 6252 7080 96088 51279 85071 20240 59020 
1296 11
80466 19174 88340 88752 28937 9005 26826 95303 84642 45191 95991 
1004 12
87426 7509 2399 71234 62479 24346 19231 71759 40950 77426 99535 70011 
1418 19
36158 56241 48647 41546 70987 26719 76551 80455 90864 45974 37168 40677 20226 76713 5959 49730 16675 56066 84881 
587 12
95174 14665 73207 55872 43069 53810 56129 5159 79343 80208 89899 9451 
1164 14
99830 97734 12671 8251 80553 20004 42917 29232 99321 72200 73021 62806 13120 73124 
1679 14
51344 28976 19995 68538 25432 90049 91367 6282 57066 96725 44342 89694 72933 20174 
3993 15
47019 56292 58199 92861 21837 89549 63237 57768 4313 22861 80554 60365 50285 90129 43520 
8366 16
92987 85671 42380 28568 10967 83581 90808 83744 48329 53228 6347 69000 38146 65423 87384 57116 
288 20
16156 63383 33467 49386 70284 82004 78640 94165 13018 39073 96060 17089 9407 4272 83755 28482 34940 18381 33004 66503 
875 17
22879 69768 16430 83367 45012 34973 58702 25801 76351 19725 66502 7369 50280 23244 24063 18696 31777 
9367 15
49908 90301 10106 32324 43507 82428 36361 49525 23025 31744 69960 94991 55924 65640 19891 
5390 17
1629 91957 41659 46059 96555 76674 98409 37734 9937 80485 5053 65140 61675 83944 32506 41223 41258 
3267 17
31347 19951 74437 21116 32154 39327 74502 6432 54747 30344 61801 37906 32751 16456 31974 91120 34595 
9294 18
42080 72711 16973 96726 68640 97076 42870 89243 7009 57516 37909 747 37479 48181 54341 87581 33522 57295 
984 16
5364 20155 38364 55512 64584 3149 10131 98443 62866 26821 43392 43599 29093 73305 67207 99627 
7841 19
53855 51679 13603 47100 18316 24318 59880 91832 29602 29245 38953 73346 48987 34294 17413 32406 72893 40280 92195 
3944 10
31866 21773 39648 64848 31687 72868 71849 20268 340 45395 
5280 19
25926 20382 33324 85492 82615 85419 23202 74762 43188 59088 54599 40099 13124 61687 24160 79446 7245 40635 18672 
1204 20
691 88684 78355 62670 97140 58673 11271 6582 12557 64777 79823 86720 50420 91388 54349 27545 29562 11677 31487 85773 
9315 10
13578 57019 96890 45363 66798 2485 915 6 85557 32713 
2892 19
51425 30672 26190 51820 85247 50451 37513 56667 55996 15090 20135 74543 20815 53745 9474 4658 72634 10531 69949 
7274 17
28536 41077 99322 56897 11288 15416 67335 13037 98846 79949 97279 65962 56510 77659 70856 37253 37224 
2901 19
21422 6452 19814 20707 25691 32616 55482 94766 67673 12040 88634 58807 13741 34002 32970 85111 16397 71126 55760 
7179 16
58721 36250 2258 46987 41750 35544 38619 22200 37668 45570 53577 47013 95940 22705 59713 41291 
6380 14
96388 80460 22929 80653 55784 80477 62129 43186 64808 94526 87093 39333 20074 90161 
9053 16
40703 71014 5886 1638 87880 16455 62941 99762 85879 60614 5280 47051 76721 89802 55265 22199 
8226 17
55921 97687 63151 39877 1389 80110 32452 94548 39729 67199 23282 89734 64000 62583 32778 42020 1636 
1241 18
29536 35438 7283 31753 25953 30381 22364 6017 32832 86125 58465 64170 38480 99029 90313 34500 47856 33262 
7534 17
6159 57846 42500 65621 62332 57589 63250 96584 75223 47444 46911 12910 62273 70731 15974 60646 23357 
5873 19
51111 71845 52916 49162 80581 64148 25664 54746 72106 10884 31494 34432 30683 68214 76811 97334 11228 45383 26816 
5789 17
54566 87405 50132 13429 62416 347 78124 30447 69491 15119 16737 31614 89758 61402 34964 5401 97026 
751 15
51453 91075 275 29854 5449 33695 18471 15535 59538 74094 70627 59492 94239 41058 15713 
9561 15
84354 18515 75539 73363 30124 82360 68025 1847 46612 68202 12997 79246 23252 88051 84165 
7293 12
12574 14667 70986 49312 39981 3704 36429 14763 57054 73884 13465 44087 
9667 14
13401 59887 70655 54762 90180 36504 43833 16180 40011 66302 94791 20501 66630 50609 
794 10
74291 19230 26937 19564 94453 81411 19740 14396 9991 64596 
322 14
37233 86071 41345 22915 26229 52127 65870 72500 6746 11553 24630 98762 96607 47789 
3546 10
83879 46983 76616 55898 55536 92353 84271 46114 29226 46370 
8050 16
68239 93694 18693 42059 37194 39647 50751 70363 63540 12728 813 24179 36105 63265 3975 78373 
2017 15
20243 5622 94563 97604 74179 75426 76967 3036 29367 17264 23740 62087 67785 57327 59125 
3876 16
61517 83254 30773 39365 82329 39322 60734 96222 80512 61376 74294 41615 32338 68830 8714 35264 
4951 18
60464 83976 54317 60946 17168 17051 47056 80866 4648 94786 99435 84586 28703 9077 81802 97325 58531 79988 
2551 17
14251 63646 98891 2279 63513 77586 75682 81248 7810 4071 94466 66606 65908 96644 34329 24642 76527 
7989 15
22925 80808 6800 31099 46874 12877 34694 46347 25304 39418 86559 92114 95793 33147 4181 
5107 10
26124 16207 99782 91670 89436 71935 42282 90546 25261 74495 
53 11
19871 45897 2478 60488 1061 70968 67042 56156 61098 42293 27198 
438 17
66969 35391 83889 99274 35054 32649 42082 80223 11330 66175 69232 60434 89610 38629 79345 26861 63712 
3612 10
12164 75570 74097 94125 16598 22854 26970 15834 60652 25134 
2468 19
67246 15132 59586 22455 55111 48757 6745 76499 71515 58641 58943 82367 92160 64188 4270 97638 75860 44075 84408 
8981 10
73258 36381 15079 52999 53912 87611 11981 89217 68881 92873 
9733 15
39173 58005 38374 90923 48043 55543 16989 58337 55530 77857 25678 52738 73503 46377 4715 
370 17
94177 63098 12080 99380 66522 48966 18799 21353 32684 68900 4267 96575 29325 46210 72080 60985 32555 
3246 17
85337 56250 92785 65762 60922 65952 17430 89760 16692 78963 47320 87941 41312 57524 76156 64095 29981 
5113 18
40419 63919 27943 83827 9777 26368 96410 87593 26672 92685 69790 70484 14354 81601 21533 4515 10913 69974 
9108 14
67184 69876 97664 3767 2947 44442 42463 87785 10878 5784 14044 85237 45545 21047 
2608 19
17701 94767 70583 49034 37863 80164 11918 79658 63594 86940 54742 36745 34119 56123 36770 99212 54180 46504 54120 
5339 17
74857 8649 63380 97317 93773 61805 72427 57668 56296 82022 11166 58639 40789 57166 68007 42866 21895 
5853 17
45690 74745 69503 15189 86337 95766 35992 74376 46472 40237 98161 7334 52055 26098 78738 71022 51319 
6910 19
1819 1461 29866 84035 24360 92039 34096 77514 68231 29904 15916 59656 83844 15432 42546 30148 79901 72794 10629 
293 16
89089 32085 1378 30919 15322 88008 35161 19233 74344 52805 98159 66807 21757 87656 46410 23028 
2493 19
33551 79579 4729 43399 39918 33432 63953 32355 74389 48818 42085 15829 40108 95617 8519 57871 76814 83473 58246 
5555 16
43114 41617 26780 15588 5128 48511 40617 72557 77368 44824 52666 43089 53231 21604 3773 88406 
6416 17
92349 45119 10158 52550 57172 15413 5425 10699 20964 99308 16620 66830 56390 81253 47968 90005 74318 
2830 18
73779 43765 27169 2816 85802 50999 24754 93477 11521 52506 81508 66058 69904 17347 2023 22923 62515 65030 
9629 17
76914 33547 63036 87028 69054 51633 13258 29531 18160 50041 56195 88717 60819 1721 30591 37812 8705 
111 14
70445 1692 38153 55457 20320 15253 61427 1559 40466 79430 45472 8792 78382 97759 
3318 12
76786 43084 69979 1598 61006 58059 15194 32281 94732 45513 22250 80271 
4364 14
21995 61301 70129 34699 83347 15208 94136 36672 34216 95358 7404 30905 33386 48440 
479 13
65438 31568 15780 13011 90023 95650 70053 77731 9176 95716 4191 98692 15992 
8587 17
67325 62910 76951 56007 61696 64378 35465 37892 96446 44756 2274 32612 61852 47251 79082 75555 39498 
2737 17
1780 35484 13839 78710 64827 77444 43703 40330 46156 3905 80130 33748 31512 9560 3325 25708 78758 
2429 20
19201 68148 80317 14201 49180 50104 11679 66504 57579 8951 14625 87863 37185 11092 16390 65499 2292 14546 85520 79520 
9423 13
36085 22882 45286 49658 90895 87100 54992 5340 29518 73513 36838 23440 12736 
6644 18
89990 62465 5281 47332 52990 87633 79918 60249 34217 91504 2164 10816 32722 59710 43182 39066 67532 73905 
9564 17
78145 39193 32607 38194 65091 4400 3879 47827 70424 56167 77329 94564 87438 92259 89514 36491 69604 
6129 12
76567 10774 18743 21030 92605 85677 14224 43174 88971 65399 60913 95606 
3940 16
86701 97083 95469 46368 21728 93821 58153 81194 49524 31355 99161 82599 37621 30845 13590 94706 
7308 14
10896 21713 75913 48460 67249 11678 56598 78871 24598 38808 97823 29482 31752 40867 
8149 10
16863 79950 87508 71560 59349 39297 11281 46288 42728 88199 
6020 18
38495 38747 65581 38092 37584 6235 16329 95373 7074 67998 25232 95225 141 35028 77779 46814 20367 5209 
3156 17
60921 70022 41816 44433 17659 48445 93278 41314 20300 18056 82727 50115 5883 69169 68184 43827 94725 
3526 17
69986 11688 31730 23684 58112 4962 88159 55524 11525 98517 35922 74056 92743 76640 55256 41057 18404 
5771 17
86501 33122 1209 24242 99914 72219 64988 59863 66534 3612 93974 75809 79899 54432 93188 49265 61655 
8407 15
73812 1674 32342 35536 24530 13322 58976 61032 43528 53003 90837 553 71533 36215 29682 
5890 13
45170 21303 87132 51014 54564 2906 38068 86418 6903 59698 74252 21789 60359 
2415 15
17257 74055 95638 94287 27490 83554 4557 80257 17962 42484 53402 36089 45738 86608 46548 
122 9
89613 22078 98090 37843 47800 78834 12344 13385 55902 
4433 19
64294 46541 94976 51203 51197 53097 68362 10802 54230 12864 84020 27731 43036 23365 63561 19352 38711 66206 66372 
8736 18
21646 8865 94262 80692 49650 69455 33504 66827 33706 38512 16084 85576 11859 90079 60008 5591 24446 25964 
165 17
70232 77458 56855 28355 37089 6338 82111 76135 81958 57068 71402 78531 77356 91426 33518 29967 88798 
6152 14
28053 5991 71306 14160 6747 94538 6315 3713 75597 71362 23049 16806 24180 33034 
9992 16
65697 18310 63811 12834 19245 84675 24118 50037 21906 60898 2448 65970 94642 54487 28487 11896 
832 19
86392 98497 29746 26078 76482 42719 89198 3870 4567 54441 4118 53142 17213 12923 1489 44419 85275 75680 29059 
5966 15
49097 54755 19845 83074 13419 31161 68638 84774 24337 37855 87237 52220 27856 71086 32717 
7088 19
94375 8412 27637 75544 27839 21222 24928 67545 57061 8631 29514 10166 42899 58188 85703 97301 45307 42986 23859 
2346 10
90784 22001 38852 62638 23022 5214 75265 33916 90132 2355 
2426 15
62386 46011 29891 79815 47956 20121 83455 80268 32695 26876 57164 41980 15831 51424 36818 
9751 19
30671 83119 97787 77396 94983 86798 88494 40731 68269 36902 6374 78043 81153 15698 12414 92385 68977 67431 16176 
9732 17
34279 70399 68587 25547 45457 46395 59657 91031 14832 27469 30621 23745 16150 21619 97694 23923 50564 
2495 19
66336 26985 27764 47549 14896 65060 1722 45994 76494 4707 22049 68844 98988 36009 48434 86643 75157 92082 86359 
1777 13
18594 13881 96529 65113 45429 12658 77184 12267 93435 89216 43822 45486 90073 
4893 12
28005 30989 75560 30105 93129 56984 77511 45773 96674 37160 4774 29853 
3761 19
11607 51684 32960 63048 9296 97569 41286 36152 58738 39340 55676 68579 6914 69288 68646 88316 89142 95687 18111 
3852 16
77060 38591 83839 58777 48069 187 72242 77869 53683 15380 60599 40172 78232 30191 74830 9965 
9017 12
91709 14022 5712 19329 26768 60619 43329 91072 80430 42812 65630 95557 
7575 16
67566 43509 79454 43121 81317 53525 60496 80057 14517 96630 31529 11851 99998 56723 57733 66420 
9508 17
24235 75059 85016 85823 14879 67267 98168 11493 97151 76912 40741 5450 97289 7592 92230 12510 78213 
4490 17
58202 71337 81386 16060 70238 83630 62514 77937 19038 95526 49258 94608 73041 39788 88257 73008 6041 
6715 16
35878 70288 49510 96008 69349 95314 3598 68116 34769 21077 98111 26822 67956 75926 92033 1147 
3707 17
94335 59239 77984 32128 26731 766 36584 73730 10101 816 15299 22587 20909 69122 13629 38976 57803 
1424 18
35687 62620 75603 74316 70030 18512 88092 60367 503 37377 82775 78366 75658 88949 88912 43196 32595 76808 
6957 15
41944 72670 69907 32686 23121 89883 94880 8280 35443 29776 97950 4446 93239 16211 51669 
4011 15
56544 17556 27377 93247 91863 62780 27333 45199 64750 19886 71497 25444 95834 84344 37512 
1731 19
95703 43551 45653 49365 58646 62603 9773 68097 88863 6756 26239 40693 26296 4499 84056 44982 76857 2408 19645 
7259 15
28997 72463 70983 5724 14752 76191 32807 65832 25195 44513 28395 76989 40686 40291 28376 
973 15
91042 56535 18062 83999 67173 94639 50798 61097 92793 46139 6862 60779 92156 34780 64268 
2165 18
39897 5751 15537 41707 31359 34551 58770 30023 31140 14905 34105 66297 7075 25994 34557 86229 83067 42089 
3981 14
34633 47001 29189 15513 11556 21890 16378 53195 24824 8408 29157 4900 51948 28564 
3525 17
60690 22992 53202 39839 33222 88124 26248 28338 9648 72796 5122 89782 54655 97816 80204 11729 99793 
8328 17
86907 92596 3549 46690 17414 8882 9753 74458 76330 45149 70422 22131 63526 42852 86436 45518 1788 
3764 18
51167 83190 85103 69583 56429 71135 95518 6181 86064 75741 60695 26712 89748 69806 33508 6290 76664 4642 
242 17
20744 36153 189 19002 23468 395 70018 45438 43269 89742 48235 10942 17280 86949 78106 10820 98978 
5200 16
739 17045 73487 16919 38119 46191 66843 3784 60888 98368 90506 28276 60617 58521 59035 60677 
6550 18
94970 97138 10051 35700 31067 49892 65313 11530 97857 7958 93066 63103 12759 33058 57286 85050 57527 16395 
906 12
60103 28069 51287 44052 11604 24241 36627 87150 2770 75208 73612 46263 
9948 13
4624 24599 90758 23869 74943 15301 10231 7578 78907 83858 60007 44866 55894 
9636 17
66300 13836 94382 22875 97065 45399 8473 26596 14039 3261 85429 52435 74739 7273 4076 27211 77358 
3186 17
15050 60091 64921 68807 31037 33520 37262 25812 11697 12675 5550 12170 15814 96963 9898 4252 13938 
9027 13
30917 80014 57018 65839 672 33279 66363 7339 7881 87363 58873 65327 16771 
1868 13
26663 11514 31924 62025 61130 16181 68996 57376 50201 96293 57160 23550 7898 
6760 18
58782 39307 18940 55649 84077 77028 92406 62767 98616 10514 85057 950 1126 76560 44692 65570 55458 52244 
6213 17
63457 77424 10865 13393 29136 94635 72552 46054 82724 63817 51875 9811 29045 95472 58212 40932 82901 
9985 17
5474 86708 18118 352 81477 35989 4521 95315 81469 46976 39791 57997 13262 94829 27065 31641 71651 
7967 17
87274 43138 30594 96830 20191 59764 76043 71696 70732 85309 40555 81258 81907 82680 3249 58473 48520 
6386 10
11094 19711 2109 49757 67054 59511 71764 17594 22813 9874 
3837 17
77213 22974 98230 52789 9470 81538 27601 62685 1730 64520 91342 77605 89564 48163 64117 76390 25504 
1316 17
2024 8399 54062 76036 40854 91966 42573 31724 11195 53426 67807 9602 16101 27652 88579 39821 16199 
5912 16
58401 15943 77245 7871 88435 63121 99381 14229 56772 17694 36075 35156 13665 55233 96622 4145 
9007 20
81262 60182 80618 14445 4163 59658 12347 43561 14134 20795 44806 20561 29593 80807 92554 35901 95500 83338 84699 5882 
2998 16
3616 16572 31009 41318 13822 95424 71448 88364 26160 12141 54540 1070 42006 59790 14986 26729 
2162 17
93034 31645 49668 54504 17961 42376 81610 63614 31401 84861 54449 34879 81932 66269 35593 33165 44531 
1789 12
69302 77689 77289 39740 20399 97752 84132 88868 30775 79708 20616 13792 
891 19
5752 87948 33768 39858 68095 74930 64491 67375 77788 69921 44791 76477 88916 2533 10855 6322 25101 61413 79752 
349 18
83215 64201 17897 92378 45706 10212 55168 56492 71808 20469 87536 18167 97265 93253 39545 59352 73350 34171 
3737 15
43158 47737 85327 59688 21489 49181 88312 12565 21407 43515 34756 68991 84845 12217 59149 
2761 20
63322 51499 76196 23168 66730 27433 35400 17870 43486 53753 75348 51639 99504 47506 41063 87746 13609 24111 94016 32886 
5931 15
49252 96836 71799 99511 9728 40080 44063 27522 96216 25042 49678 65322 45909 33896 17093 
7438 18
92491 76815 43162 1137 35463 42865 51686 50938 85581 86426 68645 74677 82920 7093 59314 89848 39760 60101 
8749 13
2101 96812 48870 7714 10037 17543 24714 53059 301 61553 65518 62911 12262 
414 19
58203 57632 134 4391 35170 30257 13209 3857 11876 12491 43849 47195 82540 55000 67594 72431 78367 75477 61099 
9221 19
76388 57012 19985 67088 26344 74554 24514 70487 25306 52725 29873 90500 83297 88825 86722 93774 8245 88738 84026 
2380 12
11146 42369 37395 29106 12664 65802 90457 11550 83028 6118 96137 75099 
16 16
45060 59477 46573 65538 46212 31044 12081 14484 40720 69365 78933 45051 80933 21273 86246 79317 
7327 16
97546 91198 10089 2444 91892 66385 50738 80916 62968 5377 72011 85856 7209 89861 69788 23059 
4430 19
44228 62452 81339 52219 68883 36836 55012 37464 1557 14462 92534 11400 12679 3216 58755 80658 73238 80369 93730 
6470 16
52430 20950 95501 50052 35795 18006 97803 64147 52709 81962 1076 22269 90831 1969 97384 28558 
4892 14
11386 41906 67902 67747 84002 27342 91660 53588 42322 99600 92278 62575 23298 50779 
3342 11
72979 65979 39507 52081 84123 4931 49654 44990 9122 9498 96178 
2392 18
5874 45798 19690 38070 61950 20247 49985 24706 62322 49173 27503 13110 61279 42608 9482 48016 60584 95757 
9469 17
31650 99494 62718 43010 35641 11627 78113 31485 30660 4172 39753 90241 47485 8036 81909 24870 38285 
363 19
31948 37433 80368 16716 11267 97712 78075 97688 96606 42838 90068 53736 90484 82794 53122 65294 33729 40487 66598 
7734 19
95387 92277 95683 73853 76638 108 42257 25989 59922 16254 60539 23806 12479 47672 90738 41152 70372 96541 10068 
9574 18
93797 32523 58606 78540 47383 62810 5934 2343 10510 30215 23994 15704 46276 65428 97499 58472 59397 28041 
7120 13
92811 52987 81466 78578 55580 49243 86758 84236 98211 19466 32987 58277 46518 
7201 19
75421 1870 46664 33173 97303 98275 95419 7886 71207 2668 71365 81726 17893 5891 54759 23777 22662 76802 38846 
1427 11
16915 98986 40047 8827 56741 82504 7576 36020 86916 75006 87619 
2939 18
15294 83578 71221 60020 34818 48044 49061 44832 86735 92297 94255 58811 21792 20079 38351 45175 11719 43139 
1967 14
43927 40905 58156 8369 33135 86026 92869 43534 5236 44470 26335 73638 40595 82135 
6441 14
69323 78139 89384 5683 2647 32392 48752 68267 88836 85948 74361 34475 25434 72742 
1448 14
89811 53233 91418 45379 95566 14370 97191 46160 88725 92889 88507 45990 61385 52876 
3726 13
25619 60925 84645 55052 4363 64035 32226 36631 28561 19778 85115 64529 98339 
2995 16
21413 74081 1247 34544 52146 9318 19261 18246 57138 30202 52134 19577 30414 5441 84242 5274 
9239 17
78515 97260 73807 24764 6754 65093 12123 35547 75646 55016 34855 86429 6812 93009 52478 56230 25718 
2510 13
36151 20151 88952 51299 410 90510 94567 68356 58544 39652 58393 19813 70989 
2651 16
87520 40436 7277 69343 6709 84919 33345 15485 51735 90615 34930 303 87639 35995 98402 89695 
2305 19
71856 41775 13779 51651 34646 97576 68432 68312 74346 42829 8465 15683 75993 38883 29152 67030 89882 75577 29008 
5426 16
72585 5925 19950 48107 28081 75702 80817 89167 72459 51907 8856 68419 55517 80783 45328 94840 
8283 17
21288 75797 34666 69572 52552 81890 94482 96375 29584 93762 84177 91275 77395 778 93624 75951 13885 
2126 19
91307 15433 24695 2994 83515 37437 39045 39158 5152 33272 46775 80042 18221 79908 75921 92653 6266 16653 14772 
1029 10
2582 19794 64097 79024 7468 15258 90196 25966 52505 55391 
1379 19
40691 18061 99303 94194 50974 6759 79392 50975 29568 70157 13597 5584 98744 30402 54450 35731 91675 33885 26558 
3794 11
61049 77809 73939 2033 59590 20429 67482 64506 75484 90603 9590 
829 10
55346 64598 2020 87347 79013 57872 84083 71741 11202 26965 
4215 17
2736 21730 18783 4969 46303 25445 12790 89433 67456 64071 23126 99574 97864 71012 80542 9327 72899 
9203 11
81842 24592 71731 83264 8470 38458 6905 8113 67814 91060 87616 
854 19
41186 99670 68050 46127 41059 92231 24645 70000 20317 22817 81781 38894 59807 59064 78498 30572 5310 95779 59377 
5002 12
23352 31469 26815 79017 56284 79583 4951 10707 62072 18834 62394 74901 
141 9
61373 52135 42032 33554 84401 11061 1616 27534 21027 
9353 10
37027 31682 70253 81804 42507 20075 93341 78811 53825 4698 
69 13
61389 68154 51531 84681 86023 24952 65739 92147 5808 11810 61912 52387 35067 
2006 13
94498 96323 16873 36998 3964 20664 88446 79411 27157 42790 96719 75657 42447 
9486 17
77993 25214 29781 88324 29916 88042 96171 144 85828 42294 1142 3667 13021 47863 25217 50136 81616 
6966 13
5047 31074 7993 38473 39549 94353 15390 19073 60597 16670 60828 910 90600 
9204 15
63140 30909 97721 54110 41533 14911 82570 77844 21536 27638 23565 94816 1827 15641 59900 
9960 12
54985 19578 87648 72481 90539 10159 62212 81485 72726 6102 51956 64334 
29 17
93750 80532 66311 68449 12708 33042 69361 80009 55674 33336 68691 77350 99675 97733 50056 23600 69534 
4330 11
96715 71274 72368 96206 60050 2290 80442 97836 87042 6287 52496 
81 12
40496 50496 46586 31915 36541 62136 50891 83633 84897 10508 13133 44840 
