203
8543 12
418 8552 26499 76542 22740 24849 40890 8755 13968 48140 8409 71101 
5805 13
750 60441 10948 44922 26733 42579 11382 89107 38167 17515 42416 17082 70432 
7309 18
3127 4824 96155 75669 81415 23223 96211 55667 9204 97897 21771 52877 96743 41459 92775 8224 78598 42356 
1557 17
3194 79620 23157 2858 11168 5566 64895 5543 85028 49134 8127 13668 60485 657 24504 69284 23294 
5537 19
5845 19500 11241 12098 6531 87772 70136 19373 72118 25989 17652 49850 74379 8392 31487 61039 41961 96971 66420 
7711 18
14211 23499 2582 76476 62225 73402 13334 42616 33607 54489 12925 78926 2704 87612 28181 93263 84883 77494 
8860 15
14415 20279 84585 33211 7541 22107 41353 88729 46033 65666 78009 86828 8608 17304 20185 
1836 12
16530 21779 95638 54547 73229 45207 52180 47720 70752 34679 84731 52942 
1250 15
17940 57158 23424 61280 83664 78489 69443 30940 1718 75640 77293 11836 66467 46677 62860 
9967 17
18430 5526 26088 24085 19232 32649 74751 78113 45729 40981 83090 94368 31556 99313 51540 32317 71081 
612 15
20125 48100 59614 49608 45460 55449 20331 71701 89095 33025 94121 68655 2593 75713 48745 
6927 18
20955 99067 39153 7163 97377 67157 81958 93604 62601 28473 69966 81314 59811 32480 35699 84406 1595 45410 
2995 18
21413 74081 1247 34544 52146 43436 9318 19261 18246 57138 63121 30202 52134 19577 30414 5441 84242 5274 
3290 18
23482 82662 9508 90740 18661 76 33484 84907 81172 43961 93512 17413 10959 14447 28385 91742 3676 79759 
4538 12
23527 17896 51086 27844 53443 36064 73866 47275 50445 701 7630 60603 
9880 10
27620 91957 9624 89178 20255 75514 71004 96292 7240 18267 
4893 12
28005 30989 75560 30105 93129 56984 77511 45773 96674 37160 4774 29853 
3609 18
29244 17561 60040 7937 78978 55659 6690 273 35257 94112 19745 33045 10344 25198 33616 41244 41608 50417 
1478 20
29736 81910 56764 95287 31959 59763 21990 29280 16091 11030 70272 40915 94114 89956 99281 44076 3165 94760 16541 88154 
6799 13
30927 82616 79114 93276 98136 67170 92263 34086 74432 90776 90908 39183 57132 
5720 17
34137 81686 35702 24852 45787 69889 67306 82922 80549 72616 44553 69400 85042 94886 33871 27025 98883 
8958 15
35279 63505 37144 60861 406 59386 19992 60567 55120 12006 9150 56082 37090 68824 55618 
7778 18
36990 29778 88405 15216 5864 73390 50991 51192 2459 59063 50747 94425 14991 61798 33584 42265 51033 43455 
6187 15
39832 41167 54337 66181 58840 48563 88219 5440 80336 62771 17636 56575 83824 33791 77394 
9515 15
42202 36151 51557 49909 43393 88470 17363 48525 12141 17928 20571 18181 65022 16031 26375 
4028 14
44887 31971 92669 9643 76346 11587 61764 59854 16892 65944 71499 21863 10361 81299 
8691 20
48126 46058 1012 33992 55052 80049 35565 87419 18437 15480 78477 20152 50247 78715 55714 29434 85175 15371 11153 59290 
2613 13
48479 93403 36847 46958 31483 77940 22124 48234 51338 26160 86579 93766 37140 
9998 18
53242 14081 63916 85931 73064 7193 23867 17066 97190 32067 93052 31316 78073 865 39237 34701 85027 64416 
7817 20
56470 99315 68511 74394 66355 63577 29661 75433 6618 9071 60228 4185 2242 67717 22717 56111 72040 57777 50495 38043 
414 20
58203 57632 134 4391 35170 30257 13209 3857 11876 12491 43849 47195 82540 55000 67594 72431 98692 78367 75477 61099 
6290 16
58510 34128 12062 93530 21518 46408 31850 87461 97305 6493 56528 14055 88741 74136 23647 68073 
8312 17
59166 52796 38031 42879 59476 99131 80291 86888 92208 14213 68262 54250 26682 11964 76255 79129 58068 
4409 14
59766 32019 66631 99560 60281 21768 42413 96921 13745 39236 59363 12545 75293 72652 
2519 16
62060 64646 1451 75849 73603 19181 53276 47709 59337 86829 48564 41871 16126 48554 80311 24441 
6233 18
63324 82370 11628 64813 47265 56088 22735 56554 62682 26683 92951 60418 50742 53301 17542 20149 49309 58792 
7412 20
68343 59333 45165 27169 52651 43542 5212 94954 33887 69932 33927 86753 9474 55422 31548 80424 34867 75750 17176 13706 
6089 13
68375 24944 26843 11394 78245 95327 16238 9194 95104 75237 50447 37884 30892 
3891 15
70328 96200 77393 64916 21847 5875 92040 69713 46221 17549 27807 45174 42805 47052 86807 
847 17
70470 20053 15168 36561 62193 62374 84401 48046 28681 50351 70197 15252 1516 89192 4665 83644 81754 
6574 13
71244 34065 20362 13128 22045 77559 26990 71248 71468 78617 96050 65921 63508 
2325 20
72250 62375 84942 88131 164 356 77998 29651 99729 35649 78626 7115 62261 9016 89195 51699 28641 96724 99825 67783 
2650 15
24116 73867 35878 26413 53929 43121 81188 13908 40120 63376 51339 81960 58954 86243 80039 
4581 18
76365 78065 10811 19427 27103 62847 91559 11950 25582 37124 4198 65135 13212 32595 71867 60954 34564 26063 
7953 20
76367 68367 5264 93292 52269 91207 80570 22620 25822 31686 90537 31151 55372 93054 77842 12863 69943 89599 97781 10059 
7406 16
77211 94326 63009 34578 27132 9443 2389 93620 42846 45511 97593 2262 48852 94609 47760 17657 
8920 13
77618 27630 71754 97912 34347 72224 44490 50222 74307 60331 53663 72430 57027 
2476 11
77657 35065 57155 70871 87780 14124 6274 82142 94451 3544 69462 
7688 14
78084 58499 13010 89476 30373 45756 50695 65941 21492 2072 26965 71739 15332 51938 
9530 19
78919 59229 30646 46332 27657 65930 70247 94433 71577 72234 84206 5518 83438 3263 71665 3782 91234 8645 18334 
9825 16
80134 56591 41850 78362 51662 2204 22302 74272 72658 69417 28843 53762 91004 10778 84101 88978 
1296 11
80466 19174 88340 88752 28937 9005 26826 95303 84642 45191 95991 
8456 18
82828 3184 63525 35882 22327 75132 99130 26636 81486 92738 27441 82417 586 15356 4362 56892 57733 12378 
8812 12
86215 46013 48131 72428 75311 67692 14035 74867 69209 97128 5604 74601 
317 10
87192 14071 82751 5507 50601 91989 35908 75006 47106 62775 
7608 17
87736 69553 20488 80796 53447 24036 44059 41725 25200 15482 41740 75706 91533 69723 52203 52173 25640 
4385 18
87882 64225 82820 15541 56812 65797 27385 1387 77536 93110 88383 50682 67599 79743 50818 80159 74939 75577 
629 18
88357 5359 36499 34693 71677 63524 62477 45587 86937 91731 16878 52794 39761 68880 18871 46132 48386 51349 
2860 15
92153 16588 81930 75896 45411 33175 97540 72241 97241 80093 43267 93367 88864 51451 14574 
2119 16
95209 45675 12283 84550 27592 88212 23288 47154 40627 39745 4940 76818 93238 34485 10162 59456 
5691 20
95249 50772 29553 79199 74690 80721 64446 69411 70937 35215 33677 92145 27275 58108 99953 35029 53533 63007 39093 87170 
3801 11
96052 85085 16944 42544 85926 64369 71989 8349 75826 65331 61059 
7849 18
98388 54789 36985 54824 35641 22282 32800 8379 61264 13840 22266 10587 3736 32308 25389 60223 23937 30624 
3995 18
98541 26424 24720 41186 66268 9532 17806 77398 50498 26309 89267 83365 15730 11629 88766 84043 50262 86451 
448 17
3075 97118 91936 1784 89730 84957 68526 17028 90623 32729 7070 49770 54283 16041 36130 35519 467 
1018 15
4285 62386 41981 31061 48485 81012 96491 57500 1668 14279 26121 54031 24838 85466 41121 
891 19
5752 87948 33768 39858 68095 74930 64491 67375 77788 69921 44791 76477 88916 2533 10855 6322 25101 61413 79752 
1426 15
5877 63298 75449 75653 33345 14568 66273 89578 77729 46981 30643 404 80089 27306 99909 
682 16
6927 88473 45690 47847 32681 57490 93357 90207 68424 33000 75338 67458 3557 84194 97980 44613 
6461 11
8492 44133 69385 74482 6091 51288 90621 48577 26842 68404 61232 
3829 13
9192 74611 29813 41761 54704 97367 14278 4427 89296 52401 64684 12951 41506 
7804 14
10549 40986 65230 42228 71461 30002 72232 90637 51995 50894 79845 30785 3827 55552 
3828 15
10787 94841 68382 37521 64517 86619 15984 91698 14078 39144 58173 54136 70397 97913 92198 
3664 15
14475 27310 30296 25681 60946 41242 68112 45601 70451 39147 75361 38594 65271 43847 67210 
654 17
14962 52309 51721 44593 80484 81903 27271 89640 28548 66 62052 78523 63660 65373 90229 88807 74698 
8252 19
15644 24053 43887 1999 37139 22870 95482 36026 70777 48007 41332 23250 36571 62528 7933 82089 29847 3773 66036 
7223 20
15989 52320 34182 8314 70059 19198 89055 70266 60703 18879 83700 10849 59305 67807 27721 95218 23151 20730 27130 99790 
5904 15
18346 55994 3944 26048 15993 98536 36223 56242 32901 2367 12326 41049 48925 93489 49262 
8824 13
22004 66680 95888 10212 65461 49785 86449 56839 87239 35200 42049 4865 20000 
3598 17
22754 53333 41803 54604 45421 48460 96438 31410 56559 93100 13292 2606 36616 25374 98058 67988 66319 
1710 20
69544 23575 87730 81702 72811 82128 28593 24420 49003 54573 8315 16624 79794 97475 40172 87138 70407 12570 18689 88922 
3716 14
26461 59923 18660 98119 91528 15012 97408 89597 50237 74706 43632 13290 68078 12281 
9756 18
26626 10075 28712 45579 1506 64002 83686 59747 32642 75088 70970 32028 6729 32263 66913 41945 31285 72367 
1067 14
27147 76246 99738 60848 55951 68054 65785 13329 45668 60161 32169 88068 55155 15731 
6179 15
28605 30428 21339 9572 86007 3457 45439 23087 24006 40613 42006 52398 63008 70967 9863 
7881 12
30489 8436 94115 69356 47235 30549 40758 27882 50018 12040 95013 29647 
474 15
30636 17090 90701 72424 81843 18125 3551 97935 34850 71807 77169 28029 46991 12820 76972 
3267 18
31347 19951 74437 21116 32154 39327 74502 6432 54747 30344 37906 61801 73566 32751 16456 31974 91120 34595 
4908 14
31701 62444 39336 34200 31132 14327 38305 48702 25168 71382 70220 46733 64558 13611 
1714 16
33781 20528 5227 62669 32501 704 86066 30841 99074 56195 9713 8974 9489 48185 98330 21448 
3148 14
36813 23400 48541 32967 20102 41864 87563 95340 21022 87166 23660 47631 71769 63389 
5272 17
37152 6228 26000 54677 14946 18631 83652 52185 49264 37339 38740 37519 79790 44610 8396 50995 82744 
4700 10
37656 28501 60673 47159 118 28180 5700 42046 53230 38472 
6196 10
43207 91079 44530 20989 37236 27731 30080 29026 93482 25940 
4430 20
44228 62452 81339 52219 68883 36836 55012 37464 1557 14462 11400 92534 12679 37523 3216 58755 80658 73238 80369 93730 
7779 17
44403 8868 75544 10079 40153 46854 6015 10119 65886 97939 1988 20500 59950 71297 13221 60505 97155 
8536 12
46383 24795 76757 59880 48124 69885 37942 22722 72420 29653 47251 96280 
9242 19
49420 21470 74072 37102 78355 1941 54825 37862 89260 26479 52262 31590 10725 86748 42919 6430 33400 29313 3638 
5176 12
52434 21017 74963 66956 96660 6053 73128 89898 69530 54840 39477 2619 
9670 10
53920 21950 11959 98041 32084 84402 35435 23702 31617 41790 
1442 15
54192 18754 17519 98587 74639 48273 19789 55466 18624 9376 22298 88701 59368 98145 99216 
4355 19
55999 62148 73320 57430 45052 87950 1478 7753 56024 50139 81916 51294 98644 28851 13807 62132 26051 47254 60822 
6488 20
58364 58130 71073 51499 50515 21839 91275 35983 90015 62201 23858 98655 44534 56557 91776 68683 46920 25171 99623 98047 
9814 17
59032 51327 32495 30769 38473 63969 4881 80386 5046 85182 98078 98852 51280 36668 61093 45444 36275 
5053 18
59378 10965 47759 45636 95967 73720 19673 93125 97335 25811 93391 63193 11913 37442 56682 39551 97862 59427 
9378 18
61959 37502 46011 77217 568 40734 36440 91143 98191 37796 35240 57704 22151 90055 39449 44048 91204 50129 
538 18
63150 77541 12738 4705 96949 61716 99933 9441 42996 43561 96823 67685 90894 79496 49837 17589 98879 38088 
3231 16
64237 69866 71240 9135 24912 67961 82263 63083 31585 96159 18823 91368 71778 38455 68377 39541 
7330 19
64336 99326 62727 36096 62179 2640 28662 43214 1405 1190 50827 67048 73596 7272 46124 98435 93978 49032 82553 
3429 10
66050 79597 64040 72290 91707 92626 63632 98794 51983 78194 
7045 14
67035 70445 17983 79991 43027 15855 53886 50528 46945 40769 30104 48410 20267 64734 
7068 19
72539 25139 68501 76252 49030 83139 47450 50394 71424 15224 8617 67357 63537 10876 80396 57496 7651 98978 40257 
8839 19
73517 13780 93992 11548 81713 62467 17418 61444 25692 80409 4964 15830 66404 30601 79479 48420 24954 25978 76776 
5564 15
74236 55358 49121 25108 46894 25948 98296 2155 22697 30404 91233 47758 11871 27293 46933 
3182 17
74720 97675 85622 70932 71168 68327 28557 42131 32336 48825 53636 10925 85470 72154 62590 75229 48230 
45 17
58149 75469 5047 48669 21814 98282 98809 57568 64975 26758 54179 48991 70497 74095 85937 10583 4932 
1330 17
76447 2307 70520 46924 69719 2308 8073 89557 18116 57147 49122 69004 77326 51819 64102 35564 76990 
713 17
76825 61069 40408 3566 91155 87028 28713 45387 49475 28565 82198 32643 96448 89016 8217 52742 74248 
6739 10
78605 49017 32314 60521 54695 56487 32677 22177 12013 50698 
1341 15
80065 41176 31616 24766 66562 61228 16372 94980 93236 469 77322 30802 62345 81938 15484 
5970 19
80688 89427 72150 9378 99293 56309 80479 19756 1606 75568 1673 84228 12873 7717 46606 4283 79238 30275 36938 
4793 20
82509 4243 29938 961 18215 67811 46678 3087 75671 95901 9825 5698 59492 43560 47936 79808 64374 20555 61912 6033 
8018 14
87624 59830 58605 9839 97254 70701 72549 35134 57156 24537 30048 54698 85769 85810 
2216 14
87901 43240 46499 77041 38387 74044 68745 59547 47008 21268 21043 40751 20608 55253 
6644 20
89990 62465 5281 47332 52990 87633 79918 60249 35676 34217 91504 2164 10816 32722 59710 43182 39066 67532 73905 34688 
1690 18
91761 32861 93681 56080 53919 99536 32610 22256 44080 74950 48518 74480 22036 33213 55029 85301 21823 47934 
3698 11
91786 32312 3504 64709 18098 68347 32386 8503 82055 29770 24081 
2260 17
93385 53854 49470 43072 1867 42714 94835 97427 40058 21737 95866 87116 65117 32797 69575 31416 29339 
2905 15
96283 79270 64610 8463 42221 94685 56931 92704 32749 26567 70019 93262 89301 18579 29154 
881 15
1724 54207 66933 25109 26332 33815 19708 65048 67196 83609 61540 30238 41770 49584 10084 
8966 14
2517 99749 75595 68778 41206 11712 34367 38521 90736 20435 59314 64356 17479 62014 
9121 15
3819 68412 1629 73610 96643 21867 29530 33357 47310 81722 68074 54691 62026 72617 16144 
8784 17
5372 50502 51993 38343 10223 30512 37047 82046 87260 67980 79063 54925 75460 33089 9527 25601 92449 
6793 15
5382 79152 6450 33019 42097 67385 11329 35889 19311 77295 93306 57183 28348 17817 31062 
6228 13
11952 31680 40575 79731 79417 82742 49933 60978 3471 91247 1098 86229 87492 
6912 17
17417 26526 12737 12215 95537 96351 15257 46672 63425 95520 18890 96009 87941 23971 29892 54439 86164 
8046 20
19009 1801 53710 47686 67877 80588 70965 59572 93679 13731 35624 53756 23451 70753 48638 89532 9462 52846 51652 16932 
9835 18
20168 57544 89911 36816 72948 29292 99155 26071 46300 91263 68441 99419 30494 11209 19439 93928 70311 8440 
4231 18
22830 93013 28 33514 81509 90565 37715 26108 83453 7049 6070 21764 96225 17548 68464 48429 52359 24035 
9487 20
24335 64606 42850 62805 32525 32426 98040 76083 26750 6038 75819 54543 30970 32950 2958 75389 35812 72923 9282 52169 
3322 15
26892 29826 28126 25864 94965 19368 69061 47674 48822 43556 65567 90240 87299 99562 52954 
892 16
29306 83271 94538 59479 20037 52872 69377 98953 75139 13088 87443 51822 90487 51096 5053 42250 
524 11
31794 42128 74290 12328 22964 71089 55595 58865 78394 55394 98053 
5556 10
42166 19200 3847 73010 72243 84770 97982 17756 24121 49761 
1098 13
42548 46929 91900 98163 37335 82438 10233 19422 15045 30616 82510 37007 53520 
2663 12
43526 8063 63975 79735 10788 25359 78104 20930 71846 81994 76722 76107 
1265 15
43649 23903 16146 68475 74434 86827 6345 12384 40536 15495 63830 72999 24675 19613 62157 
6865 17
43988 90230 21469 41521 2534 66338 39906 39201 200 31462 41846 36107 72904 25736 25584 26117 10982 
5778 12
48168 60307 61778 3726 67565 36291 46122 85889 53948 65951 93987 33188 
9408 20
48317 98520 59629 99762 61772 43375 81406 64511 63404 81284 64882 71497 96793 91917 80182 33926 69332 95378 61982 46642 
6766 11
51063 93761 75995 69993 13814 7636 16929 12322 76208 21374 75920 
5129 17
54123 74355 80330 77840 75384 71713 86172 41350 45247 64155 36630 58506 28621 10064 6865 65418 17302 
8092 14
58090 11455 61992 46028 51726 55335 36132 77723 43953 27702 58423 55186 73349 54982 
5187 12
58399 11230 27444 19920 97698 59038 47628 70961 72432 37357 64840 80334 
7393 16
58623 69785 23393 86445 12329 62499 34008 92962 9442 29118 18259 70577 63967 70768 10908 67094 
3939 19
59474 50946 4973 50072 50191 78231 60432 89189 85181 78948 79489 18882 78962 17357 94916 20436 48958 47867 50409 
1021 17
62998 94691 29823 97662 49743 84240 61542 68658 23624 62523 66856 28444 95325 11622 8356 75056 64620 
6293 19
64031 88523 98072 371 9141 94366 85726 34597 3677 85208 37533 41636 33830 99299 56280 92483 23154 91875 77565 
3777 10
64983 78646 80411 81094 43181 46990 99022 57967 14738 30040 
6679 17
65843 32194 80781 31872 78144 67448 27102 29223 65611 82681 47119 35817 83887 72151 36508 25368 55721 
8005 19
66483 43568 69565 63014 54867 7518 80374 38757 58998 22715 2171 98798 11769 59779 50403 63729 75201 44049 71358 
1535 18
67447 58709 24974 82578 34440 49973 24453 2985 88028 83296 57572 75623 25470 52945 39256 17002 60589 63656 
7378 14
68489 93814 29140 30506 53764 71674 32088 77012 62581 80417 94740 28291 43525 35568 
6207 19
70371 68841 73696 59040 46127 19723 83302 77622 94161 14763 82293 6564 38085 35010 34029 89193 90619 58376 20947 
1694 14
70831 70062 18762 11858 89621 10267 17784 56832 13145 88937 55626 96424 36248 75888 
7090 12
71745 28481 30731 8248 86108 63136 74670 52946 44533 77435 90273 44347 
9399 17
72644 58992 61898 2194 10385 57177 24519 51538 91922 13122 18540 66141 21818 55071 12168 24630 82656 
2028 18
78044 32231 55712 8471 3199 80948 78759 72342 56065 85262 5657 26692 5747 77285 31085 1 50008 95755 
4246 18
79660 9858 23821 75618 21451 8708 4405 84822 32000 66005 44035 53527 42037 38259 59780 67222 81796 64689 
3838 12
81594 36054 89245 62863 40076 74695 8316 67634 52435 63905 21363 17685 
4255 20
81866 86820 56287 86341 72649 86205 43634 64636 77860 30433 96564 4701 67242 99761 82795 26711 80831 49819 63616 36939 
246 15
82874 72451 74914 59583 67023 45455 83461 27878 97237 92057 77604 11673 41561 75086 10617 
3466 12
83551 1488 746 85781 17271 11220 50718 51158 23016 78460 95476 83260 
54 15
67037 84312 25896 13920 66803 72890 42403 52778 1443 50638 81349 16396 49211 24468 30585 
9561 16
84354 18515 75539 73363 30124 82360 68025 1847 46612 54970 68202 12997 79246 23252 88051 84165 
4911 15
85710 76421 92138 52397 28804 58619 19265 69143 54356 96878 69556 39126 37518 90309 98588 
702 18
87431 99195 48944 71536 3032 9467 41921 54266 96676 37819 71931 48953 4699 36016 65673 17159 53665 6752 
4789 11
89058 84172 51438 6202 69690 20515 60932 85400 76690 22053 26379 
1928 20
91387 30272 71206 13849 2137 50666 71220 56262 98559 37082 78401 28227 7612 16058 29389 9633 97196 35298 99276 83502 
1065 18
77947 91882 87160 78289 73016 93966 56400 9015 76483 33295 36080 88148 59899 39346 28543 50281 9836 95946 
1721 18
96680 1328 66601 97360 92021 12941 12706 26762 75648 9681 13436 1271 45900 29998 6368 979 46182 49144 
5098 13
97937 10769 57640 52519 22890 99423 61391 57668 49806 97332 16605 39283 22745 
7832 14
99004 11811 32507 14872 64794 77079 78684 24496 47075 1796 94405 72378 53372 79924 
3929 15
2524 82410 19293 79539 54372 85880 98178 658 32759 91583 20511 65809 71435 88256 39455 
2402 11
2946 92810 22988 35838 47570 12370 27663 26911 56326 17679 32211 
5751 15
3352 21578 7156 27262 43034 32384 76783 53281 20507 75021 60089 8299 67861 34174 56146 
9716 13
4077 64898 38504 51603 46856 1592 72283 78428 63954 62087 32372 38187 81800 
4891 19
4167 95816 81515 68083 38593 45691 28857 4718 55497 23737 35489 99788 74078 23732 28267 42432 49811 28246 4689 
5616 9
5202 9568 63050 75437 94408 83210 81337 11907 48716 
2169 11
5225 9222 12746 41292 68097 44380 86227 14198 82067 4505 67951 
984 18
5364 20155 38364 55512 64584 3149 10131 98443 62866 3243 78657 26821 43392 43599 29093 73305 67207 99627 
1073 13
5929 93867 55666 38098 74957 74211 45906 66568 92552 91109 19224 64480 9823 
2446 14
7088 9049 9331 16604 665 57737 30018 16820 72180 56570 31139 91203 50706 70857 
563 17
8114 67563 48828 5390 60587 95323 79977 45764 29581 37878 26097 60856 68776 92237 43735 8825 41119 
862 11
12920 15414 40900 52181 36044 97954 15576 44402 92418 53400 86469 
4466 11
13633 2021 12022 10141 56535 19202 53401 7790 8081 61003 65561 
7707 16
89701 14769 28518 49549 18663 81219 39580 57809 93599 42838 85838 31069 55529 30697 5706 18263 
1884 12
16547 48155 28956 16993 54312 23809 68295 27096 67693 69741 5436 89695 
1222 17
18914 31943 47746 77507 76095 25850 6691 66617 13764 40964 75639 83967 78527 49871 18917 45088 66597 
7915 20
18992 34481 84370 44172 63578 31875 40240 42153 51671 2984 47089 45680 92930 8085 44050 44434 99973 17288 46346 27513 
2139 19
21068 30980 60457 80571 17106 57206 39405 35128 99975 30195 66685 6885 73507 54523 56967 40668 20838 24390 4099 
1161 11
41509 24904 17614 57095 31630 50715 45754 83258 35684 47289 6615 
7327 17
97546 91198 10089 2444 91892 66385 50738 80916 62968 5377 72011 85856 7209 89861 69788 23059 56397 
