210
3832 10
35265 16635 80438 95860 53771 2762 26449 17609 61208 87407 
2437 10
24530 57738 15676 75084 14546 39800 87201 74328 36578 25095 
626 10
25467 60277 56379 94298 37101 85702 49881 18408 58421 46041 
4384 10
26316 12157 35860 47841 11717 6157 94379 11648 15878 32519 
6107 11
54788 57899 35692 40983 57147 75760 80204 7771 78660 23954 63158 
6628 10
33427 22221 90973 80033 61442 33668 92019 95111 26527 4392 
8052 10
81519 99866 74660 65195 3217 19030 59355 97062 83116 36360 
2509 10
14228 44888 15991 42915 2006 72907 17423 63796 16645 99990 
1489 10
16618 84676 96446 18780 68669 10960 6539 98757 40236 89091 
5605 11
37006 42883 2959 15177 51132 69394 11310 68037 92018 98225 87745 
3842 10
10751 59453 27533 56888 8859 78320 17500 74548 77934 12400 
4462 10
57863 75480 52688 21739 75102 44792 81924 90823 27168 62721 
7394 10
15914 44619 18300 87449 98554 95832 45194 57011 81654 56217 
4444 10
32882 87811 49509 45225 22022 25569 75478 98850 47703 61294 
5795 11
84700 28082 57320 3375 64864 79444 89369 11335 15703 62796 85219 
2240 9
49021 59757 32689 82465 4273 38090 18272 26416 94801 
7098 11
90624 95965 70642 92652 7070 13858 89075 72707 18441 81733 33795 
1286 10
13734 42207 95531 7345 96233 50196 1507 69011 42370 47537 
9379 10
45402 37554 12990 19949 38219 87830 62583 81871 14603 35578 
10 10
2967 36199 42576 40578 25447 24649 77591 38822 12532 14256 
5983 10
68601 88286 10734 43767 86527 50626 12029 10662 58448 63731 
4403 9
91242 69617 26202 82909 73935 36366 61037 66823 21181 
6433 9
10557 39715 5910 93327 5961 50867 43014 96290 20039 
8236 10
93640 52580 91595 6009 14396 68383 86977 71801 11569 29760 
3590 11
51563 45937 57181 72446 13113 917 95018 7889 18689 39663 46642 
1573 10
95564 73636 24632 93175 54410 37730 60936 44788 73476 82601 
7835 10
1884 41831 72749 78364 9571 76123 16859 64473 77092 15442 
9233 9
39568 47720 70581 46174 73664 57882 25076 87526 96202 
1271 10
28773 35685 39846 73484 13665 91230 23113 37721 23550 58716 
2811 13
33415 76070 95499 48868 58935 38990 82526 13946 80054 73039 63047 91846 15742 
5308 11
82452 44135 96532 26162 85725 31925 79372 71060 14001 64608 37083 
813 10
32256 11997 1143 85509 87626 29194 40902 76537 24136 3780 
1016 10
88210 38177 82435 98259 3811 4268 42278 437 96662 31468 
8316 10
47223 57841 94677 71145 90133 15930 50564 35067 88459 16936 
3079 9
843 6397 75515 87578 90319 62528 32433 63263 4345 
6993 10
16950 48603 2980 93421 69164 81627 26720 52974 53 33515 
3748 10
20543 10363 86443 33625 92891 82369 28994 76963 69861 46316 
4684 10
82189 25207 41616 57563 14547 75207 46343 85546 58392 63262 
2498 11
73749 54906 69814 28708 39865 12077 8341 30044 32625 43346 12727 
292 10
96318 33538 53449 90971 97706 7376 68442 87532 23671 40035 
8213 11
36249 71608 293 11223 64817 23557 41244 29363 26849 69127 81148 
8378 12
16590 11021 98544 34613 32958 61724 58463 58266 84298 20228 23823 82122 
767 12
10948 33923 38823 90546 80862 30450 8863 33740 73805 40430 5121 30861 
35 10
23008 39949 14697 17816 52920 38402 34846 16035 45746 7718 
2871 11
86546 39360 37772 65327 44343 1471 57373 23544 38002 48391 62737 
961 10
38307 43419 40392 33658 34996 99590 9304 38257 82592 70043 
7665 10
70000 13592 40039 35285 12272 10488 10982 93412 88299 1046 
4761 10
74731 86021 6003 74803 24468 27402 52654 5762 51827 62949 
4710 10
78330 85880 2898 67135 43311 79156 6909 34288 80858 6924 
5582 10
46074 19790 43071 99170 3960 40151 62665 76124 58726 22810 
7456 10
5913 92438 46250 98979 91990 77273 22606 32780 29892 24663 
9935 10
4387 19425 90786 95122 24775 69125 1122 66251 87372 22836 
5939 9
92340 97795 16340 8962 41553 13365 19996 99748 71877 
2466 12
13701 59639 35727 19116 88048 93459 2613 41722 76078 67175 47254 91345 
794 9
74291 19230 26937 19564 94453 81411 19740 9991 64596 
925 10
21489 81649 62837 54049 49873 54010 8095 10542 81081 67473 
7928 10
89039 69764 39961 14802 71044 34476 44740 22850 27903 31765 
8960 10
84994 9055 24661 87698 26710 90950 9 95139 54370 57042 
4943 10
50755 38013 12584 43417 82716 25236 22344 63712 69710 87883 
5509 10
51834 1810 2168 57971 33125 73549 48132 4638 14426 71417 
6761 10
28729 59530 66015 28765 45826 41537 51623 36413 53101 66461 
8527 11
19148 94401 16151 9524 65955 76033 60051 97439 31812 23018 1885 
7866 11
782 42094 24343 37216 31592 86664 89434 79481 54524 45318 83344 
2931 10
57801 63373 91223 48690 59672 43391 37072 13290 39349 33429 
2976 11
91557 57087 71809 78019 67248 96358 90825 69552 74210 92701 38303 
3862 10
15225 16396 92766 74736 68792 13943 71775 49033 44330 17058 
2947 10
32741 96459 38207 21906 98124 3651 19849 46635 8012 92941 
8927 10
95160 68159 10032 40811 88313 25615 94812 33460 74755 54439 
9639 10
80294 74876 44257 93275 51609 84409 93788 29352 81300 99034 
5355 10
70343 20823 54827 6853 66369 81779 89849 54332 32073 39771 
1434 9
10192 67173 57828 88559 46926 28963 61226 75062 30652 
433 10
74877 77698 10289 67190 67389 14492 50022 54623 12265 1166 
7422 11
4558 10471 70949 91533 61478 38539 44116 83752 39109 17949 48469 
9566 10
52477 57624 65721 48216 76358 44518 60741 85657 3302 41865 
6109 10
19931 1178 71786 93430 25854 12003 61318 39924 89884 30948 
6959 10
94465 69000 8805 80912 38982 15291 94854 10551 99623 17021 
6605 11
36971 75986 35757 26103 28095 51053 29446 50051 42447 82721 53396 
4475 11
69168 99939 14592 15984 51366 62904 66240 17253 72109 35752 1459 
9573 11
44169 73438 79675 59834 45212 2480 23543 45598 69101 4039 50136 
2721 10
7218 91923 85313 76938 20963 6677 62891 34744 58561 51831 
3897 10
95176 69117 72566 54849 47318 91672 91493 59191 82385 62045 
4627 10
56179 91070 43516 68943 24657 9367 38601 79127 24111 44423 
3411 10
41248 3314 36648 42555 7093 81640 70522 3928 68454 49314 
8281 10
76141 82420 99369 50357 55621 92288 5987 90123 37014 11149 
5874 12
20119 52348 77884 95237 38016 53553 45223 26282 68608 49442 89584 29896 
6463 9
73533 12917 69851 72385 35200 62019 6796 26437 34829 
266 9
79088 9028 7361 71792 31348 75928 66318 56629 38301 
1242 11
85545 28886 42657 5539 99230 53081 96317 40793 87838 25199 52979 
9876 10
82041 57244 54404 38918 22230 49465 71364 48488 85230 753 
135 11
5639 10386 35987 59512 30895 62166 60779 3207 29083 92939 54535 
3571 9
17505 20474 93536 45218 93776 63458 43217 34246 65926 
8632 10
12150 56100 80526 77491 84600 57931 15455 4011 14281 43668 
6660 11
503 21371 715 48688 8197 15571 76945 77481 71964 62446 50595 
5885 10
79516 28311 51579 11689 32249 49250 96452 60279 20184 17288 
4136 10
76153 98409 82538 10334 32516 78485 48710 91306 22388 23054 
6661 10
37238 56416 17522 79387 86958 37975 62917 1820 67718 46249 
7713 10
22803 12043 26360 21411 2676 87456 40319 29200 95984 76137 
2395 10
84645 65485 32028 55498 29566 48699 37167 56459 22713 78730 
2105 11
46999 46413 63984 55190 32927 91108 51655 55036 70517 13553 92679 
5321 10
43115 47769 16748 57305 29741 98558 41430 72665 30320 29339 
858 9
48049 78640 23842 54890 22934 26965 83065 56199 64479 
5764 9
22455 40935 94656 49475 21846 23741 56270 19393 43041 
2019 12
19712 57464 71834 52019 62269 45876 41804 58036 93659 62081 19719 65795 
8600 10
27982 71301 13237 89375 88971 31755 84428 67247 17317 3751 
1508 10
19562 47208 19426 24102 96432 8568 91455 95112 84090 42613 
7025 11
10805 52644 5509 19809 18708 19506 81812 76817 98482 33186 52788 
3780 11
71 10780 24280 25832 39895 72790 54514 99673 50908 87183 23965 
8725 10
54581 72158 50213 87907 36557 42803 49926 35704 52394 79366 
2367 10
911 2335 81942 96297 85684 62545 68771 65115 60097 56880 
5358 10
55334 24363 24325 34864 88337 54763 94076 51824 47236 48627 
2020 9
37139 33626 27597 27424 57212 83717 48808 88764 8142 
5897 11
73997 68134 79355 42466 5335 8182 57497 49761 46241 92526 76659 
7875 10
1899 27527 66772 94447 42940 9257 19248 31130 57116 27280 
8463 11
28120 48924 98328 97791 81485 5600 85826 12765 27624 6843 28102 
6138 10
10079 16377 33433 45167 84278 23434 41058 4393 50468 20091 
3265 10
93217 65574 39092 9498 47961 37816 71343 66478 75728 48133 
1819 11
62158 13396 58930 91420 7663 88993 90053 13090 73741 86779 14562 
4330 11
96715 71274 72368 96206 60050 2290 80442 97836 87042 6287 52496 
9572 12
42095 93520 14704 19669 26027 344 95610 87140 36646 60573 9411 27562 
5679 10
76256 11571 78727 36692 73192 67779 91102 3053 9884 43007 
5114 11
51753 19101 39537 10816 64125 84008 21348 85069 11071 17830 83395 
344 10
75426 48368 2071 59833 62853 55601 79348 57113 92172 57134 
7626 10
64978 91478 34782 10479 34652 88033 29804 86833 84952 78800 
2544 10
17663 58985 59519 68213 64936 49617 43933 61523 37345 33659 
5226 9
52468 53523 81726 4140 75304 69939 7428 76633 41608 
6473 10
51189 712 21482 38145 24494 30439 94134 30685 66212 61905 
7487 10
3486 13594 3233 8540 56872 17619 6180 81205 4991 21882 
8300 11
33813 54196 41532 62377 92704 73038 31408 10836 51039 15770 9754 
1403 12
60650 68456 10231 55951 80403 59518 74162 58077 42019 94238 40767 8000 
2898 13
4151 27128 3733 18833 39434 26924 15175 31889 73496 8979 69486 40590 96321 
6325 10
77264 94884 95467 79663 28543 79077 29821 28117 87465 16779 
9188 9
31659 34212 39482 97307 15639 68249 62816 89639 24967 
515 9
89148 14908 50616 14317 73933 88571 6102 86261 50076 
8657 10
14330 413 68039 54973 4513 63005 47553 34330 31294 2549 
5935 9
91765 6027 304 42760 74948 16468 4499 18249 85177 
1589 10
21865 87699 50456 51598 86999 30000 82106 61124 18483 58925 
3863 11
63139 94439 16172 90887 62399 79396 66112 99944 81534 4454 12835 
8811 10
23646 46718 91350 34524 8164 72040 59742 63117 14451 10736 
9989 11
40136 69340 25891 37255 41493 19744 19518 11994 59460 34117 60722 
2743 11
26435 5732 89395 5936 36887 8141 21263 57184 31334 23235 27303 
905 10
33693 47661 66607 89978 27684 36370 51349 49717 94250 17697 
1398 10
71515 68616 71375 53546 99371 76576 19404 75665 62751 103 
7006 11
36510 15894 24486 87664 13948 90217 6361 49643 7183 13796 34237 
9198 10
2800 59003 74088 56094 80334 68760 78078 63255 98340 70340 
2624 11
20516 60927 24420 25284 29384 49035 43112 18658 82652 75803 56868 
3912 10
75014 47014 9287 89278 83920 78654 9976 39242 79719 53430 
8194 10
97350 17510 42087 43912 2214 14162 64145 36780 16185 41767 
5041 10
44984 40694 95216 33533 76299 82098 6344 76255 89798 77644 
2264 9
37503 72784 41707 38533 94828 49431 14017 30429 50153 
5588 12
18561 12037 90730 98776 4681 14873 47083 53411 60557 59753 36425 23922 
1654 9
8543 20083 99131 52611 778 6746 86486 95041 12061 
4285 9
46482 92034 92353 50001 47665 58477 22916 77460 17795 
1406 9
18059 46065 74221 98931 43125 50245 48761 18820 41090 
841 10
66305 31571 28705 43844 31266 51738 87231 81413 51795 87310 
6145 9
37874 97537 39195 16021 70664 40190 79897 60822 25696 
7160 10
22351 52041 10599 98560 34259 2966 77358 23802 47715 98047 
8135 12
72541 67391 99499 93777 31082 37649 44690 48135 29967 75471 87098 91573 
9308 12
90102 28271 91326 40543 3306 13737 88640 16272 56228 76024 56230 91396 
5061 13
44936 30186 24465 62839 46841 30345 44377 68725 28379 58771 1253 93835 74507 
5641 11
80939 250 8266 81014 64415 63345 91790 61988 51452 25294 51107 
6524 9
13636 32184 42980 1767 58012 75060 73516 99333 81752 
6245 10
2211 673 75975 40401 65026 67258 56909 43794 71510 63563 
7168 11
35693 76146 36602 33760 8315 32745 16205 29546 27912 10114 3503 
9148 10
46863 43265 30171 19653 83256 84829 17832 4641 35691 1148 
2427 10
2173 42610 20418 28599 69666 93108 43798 20810 90369 88118 
7151 10
61179 31687 75861 17264 86023 38851 21172 10556 56613 41231 
1840 10
21464 63096 18197 67353 54509 77428 40971 96291 31430 42465 
9325 10
64586 40380 27150 79824 83968 76288 71920 48925 59020 57864 
2547 10
17057 36494 83237 62329 58155 53410 67038 43058 81240 7915 
2727 10
20809 57861 7405 77878 54193 80810 42984 85989 86027 66455 
7266 10
66531 19785 71610 89992 95955 81596 80575 64717 65909 54967 
8402 10
56229 77403 21096 89322 79383 55298 99951 54632 99734 88739 
3354 10
58495 35278 65762 94438 684 12463 41159 34427 82948 91215 
9110 10
99103 78629 8444 67737 54757 93603 90052 34898 84142 27498 
5918 11
94782 92538 74460 17453 6862 84977 33117 50371 20161 69940 62589 
571 12
53022 16583 48390 34855 79996 78054 86139 57458 20225 19435 89592 96106 
3831 9
45262 52117 37192 95758 96074 1385 45229 8482 97043 
4799 9
23975 71800 79893 75706 94741 95062 40310 10125 48649 
382 10
25096 57816 6238 86427 34071 32577 21732 16686 18752 55478 
740 10
58208 52472 51223 38908 1510 62087 67741 62447 81776 18399 
2522 9
2737 21520 48114 29387 54044 22330 46625 87932 92164 
1861 11
36478 82072 56532 62512 41096 88773 16674 83577 58489 4304 99241 
6316 13
92291 80217 45745 65562 66138 95115 35543 51290 49234 7698 78012 87684 93730 
8936 11
96158 49380 802 43570 30265 83286 95187 40024 84606 41698 28832 
2933 9
22198 88362 99932 37321 51994 74500 48831 73492 7720 
6400 12
36956 75938 66453 71430 12785 23947 22744 55219 2655 97533 6441 1317 
1735 9
63507 70285 96789 56016 14248 71823 96598 81059 49849 
8661 11
50550 75847 58123 97226 33526 90480 87073 53263 43177 69662 90733 
5099 10
80317 56308 54441 47295 89562 73635 67432 96252 4252 59263 
1231 10
24078 67879 84602 69045 93993 90934 62763 46637 95083 50913 
1619 11
20145 18077 84316 66443 93113 11813 70913 64868 51729 8221 67940 
4667 10
89879 60890 71524 10076 55608 17554 90290 77300 13143 91153 
7221 11
20758 54877 265 99827 43834 52456 67444 76831 35359 45204 11374 
1423 11
54274 76883 6473 94907 69115 23812 78448 20777 15777 11345 97048 
5757 10
98236 13486 93922 86566 87720 75406 57198 38249 85173 32976 
1643 11
15825 75457 3013 54202 27493 59668 19854 28340 60183 90891 5375 
8100 10
26304 77487 34005 29785 85721 20532 64161 8469 21261 55181 
8413 12
67490 29476 34957 21580 55634 9027 8332 70903 8651 41777 73772 36941 
4763 11
83167 80990 89667 58146 28855 70603 6482 8860 96889 86028 3016 
1183 11
64413 2433 51640 85211 35000 42563 78408 42520 97516 85787 25219 
9246 9
28777 62417 90018 93658 68857 9581 88710 53739 71405 
4784 0

7556 0

1796 0

6206 0

3671 0

6908 0

8977 0

9623 0

5528 0

