4827
0 0 3 2
0 3 2 6
0 7 1 11
0 12 2 14
0 15 3 17
0 18 3 20
0 21 2 23
0 24 2 26
0 27 2 29
0 30 2 33
0 34 3 36
0 37 2 39
0 40 2 42
0 43 3 45
0 46 3 48
0 49 2 51
0 52 3 54
0 55 2 57
0 58 2 60
0 61 2 63
0 64 3 66
0 67 2 69
0 70 5 71
0 72 2 75
0 76 2 78
0 79 2 81
0 82 3 84
0 85 2 87
0 88 10 88
0 89 3 91
0 92 3 94
0 95 3 97
0 98 2 100
0 101 3 103
0 104 2 106
0 107 2 110
0 111 2 113
0 114 2 116
0 117 2 119
0 120 3 122
0 123 2 125
0 126 3 128
0 129 3 131
0 132 3 134
0 135 2 138
0 139 3 141
0 142 2 144
0 145 2 147
0 148 3 150
0 151 2 153
0 154 3 156
0 157 2 159
0 160 3 162
0 163 2 165
0 166 2 168
0 169 2 171
0 172 2 174
0 175 2 177
0 178 2 180
0 181 3 183
0 184 3 186
0 187 3 189
0 190 2 192
0 193 4 194
0 195 10 195
0 196 10 196
0 197 5 198
0 199 1 204
0 205 2 207
0 208 3 210
0 211 2 213
0 214 2 216
0 217 3 219
0 220 3 222
0 223 3 225
0 226 3 228
0 229 2 231
0 232 3 234
0 235 2 237
0 238 2 240
0 241 2 243
0 244 2 246
0 247 3 249
2 7 7 8
2 9 4 11
2 199 5 201
2 202 4 204
3 3 6 5
3 6 10 6
3 12 5 14
3 21 6 23
3 24 6 26
3 27 5 29
3 30 5 32
3 33 13 33
3 37 6 39
3 40 6 42
3 49 11 49
3 50 12 50
3 51 11 51
3 55 6 57
3 58 5 60
3 61 6 63
3 67 6 69
3 72 6 74
3 75 5 77
3 78 6 80
3 81 12 81
3 85 11 85
3 86 7 87
3 98 5 100
3 104 12 104
3 105 5 108
3 109 5 111
3 112 5 114
3 115 5 117
3 118 7 119
3 123 5 125
3 135 5 137
3 138 12 138
3 142 5 145
3 146 7 147
3 151 5 153
3 157 5 159
3 163 5 165
3 166 6 168
3 169 5 171
3 172 5 174
3 175 5 177
3 178 5 180
3 190 5 192
3 205 5 207
3 211 5 214
3 215 8 216
3 229 6 231
3 235 5 237
3 238 14 238
3 239 8 240
3 241 6 243
3 244 5 246
4 0 7 2
4 15 7 17
4 18 9 19
4 20 15 20
4 34 7 36
4 43 7 45
4 46 7 48
4 52 6 54
4 64 6 66
4 82 7 84
4 89 6 91
4 92 6 94
4 95 7 97
4 101 7 103
4 120 6 122
4 126 7 128
4 129 6 131
4 132 7 134
4 139 14 139
4 140 13 140
4 141 15 141
4 148 9 149
4 150 11 150
4 154 7 156
4 160 7 162
4 181 7 183
4 184 6 186
4 187 7 189
4 208 6 210
4 217 6 219
4 220 6 222
4 223 7 225
4 226 9 227
4 228 11 228
4 232 7 234
4 247 6 249
5 9 7 11
5 193 10 194
5 202 8 204
6 12 9 14
6 27 8 29
6 30 8 32
6 58 9 60
6 75 8 77
6 98 8 100
6 105 15 105
6 106 9 108
6 109 8 112
6 113 8 115
6 116 10 117
6 123 8 125
6 135 8 137
6 142 8 144
6 145 17 145
6 151 8 153
6 157 9 159
6 163 8 165
6 169 9 171
6 172 8 174
6 175 9 177
6 178 8 180
6 190 9 192
6 197 8 199
6 200 10 201
6 205 8 207
6 211 8 213
6 214 13 214
6 235 9 237
6 244 8 246
7 3 10 5
7 21 9 23
7 24 10 26
7 37 9 39
7 40 9 42
7 52 10 54
7 55 10 57
7 61 9 64
7 65 10 67
7 68 9 70
7 71 10 73
7 74 15 74
7 78 9 80
7 89 10 91
7 92 10 94
7 120 10 122
7 129 9 131
7 166 9 168
7 184 9 186
7 208 10 210
7 217 9 219
7 220 9 222
7 229 18 229
7 230 12 231
7 241 12 242
7 243 17 243
7 247 12 248
7 249 15 249
8 0 11 2
8 7 10 9
8 10 11 11
8 15 11 17
8 34 10 36
8 43 10 45
8 46 10 48
8 82 10 84
8 86 13 87
8 95 10 97
8 101 12 102
8 118 13 119
8 126 12 127
8 132 10 134
8 146 12 147
8 154 11 156
8 160 10 162
8 181 11 183
8 187 10 189
8 223 11 225
8 232 10 234
9 27 11 29
9 30 11 32
9 75 11 77
9 98 12 100
9 109 11 111
9 112 11 114
9 115 19 115
9 123 11 125
9 135 11 137
9 142 13 143
9 144 20 144
9 151 11 153
9 163 11 165
9 172 12 174
9 178 20 178
9 180 17 180
9 197 11 199
9 202 12 204
9 205 11 207
9 211 12 213
9 215 18 215
9 216 18 216
9 239 12 240
9 244 11 246
10 12 14 13
10 19 19 19
10 21 14 22
10 23 21 23
10 37 11 42
10 58 13 60
10 61 12 63
10 64 17 64
10 68 13 70
10 79 14 80
10 106 12 108
10 128 12 130
10 131 18 131
10 148 13 149
10 157 18 157
10 158 19 158
10 159 21 159
10 166 13 168
10 169 19 169
10 170 19 170
10 171 20 171
10 175 12 177
10 179 21 179
10 184 13 186
10 190 12 192
10 217 12 220
10 221 14 222
10 235 12 237
11 3 14 5
11 6 14 8
11 9 21 9
11 18 22 18
11 24 14 26
11 34 13 36
11 43 14 45
11 46 14 48
11 52 13 54
11 55 13 57
11 65 13 67
11 71 13 73
11 82 22 82
11 84 21 84
11 88 13 90
11 91 13 93
11 94 14 96
11 97 18 97
11 116 15 117
11 121 16 122
11 132 14 134
11 160 16 161
11 187 20 187
11 188 15 189
11 193 13 196
11 200 15 201
11 208 13 210
11 226 22 226
11 232 14 234
12 0 17 1
12 2 21 2
12 10 22 10
12 11 20 11
12 14 15 16
12 17 19 17
12 27 14 29
12 30 15 32
12 37 15 39
12 40 15 42
12 49 23 49
12 51 20 51
12 75 14 78
12 85 22 85
12 109 14 112
12 113 16 114
12 123 15 125
12 135 14 137
12 150 14 152
12 153 17 154
12 155 20 155
12 162 15 164
12 165 21 165
12 181 14 183
12 197 15 199
12 205 15 207
12 223 14 225
12 227 17 228
12 244 15 246
13 50 24 50
13 61 15 63
13 81 22 81
13 98 16 100
13 101 15 103
13 104 20 104
13 106 16 108
13 126 15 128
13 129 17 130
13 138 20 138
13 146 18 147
13 172 16 174
13 175 15 177
13 190 16 192
13 202 16 204
13 211 15 213
13 217 15 219
13 230 21 230
13 235 15 237
13 239 15 242
13 247 16 248
14 33 17 35
14 36 21 36
14 52 16 54
14 55 17 57
14 58 16 60
14 65 16 67
14 68 17 70
14 71 16 73
14 83 25 83
14 86 16 89
14 90 17 92
14 93 21 93
14 118 17 120
14 140 21 140
14 142 17 143
14 148 18 149
14 156 25 156
14 166 24 166
14 168 24 168
14 184 17 186
14 193 17 195
14 196 25 196
14 208 16 210
14 214 25 214
14 220 25 220
15 3 17 5
15 6 18 8
15 12 18 13
15 21 19 22
15 24 17 26
15 27 18 29
15 43 18 45
15 46 17 48
15 75 18 77
15 78 26 78
15 79 19 80
15 94 17 96
15 109 17 112
15 132 17 134
15 135 19 136
15 139 25 139
15 150 20 151
15 152 23 152
15 181 17 183
15 221 17 224
15 225 24 225
15 232 18 234
15 238 22 238
16 14 27 14
16 15 21 16
16 20 24 20
16 30 18 32
16 37 19 39
16 40 18 42
16 61 19 63
16 74 23 74
16 101 18 103
16 105 23 105
16 116 21 117
16 123 18 125
16 126 19 128
16 141 24 141
16 162 18 164
16 167 27 167
16 175 19 177
16 188 21 189
16 197 18 199
16 200 21 201
16 205 18 207
16 211 18 213
16 217 18 219
16 235 18 237
16 239 19 241
16 244 18 246
16 249 23 249
17 52 19 54
17 58 19 60
17 65 19 67
17 71 19 73
17 86 20 88
17 89 26 89
17 98 22 99
17 100 24 100
17 106 20 108
17 113 21 114
17 121 22 122
17 160 26 160
17 161 26 161
17 172 19 174
17 190 19 192
17 202 20 204
17 208 20 210
17 242 28 242
17 247 20 248
18 0 23 1
18 3 21 5
18 24 21 26
18 33 26 33
18 34 23 35
18 46 20 48
18 55 21 57
18 64 28 64
18 68 20 70
18 90 20 92
18 94 25 94
18 95 26 95
18 96 26 96
18 109 20 111
18 112 25 112
18 118 20 120
18 129 21 130
18 132 21 134
18 137 29 137
18 142 29 142
18 143 27 143
18 145 27 145
18 153 23 154
18 180 20 182
18 183 21 185
18 193 20 195
18 221 21 223
18 224 28 224
18 227 21 228
18 243 29 243
19 6 22 8
19 12 23 13
19 27 22 29
19 30 22 32
19 40 21 42
19 43 22 45
19 75 22 77
19 97 28 97
19 101 26 101
19 102 30 102
19 123 21 125
19 131 26 131
19 146 22 148
19 149 27 149
19 157 27 157
19 162 22 164
19 197 22 199
19 205 22 207
19 211 21 213
19 215 22 217
19 218 26 218
19 229 29 229
19 231 21 233
19 234 21 236
19 237 29 237
19 244 22 246
20 17 29 17
20 19 27 19
20 21 24 22
20 37 23 39
20 52 29 52
20 53 24 54
20 58 22 60
20 61 22 63
20 65 22 67
20 71 30 71
20 72 31 72
20 73 28 73
20 79 24 80
20 103 31 103
20 115 29 115
20 127 25 128
20 135 29 135
20 136 31 136
20 158 28 158
20 169 25 170
20 172 23 174
20 175 31 175
20 176 30 176
20 177 30 177
20 190 22 192
20 239 22 241
21 11 29 11
21 46 32 46
21 47 25 48
21 51 32 51
21 68 24 70
21 86 24 88
21 90 24 92
21 104 28 104
21 106 23 108
21 109 26 110
21 111 28 111
21 118 24 120
21 126 32 126
21 138 28 138
21 144 31 144
21 150 24 151
21 155 28 155
21 171 28 171
21 178 28 178
21 180 23 182
21 186 24 187
21 193 24 195
21 202 24 204
21 208 24 210
21 219 32 219
21 247 26 248
22 2 25 4
22 9 32 9
22 15 27 16
22 23 25 25
22 26 30 26
22 36 29 36
22 40 25 42
22 55 25 57
22 84 33 84
22 93 32 93
22 113 26 114
22 116 32 116
22 117 31 117
22 123 27 124
22 125 32 125
22 129 25 130
22 132 24 134
22 140 31 140
22 159 31 159
22 165 30 165
22 179 32 179
22 183 24 185
22 188 25 189
22 200 26 201
22 211 24 213
22 221 25 223
22 227 26 228
22 230 24 232
22 233 24 236
23 5 34 5
23 6 26 8
23 10 31 10
23 18 32 18
23 27 28 28
23 29 25 31
23 32 30 32
23 43 25 45
23 58 25 60
23 61 25 63
23 65 26 67
23 75 25 77
23 81 27 82
23 85 31 85
23 98 26 99
23 121 28 122
23 146 25 148
23 162 26 164
23 190 25 192
23 197 31 197
23 198 28 199
23 205 25 207
23 215 25 217
23 226 33 226
23 238 25 240
23 241 30 241
23 244 25 246
24 0 29 1
24 12 28 13
24 34 35 34
24 37 29 38
24 39 33 39
24 49 32 49
24 74 33 74
24 105 26 107
24 108 35 108
24 152 27 154
24 172 27 174
24 180 26 182
24 249 34 249
25 20 28 22
25 50 36 50
25 53 30 54
25 68 28 70
25 79 29 80
25 86 28 88
25 90 28 92
25 100 32 100
25 118 28 120
25 132 27 134
25 141 34 141
25 150 30 151
25 166 34 166
25 168 33 168
25 183 28 185
25 186 34 186
25 187 34 187
25 193 27 195
25 202 33 202
25 203 33 203
25 208 28 210
25 211 28 213
25 225 33 225
25 230 28 232
25 233 27 235
26 2 37 2
26 3 37 3
26 23 29 25
26 29 28 31
26 40 28 42
26 43 29 45
26 47 30 48
26 55 28 57
26 58 28 60
26 61 28 63
26 75 29 77
26 83 37 83
26 94 33 94
26 112 34 112
26 127 29 129
26 130 33 130
26 139 35 139
26 146 31 147
26 148 34 148
26 156 36 156
26 169 31 170
26 188 28 190
26 191 29 192
26 196 37 196
26 204 28 207
26 214 29 216
26 217 34 217
26 220 29 222
26 223 37 223
26 236 37 236
26 238 29 240
26 244 29 246
27 6 29 8
27 33 35 33
27 65 30 67
27 78 34 78
27 89 34 89
27 95 31 96
27 98 36 98
27 101 34 101
27 105 29 107
27 109 31 110
27 113 30 114
27 131 38 131
27 160 29 162
27 163 31 164
27 180 30 182
27 200 31 201
27 218 35 218
27 227 32 228
27 247 32 248
28 14 31 16
28 19 39 19
28 82 37 82
28 99 39 99
28 123 39 123
28 124 38 124
28 132 31 134
28 143 39 143
28 145 35 145
28 149 35 149
28 152 30 154
28 157 37 157
28 167 35 167
28 172 30 174
28 193 30 195
28 233 30 235
29 12 33 13
29 20 34 21
29 22 39 22
29 27 31 30
29 31 36 31
29 35 40 35
29 40 31 42
29 55 32 57
29 58 31 60
29 61 32 63
29 64 38 64
29 68 31 70
29 73 38 73
29 86 31 88
29 90 31 92
29 97 40 97
29 104 38 104
29 111 37 111
29 118 32 120
29 121 34 122
29 138 36 138
29 155 40 155
29 158 40 158
29 171 39 171
29 178 36 178
29 183 31 185
29 188 31 190
29 198 37 198
29 204 31 206
29 207 31 210
29 211 31 213
29 224 39 224
29 230 31 232
29 242 38 242
30 0 35 1
30 6 39 6
30 7 37 7
30 8 41 8
30 11 37 11
30 17 38 17
30 23 33 25
30 36 33 38
30 43 32 45
30 52 41 52
30 75 32 77
30 79 32 81
30 106 35 107
30 115 41 115
30 127 33 129
30 135 37 135
30 137 37 137
30 142 37 142
30 160 35 161
30 191 38 191
30 192 40 192
30 214 32 216
30 220 33 222
30 229 38 229
30 237 33 239
30 240 37 240
30 243 33 245
30 246 37 246
31 26 40 26
31 32 38 32
31 47 34 48
31 53 35 54
31 65 34 67
31 71 42 71
31 102 38 102
31 105 42 105
31 114 38 114
31 150 33 153
31 154 39 154
31 165 39 165
31 172 33 174
31 176 41 176
31 177 41 177
31 180 38 180
31 181 41 181
31 182 41 182
31 193 33 195
31 233 34 235
31 241 42 241
32 10 43 10
32 14 34 16
32 27 35 29
32 30 39 30
32 40 34 42
32 58 34 60
32 68 34 70
32 72 39 72
32 85 35 87
32 88 40 88
32 91 36 92
32 95 36 96
32 103 39 103
32 109 37 110
32 117 39 117
32 133 42 133
32 134 41 134
32 136 39 136
32 140 40 140
32 144 42 144
32 146 35 147
32 159 43 159
32 162 37 163
32 164 42 164
32 169 36 170
32 183 34 185
32 188 35 190
32 197 39 197
32 199 34 201
32 204 35 206
32 207 41 207
32 208 33 213
32 230 35 232
33 9 41 9
33 18 41 18
33 43 38 44
33 49 40 49
33 51 44 51
33 55 36 57
33 61 35 63
33 75 35 77
33 79 35 81
33 93 43 93
33 100 43 100
33 116 40 116
33 118 35 120
33 125 37 126
33 179 42 179
33 214 35 216
33 219 43 219
33 227 38 228
33 247 38 248
34 12 38 13
34 23 37 25
34 36 36 38
34 39 45 39
34 74 45 74
34 94 43 94
34 127 36 129
34 130 44 130
34 150 36 153
34 168 44 168
34 172 36 175
34 193 36 195
34 202 37 203
34 208 39 209
34 210 36 212
34 213 42 213
34 220 37 222
34 225 39 226
34 237 37 239
34 243 37 245
35 4 39 5
35 14 38 16
35 20 40 21
35 40 37 42
35 45 37 48
35 58 38 60
35 65 37 67
35 68 38 70
35 78 43 78
35 84 46 84
35 89 38 90
35 101 43 101
35 112 39 113
35 121 38 122
35 141 46 141
35 148 42 148
35 166 43 166
35 183 38 185
35 186 39 187
35 199 38 201
35 217 45 217
35 233 37 235
35 249 46 249
36 1 44 1
36 27 39 29
36 33 39 34
36 53 40 54
36 61 41 62
36 63 43 63
36 75 38 77
36 79 38 81
36 85 39 87
36 106 38 108
36 118 38 120
36 139 44 139
36 145 39 147
36 149 47 149
36 160 41 161
36 167 46 167
36 188 38 190
36 204 38 206
36 214 38 216
36 218 47 218
36 230 38 232
37 31 46 31
37 36 39 38
37 55 39 57
37 91 40 92
37 95 42 96
37 98 46 98
37 127 39 129
37 138 46 138
37 150 39 152
37 156 48 156
37 169 40 170
37 172 39 175
37 178 48 178
37 193 39 195
37 210 39 212
38 2 41 3
38 7 48 7
38 11 45 11
38 23 40 25
38 40 40 42
38 45 41 47
38 48 46 48
38 50 49 50
38 65 40 67
38 82 49 82
38 83 49 83
38 109 41 111
38 125 42 126
38 135 45 135
38 137 45 137
38 142 47 142
38 157 45 157
38 162 49 162
38 163 45 163
38 196 47 196
38 198 46 198
38 202 41 203
38 220 41 222
38 223 46 223
38 233 40 235
38 236 40 238
38 240 49 240
38 243 40 245
38 246 45 246
39 12 42 14
39 15 41 17
39 32 47 32
39 43 42 44
39 58 41 60
39 64 47 64
39 68 41 70
39 73 50 73
39 75 42 77
39 79 41 81
39 89 42 90
39 102 49 102
39 104 48 104
39 106 42 108
39 114 46 114
39 118 42 120
39 121 43 122
39 124 46 124
39 131 43 132
39 153 50 153
39 180 48 180
39 183 42 185
39 188 41 190
39 191 46 191
39 199 42 201
39 204 41 206
39 214 42 216
39 227 41 229
39 230 41 232
39 239 50 239
39 242 46 242
39 247 43 248
40 4 42 6
40 22 49 22
40 27 43 29
40 30 50 30
40 33 44 34
40 36 42 38
40 55 43 57
40 72 49 72
40 85 42 87
40 99 49 99
40 103 47 103
40 112 44 113
40 117 48 117
40 123 47 123
40 128 45 129
40 136 50 136
40 145 43 147
40 150 43 152
40 154 47 154
40 165 48 165
40 171 42 173
40 174 44 175
40 186 43 187
40 193 45 194
40 195 49 195
40 197 49 197
40 208 43 210
40 211 47 211
40 212 51 212
40 224 42 226
41 19 43 21
41 23 43 26
41 35 49 35
41 40 46 41
41 42 51 42
41 49 52 49
41 53 44 54
41 65 43 67
41 88 49 88
41 91 45 92
41 116 48 116
41 140 50 140
41 155 48 155
41 158 50 158
41 169 45 170
41 192 51 192
41 233 44 235
41 236 44 238
41 243 44 245
42 0 53 0
42 2 46 3
42 8 47 9
42 15 44 17
42 18 51 18
42 45 50 45
42 46 47 47
42 52 51 52
42 58 45 60
42 61 46 62
42 68 45 70
42 79 44 81
42 109 44 111
42 115 51 115
42 127 53 127
42 134 53 134
42 160 46 161
42 176 47 177
42 181 49 181
42 182 52 182
42 188 44 190
42 202 45 204
42 205 45 207
42 220 44 222
42 227 44 229
42 230 45 232
43 4 45 6
43 12 45 14
43 36 46 38
43 43 47 44
43 71 51 71
43 75 45 77
43 85 45 87
43 89 54 89
43 90 53 90
43 95 45 97
43 105 45 107
43 108 50 108
43 118 48 119
43 120 50 120
43 125 46 126
43 133 51 133
43 144 50 144
43 148 50 148
43 164 50 164
43 171 45 173
43 179 51 179
43 183 45 185
43 199 46 201
43 213 45 215
43 216 54 216
43 224 46 226
43 241 52 241
44 19 46 21
44 23 46 25
44 26 46 28
44 29 53 29
44 55 47 57
44 63 51 63
44 65 49 66
44 67 53 67
44 78 53 78
44 93 49 94
44 100 48 101
44 121 47 122
44 131 49 132
44 145 46 147
44 150 46 152
44 159 52 159
44 166 55 166
44 186 47 187
44 208 47 210
44 219 55 219
44 247 47 248
45 1 53 1
45 15 48 17
45 33 48 34
45 51 52 51
45 54 53 54
45 79 47 81
45 109 47 111
45 112 49 113
45 130 56 130
45 139 55 139
45 143 56 143
45 168 53 168
45 174 49 175
45 188 47 190
45 220 47 222
45 227 47 229
45 233 54 233
45 234 47 237
45 238 52 238
46 4 48 6
46 10 48 12
46 13 51 14
46 39 55 39
46 53 57 53
46 58 49 60
46 68 49 70
46 74 49 76
46 85 48 87
46 91 50 92
46 95 49 97
46 105 51 106
46 107 57 107
46 128 50 129
46 135 57 135
46 137 53 137
46 157 56 157
46 163 54 163
46 169 48 171
46 172 51 173
46 183 48 185
46 193 50 194
46 202 48 205
46 206 50 207
46 213 48 215
46 217 57 217
46 230 49 232
46 244 49 246
47 2 50 3
47 19 52 20
47 21 57 21
47 23 50 25
47 26 50 28
47 31 56 31
47 36 49 38
47 40 51 41
47 48 55 48
47 61 51 62
47 84 57 84
47 98 54 98
47 114 56 114
47 124 50 126
47 138 54 138
47 141 56 141
47 145 49 147
47 150 49 152
47 160 51 161
47 167 55 167
47 191 54 191
47 198 49 200
47 201 57 201
47 223 50 225
47 226 55 226
47 242 55 242
48 8 53 9
48 32 59 32
48 43 51 44
48 46 52 47
48 55 51 57
48 64 57 64
48 79 51 81
48 103 58 103
48 109 50 111
48 121 50 123
48 142 57 142
48 149 57 149
48 154 57 154
48 176 52 177
48 186 53 187
48 188 50 190
48 196 58 196
48 208 59 208
48 210 53 211
48 220 52 221
48 222 59 222
48 227 51 229
48 234 53 235
48 236 51 237
48 247 51 249
49 4 51 6
49 7 59 7
49 10 60 10
49 11 60 11
49 12 57 12
49 15 51 17
49 33 54 34
49 77 60 77
49 85 52 87
49 100 54 101
49 104 56 104
49 116 52 118
49 119 60 119
49 155 57 155
49 165 57 165
49 169 51 171
49 178 60 178
49 180 60 180
49 183 51 185
49 202 51 205
49 213 52 215
50 22 61 22
50 35 53 37
50 38 60 38
50 50 59 50
50 58 53 60
50 65 55 66
50 68 53 70
50 72 58 72
50 74 52 76
50 82 53 83
50 88 61 88
50 93 55 94
50 95 55 96
50 97 58 97
50 99 58 99
50 102 61 102
50 112 54 113
50 131 57 131
50 145 57 145
50 147 59 147
50 150 53 152
50 162 57 162
50 174 53 175
50 181 61 181
50 195 57 195
50 197 52 199
50 200 58 200
50 209 61 209
50 218 61 218
50 230 53 232
50 243 53 245
50 246 58 246
51 2 54 3
51 23 54 25
51 26 53 28
51 30 59 30
51 45 62 45
51 73 60 73
51 91 55 92
51 108 54 110
51 111 58 111
51 120 54 122
51 123 53 125
51 126 62 126
51 128 56 129
51 136 60 136
51 140 59 140
51 144 59 144
51 146 62 146
51 148 61 148
51 153 59 153
51 158 58 158
51 164 60 164
51 188 56 189
51 193 55 194
51 206 56 207
51 223 53 225
51 239 62 239
52 4 54 6
52 13 54 15
52 16 54 18
52 40 54 43
52 44 60 44
52 52 63 52
52 55 55 57
52 61 55 63
52 71 61 71
52 79 55 81
52 105 55 106
52 115 63 115
52 132 57 133
52 160 56 161
52 169 54 171
52 172 61 172
52 173 62 173
52 179 59 179
52 183 54 185
52 192 59 192
52 202 54 204
52 205 59 205
52 212 61 212
52 227 54 229
52 237 63 237
52 247 55 249
53 19 57 20
53 46 56 47
53 49 64 49
53 51 62 51
53 74 56 76
53 85 60 85
53 86 62 86
53 87 60 87
53 116 55 118
53 159 64 159
53 176 56 177
53 182 61 182
53 197 55 199
53 213 55 215
53 220 57 221
53 238 63 238
53 240 56 241
54 0 58 1
54 8 57 9
54 26 57 28
54 29 62 29
54 35 57 37
54 54 63 54
54 58 57 60
54 67 56 70
54 78 62 78
54 82 57 83
54 90 63 90
54 123 56 125
54 127 62 127
54 134 65 134
54 137 61 137
54 150 58 151
54 168 64 168
54 174 59 175
54 186 63 186
54 210 59 211
54 223 57 225
54 230 56 232
54 234 56 236
54 243 59 244
55 2 57 4
55 5 59 6
55 13 58 15
55 16 58 18
55 23 59 24
55 25 63 25
55 33 59 34
55 40 57 42
55 43 66 43
55 89 65 89
55 98 65 98
55 100 58 101
55 108 58 110
55 112 59 113
55 120 57 122
55 138 66 138
55 152 66 152
55 163 63 163
55 169 58 171
55 183 58 185
55 190 66 190
55 191 65 191
55 202 59 203
55 204 62 204
55 227 60 228
55 229 63 229
55 233 62 233
56 39 66 39
56 48 64 48
56 55 58 57
56 61 59 63
56 65 67 65
56 66 65 66
56 79 59 81
56 91 58 94
56 95 61 96
56 105 61 106
56 116 58 118
56 139 67 139
56 156 67 156
56 167 65 167
56 193 59 194
56 197 58 199
56 213 58 215
56 216 67 216
56 219 63 219
56 226 67 226
56 242 64 242
56 247 58 249
57 31 64 31
57 46 65 46
57 47 65 47
57 67 59 69
57 74 59 76
57 104 65 104
57 114 66 114
57 123 59 125
57 128 59 130
57 141 68 141
57 143 67 143
57 157 66 157
57 160 68 160
57 161 64 161
57 176 61 177
57 187 60 189
57 206 61 207
57 230 62 231
57 232 65 232
57 234 59 236
57 241 65 241
57 245 68 245
58 2 60 4
58 8 61 9
58 12 66 12
58 19 61 21
58 26 60 28
58 35 60 37
58 40 60 42
58 53 68 53
58 58 60 60
58 64 67 64
58 70 69 70
58 82 60 84
58 107 66 107
58 120 61 122
58 131 60 133
58 135 65 135
58 142 69 142
58 145 66 145
58 149 67 149
58 154 62 155
58 162 69 162
58 165 66 165
58 195 65 195
58 201 68 201
58 217 66 217
58 220 62 221
58 223 61 225
58 240 69 240
59 0 62 1
59 13 62 15
59 16 61 18
59 55 62 57
59 72 67 72
59 91 61 93
59 94 68 94
59 97 69 97
59 99 61 101
59 103 70 103
59 108 62 110
59 111 66 111
59 117 70 117
59 118 66 118
59 150 63 151
59 158 69 158
59 169 69 169
59 171 68 171
59 183 61 185
59 196 61 198
59 199 63 200
59 213 61 215
59 246 62 248
59 249 68 249
60 5 63 7
60 23 65 24
60 30 70 30
60 32 63 34
60 50 71 50
60 61 63 63
60 67 63 69
60 74 62 76
60 79 62 81
60 112 65 113
60 123 62 125
60 128 63 130
60 140 71 140
60 144 68 144
60 147 67 147
60 153 70 153
60 174 64 175
60 179 68 179
60 192 62 194
60 202 63 203
60 205 69 205
60 208 70 208
60 210 64 211
60 234 65 235
60 243 64 244
61 2 63 4
61 10 64 11
61 26 63 28
61 35 66 36
61 37 65 38
61 40 63 42
61 44 69 44
61 58 64 60
61 73 69 73
61 82 63 84
61 85 71 85
61 87 68 87
61 119 72 119
61 133 69 133
61 136 68 136
61 164 70 164
61 166 72 166
61 178 69 178
61 180 68 180
61 187 63 189
61 222 72 222
61 227 66 228
62 8 66 9
62 16 64 18
62 19 64 22
62 71 70 71
62 88 73 88
62 91 64 93
62 95 65 96
62 99 64 101
62 102 70 102
62 105 65 106
62 116 73 116
62 120 66 121
62 131 73 131
62 132 73 132
62 137 69 137
62 148 72 148
62 172 69 172
62 176 66 177
62 181 64 183
62 184 65 185
62 196 72 196
62 197 72 197
62 206 72 206
62 207 70 207
62 212 64 214
62 215 72 215
62 218 71 218
62 223 64 225
63 0 68 1
63 13 68 14
63 15 70 15
63 29 71 29
63 45 70 45
63 51 74 51
63 55 66 57
63 74 65 76
63 77 66 79
63 80 68 81
63 86 70 86
63 108 65 110
63 122 66 124
63 125 67 126
63 127 70 127
63 146 71 146
63 154 68 155
63 173 70 173
63 192 65 194
63 198 74 198
63 204 71 204
63 220 68 221
63 230 68 231
63 233 70 233
63 246 66 248
64 2 75 2
64 3 68 4
64 7 72 7
64 25 66 27
64 28 74 28
64 32 67 34
64 40 75 40
64 41 69 42
64 54 73 54
64 61 66 63
64 67 67 69
64 82 68 83
64 84 74 84
64 90 74 90
64 128 67 130
64 150 67 151
64 163 71 163
64 186 67 188
64 199 69 200
64 202 68 203
64 219 71 219
64 229 73 229
64 237 68 238
65 5 76 5
65 10 69 11
65 16 68 18
65 19 67 21
65 31 72 31
65 48 68 49
65 58 68 60
65 91 68 93
65 99 68 101
65 115 76 115
65 159 75 159
65 161 72 161
65 168 75 168
65 174 68 175
65 181 68 183
65 209 68 211
65 212 67 214
65 223 67 225
65 242 67 244
66 6 77 6
66 22 68 24
66 37 76 37
66 38 74 38
66 46 69 47
66 52 77 52
66 66 75 66
66 74 69 76
66 89 74 89
66 95 70 96
66 98 74 98
66 104 68 106
66 108 69 110
66 112 73 112
66 134 69 135
66 167 76 167
66 184 70 185
66 191 67 195
66 232 76 232
66 234 74 234
66 235 75 235
66 241 77 241
67 8 71 9
67 12 78 12
67 25 69 27
67 35 71 36
67 39 74 39
67 55 69 57
67 61 69 63
67 77 69 79
67 107 74 107
67 111 77 111
67 113 70 114
67 118 75 118
67 120 70 122
67 123 72 124
67 138 75 138
67 145 74 145
67 152 74 152
67 157 75 157
67 165 78 165
67 170 78 170
67 176 70 177
67 189 70 190
67 217 77 217
67 227 71 228
67 236 78 236
67 246 69 248
68 19 71 21
68 32 70 34
68 64 71 65
68 67 70 69
68 72 76 72
68 125 72 126
68 128 71 130
68 139 75 139
68 143 77 143
68 147 76 147
68 149 71 151
68 156 78 156
68 186 71 188
68 191 73 192
68 193 70 195
68 212 70 214
68 216 78 216
68 223 71 225
68 226 79 226
68 242 70 244
69 0 72 1
69 3 72 4
69 14 78 14
69 16 71 18
69 22 72 24
69 48 72 49
69 53 78 53
69 58 71 60
69 80 71 82
69 83 78 83
69 87 78 87
69 91 71 93
69 94 79 94
69 99 71 101
69 105 74 106
69 136 79 136
69 141 80 141
69 144 77 144
69 154 79 154
69 160 80 160
69 171 80 171
69 174 72 175
69 179 72 181
69 183 77 183
69 201 71 203
69 209 71 211
69 220 73 221
69 230 72 231
69 237 73 238
69 245 78 245
69 249 78 249
70 10 74 11
70 25 73 27
70 41 72 44
70 47 77 47
70 55 75 56
70 57 78 57
70 61 72 63
70 73 72 75
70 76 72 78
70 79 79 79
70 97 79 97
70 104 81 104
70 108 73 110
70 133 72 135
70 137 77 137
70 142 78 142
70 158 80 158
70 169 77 169
70 172 78 172
70 178 79 178
70 199 74 200
70 205 80 205
70 246 73 248
71 13 82 13
71 15 81 15
71 30 82 30
71 32 73 34
71 45 82 45
71 46 82 46
71 67 76 68
71 69 80 69
71 71 78 71
71 86 78 86
71 95 74 96
71 102 74 103
71 113 76 114
71 120 74 122
71 127 80 127
71 153 81 153
71 164 81 164
71 173 80 173
71 176 74 177
71 184 74 185
71 189 82 189
71 190 81 190
71 193 73 195
71 207 75 208
71 212 74 214
71 233 81 233
71 239 76 240
71 242 73 244
72 8 75 9
72 16 74 18
72 19 75 21
72 29 83 29
72 35 76 36
72 58 74 60
72 64 76 65
72 80 75 82
72 85 82 85
72 91 74 93
72 99 77 100
72 101 79 101
72 128 75 130
72 146 83 146
72 149 74 151
72 162 76 163
72 186 74 188
72 201 75 203
72 204 83 204
72 209 74 211
72 218 76 219
72 223 74 225
72 227 75 228
73 0 78 1
73 3 77 4
73 7 83 7
73 22 76 24
73 31 80 31
73 41 75 43
73 44 82 44
73 48 75 50
73 61 76 63
73 73 75 76
73 77 78 78
73 123 76 125
73 126 84 126
73 133 75 135
73 148 83 148
73 161 82 161
73 166 81 166
73 174 78 175
73 179 75 182
73 196 77 197
73 206 80 206
73 215 84 215
73 222 81 222
73 230 77 231
74 25 77 27
74 32 76 34
74 54 81 54
74 88 84 88
74 108 78 109
74 112 81 112
74 116 77 117
74 131 78 132
74 140 85 140
74 191 76 193
74 194 79 195
74 220 78 221
74 229 82 229
74 237 77 238
74 242 77 244
74 246 76 248
75 10 78 11
75 16 78 18
75 28 84 28
75 38 80 39
75 51 83 51
75 58 78 60
75 84 83 84
75 89 77 91
75 92 78 93
75 95 79 96
75 98 85 98
75 102 79 103
75 105 78 107
75 110 86 110
75 119 86 119
75 121 84 121
75 145 82 145
75 149 77 151
75 152 85 152
75 176 79 177
75 184 77 186
75 187 79 188
75 198 78 200
75 209 77 212
75 213 78 214
75 223 80 224
75 234 82 234
76 2 87 2
76 8 80 9
76 19 78 21
76 40 78 42
76 43 87 43
76 48 79 50
76 55 80 56
76 66 83 66
76 73 78 76
76 80 78 82
76 118 83 118
76 122 87 122
76 128 86 128
76 129 80 130
76 133 78 135
76 138 81 139
76 155 87 155
76 157 83 157
76 159 84 159
76 168 84 168
76 179 79 181
76 201 79 203
76 207 80 208
76 225 87 225
76 227 80 228
76 235 83 235
77 5 84 5
77 22 79 24
77 32 79 34
77 35 79 37
77 61 80 63
77 64 81 65
77 67 81 68
77 72 87 72
77 114 81 115
77 123 80 125
77 147 84 147
77 162 82 163
77 167 84 167
77 191 82 192
77 193 84 193
77 218 80 219
77 232 87 232
77 239 87 239
77 246 79 248
78 3 81 4
78 6 85 6
78 25 80 27
78 47 88 47
78 52 89 52
78 89 80 91
78 99 82 100
78 111 89 111
78 116 82 117
78 137 86 137
78 143 85 143
78 144 88 144
78 149 81 151
78 169 87 169
78 182 81 184
78 197 86 197
78 209 80 211
78 212 85 212
78 217 85 217
78 230 83 231
78 237 82 238
78 240 81 242
78 243 81 244
79 0 86 0
79 10 82 12
79 14 88 14
79 16 81 18
79 19 81 21
79 40 81 42
79 53 86 53
79 57 82 59
79 60 88 60
79 70 84 71
79 73 81 75
79 76 90 76
79 77 84 78
79 80 81 83
79 86 82 87
79 92 83 93
79 105 81 108
79 109 88 109
79 131 82 133
79 134 84 135
79 142 88 142
79 156 89 156
79 165 90 165
79 170 86 170
79 172 87 172
79 174 83 175
79 186 90 186
79 198 82 200
79 213 83 214
79 216 86 216
79 220 84 221
79 236 86 236
79 245 87 245
79 249 88 249
80 1 91 1
80 22 82 24
80 32 81 37
80 48 83 50
80 79 89 79
80 94 82 96
80 97 91 97
80 101 83 103
80 113 91 113
80 136 87 136
80 154 87 154
80 176 83 178
80 179 85 180
80 181 88 181
80 187 83 188
80 201 82 203
80 226 87 226
80 246 84 247
80 248 88 248
81 8 85 9
81 25 84 27
81 31 88 31
81 38 86 39
81 55 84 56
81 61 84 63
81 69 88 69
81 89 84 91
81 123 85 124
81 125 90 125
81 127 92 127
81 129 84 130
81 141 90 141
81 158 88 158
81 171 90 171
81 173 89 173
81 194 92 194
81 205 83 208
81 209 83 211
81 218 84 219
81 223 90 223
81 224 90 224
81 227 85 228
82 3 85 4
82 15 84 17
82 18 85 20
82 21 91 21
82 32 83 37
82 40 85 42
82 54 90 54
82 64 85 65
82 67 92 67
82 73 84 75
82 80 84 82
82 83 90 83
82 104 85 106
82 107 85 108
82 112 90 112
82 114 86 115
82 138 87 139
82 149 87 150
82 151 90 151
82 153 91 153
82 164 91 164
82 166 90 166
82 182 84 184
82 190 89 190
82 222 89 222
82 233 93 233
82 240 84 242
82 243 87 244
83 10 85 12
83 22 87 23
83 24 90 24
83 30 92 30
83 44 91 44
83 46 94 46
83 57 88 58
83 59 91 59
83 85 85 87
83 94 92 94
83 95 92 95
83 96 93 96
83 99 86 100
83 116 94 116
83 117 90 117
83 131 86 133
83 145 90 145
83 160 85 162
83 163 94 163
83 189 94 189
83 191 86 192
83 195 94 195
83 198 86 200
83 201 86 203
83 229 90 229
83 234 93 234
83 237 87 238
84 7 94 7
84 29 92 29
84 32 87 34
84 35 86 37
84 45 95 45
84 48 87 50
84 51 91 51
84 66 92 66
84 84 91 84
84 92 89 93
84 101 86 103
84 118 91 118
84 146 95 146
84 148 95 148
84 157 93 157
84 174 87 176
84 177 93 177
84 178 93 178
84 185 95 185
84 187 87 188
84 204 87 206
84 207 86 209
84 210 88 211
84 213 87 214
84 230 87 231
84 235 94 235
85 5 92 5
85 13 96 13
85 15 88 17
85 25 88 27
85 28 96 28
85 55 90 56
85 61 88 63
85 70 90 71
85 73 87 75
85 77 88 78
85 80 88 82
85 88 88 90
85 91 94 91
85 120 89 121
85 129 88 130
85 134 89 135
85 147 93 147
85 159 93 159
85 167 89 168
85 182 87 184
85 193 95 193
85 218 88 220
85 221 94 221
85 240 87 242
85 246 89 247
86 3 90 4
86 6 94 6
86 8 89 10
86 11 97 11
86 12 97 12
86 18 95 18
86 19 91 20
86 40 89 42
86 64 91 65
86 85 88 87
86 98 94 98
86 104 89 106
86 107 90 108
86 123 90 124
86 140 96 140
86 143 94 143
86 152 97 152
86 161 91 162
86 179 90 180
86 212 95 212
86 217 97 217
86 227 89 228
87 0 98 0
87 35 89 37
87 53 96 53
87 99 89 101
87 102 91 103
87 114 92 115
87 119 95 119
87 126 98 126
87 128 95 128
87 131 89 133
87 137 94 137
87 170 96 170
87 191 91 192
87 196 90 198
87 199 90 201
87 202 91 203
87 207 89 209
87 216 97 216
87 236 95 236
88 2 96 2
88 22 91 23
88 32 91 34
88 38 93 39
88 48 90 50
88 72 91 74
88 75 95 75
88 122 97 122
88 136 99 136
88 138 92 139
88 149 92 150
88 154 92 155
88 169 95 169
88 172 96 172
88 174 90 176
88 182 90 184
88 187 93 188
88 204 90 206
88 213 90 215
88 225 92 226
88 230 90 232
88 237 91 239
88 240 90 242
88 243 91 245
89 14 99 14
89 15 92 17
89 25 91 27
89 31 98 31
89 47 100 47
89 57 93 58
89 60 91 62
89 63 98 63
89 68 94 69
89 77 94 78
89 80 91 82
89 85 91 87
89 88 92 90
89 109 93 110
89 129 92 130
89 142 97 142
89 144 97 144
89 158 97 158
89 181 98 181
89 210 99 210
89 211 99 211
89 218 99 218
89 219 93 220
89 248 92 249
90 8 92 10
90 35 92 37
90 40 92 42
90 52 97 52
90 79 100 79
90 92 94 93
90 99 93 101
90 104 92 106
90 111 101 111
90 120 93 121
90 131 92 133
90 134 97 134
90 135 100 135
90 156 101 156
90 167 101 167
90 168 99 168
90 173 98 173
90 190 98 190
90 207 101 207
90 208 97 208
90 209 101 209
90 222 98 222
90 227 95 228
90 247 98 247
91 3 101 3
91 4 98 4
91 24 100 24
91 48 96 49
91 50 101 50
91 54 93 56
91 70 95 71
91 76 100 76
91 83 99 83
91 107 96 108
91 112 98 112
91 117 101 117
91 123 94 125
91 141 98 141
91 145 98 145
91 151 98 151
91 160 102 160
91 165 102 165
91 166 102 166
91 171 102 171
91 174 94 176
91 179 102 179
91 180 98 180
91 182 94 184
91 186 98 186
91 196 93 198
91 199 93 201
91 204 101 204
91 205 95 206
91 213 94 215
91 223 95 224
91 229 94 231
91 232 102 232
91 240 94 242
92 1 100 1
92 19 95 21
92 22 96 23
92 25 94 27
92 32 97 33
92 34 103 34
92 43 97 44
92 51 99 51
92 59 94 61
92 62 101 62
92 64 95 65
92 72 95 74
92 80 94 82
92 84 94 86
92 87 101 87
92 97 99 97
92 102 97 103
92 118 103 118
92 153 100 153
92 161 96 162
92 164 99 164
92 191 95 192
92 202 95 203
92 237 94 239
92 243 94 245
93 5 101 5
93 8 98 9
93 10 102 10
93 15 98 16
93 17 100 17
93 29 98 30
93 35 96 37
93 40 95 42
93 66 97 67
93 88 96 90
93 94 97 95
93 104 95 106
93 113 96 115
93 127 100 127
93 129 95 131
93 132 98 133
93 138 97 139
93 149 97 150
93 154 102 154
93 155 104 155
93 194 101 194
93 225 97 226
93 246 104 246
93 248 96 249
94 39 101 39
94 54 97 56
94 58 105 58
94 96 102 96
94 99 98 100
94 101 103 101
94 109 105 109
94 120 97 121
94 147 103 147
94 157 105 157
94 159 103 159
94 177 97 178
94 187 99 188
94 196 96 198
94 199 96 201
94 219 104 219
94 220 105 220
94 233 98 234
95 6 99 7
95 25 98 27
95 46 104 46
95 57 106 57
95 59 97 61
95 68 100 69
95 77 99 78
95 80 97 82
95 84 98 86
95 91 97 93
95 98 104 98
95 110 106 110
95 116 105 116
95 123 97 125
95 137 102 137
95 143 103 143
95 174 98 176
95 182 97 184
95 189 102 189
95 195 102 195
95 213 97 215
95 221 106 221
95 229 98 231
95 235 104 235
95 237 98 239
95 240 97 242
95 243 97 245
96 18 99 20
96 40 99 42
96 45 103 45
96 64 100 65
96 70 98 73
96 74 100 75
96 104 98 106
96 119 107 119
96 128 98 131
96 146 105 146
96 169 107 169
96 185 106 185
96 191 99 193
96 202 104 202
96 203 106 203
96 205 100 206
96 212 104 212
96 223 105 223
96 224 107 224
96 227 99 228
96 236 104 236
97 2 107 2
97 13 108 13
97 21 99 23
97 35 99 37
97 38 108 38
97 48 100 49
97 53 104 53
97 88 100 90
97 107 100 108
97 113 102 114
97 115 104 115
97 140 104 140
97 161 100 163
97 170 105 170
97 172 105 172
97 196 99 198
97 199 99 201
97 248 101 249
98 11 102 12
98 32 102 33
98 43 106 43
98 44 107 44
98 52 107 52
98 54 109 54
98 55 103 56
98 59 103 60
98 66 103 67
98 80 100 82
98 91 100 93
98 94 106 94
98 102 106 102
98 103 108 103
98 120 100 122
98 123 101 125
98 134 106 134
98 138 101 139
98 142 105 142
98 144 107 144
98 148 101 150
98 152 108 152
98 158 107 158
98 177 102 178
98 182 100 184
98 208 105 208
98 213 101 215
98 216 101 217
98 225 103 226
98 240 100 243
98 244 108 244
98 245 108 245
99 4 106 4
99 8 103 9
99 15 104 16
99 25 101 27
99 28 101 30
99 31 106 31
99 63 110 63
99 70 108 70
99 71 108 71
99 72 108 72
99 73 107 73
99 84 102 86
99 99 102 100
99 104 102 106
99 112 110 112
99 126 110 126
99 128 101 130
99 131 101 133
99 141 106 141
99 145 109 145
99 151 106 151
99 173 102 175
99 176 110 176
99 180 103 181
99 186 108 186
99 190 106 190
99 222 110 222
99 229 102 231
99 233 102 234
99 237 102 239
99 247 107 247
100 0 111 0
100 6 103 7
100 14 107 14
100 18 102 20
100 21 105 22
100 23 108 23
100 35 102 37
100 40 103 42
100 51 108 51
100 77 105 78
100 83 110 83
100 97 107 97
100 136 110 136
100 164 108 164
100 168 107 168
100 187 104 188
100 191 103 193
100 196 102 198
100 199 103 201
100 210 104 211
100 218 110 218
100 227 104 228
101 1 109 1
101 17 110 17
101 24 110 24
101 47 103 49
101 61 112 61
101 65 112 65
101 68 106 69
101 74 104 76
101 79 103 81
101 82 108 82
101 88 103 90
101 91 103 93
101 107 105 108
101 120 104 122
101 127 110 127
101 135 108 135
101 153 111 153
101 161 103 163
101 182 104 184
101 205 106 206
101 240 103 243
102 3 112 3
102 5 109 5
102 25 105 27
102 28 105 30
102 39 109 39
102 50 111 50
102 62 111 62
102 87 109 87
102 111 110 111
102 117 112 117
102 123 104 125
102 128 105 130
102 131 104 133
102 138 107 139
102 148 104 150
102 156 110 156
102 167 112 167
102 194 111 194
102 204 110 204
102 207 109 207
102 209 109 209
102 213 104 215
102 216 105 217
102 248 105 249
103 10 106 12
103 18 105 20
103 32 106 33
103 35 105 37
103 64 114 64
103 84 105 86
103 95 107 96
103 99 107 100
103 104 105 106
103 113 106 114
103 137 111 137
103 154 111 154
103 165 108 166
103 171 111 171
103 173 111 173
103 174 108 175
103 177 105 179
103 189 111 189
103 195 106 197
103 198 114 198
103 229 106 231
103 232 105 234
103 237 107 238
103 239 113 239
104 6 107 8
104 34 111 34
104 40 106 42
104 45 114 45
104 47 106 49
104 55 107 56
104 59 107 60
104 66 109 67
104 79 108 80
104 81 115 81
104 88 106 90
104 91 106 93
104 101 112 101
104 143 115 143
104 147 113 147
104 159 105 163
104 180 107 181
104 191 107 193
104 199 106 201
104 225 107 226
104 240 106 242
104 243 113 243
105 15 110 16
105 46 112 46
105 53 112 53
105 74 108 76
105 98 116 98
105 115 112 115
105 120 107 122
105 123 107 125
105 131 107 133
105 140 116 140
105 148 110 149
105 182 107 184
105 187 109 188
105 202 114 202
105 210 107 212
105 213 108 215
105 219 116 219
105 227 108 228
105 235 108 236
106 18 109 20
106 21 110 22
106 25 109 27
106 28 108 30
106 35 109 37
106 58 114 58
106 77 110 78
106 84 109 86
106 104 108 106
106 107 109 109
106 116 114 116
106 128 109 130
106 142 114 142
106 146 113 146
106 157 113 157
106 159 109 161
106 162 114 162
106 163 115 163
106 170 114 170
106 172 116 172
106 177 108 179
106 208 116 208
106 216 111 217
106 220 113 220
106 223 113 223
106 232 108 234
106 246 117 246
106 248 113 248
107 4 115 4
107 9 110 11
107 31 110 33
107 40 110 42
107 43 115 43
107 47 109 49
107 68 110 69
107 88 109 90
107 91 110 93
107 94 115 94
107 102 114 102
107 110 117 110
107 113 110 114
107 118 118 118
107 134 116 134
107 141 114 141
107 150 110 151
107 185 115 185
107 190 117 190
107 195 109 197
107 199 110 201
107 203 116 203
107 205 111 206
107 221 115 221
107 229 109 231
107 240 109 242
108 2 116 2
108 6 110 8
108 14 117 14
108 44 117 44
108 52 116 52
108 55 113 56
108 59 113 60
108 73 116 73
108 95 110 97
108 99 112 100
108 119 110 121
108 122 111 124
108 125 118 125
108 131 110 133
108 138 113 139
108 144 117 144
108 158 117 158
108 168 116 168
108 169 119 169
108 180 111 182
108 183 113 184
108 191 110 193
108 210 110 212
108 224 110 226
108 237 115 237
108 247 116 247
108 249 119 249
109 13 117 13
109 23 118 23
109 28 116 28
109 30 118 30
109 38 120 38
109 51 119 51
109 70 114 71
109 72 116 72
109 74 112 76
109 79 113 80
109 82 117 82
109 103 111 106
109 135 120 135
109 152 117 152
109 164 111 166
109 174 114 175
109 177 114 178
109 179 119 179
109 186 117 186
109 213 111 215
109 227 114 228
109 232 111 235
109 236 116 236
109 238 120 238
109 244 112 245
110 1 118 1
110 5 117 5
110 18 113 20
110 25 112 27
110 29 121 29
110 35 113 37
110 39 117 39
110 47 113 49
110 54 119 54
110 57 121 57
110 66 113 67
110 84 113 86
110 87 112 89
110 107 118 107
110 108 118 108
110 128 113 130
110 145 121 145
110 159 113 161
110 187 113 188
110 195 112 197
110 207 118 207
110 209 118 209
110 229 113 231
110 240 112 242
111 6 113 8
111 9 114 11
111 15 114 17
111 21 114 22
111 24 120 24
111 31 113 33
111 40 114 42
111 63 119 63
111 68 116 69
111 77 115 78
111 83 118 83
111 90 114 92
111 93 120 93
111 95 113 97
111 111 114 113
111 114 122 114
111 119 113 121
111 126 115 127
111 131 114 133
111 136 119 136
111 148 113 151
111 155 115 156
111 176 118 176
111 191 114 193
111 199 114 201
111 204 120 204
111 210 114 212
111 218 122 218
111 222 119 222
111 224 114 226
112 0 120 0
112 34 119 34
112 50 120 50
112 62 123 62
112 103 115 105
112 106 121 106
112 122 114 124
112 137 122 137
112 153 116 154
112 164 114 166
112 171 120 171
112 173 120 173
112 180 114 182
112 189 121 189
112 194 123 194
112 205 115 206
112 213 114 215
112 216 122 216
112 217 123 217
112 232 116 233
112 234 116 235
113 3 120 3
113 25 115 27
113 46 121 46
113 53 123 53
113 61 122 61
113 65 120 65
113 74 116 76
113 87 115 89
113 99 116 101
113 109 124 109
113 115 120 115
113 117 122 117
113 167 123 167
113 195 116 197
113 240 115 242
113 244 116 245
114 6 116 8
114 18 117 20
114 31 116 33
114 35 117 37
114 47 118 48
114 49 121 49
114 55 119 56
114 59 118 60
114 66 117 67
114 80 125 80
114 84 116 86
114 95 116 97
114 119 117 121
114 128 116 130
114 138 118 139
114 146 117 148
114 149 116 151
114 157 122 157
114 159 117 161
114 183 118 184
114 187 117 188
114 220 125 220
114 223 121 223
114 229 116 231
114 239 124 239
114 243 122 243
114 248 122 248
115 9 118 11
115 15 126 15
115 21 118 22
115 40 117 42
115 45 122 45
115 58 124 58
115 71 124 71
115 90 117 92
115 102 126 102
115 111 117 113
115 116 126 116
115 122 117 124
115 131 117 133
115 141 120 142
115 162 122 162
115 164 118 166
115 170 126 170
115 174 118 175
115 178 125 178
115 180 118 182
115 191 117 193
115 198 117 200
115 201 120 202
115 210 117 212
115 213 120 214
115 224 118 226
115 227 124 227
115 228 124 228
116 4 127 4
116 16 121 17
116 25 118 27
116 43 125 43
116 64 127 64
116 77 118 79
116 81 125 81
116 87 118 89
116 94 123 94
116 103 118 105
116 126 125 126
116 127 124 127
116 143 125 143
116 155 120 156
116 163 126 163
116 177 127 177
116 185 123 185
116 205 121 206
116 215 127 215
116 221 123 221
116 237 127 237
116 240 119 242
117 2 124 2
117 6 119 8
117 28 127 28
117 31 120 33
117 52 126 52
117 68 120 70
117 72 119 74
117 75 120 76
117 84 119 86
117 95 119 97
117 98 119 100
117 101 125 101
117 128 120 130
117 134 124 134
117 140 124 140
117 149 120 151
117 153 121 154
117 168 128 168
117 172 125 172
117 195 120 197
117 203 126 203
117 208 125 208
117 219 125 219
117 229 120 231
117 232 119 234
117 235 120 236
117 244 121 245
117 247 125 247
118 5 126 5
118 12 121 14
118 18 121 20
118 35 120 37
118 39 120 41
118 42 129 42
118 44 125 44
118 66 122 67
118 82 128 82
118 90 121 92
118 110 121 112
118 113 125 113
118 119 120 121
118 122 120 124
118 131 120 133
118 144 125 144
118 146 120 148
118 152 125 152
118 158 120 160
118 161 125 161
118 186 120 188
118 190 121 192
118 193 125 193
118 198 121 200
118 210 121 212
118 246 129 246
119 1 130 1
119 9 121 11
119 21 121 23
119 25 123 26
119 27 129 27
119 30 130 30
119 47 124 48
119 59 122 60
119 77 122 79
119 83 126 83
119 87 121 89
119 103 121 105
119 107 129 107
119 108 128 108
119 118 126 118
119 125 127 125
119 138 122 139
119 164 122 166
119 174 121 176
119 180 122 182
119 183 123 184
119 207 128 207
119 209 129 209
119 224 121 226
120 6 123 8
120 34 129 34
120 51 128 51
120 54 123 56
120 63 130 63
120 72 123 74
120 84 122 86
120 95 123 97
120 98 122 100
120 136 127 136
120 179 129 179
120 222 131 222
120 232 125 233
120 234 129 234
120 240 123 242
120 249 127 249
121 0 128 0
121 3 128 3
121 24 131 24
121 31 125 32
121 35 124 37
121 38 123 40
121 41 129 41
121 50 128 50
121 65 128 65
121 68 123 70
121 75 124 76
121 93 132 93
121 115 131 115
121 119 124 121
121 122 123 124
121 128 123 130
121 131 123 133
121 135 130 135
121 141 126 142
121 146 126 147
121 148 123 150
121 155 125 156
121 158 123 160
121 171 128 171
121 173 130 173
121 186 124 188
121 195 123 197
121 201 125 202
121 204 129 204
121 213 125 214
121 229 123 231
121 235 124 236
121 238 130 238
122 9 124 11
122 12 124 14
122 16 124 19
122 20 127 21
122 29 130 29
122 46 129 46
122 49 129 49
122 57 130 57
122 87 124 89
122 90 125 92
122 103 132 103
122 104 125 106
122 110 133 110
122 111 127 112
122 145 129 145
122 153 126 154
122 174 131 174
122 175 127 176
122 189 124 191
122 192 131 192
122 198 124 200
122 205 125 206
122 210 127 211
122 212 129 212
122 223 124 225
122 226 130 226
122 244 125 245
123 23 134 23
123 45 130 45
123 59 125 61
123 66 127 67
123 78 134 78
123 79 130 79
123 84 125 86
123 98 131 98
123 99 128 100
123 114 131 114
123 117 132 117
123 137 126 139
123 151 134 151
123 157 132 157
123 162 130 162
123 164 126 166
123 180 125 182
123 216 132 216
123 218 130 218
123 243 134 243
123 248 134 248
124 6 127 8
124 22 135 22
124 25 134 25
124 26 132 26
124 38 127 40
124 53 126 55
124 56 132 56
124 62 132 62
124 68 127 70
124 72 127 74
124 94 126 96
124 97 131 97
124 122 131 122
124 124 131 124
124 128 127 130
124 131 129 132
124 133 133 133
124 148 126 150
124 158 126 160
124 167 131 167
124 169 135 169
124 183 126 185
124 194 127 196
124 217 131 217
124 221 131 221
124 229 127 231
124 240 126 242
125 2 132 2
125 9 128 11
125 12 127 14
125 16 127 19
125 36 130 37
125 47 128 48
125 58 134 58
125 71 134 71
125 75 129 76
125 87 127 89
125 119 127 121
125 127 132 127
125 134 136 134
125 140 132 140
125 186 129 187
125 188 127 190
125 191 132 191
125 197 127 199
125 200 133 200
125 223 127 225
125 227 128 228
125 235 130 236
125 239 134 239
126 31 131 32
126 43 131 44
126 59 128 61
126 80 129 81
126 84 128 86
126 90 131 91
126 92 135 92
126 101 136 101
126 104 135 104
126 105 131 106
126 109 137 109
126 113 134 113
126 126 133 126
126 143 129 144
126 152 133 152
126 155 130 156
126 161 133 161
126 172 137 172
126 178 134 178
126 180 128 182
126 193 134 193
126 201 129 202
126 205 131 206
126 208 136 208
126 213 129 214
126 219 130 220
126 232 130 233
126 244 131 245
126 247 135 247
127 5 134 5
127 15 137 15
127 35 138 35
127 52 129 54
127 83 134 83
127 94 130 96
127 102 136 102
127 116 137 116
127 118 137 118
127 137 129 139
127 141 131 142
127 146 129 148
127 149 137 149
127 150 138 150
127 153 130 154
127 158 129 160
127 163 129 165
127 166 136 166
127 170 137 170
127 183 130 185
127 203 134 203
127 240 129 242
128 4 135 4
128 6 131 8
128 13 132 14
128 16 131 18
128 19 137 19
128 20 139 20
128 21 136 21
128 28 138 28
128 38 131 40
128 55 139 55
128 64 138 64
128 66 130 69
128 70 136 70
128 72 133 73
128 74 136 74
128 87 131 89
128 111 133 112
128 119 130 121
128 125 138 125
128 128 130 130
128 136 136 136
128 175 131 177
128 188 131 190
128 194 130 196
128 197 131 199
128 210 131 211
128 215 135 215
128 223 130 225
128 229 138 229
128 230 138 230
128 249 139 249
129 0 138 0
129 3 136 3
129 9 131 12
129 47 132 48
129 50 133 51
129 59 131 61
129 65 136 65
129 82 137 82
129 84 131 86
129 99 134 100
129 108 136 108
129 168 138 168
129 171 137 171
129 180 131 182
129 207 140 207
129 227 132 228
130 27 138 27
130 34 139 34
130 41 133 42
130 46 139 46
130 49 138 49
130 52 132 54
130 75 132 77
130 80 138 80
130 107 139 107
130 131 135 132
130 137 132 139
130 143 133 145
130 146 135 147
130 148 137 148
130 158 132 160
130 163 133 165
130 179 138 179
130 186 134 187
130 201 133 202
130 204 141 204
130 209 139 209
130 212 133 214
130 231 141 231
130 234 137 234
130 240 132 242
130 246 138 246
131 1 141 1
131 29 134 30
131 36 135 37
131 45 140 45
131 57 140 57
131 63 138 63
131 66 134 68
131 69 139 69
131 79 140 79
131 94 134 96
131 119 136 120
131 121 140 121
131 128 135 129
131 130 140 130
131 135 138 135
131 153 133 155
131 156 142 156
131 162 141 162
131 173 139 173
131 183 134 185
131 194 142 194
131 195 136 196
131 218 133 220
131 223 134 225
131 226 140 226
131 232 135 233
131 235 135 236
131 238 142 238
132 6 134 8
132 9 134 11
132 16 134 18
132 24 143 24
132 31 135 33
132 38 134 40
132 43 137 44
132 59 134 61
132 84 134 86
132 87 134 89
132 90 140 90
132 91 140 91
132 97 136 98
132 105 135 106
132 114 137 115
132 122 135 124
132 141 135 142
132 167 139 167
132 174 134 177
132 180 134 182
132 188 134 190
132 192 140 192
132 197 137 198
132 199 141 199
132 205 135 206
132 210 135 211
132 217 140 217
132 221 137 222
132 244 136 245
133 2 141 2
133 12 135 14
133 26 143 26
133 47 136 48
133 52 136 54
133 56 141 56
133 62 143 62
133 75 135 77
133 103 140 103
133 117 142 117
133 127 142 127
133 137 136 139
133 140 142 140
133 157 135 159
133 160 140 160
133 191 141 191
133 216 141 216
133 227 136 228
133 240 136 242
134 41 138 42
134 50 143 50
134 51 141 51
134 72 139 73
134 93 145 93
134 110 139 111
134 112 142 112
134 126 143 126
134 133 141 133
134 143 139 144
134 152 137 154
134 155 144 155
134 161 141 161
134 163 136 165
134 200 136 202
134 212 136 214
134 218 137 220
135 5 138 7
135 8 137 10
135 11 143 11
135 16 138 18
135 23 146 23
135 25 146 25
135 29 138 30
135 38 138 40
135 58 137 60
135 66 142 66
135 67 145 67
135 68 144 68
135 71 143 71
135 78 145 78
135 83 137 85
135 86 137 88
135 89 142 89
135 94 138 96
135 99 139 100
135 113 146 113
135 151 144 151
135 174 138 176
135 177 138 178
135 180 137 183
135 184 138 186
135 187 137 189
135 190 146 190
135 193 146 193
135 203 143 203
135 223 137 225
135 239 142 239
135 248 146 248
136 4 143 4
136 12 138 14
136 22 145 22
136 31 141 32
136 36 140 37
136 61 147 61
136 75 141 76
136 77 146 77
136 92 144 92
136 104 138 106
136 122 146 122
136 123 141 124
136 128 140 129
136 131 140 132
136 141 140 142
136 145 139 147
136 157 138 159
136 205 141 206
136 210 140 211
136 215 145 215
136 232 139 233
136 235 141 236
136 247 144 247
137 3 147 3
137 21 148 21
137 47 148 47
137 48 145 48
137 52 142 53
137 54 146 54
137 65 145 65
137 70 144 70
137 74 148 74
137 97 146 97
137 98 145 98
137 101 142 102
137 108 147 108
137 119 141 120
137 134 148 134
137 136 140 138
137 139 147 139
137 163 139 165
137 166 146 166
137 195 142 196
137 200 139 202
137 208 144 208
137 212 140 214
137 227 140 228
137 240 139 242
137 243 140 245
138 8 140 10
138 15 146 15
138 19 146 19
138 43 141 44
138 58 141 60
138 81 140 84
138 85 140 88
138 109 147 109
138 114 140 116
138 118 146 118
138 148 142 149
138 152 143 153
138 154 149 154
138 169 140 171
138 172 148 172
138 180 140 182
138 183 145 183
138 187 141 189
138 197 141 198
138 218 140 220
138 221 141 223
138 224 141 225
138 234 145 234
138 237 149 237
139 0 148 0
139 5 141 7
139 12 142 14
139 16 141 18
139 27 141 30
139 38 141 40
139 41 142 42
139 49 147 49
139 63 142 64
139 80 148 80
139 94 141 96
139 104 141 106
139 125 146 125
139 135 146 135
139 157 141 159
139 168 149 168
139 174 142 176
139 177 142 179
139 184 149 184
139 185 143 186
139 229 143 230
139 246 146 246
140 20 151 20
140 33 143 35
140 46 151 46
140 69 149 69
140 72 143 73
140 99 145 100
140 107 147 107
140 143 142 145
140 146 151 146
140 147 149 147
140 163 142 165
140 167 147 167
140 173 147 173
140 200 143 202
140 209 151 209
140 232 144 233
140 240 142 242
140 249 147 249
141 8 143 10
141 36 145 37
141 45 149 45
141 57 148 57
141 79 148 79
141 81 143 84
141 85 144 87
141 88 148 88
141 90 144 91
141 103 150 103
141 111 152 111
141 114 144 116
141 121 149 121
141 128 143 130
141 131 145 132
141 136 144 138
141 141 146 142
141 160 149 160
141 169 143 171
141 180 144 182
141 192 148 192
141 210 146 211
141 212 143 214
141 217 143 219
141 220 148 220
141 226 146 227
141 228 149 228
142 1 145 2
142 5 147 6
142 7 151 7
142 16 144 18
142 27 145 29
142 30 144 32
142 38 147 39
142 40 153 40
142 43 146 44
142 51 149 51
142 56 150 56
142 58 144 60
142 75 147 76
142 94 144 96
142 104 144 106
142 119 146 120
142 123 147 124
142 133 149 133
142 157 144 159
142 161 146 162
142 187 144 189
142 191 150 191
142 197 144 199
142 204 144 207
142 216 152 216
142 221 147 222
142 223 145 225
142 235 146 236
143 12 145 14
143 41 147 42
143 52 147 53
143 63 146 64
143 66 150 66
143 89 150 89
143 101 147 102
143 112 150 112
143 117 152 117
143 127 153 127
143 140 150 140
143 143 145 145
143 148 145 150
143 163 146 165
143 174 146 176
143 177 147 178
143 194 146 196
143 238 146 240
143 241 145 244
144 4 151 4
144 9 147 11
144 24 153 24
144 26 151 26
144 33 146 35
144 50 154 50
144 55 155 55
144 62 152 62
144 71 146 73
144 81 146 83
144 84 151 84
144 126 155 126
144 128 147 130
144 152 147 153
144 171 152 171
144 185 153 185
144 186 155 186
144 200 147 202
144 203 153 203
144 212 146 214
144 217 147 219
144 229 146 231
144 245 155 245
145 16 147 18
145 30 147 32
145 58 147 60
145 68 152 68
145 70 152 70
145 85 147 87
145 90 150 91
145 92 153 92
145 94 147 96
145 104 147 106
145 114 150 115
145 116 155 116
145 136 147 138
145 151 152 151
145 155 156 155
145 156 148 158
145 159 156 159
145 169 156 169
145 179 147 181
145 182 152 182
145 187 148 189
145 197 150 198
145 204 147 206
145 207 149 208
145 232 149 233
145 247 155 247
146 1 149 2
146 12 148 14
146 22 153 22
146 27 148 29
146 36 150 37
146 48 157 48
146 65 157 65
146 67 156 67
146 78 157 78
146 98 148 100
146 131 151 132
146 143 148 145
146 148 149 150
146 183 153 183
146 215 155 215
146 223 148 225
146 234 153 234
146 241 149 243
147 15 155 15
147 19 156 19
147 23 154 23
147 25 154 25
147 33 149 35
147 43 150 44
147 54 158 54
147 63 150 64
147 71 150 73
147 77 157 77
147 81 149 83
147 97 154 97
147 113 155 113
147 118 152 119
147 122 157 122
147 125 156 125
147 135 154 135
147 141 150 142
147 161 149 163
147 164 149 166
147 174 150 176
147 193 149 195
147 196 154 196
147 210 150 212
147 213 150 214
147 226 151 227
147 229 149 231
147 235 150 236
147 238 149 240
147 246 155 246
147 248 154 248
148 3 156 3
148 5 152 6
148 8 150 10
148 11 155 11
148 16 151 18
148 30 150 32
148 38 153 39
148 41 152 42
148 49 158 49
148 52 152 53
148 58 150 61
148 75 158 75
148 76 158 76
148 85 151 87
148 93 151 95
148 96 159 96
148 101 151 102
148 104 150 106
148 107 150 109
148 110 159 110
148 120 159 120
148 123 152 124
148 128 151 130
148 136 150 138
148 139 156 139
148 152 155 152
148 153 159 153
148 167 157 167
148 173 159 173
148 177 151 179
148 180 159 180
148 199 150 201
148 202 157 202
148 204 151 206
148 217 150 219
148 221 152 222
148 249 159 249
149 0 159 0
149 12 152 14
149 21 157 21
149 27 152 29
149 47 158 47
149 57 156 57
149 74 157 74
149 79 154 80
149 88 156 88
149 98 151 100
149 134 159 134
149 143 151 145
149 156 151 158
149 170 160 170
149 172 157 172
149 187 152 189
149 190 160 190
149 192 158 192
149 220 157 220
149 223 154 224
149 225 157 225
150 1 155 2
150 33 152 35
150 45 157 45
150 51 161 51
150 69 159 69
150 81 153 83
150 121 157 121
150 133 158 133
150 147 152 150
150 154 161 154
150 160 152 162
150 163 152 165
150 166 157 166
150 168 157 168
150 184 161 184
150 193 152 195
150 207 155 208
150 228 152 230
150 231 152 233
150 237 153 239
150 240 152 242
150 243 155 244
151 8 153 10
151 30 153 32
151 36 155 37
151 43 156 44
151 56 162 56
151 58 153 60
151 61 162 61
151 63 156 64
151 66 162 66
151 71 153 73
151 89 154 91
151 103 153 105
151 106 153 108
151 109 158 109
151 112 161 112
151 114 155 115
151 136 154 138
151 140 154 142
151 174 153 176
151 191 161 191
151 197 154 199
151 200 154 201
151 210 153 212
151 213 156 214
151 217 154 219
151 235 156 236
152 4 161 4
152 7 159 7
152 16 154 18
152 26 160 26
152 46 161 46
152 84 155 86
152 87 159 87
152 93 154 95
152 98 155 100
152 101 156 102
152 128 155 130
152 131 156 132
152 143 154 145
152 146 160 146
152 156 155 158
152 177 155 179
152 181 163 181
152 204 154 206
152 209 160 209
152 226 156 227
153 5 157 6
153 12 155 14
153 27 155 29
153 33 158 34
153 41 164 41
153 52 156 53
153 62 160 62
153 68 160 68
153 70 161 70
153 111 161 111
153 117 157 118
153 119 164 119
153 123 157 124
153 147 155 149
153 150 156 151
153 160 155 162
153 163 155 165
153 171 160 171
153 182 161 182
153 187 155 189
153 193 155 195
153 216 161 216
153 221 164 221
153 222 160 222
153 228 155 230
153 231 156 233
153 240 156 242
154 8 156 10
154 22 161 22
154 24 164 24
154 30 156 32
154 38 156 40
154 58 157 60
154 71 157 73
154 81 157 83
154 92 164 92
154 103 157 105
154 106 157 108
154 127 161 127
154 174 156 176
154 183 161 183
154 185 161 185
154 203 163 203
154 210 157 212
154 234 162 234
154 237 159 238
155 16 160 17
155 18 166 18
155 23 164 23
155 25 163 25
155 35 166 35
155 50 162 50
155 79 158 80
155 89 166 89
155 93 159 94
155 95 164 95
155 97 163 97
155 135 157 137
155 138 162 138
155 140 156 145
155 196 158 198
155 199 157 201
155 204 157 206
155 217 158 219
155 224 162 224
155 248 166 248
156 1 164 1
156 2 167 2
156 11 159 13
156 14 160 15
156 27 158 29
156 36 161 37
156 55 164 55
156 84 159 86
156 98 158 100
156 113 159 115
156 116 164 116
156 126 163 126
156 128 159 130
156 147 159 149
156 152 164 152
156 156 158 158
156 160 159 162
156 163 158 165
156 177 158 179
156 186 158 188
156 189 164 189
156 193 158 195
156 207 160 208
156 215 163 215
156 228 158 230
156 243 159 245
156 246 161 247
157 3 167 3
157 8 160 10
157 19 164 19
157 30 160 32
157 38 159 40
157 42 159 44
157 52 160 53
157 57 164 57
157 63 161 64
157 67 168 67
157 88 164 88
157 91 168 91
157 101 160 102
157 125 164 125
157 131 160 132
157 139 159 141
157 142 159 144
157 145 167 145
157 150 161 151
157 155 166 155
157 159 165 159
157 169 165 169
157 174 159 176
157 213 160 214
157 226 161 227
157 231 160 233
157 235 160 236
157 239 160 241
157 242 166 242
158 5 161 6
158 20 162 21
158 45 167 45
158 58 160 60
158 65 166 65
158 71 161 73
158 74 165 74
158 77 161 78
158 81 165 81
158 82 169 82
158 83 168 83
158 103 161 105
158 106 160 108
158 117 161 118
158 121 162 122
158 123 162 124
158 135 160 137
158 166 160 168
158 172 165 172
158 199 160 201
158 202 168 202
158 204 160 206
158 210 160 212
158 220 165 220
158 223 169 223
158 225 166 225
159 27 162 29
159 34 167 34
159 47 161 49
159 54 167 54
159 75 164 76
159 79 162 80
159 98 162 100
159 109 169 109
159 133 167 133
159 156 164 157
159 158 170 158
159 163 164 164
159 165 167 165
159 177 161 179
159 186 170 186
159 187 164 188
159 192 161 194
159 195 162 197
159 217 161 219
159 228 161 230
160 0 171 0
160 7 168 7
160 11 162 13
160 38 162 40
160 42 171 42
160 43 165 44
160 69 168 69
160 84 163 86
160 87 171 87
160 93 163 94
160 96 167 96
160 110 169 110
160 113 163 115
160 120 169 120
160 128 163 130
160 134 168 134
160 139 161 144
160 147 163 149
160 153 169 153
160 160 162 162
160 173 162 176
160 237 165 238
160 243 162 245
160 249 167 249
161 8 163 10
161 14 163 17
161 26 171 26
161 30 163 33
161 52 165 53
161 58 164 60
161 62 168 62
161 68 172 68
161 101 164 102
161 106 163 108
161 131 165 132
161 135 164 137
161 146 168 146
161 166 163 168
161 170 165 171
161 190 169 190
161 198 163 201
161 204 163 207
161 208 164 210
161 211 163 213
161 214 168 214
161 222 169 222
161 231 163 233
161 235 164 236
161 239 163 241
162 4 164 6
162 22 169 22
162 36 165 37
162 46 164 48
162 51 170 51
162 63 166 64
162 70 164 72
162 73 169 73
162 77 167 78
162 90 173 90
162 103 172 103
162 104 169 104
162 105 170 105
162 111 166 112
162 117 167 118
162 127 170 127
162 139 164 142
162 143 165 144
162 150 166 151
162 177 164 179
162 182 164 184
162 185 169 185
162 191 165 193
162 194 169 194
162 216 165 218
162 219 169 219
162 226 164 228
162 229 165 230
162 246 165 247
163 11 168 12
163 13 170 13
163 20 168 21
163 27 165 29
163 38 165 40
163 49 167 50
163 56 171 56
163 61 171 61
163 66 173 66
163 79 166 80
163 98 165 100
163 121 166 123
163 138 172 138
163 160 165 162
163 173 165 176
163 195 165 197
163 224 171 224
163 234 172 234
163 243 165 245
164 8 168 9
164 14 167 16
164 25 175 25
164 30 166 33
164 84 166 86
164 93 169 94
164 97 172 97
164 106 167 108
164 113 166 115
164 126 172 126
164 128 167 130
164 147 167 149
164 166 166 168
164 180 167 181
164 198 167 200
164 203 166 205
164 206 167 207
164 211 166 213
164 215 173 215
164 231 168 232
164 239 166 241
165 1 176 1
165 4 168 6
165 19 173 19
165 23 168 24
165 46 174 46
165 47 172 47
165 48 175 48
165 55 172 55
165 57 168 59
165 60 173 60
165 70 167 72
165 75 168 76
165 88 173 88
165 92 173 92
165 95 172 95
165 101 168 102
165 116 174 116
165 119 176 119
165 125 174 125
165 135 172 135
165 136 176 136
165 137 175 137
165 139 167 141
165 142 173 142
165 152 176 152
165 156 169 157
165 163 169 164
165 177 169 178
165 179 175 179
165 182 168 184
165 187 168 189
165 201 176 201
165 208 168 210
165 221 173 221
165 226 167 228
165 233 176 233
165 235 169 236
166 10 177 10
166 27 169 29
166 36 168 38
166 39 168 41
166 43 170 44
166 52 171 53
166 74 177 74
166 81 174 81
166 98 171 99
166 100 176 100
166 131 170 132
166 143 169 144
166 159 169 161
166 162 173 162
166 169 168 171
166 172 168 174
166 175 171 176
166 191 169 193
166 195 177 195
166 197 175 197
166 216 177 216
166 217 170 218
166 220 173 220
166 229 170 230
166 237 171 238
166 243 169 245
166 246 169 247
167 17 171 18
167 30 170 32
167 35 178 35
167 63 170 65
167 79 172 80
167 84 171 85
167 86 177 86
167 89 174 89
167 111 169 113
167 114 170 115
167 121 170 123
167 150 170 151
167 155 174 155
167 166 169 168
167 196 178 196
167 203 170 205
167 211 170 213
167 225 178 225
167 239 169 241
167 242 175 242
167 248 177 248
168 2 173 3
168 14 171 16
168 33 173 34
168 45 179 45
168 49 176 49
168 50 178 50
168 54 177 54
168 70 170 72
168 77 172 78
168 96 175 96
168 106 171 108
168 117 172 118
168 128 171 130
168 133 179 133
168 139 176 139
168 141 175 141
168 145 175 145
168 147 171 149
168 165 176 165
168 180 178 180
168 181 179 181
168 198 171 200
168 206 171 207
168 226 173 227
168 228 175 228
168 249 178 249
169 4 171 6
169 7 172 9
169 11 173 12
169 21 177 21
169 23 172 24
169 36 171 38
169 39 172 41
169 57 171 59
169 62 177 62
169 69 178 69
169 75 172 76
169 83 179 83
169 91 176 91
169 101 174 102
169 134 177 134
169 146 177 146
169 169 171 171
169 172 172 174
169 182 171 184
169 187 171 189
169 202 177 202
169 208 172 210
169 214 178 214
169 231 174 232
170 22 179 22
170 27 172 29
170 73 177 73
170 82 179 82
170 93 174 94
170 104 180 104
170 109 173 111
170 112 174 113
170 120 179 120
170 124 181 124
170 143 173 144
170 153 174 154
170 156 175 157
170 159 173 161
170 163 174 164
170 166 172 168
170 177 173 178
170 185 179 185
170 190 172 193
170 194 180 194
170 219 177 219
170 222 175 223
170 235 174 236
170 239 172 241
170 243 172 245
170 246 180 246
171 13 178 13
171 20 182 20
171 30 173 32
171 43 181 43
171 44 180 44
171 51 180 51
171 63 174 65
171 70 174 72
171 105 182 105
171 114 174 115
171 121 173 123
171 127 180 127
171 131 174 132
171 150 175 151
171 186 178 186
171 203 174 205
171 211 174 213
171 217 175 218
171 229 175 230
171 247 182 247
172 0 180 0
172 4 175 6
172 14 174 17
172 18 179 18
172 26 183 26
172 36 175 38
172 42 179 42
172 52 177 53
172 56 174 58
172 59 180 59
172 61 179 61
172 84 176 85
172 98 176 99
172 106 174 108
172 128 174 130
172 147 174 149
172 158 183 158
172 169 182 169
172 171 179 171
172 175 176 176
172 182 174 184
172 187 174 189
172 198 175 200
172 206 175 207
172 224 181 224
172 238 179 238
173 7 175 9
173 23 176 24
173 27 175 29
173 39 177 40
173 41 182 41
173 47 184 47
173 55 180 55
173 67 178 68
173 75 175 77
173 80 183 80
173 95 182 95
173 97 180 97
173 103 184 103
173 117 181 117
173 118 182 118
173 126 181 126
173 135 180 135
173 138 181 138
173 166 176 168
173 172 176 174
173 190 175 192
173 193 180 193
173 208 175 210
173 234 180 234
173 237 184 237
173 239 176 241
173 243 175 245
174 2 178 3
174 11 178 12
174 19 182 19
174 30 177 32
174 33 185 33
174 60 182 60
174 66 182 66
174 78 179 79
174 87 179 88
174 90 181 90
174 92 182 92
174 109 176 111
174 121 177 123
174 142 176 144
174 159 177 161
174 162 182 162
174 178 185 178
174 215 181 215
174 220 178 221
174 226 179 227
175 14 177 17
175 34 186 34
175 46 184 46
175 56 177 58
175 63 177 65
175 70 178 72
175 81 183 81
175 89 182 89
175 93 179 94
175 101 178 102
175 106 180 107
175 108 185 108
175 112 177 114
175 115 179 116
175 125 182 125
175 128 177 130
175 131 183 131
175 147 178 149
175 153 178 155
175 163 179 164
175 177 186 177
175 182 177 184
175 187 178 189
175 203 177 205
175 211 178 213
175 231 179 232
175 235 179 236
176 4 178 6
176 7 178 9
176 27 179 29
176 36 179 38
176 48 187 48
176 75 178 77
176 96 184 96
176 137 187 137
176 140 181 141
176 145 183 145
176 150 180 151
176 156 180 157
176 179 183 179
176 190 179 192
176 197 178 199
176 200 184 200
176 206 178 208
176 209 179 210
176 217 180 218
176 222 185 222
176 223 185 223
176 228 179 230
176 242 181 243
176 245 185 245
177 23 179 25
177 49 188 49
177 84 180 85
177 91 186 91
177 98 188 98
177 99 188 99
177 100 187 100
177 110 185 110
177 111 188 111
177 119 186 119
177 136 188 136
177 139 184 139
177 142 180 144
177 152 186 152
177 165 179 167
177 168 185 168
177 172 179 175
177 176 184 176
177 201 185 201
177 233 187 233
177 239 180 241
178 1 189 1
178 10 185 10
178 14 183 15
178 16 183 17
178 21 189 21
178 30 180 32
178 39 182 40
178 52 183 53
178 54 185 54
178 56 180 58
178 62 181 64
178 73 181 74
178 86 185 86
178 109 189 109
178 112 180 114
178 121 180 123
178 128 181 130
178 134 186 134
178 146 185 146
178 159 182 160
178 182 181 184
178 195 185 195
178 202 181 204
178 205 187 205
178 216 187 216
178 219 185 219
178 248 187 248
179 2 181 4
179 5 182 7
179 8 190 8
179 11 182 13
179 50 188 50
179 67 181 69
179 70 181 72
179 75 182 77
179 101 184 102
179 147 181 149
179 153 189 153
179 154 187 154
179 180 186 180
179 186 182 188
179 189 188 189
179 196 182 198
179 199 190 199
179 206 182 208
179 211 181 213
179 214 187 214
179 220 183 221
179 249 188 249
180 9 191 9
180 18 188 18
180 22 183 24
180 27 182 29
180 35 182 37
180 38 188 38
180 42 187 42
180 45 189 45
180 61 187 61
180 78 185 79
180 82 184 83
180 87 184 88
180 93 184 94
180 115 183 116
180 120 187 120
180 155 191 155
180 161 191 161
180 163 182 165
180 166 183 167
180 170 183 172
180 173 183 175
180 181 190 181
180 185 188 185
180 190 183 192
180 209 185 210
180 225 183 227
180 228 183 230
180 231 184 232
180 235 184 236
180 238 187 238
181 0 191 0
181 25 192 25
181 30 184 32
181 44 192 44
181 51 192 51
181 55 183 57
181 58 185 59
181 84 185 85
181 97 188 97
181 104 192 104
181 106 185 107
181 112 184 114
181 121 184 123
181 127 192 127
181 135 191 135
181 142 186 143
181 150 185 151
181 156 184 157
181 193 185 194
181 217 186 218
181 234 190 234
181 239 183 241
181 244 192 244
181 246 189 246
182 2 184 4
182 43 190 43
182 62 185 64
182 67 185 69
182 70 185 72
182 73 186 74
182 90 192 90
182 117 193 117
182 124 191 124
182 126 191 126
182 128 185 130
182 138 191 138
182 140 186 141
182 144 193 144
182 147 185 149
182 182 185 184
182 202 184 204
182 211 185 213
182 215 193 215
182 224 189 224
182 242 187 243
183 5 185 7
183 11 185 13
183 19 188 20
183 27 185 29
183 35 193 35
183 36 188 37
183 39 186 41
183 60 194 60
183 66 193 66
183 75 185 77
183 89 192 89
183 92 193 92
183 95 194 95
183 105 193 105
183 118 194 118
183 125 191 125
183 132 194 132
183 159 186 160
183 162 185 165
183 169 194 169
183 186 186 188
183 196 185 198
183 206 191 206
183 207 188 208
183 247 194 247
184 14 187 16
184 17 195 17
184 22 187 24
184 52 187 53
184 55 186 57
184 80 188 81
184 115 189 116
184 131 192 131
184 133 195 133
184 145 191 145
184 158 194 158
184 166 189 167
184 170 186 173
184 174 189 175
184 179 195 179
184 190 187 192
184 220 195 220
184 221 192 221
184 225 186 228
184 229 189 230
184 239 187 241
185 2 187 4
185 30 187 32
185 46 188 47
185 82 188 83
185 87 196 87
185 88 196 88
185 93 188 94
185 96 194 96
185 101 187 103
185 112 187 114
185 121 188 123
185 139 193 139
185 156 189 157
185 176 196 176
185 200 194 200
185 202 187 204
185 231 188 232
185 235 188 237
186 5 188 7
186 10 188 12
186 13 195 13
186 26 188 28
186 29 194 29
186 33 194 33
186 54 195 54
186 58 193 58
186 59 196 59
186 62 189 64
186 67 188 69
186 70 189 72
186 75 188 77
186 78 189 79
186 84 188 86
186 106 189 108
186 110 197 110
186 128 188 130
186 146 188 148
186 149 188 151
186 162 188 164
186 165 197 165
186 168 194 168
186 178 197 178
186 182 188 184
186 193 189 195
186 196 188 198
186 201 197 201
186 209 188 211
186 212 189 213
186 219 197 219
186 222 189 223
186 245 197 245
187 34 194 34
187 39 189 41
187 55 189 57
187 73 198 73
187 91 196 91
187 119 195 119
187 134 198 134
187 140 189 142
187 143 195 143
187 152 198 152
187 159 191 160
187 170 190 172
187 177 197 177
187 180 197 180
187 186 189 188
187 217 192 218
187 225 190 227
187 228 198 228
188 2 199 2
188 3 199 3
188 4 199 4
188 14 191 16
188 22 190 24
188 30 190 32
188 42 199 42
188 48 199 48
188 52 191 53
188 61 196 61
188 100 191 102
188 103 196 103
188 112 191 114
188 120 199 120
188 137 199 137
188 154 195 154
188 173 199 173
188 192 198 192
188 202 190 204
188 205 197 205
188 214 199 214
188 216 199 216
188 233 198 233
188 238 191 240
188 241 191 243
188 248 198 248
189 5 191 7
189 10 191 12
189 18 192 20
189 26 191 28
189 37 194 38
189 46 193 47
189 49 193 50
189 67 191 69
189 74 191 77
189 80 192 82
189 83 192 85
189 86 199 86
189 93 193 94
189 97 191 99
189 121 191 123
189 128 192 130
189 146 191 148
189 149 191 151
189 162 192 164
189 182 191 184
189 185 197 185
189 189 191 191
189 196 191 198
189 207 191 209
189 210 198 210
189 231 194 232
189 235 194 236
189 237 199 237
189 249 198 249
190 21 199 21
190 39 193 41
190 45 199 45
190 55 193 57
190 62 192 65
190 70 193 72
190 78 193 79
190 106 193 108
190 109 197 109
190 115 195 116
190 140 193 142
190 153 199 153
190 156 195 157
190 174 195 175
190 186 193 188
190 193 198 193
190 194 195 195
190 211 192 213
190 222 192 224
190 230 198 230
190 246 198 246
191 22 193 24
191 30 194 32
191 43 199 43
191 170 194 172
191 181 199 181
191 202 194 204
191 225 193 227
191 234 198 234
192 0 197 1
192 5 195 7
192 8 195 10
192 11 197 12
192 14 195 16
192 26 194 28
192 52 195 53
192 67 194 69
192 74 194 77
192 97 193 102
192 111 194 114
192 121 195 123
192 124 195 126
192 135 197 136
192 138 199 138
192 145 195 147
192 148 195 150
192 151 199 151
192 160 197 161
192 182 195 184
192 189 196 190
192 196 194 199
192 206 194 209
192 238 194 240
192 241 194 243
193 18 196 20
193 62 195 64
193 80 196 82
193 89 198 90
193 127 195 129
193 130 197 131
193 163 197 164
193 211 195 213
193 217 198 218
193 221 195 223
194 22 197 24
194 35 199 36
194 39 197 41
194 46 199 47
194 49 196 51
194 55 196 58
194 65 199 66
194 70 197 72
194 78 199 79
194 84 199 85
194 92 196 94
194 100 199 101
194 104 196 106
194 107 199 108
194 139 196 142
194 186 196 188
194 224 197 226
195 25 197 28
195 29 197 31
195 32 197 34
195 67 197 69
195 74 198 76
195 95 198 97
195 111 197 113
195 158 199 159
195 166 197 169
195 170 198 172
195 196 198 198
195 199 199 200
195 202 197 204
195 206 198 208
195 231 198 232
195 238 198 240
195 241 198 243
196 5 199 7
196 8 199 10
196 13 199 15
196 52 199 54
196 62 199 64
196 114 199 116
196 117 199 119
196 121 199 123
196 124 199 126
196 127 199 129
196 143 197 148
196 154 198 157
196 174 199 175
196 211 198 213
196 220 199 222
197 17 199 20
197 49 199 51
197 55 199 58
197 59 199 61
197 91 199 94
197 102 199 105
197 139 199 142
197 186 199 189
198 22 199 26
198 27 198 34
198 37 199 41
198 67 199 72
198 109 199 113
198 130 199 133
198 143 199 148
198 160 199 163
198 164 199 169
198 176 199 180
198 182 199 185
198 201 199 205
198 223 199 227
199 190 199 198
199 206 199 213
199 228 199 236
199 238 199 249