153
602 0

522 0

972 0

100 0

717 0

157 0

72 0

715 0

466 0

61 0

393 0

390 0

59 0

708 0

37 0

813 0

87 0

952 0

607 0

933 0

902 0

693 0

506 0

244 0

27 0

158 0

959 0

970 0

665 0

779 0

82 0

239 0

388 0

69 0

848 0

894 0

969 0

589 0

304 0

944 0

600 0

245 0

700 0

443 0

148 0

691 0

232 0

0 0

594 0

209 0

597 0

808 0

178 0

678 0

828 0

844 0

852 0

520 0

639 0

690 0

575 0

512 0

447 0

772 0

320 0

267 0

830 0

621 0

112 0

566 0

4 0

140 0

606 0

736 0

495 0

737 0

854 0

478 0

626 0

71 0

653 0

411 0

633 0

491 0

23 0

80 0

387 0

316 0

536 0

105 0

428 0

125 0

834 0

241 0

160 0

476 0

343 0

510 0

270 0

350 0

358 0

179 0

676 0

45 0

333 0

242 0

650 0

569 0

389 0

62 0

56 0

809 0

795 0

336 0

21 0

273 0

911 0

973 0

234 0

793 0

457 0

323 0

151 0

950 0

366 0

472 0

669 0

184 0

332 0

200 0

971 0

455 0

630 0

798 0

516 0

233 0

128 0

571 0

217 0

252 0

212 0

202 0

135 0

646 0

687 0

709 0

191 0

716 0

85 0

543 0

81 0

936 0

164 0

